<?xml version="1.0" encoding="UTF-8"?>
<testsuite xmlns:xsi="http://www.w3.org/2001/XMLSchema-instance" xsi:noNamespaceSchemaLocation="https://maven.apache.org/surefire/maven-surefire-plugin/xsd/surefire-test-report-3.0.xsd" version="3.0" name="examples.runners.AllFeaturesRunner" time="171.462" tests="31" errors="0" skipped="0" failures="0">
  <properties>
    <property name="sun.desktop" value="windows"/>
    <property name="awt.toolkit" value="sun.awt.windows.WToolkit"/>
    <property name="java.specification.version" value="11"/>
    <property name="sun.cpu.isalist" value="amd64"/>
    <property name="sun.jnu.encoding" value="Cp1252"/>
    <property name="java.class.path" value="C:\Users\tiago.mina-azevedo\Documents\karateStuff\TestAssignmentSC\target\test-classes;C:\Users\tiago.mina-azevedo\Documents\karateStuff\TestAssignmentSC\target\classes;C:\Users\tiago.mina-azevedo\.m2\repository\com\intuit\karate\karate-junit5\1.2.0\karate-junit5-1.2.0.jar;C:\Users\tiago.mina-azevedo\.m2\repository\com\intuit\karate\karate-core\1.2.0\karate-core-1.2.0.jar;C:\Users\tiago.mina-azevedo\.m2\repository\org\graalvm\js\js-scriptengine\21.2.0\js-scriptengine-21.2.0.jar;C:\Users\tiago.mina-azevedo\.m2\repository\org\graalvm\sdk\graal-sdk\21.2.0\graal-sdk-21.2.0.jar;C:\Users\tiago.mina-azevedo\.m2\repository\org\graalvm\js\js\21.2.0\js-21.2.0.jar;C:\Users\tiago.mina-azevedo\.m2\repository\org\graalvm\regex\regex\21.2.0\regex-21.2.0.jar;C:\Users\tiago.mina-azevedo\.m2\repository\org\graalvm\truffle\truffle-api\21.2.0\truffle-api-21.2.0.jar;C:\Users\tiago.mina-azevedo\.m2\repository\com\ibm\icu\icu4j\69.1\icu4j-69.1.jar;C:\Users\tiago.mina-azevedo\.m2\repository\org\thymeleaf\thymeleaf\3.0.14.RELEASE\thymeleaf-3.0.14.RELEASE.jar;C:\Users\tiago.mina-azevedo\.m2\repository\ognl\ognl\3.1.26\ognl-3.1.26.jar;C:\Users\tiago.mina-azevedo\.m2\repository\org\javassist\javassist\3.20.0-GA\javassist-3.20.0-GA.jar;C:\Users\tiago.mina-azevedo\.m2\repository\org\attoparser\attoparser\2.0.5.RELEASE\attoparser-2.0.5.RELEASE.jar;C:\Users\tiago.mina-azevedo\.m2\repository\org\unbescape\unbescape\1.1.6.RELEASE\unbescape-1.1.6.RELEASE.jar;C:\Users\tiago.mina-azevedo\.m2\repository\org\slf4j\slf4j-api\1.7.25\slf4j-api-1.7.25.jar;C:\Users\tiago.mina-azevedo\.m2\repository\com\linecorp\armeria\armeria\1.13.4\armeria-1.13.4.jar;C:\Users\tiago.mina-azevedo\.m2\repository\io\micrometer\micrometer-core\1.7.6\micrometer-core-1.7.6.jar;C:\Users\tiago.mina-azevedo\.m2\repository\org\hdrhistogram\HdrHistogram\2.1.12\HdrHistogram-2.1.12.jar;C:\Users\tiago.mina-azevedo\.m2\repository\org\latencyutils\LatencyUtils\2.0.3\LatencyUtils-2.0.3.jar;C:\Users\tiago.mina-azevedo\.m2\repository\io\netty\netty-transport\4.1.70.Final\netty-transport-4.1.70.Final.jar;C:\Users\tiago.mina-azevedo\.m2\repository\io\netty\netty-common\4.1.70.Final\netty-common-4.1.70.Final.jar;C:\Users\tiago.mina-azevedo\.m2\repository\io\netty\netty-buffer\4.1.70.Final\netty-buffer-4.1.70.Final.jar;C:\Users\tiago.mina-azevedo\.m2\repository\io\netty\netty-resolver\4.1.70.Final\netty-resolver-4.1.70.Final.jar;C:\Users\tiago.mina-azevedo\.m2\repository\io\netty\netty-codec-http2\4.1.70.Final\netty-codec-http2-4.1.70.Final.jar;C:\Users\tiago.mina-azevedo\.m2\repository\io\netty\netty-codec\4.1.70.Final\netty-codec-4.1.70.Final.jar;C:\Users\tiago.mina-azevedo\.m2\repository\io\netty\netty-handler\4.1.70.Final\netty-handler-4.1.70.Final.jar;C:\Users\tiago.mina-azevedo\.m2\repository\io\netty\netty-codec-http\4.1.70.Final\netty-codec-http-4.1.70.Final.jar;C:\Users\tiago.mina-azevedo\.m2\repository\io\netty\netty-codec-haproxy\4.1.70.Final\netty-codec-haproxy-4.1.70.Final.jar;C:\Users\tiago.mina-azevedo\.m2\repository\io\netty\netty-resolver-dns\4.1.70.Final\netty-resolver-dns-4.1.70.Final.jar;C:\Users\tiago.mina-azevedo\.m2\repository\io\netty\netty-codec-dns\4.1.70.Final\netty-codec-dns-4.1.70.Final.jar;C:\Users\tiago.mina-azevedo\.m2\repository\org\reactivestreams\reactive-streams\1.0.3\reactive-streams-1.0.3.jar;C:\Users\tiago.mina-azevedo\.m2\repository\com\google\code\findbugs\jsr305\3.0.2\jsr305-3.0.2.jar;C:\Users\tiago.mina-azevedo\.m2\repository\io\netty\netty-resolver-dns-native-macos\4.1.70.Final\netty-resolver-dns-native-macos-4.1.70.Final-osx-x86_64.jar;C:\Users\tiago.mina-azevedo\.m2\repository\io\netty\netty-resolver-dns-classes-macos\4.1.70.Final\netty-resolver-dns-classes-macos-4.1.70.Final.jar;C:\Users\tiago.mina-azevedo\.m2\repository\io\netty\netty-transport-native-unix-common\4.1.70.Final\netty-transport-native-unix-common-4.1.70.Final-linux-x86_64.jar;C:\Users\tiago.mina-azevedo\.m2\repository\io\netty\netty-transport-native-epoll\4.1.70.Final\netty-transport-native-epoll-4.1.70.Final-linux-x86_64.jar;C:\Users\tiago.mina-azevedo\.m2\repository\io\netty\netty-transport-native-unix-common\4.1.70.Final\netty-transport-native-unix-common-4.1.70.Final.jar;C:\Users\tiago.mina-azevedo\.m2\repository\io\netty\netty-transport-classes-epoll\4.1.70.Final\netty-transport-classes-epoll-4.1.70.Final.jar;C:\Users\tiago.mina-azevedo\.m2\repository\io\netty\netty-tcnative-boringssl-static\2.0.44.Final\netty-tcnative-boringssl-static-2.0.44.Final.jar;C:\Users\tiago.mina-azevedo\.m2\repository\io\netty\netty-handler-proxy\4.1.70.Final\netty-handler-proxy-4.1.70.Final.jar;C:\Users\tiago.mina-azevedo\.m2\repository\io\netty\netty-codec-socks\4.1.70.Final\netty-codec-socks-4.1.70.Final.jar;C:\Users\tiago.mina-azevedo\.m2\repository\com\aayushatharva\brotli4j\brotli4j\1.6.0\brotli4j-1.6.0.jar;C:\Users\tiago.mina-azevedo\.m2\repository\com\aayushatharva\brotli4j\native-windows-x86_64\1.6.0\native-windows-x86_64-1.6.0.jar;C:\Users\tiago.mina-azevedo\.m2\repository\org\apache\httpcomponents\httpclient\4.5.13\httpclient-4.5.13.jar;C:\Users\tiago.mina-azevedo\.m2\repository\org\apache\httpcomponents\httpcore\4.4.13\httpcore-4.4.13.jar;C:\Users\tiago.mina-azevedo\.m2\repository\commons-codec\commons-codec\1.11\commons-codec-1.11.jar;C:\Users\tiago.mina-azevedo\.m2\repository\ch\qos\logback\logback-classic\1.2.9\logback-classic-1.2.9.jar;C:\Users\tiago.mina-azevedo\.m2\repository\ch\qos\logback\logback-core\1.2.9\logback-core-1.2.9.jar;C:\Users\tiago.mina-azevedo\.m2\repository\org\slf4j\jcl-over-slf4j\1.7.32\jcl-over-slf4j-1.7.32.jar;C:\Users\tiago.mina-azevedo\.m2\repository\org\antlr\antlr4-runtime\4.9.2\antlr4-runtime-4.9.2.jar;C:\Users\tiago.mina-azevedo\.m2\repository\com\jayway\jsonpath\json-path\2.7.0\json-path-2.7.0.jar;C:\Users\tiago.mina-azevedo\.m2\repository\net\minidev\json-smart\2.4.7\json-smart-2.4.7.jar;C:\Users\tiago.mina-azevedo\.m2\repository\net\minidev\accessors-smart\2.4.7\accessors-smart-2.4.7.jar;C:\Users\tiago.mina-azevedo\.m2\repository\org\ow2\asm\asm\9.1\asm-9.1.jar;C:\Users\tiago.mina-azevedo\.m2\repository\info\cukes\cucumber-java\1.2.5\cucumber-java-1.2.5.jar;C:\Users\tiago.mina-azevedo\.m2\repository\info\cukes\cucumber-core\1.2.5\cucumber-core-1.2.5.jar;C:\Users\tiago.mina-azevedo\.m2\repository\org\yaml\snakeyaml\1.29\snakeyaml-1.29.jar;C:\Users\tiago.mina-azevedo\.m2\repository\de\siegmar\fastcsv\2.0.0\fastcsv-2.0.0.jar;C:\Users\tiago.mina-azevedo\.m2\repository\info\picocli\picocli\4.6.1\picocli-4.6.1.jar;C:\Users\tiago.mina-azevedo\.m2\repository\io\github\classgraph\classgraph\4.8.108\classgraph-4.8.108.jar;C:\Users\tiago.mina-azevedo\.m2\repository\org\junit\jupiter\junit-jupiter-api\5.7.2\junit-jupiter-api-5.7.2.jar;C:\Users\tiago.mina-azevedo\.m2\repository\org\apiguardian\apiguardian-api\1.1.0\apiguardian-api-1.1.0.jar;C:\Users\tiago.mina-azevedo\.m2\repository\org\opentest4j\opentest4j\1.2.0\opentest4j-1.2.0.jar;C:\Users\tiago.mina-azevedo\.m2\repository\org\junit\platform\junit-platform-commons\1.7.2\junit-platform-commons-1.7.2.jar;C:\Users\tiago.mina-azevedo\.m2\repository\org\junit\jupiter\junit-jupiter-engine\5.7.2\junit-jupiter-engine-5.7.2.jar;C:\Users\tiago.mina-azevedo\.m2\repository\org\junit\platform\junit-platform-engine\1.7.2\junit-platform-engine-1.7.2.jar;C:\Users\tiago.mina-azevedo\.m2\repository\com\github\javafaker\javafaker\1.0.2\javafaker-1.0.2.jar;C:\Users\tiago.mina-azevedo\.m2\repository\org\apache\commons\commons-lang3\3.5\commons-lang3-3.5.jar;C:\Users\tiago.mina-azevedo\.m2\repository\org\yaml\snakeyaml\1.23\snakeyaml-1.23-android.jar;C:\Users\tiago.mina-azevedo\.m2\repository\com\github\mifmif\generex\1.0.2\generex-1.0.2.jar;C:\Users\tiago.mina-azevedo\.m2\repository\dk\brics\automaton\automaton\1.11-8\automaton-1.11-8.jar;C:\Users\tiago.mina-azevedo\.m2\repository\com\intuit\karate\karate-robot\1.2.0\karate-robot-1.2.0.jar;C:\Users\tiago.mina-azevedo\.m2\repository\net\java\dev\jna\jna-platform\5.5.0\jna-platform-5.5.0.jar;C:\Users\tiago.mina-azevedo\.m2\repository\net\java\dev\jna\jna\5.5.0\jna-5.5.0.jar;C:\Users\tiago.mina-azevedo\.m2\repository\org\bytedeco\javacv\1.5.3\javacv-1.5.3.jar;C:\Users\tiago.mina-azevedo\.m2\repository\org\bytedeco\javacpp\1.5.3\javacpp-1.5.3.jar;C:\Users\tiago.mina-azevedo\.m2\repository\org\bytedeco\openblas\0.3.9-1.5.3\openblas-0.3.9-1.5.3.jar;C:\Users\tiago.mina-azevedo\.m2\repository\org\bytedeco\opencv\4.3.0-1.5.3\opencv-4.3.0-1.5.3.jar;C:\Users\tiago.mina-azevedo\.m2\repository\org\bytedeco\ffmpeg\4.2.2-1.5.3\ffmpeg-4.2.2-1.5.3.jar;C:\Users\tiago.mina-azevedo\.m2\repository\org\bytedeco\leptonica\1.79.0-1.5.3\leptonica-1.79.0-1.5.3.jar;C:\Users\tiago.mina-azevedo\.m2\repository\org\bytedeco\tesseract\4.1.1-1.5.3\tesseract-4.1.1-1.5.3.jar;C:\Users\tiago.mina-azevedo\.m2\repository\org\openjfx\javafx-graphics\11\javafx-graphics-11.jar;C:\Users\tiago.mina-azevedo\.m2\repository\org\openjfx\javafx-graphics\11\javafx-graphics-11-win.jar;C:\Users\tiago.mina-azevedo\.m2\repository\org\openjfx\javafx-base\11\javafx-base-11.jar;C:\Users\tiago.mina-azevedo\.m2\repository\org\openjfx\javafx-base\11\javafx-base-11-win.jar;C:\Users\tiago.mina-azevedo\.m2\repository\org\bytedeco\opencv-platform\4.3.0-1.5.3\opencv-platform-4.3.0-1.5.3.jar;C:\Users\tiago.mina-azevedo\.m2\repository\org\bytedeco\openblas-platform\0.3.9-1.5.3\openblas-platform-0.3.9-1.5.3.jar;C:\Users\tiago.mina-azevedo\.m2\repository\org\bytedeco\openblas\0.3.9-1.5.3\openblas-0.3.9-1.5.3-android-arm.jar;C:\Users\tiago.mina-azevedo\.m2\repository\org\bytedeco\openblas\0.3.9-1.5.3\openblas-0.3.9-1.5.3-android-arm64.jar;C:\Users\tiago.mina-azevedo\.m2\repository\org\bytedeco\openblas\0.3.9-1.5.3\openblas-0.3.9-1.5.3-android-x86.jar;C:\Users\tiago.mina-azevedo\.m2\repository\org\bytedeco\openblas\0.3.9-1.5.3\openblas-0.3.9-1.5.3-android-x86_64.jar;C:\Users\tiago.mina-azevedo\.m2\repository\org\bytedeco\openblas\0.3.9-1.5.3\openblas-0.3.9-1.5.3-ios-arm64.jar;C:\Users\tiago.mina-azevedo\.m2\repository\org\bytedeco\openblas\0.3.9-1.5.3\openblas-0.3.9-1.5.3-ios-x86_64.jar;C:\Users\tiago.mina-azevedo\.m2\repository\org\bytedeco\openblas\0.3.9-1.5.3\openblas-0.3.9-1.5.3-linux-x86.jar;C:\Users\tiago.mina-azevedo\.m2\repository\org\bytedeco\openblas\0.3.9-1.5.3\openblas-0.3.9-1.5.3-linux-x86_64.jar;C:\Users\tiago.mina-azevedo\.m2\repository\org\bytedeco\openblas\0.3.9-1.5.3\openblas-0.3.9-1.5.3-linux-armhf.jar;C:\Users\tiago.mina-azevedo\.m2\repository\org\bytedeco\openblas\0.3.9-1.5.3\openblas-0.3.9-1.5.3-linux-arm64.jar;C:\Users\tiago.mina-azevedo\.m2\repository\org\bytedeco\openblas\0.3.9-1.5.3\openblas-0.3.9-1.5.3-linux-ppc64le.jar;C:\Users\tiago.mina-azevedo\.m2\repository\org\bytedeco\openblas\0.3.9-1.5.3\openblas-0.3.9-1.5.3-macosx-x86_64.jar;C:\Users\tiago.mina-azevedo\.m2\repository\org\bytedeco\openblas\0.3.9-1.5.3\openblas-0.3.9-1.5.3-windows-x86.jar;C:\Users\tiago.mina-azevedo\.m2\repository\org\bytedeco\openblas\0.3.9-1.5.3\openblas-0.3.9-1.5.3-windows-x86_64.jar;C:\Users\tiago.mina-azevedo\.m2\repository\org\bytedeco\opencv\4.3.0-1.5.3\opencv-4.3.0-1.5.3-android-arm.jar;C:\Users\tiago.mina-azevedo\.m2\repository\org\bytedeco\opencv\4.3.0-1.5.3\opencv-4.3.0-1.5.3-android-arm64.jar;C:\Users\tiago.mina-azevedo\.m2\repository\org\bytedeco\opencv\4.3.0-1.5.3\opencv-4.3.0-1.5.3-android-x86.jar;C:\Users\tiago.mina-azevedo\.m2\repository\org\bytedeco\opencv\4.3.0-1.5.3\opencv-4.3.0-1.5.3-android-x86_64.jar;C:\Users\tiago.mina-azevedo\.m2\repository\org\bytedeco\opencv\4.3.0-1.5.3\opencv-4.3.0-1.5.3-ios-arm64.jar;C:\Users\tiago.mina-azevedo\.m2\repository\org\bytedeco\opencv\4.3.0-1.5.3\opencv-4.3.0-1.5.3-ios-x86_64.jar;C:\Users\tiago.mina-azevedo\.m2\repository\org\bytedeco\opencv\4.3.0-1.5.3\opencv-4.3.0-1.5.3-linux-x86.jar;C:\Users\tiago.mina-azevedo\.m2\repository\org\bytedeco\opencv\4.3.0-1.5.3\opencv-4.3.0-1.5.3-linux-x86_64.jar;C:\Users\tiago.mina-azevedo\.m2\repository\org\bytedeco\opencv\4.3.0-1.5.3\opencv-4.3.0-1.5.3-linux-armhf.jar;C:\Users\tiago.mina-azevedo\.m2\repository\org\bytedeco\opencv\4.3.0-1.5.3\opencv-4.3.0-1.5.3-linux-arm64.jar;C:\Users\tiago.mina-azevedo\.m2\repository\org\bytedeco\opencv\4.3.0-1.5.3\opencv-4.3.0-1.5.3-linux-ppc64le.jar;C:\Users\tiago.mina-azevedo\.m2\repository\org\bytedeco\opencv\4.3.0-1.5.3\opencv-4.3.0-1.5.3-macosx-x86_64.jar;C:\Users\tiago.mina-azevedo\.m2\repository\org\bytedeco\opencv\4.3.0-1.5.3\opencv-4.3.0-1.5.3-windows-x86.jar;C:\Users\tiago.mina-azevedo\.m2\repository\org\bytedeco\opencv\4.3.0-1.5.3\opencv-4.3.0-1.5.3-windows-x86_64.jar;C:\Users\tiago.mina-azevedo\.m2\repository\org\bytedeco\tesseract-platform\4.1.1-1.5.3\tesseract-platform-4.1.1-1.5.3.jar;C:\Users\tiago.mina-azevedo\.m2\repository\org\bytedeco\leptonica-platform\1.79.0-1.5.3\leptonica-platform-1.79.0-1.5.3.jar;C:\Users\tiago.mina-azevedo\.m2\repository\org\bytedeco\leptonica\1.79.0-1.5.3\leptonica-1.79.0-1.5.3-android-arm.jar;C:\Users\tiago.mina-azevedo\.m2\repository\org\bytedeco\leptonica\1.79.0-1.5.3\leptonica-1.79.0-1.5.3-android-arm64.jar;C:\Users\tiago.mina-azevedo\.m2\repository\org\bytedeco\leptonica\1.79.0-1.5.3\leptonica-1.79.0-1.5.3-android-x86.jar;C:\Users\tiago.mina-azevedo\.m2\repository\org\bytedeco\leptonica\1.79.0-1.5.3\leptonica-1.79.0-1.5.3-android-x86_64.jar;C:\Users\tiago.mina-azevedo\.m2\repository\org\bytedeco\leptonica\1.79.0-1.5.3\leptonica-1.79.0-1.5.3-linux-x86.jar;C:\Users\tiago.mina-azevedo\.m2\repository\org\bytedeco\leptonica\1.79.0-1.5.3\leptonica-1.79.0-1.5.3-linux-x86_64.jar;C:\Users\tiago.mina-azevedo\.m2\repository\org\bytedeco\leptonica\1.79.0-1.5.3\leptonica-1.79.0-1.5.3-linux-armhf.jar;C:\Users\tiago.mina-azevedo\.m2\repository\org\bytedeco\leptonica\1.79.0-1.5.3\leptonica-1.79.0-1.5.3-linux-arm64.jar;C:\Users\tiago.mina-azevedo\.m2\repository\org\bytedeco\leptonica\1.79.0-1.5.3\leptonica-1.79.0-1.5.3-linux-ppc64le.jar;C:\Users\tiago.mina-azevedo\.m2\repository\org\bytedeco\leptonica\1.79.0-1.5.3\leptonica-1.79.0-1.5.3-macosx-x86_64.jar;C:\Users\tiago.mina-azevedo\.m2\repository\org\bytedeco\leptonica\1.79.0-1.5.3\leptonica-1.79.0-1.5.3-windows-x86.jar;C:\Users\tiago.mina-azevedo\.m2\repository\org\bytedeco\leptonica\1.79.0-1.5.3\leptonica-1.79.0-1.5.3-windows-x86_64.jar;C:\Users\tiago.mina-azevedo\.m2\repository\org\bytedeco\tesseract\4.1.1-1.5.3\tesseract-4.1.1-1.5.3-android-arm.jar;C:\Users\tiago.mina-azevedo\.m2\repository\org\bytedeco\tesseract\4.1.1-1.5.3\tesseract-4.1.1-1.5.3-android-arm64.jar;C:\Users\tiago.mina-azevedo\.m2\repository\org\bytedeco\tesseract\4.1.1-1.5.3\tesseract-4.1.1-1.5.3-android-x86.jar;C:\Users\tiago.mina-azevedo\.m2\repository\org\bytedeco\tesseract\4.1.1-1.5.3\tesseract-4.1.1-1.5.3-android-x86_64.jar;C:\Users\tiago.mina-azevedo\.m2\repository\org\bytedeco\tesseract\4.1.1-1.5.3\tesseract-4.1.1-1.5.3-linux-x86.jar;C:\Users\tiago.mina-azevedo\.m2\repository\org\bytedeco\tesseract\4.1.1-1.5.3\tesseract-4.1.1-1.5.3-linux-x86_64.jar;C:\Users\tiago.mina-azevedo\.m2\repository\org\bytedeco\tesseract\4.1.1-1.5.3\tesseract-4.1.1-1.5.3-linux-armhf.jar;C:\Users\tiago.mina-azevedo\.m2\repository\org\bytedeco\tesseract\4.1.1-1.5.3\tesseract-4.1.1-1.5.3-linux-arm64.jar;C:\Users\tiago.mina-azevedo\.m2\repository\org\bytedeco\tesseract\4.1.1-1.5.3\tesseract-4.1.1-1.5.3-linux-ppc64le.jar;C:\Users\tiago.mina-azevedo\.m2\repository\org\bytedeco\tesseract\4.1.1-1.5.3\tesseract-4.1.1-1.5.3-macosx-x86_64.jar;C:\Users\tiago.mina-azevedo\.m2\repository\org\bytedeco\tesseract\4.1.1-1.5.3\tesseract-4.1.1-1.5.3-windows-x86.jar;C:\Users\tiago.mina-azevedo\.m2\repository\org\bytedeco\tesseract\4.1.1-1.5.3\tesseract-4.1.1-1.5.3-windows-x86_64.jar;C:\Users\tiago.mina-azevedo\.m2\repository\org\bytedeco\ffmpeg-platform\4.2.2-1.5.3\ffmpeg-platform-4.2.2-1.5.3.jar;C:\Users\tiago.mina-azevedo\.m2\repository\org\bytedeco\javacpp-platform\1.5.3\javacpp-platform-1.5.3.jar;C:\Users\tiago.mina-azevedo\.m2\repository\org\bytedeco\javacpp\1.5.3\javacpp-1.5.3-android-arm.jar;C:\Users\tiago.mina-azevedo\.m2\repository\org\bytedeco\javacpp\1.5.3\javacpp-1.5.3-android-arm64.jar;C:\Users\tiago.mina-azevedo\.m2\repository\org\bytedeco\javacpp\1.5.3\javacpp-1.5.3-android-x86.jar;C:\Users\tiago.mina-azevedo\.m2\repository\org\bytedeco\javacpp\1.5.3\javacpp-1.5.3-android-x86_64.jar;C:\Users\tiago.mina-azevedo\.m2\repository\org\bytedeco\javacpp\1.5.3\javacpp-1.5.3-ios-arm64.jar;C:\Users\tiago.mina-azevedo\.m2\repository\org\bytedeco\javacpp\1.5.3\javacpp-1.5.3-ios-x86_64.jar;C:\Users\tiago.mina-azevedo\.m2\repository\org\bytedeco\javacpp\1.5.3\javacpp-1.5.3-linux-armhf.jar;C:\Users\tiago.mina-azevedo\.m2\repository\org\bytedeco\javacpp\1.5.3\javacpp-1.5.3-linux-arm64.jar;C:\Users\tiago.mina-azevedo\.m2\repository\org\bytedeco\javacpp\1.5.3\javacpp-1.5.3-linux-ppc64le.jar;C:\Users\tiago.mina-azevedo\.m2\repository\org\bytedeco\javacpp\1.5.3\javacpp-1.5.3-linux-x86.jar;C:\Users\tiago.mina-azevedo\.m2\repository\org\bytedeco\javacpp\1.5.3\javacpp-1.5.3-linux-x86_64.jar;C:\Users\tiago.mina-azevedo\.m2\repository\org\bytedeco\javacpp\1.5.3\javacpp-1.5.3-macosx-x86_64.jar;C:\Users\tiago.mina-azevedo\.m2\repository\org\bytedeco\javacpp\1.5.3\javacpp-1.5.3-windows-x86.jar;C:\Users\tiago.mina-azevedo\.m2\repository\org\bytedeco\javacpp\1.5.3\javacpp-1.5.3-windows-x86_64.jar;C:\Users\tiago.mina-azevedo\.m2\repository\org\bytedeco\ffmpeg\4.2.2-1.5.3\ffmpeg-4.2.2-1.5.3-android-arm.jar;C:\Users\tiago.mina-azevedo\.m2\repository\org\bytedeco\ffmpeg\4.2.2-1.5.3\ffmpeg-4.2.2-1.5.3-android-arm64.jar;C:\Users\tiago.mina-azevedo\.m2\repository\org\bytedeco\ffmpeg\4.2.2-1.5.3\ffmpeg-4.2.2-1.5.3-android-x86.jar;C:\Users\tiago.mina-azevedo\.m2\repository\org\bytedeco\ffmpeg\4.2.2-1.5.3\ffmpeg-4.2.2-1.5.3-android-x86_64.jar;C:\Users\tiago.mina-azevedo\.m2\repository\org\bytedeco\ffmpeg\4.2.2-1.5.3\ffmpeg-4.2.2-1.5.3-linux-x86.jar;C:\Users\tiago.mina-azevedo\.m2\repository\org\bytedeco\ffmpeg\4.2.2-1.5.3\ffmpeg-4.2.2-1.5.3-linux-x86_64.jar;C:\Users\tiago.mina-azevedo\.m2\repository\org\bytedeco\ffmpeg\4.2.2-1.5.3\ffmpeg-4.2.2-1.5.3-linux-armhf.jar;C:\Users\tiago.mina-azevedo\.m2\repository\org\bytedeco\ffmpeg\4.2.2-1.5.3\ffmpeg-4.2.2-1.5.3-linux-arm64.jar;C:\Users\tiago.mina-azevedo\.m2\repository\org\bytedeco\ffmpeg\4.2.2-1.5.3\ffmpeg-4.2.2-1.5.3-linux-ppc64le.jar;C:\Users\tiago.mina-azevedo\.m2\repository\org\bytedeco\ffmpeg\4.2.2-1.5.3\ffmpeg-4.2.2-1.5.3-macosx-x86_64.jar;C:\Users\tiago.mina-azevedo\.m2\repository\org\bytedeco\ffmpeg\4.2.2-1.5.3\ffmpeg-4.2.2-1.5.3-windows-x86.jar;C:\Users\tiago.mina-azevedo\.m2\repository\org\bytedeco\ffmpeg\4.2.2-1.5.3\ffmpeg-4.2.2-1.5.3-windows-x86_64.jar;C:\Users\tiago.mina-azevedo\.m2\repository\net\masterthought\cucumber-reporting\3.8.0\cucumber-reporting-3.8.0.jar;C:\Users\tiago.mina-azevedo\.m2\repository\org\apache\logging\log4j\log4j-api\2.6\log4j-api-2.6.jar;C:\Users\tiago.mina-azevedo\.m2\repository\org\apache\logging\log4j\log4j-core\2.6\log4j-core-2.6.jar;C:\Users\tiago.mina-azevedo\.m2\repository\com\fasterxml\jackson\core\jackson-databind\2.8.5\jackson-databind-2.8.5.jar;C:\Users\tiago.mina-azevedo\.m2\repository\com\fasterxml\jackson\core\jackson-annotations\2.8.0\jackson-annotations-2.8.0.jar;C:\Users\tiago.mina-azevedo\.m2\repository\com\fasterxml\jackson\core\jackson-core\2.8.5\jackson-core-2.8.5.jar;C:\Users\tiago.mina-azevedo\.m2\repository\org\apache\velocity\velocity\1.7\velocity-1.7.jar;C:\Users\tiago.mina-azevedo\.m2\repository\commons-collections\commons-collections\3.2.1\commons-collections-3.2.1.jar;C:\Users\tiago.mina-azevedo\.m2\repository\commons-lang\commons-lang\2.4\commons-lang-2.4.jar;C:\Users\tiago.mina-azevedo\.m2\repository\velocity-tools\velocity-tools\1.4\velocity-tools-1.4.jar;C:\Users\tiago.mina-azevedo\.m2\repository\joda-time\joda-time\2.9.6\joda-time-2.9.6.jar;C:\Users\tiago.mina-azevedo\.m2\repository\commons-io\commons-io\2.5\commons-io-2.5.jar;C:\Users\tiago.mina-azevedo\.m2\repository\net\lingala\zip4j\zip4j\1.3.2\zip4j-1.3.2.jar;C:\Users\tiago.mina-azevedo\.m2\repository\org\codehaus\plexus\plexus-utils\3.0.24\plexus-utils-3.0.24.jar;C:\Users\tiago.mina-azevedo\.m2\repository\org\jsoup\jsoup\1.10.1\jsoup-1.10.1.jar;C:\Users\tiago.mina-azevedo\.m2\repository\com\googlecode\owasp-java-html-sanitizer\owasp-java-html-sanitizer\20160924.1\owasp-java-html-sanitizer-20160924.1.jar;C:\Users\tiago.mina-azevedo\.m2\repository\com\google\guava\guava\20.0\guava-20.0.jar;"/>
    <property name="java.vm.vendor" value="Oracle Corporation"/>
    <property name="sun.arch.data.model" value="64"/>
    <property name="user.variant" value=""/>
    <property name="java.vendor.url" value="https://openjdk.java.net/"/>
    <property name="user.timezone" value="Europe/London"/>
    <property name="java.vm.specification.version" value="11"/>
    <property name="os.name" value="Windows 10"/>
    <property name="sun.java.launcher" value="SUN_STANDARD"/>
    <property name="user.country" value="PT"/>
    <property name="sun.boot.library.path" value="C:\tools\jdk-11.0.15.1\bin"/>
    <property name="sun.java.command" value="C:\Users\tiago.mina-azevedo\AppData\Local\Temp\surefire2073971279296322078\surefirebooter450968571231674756.jar C:\Users\tiago.mina-azevedo\AppData\Local\Temp\surefire2073971279296322078 2022-09-22T09-06-17_981-jvmRun1 surefire12239064125735011490tmp surefire_013908225818385127652tmp"/>
    <property name="jdk.debug" value="release"/>
    <property name="test" value="AllFeaturesRunner"/>
    <property name="surefire.test.class.path" value="C:\Users\tiago.mina-azevedo\Documents\karateStuff\TestAssignmentSC\target\test-classes;C:\Users\tiago.mina-azevedo\Documents\karateStuff\TestAssignmentSC\target\classes;C:\Users\tiago.mina-azevedo\.m2\repository\com\intuit\karate\karate-junit5\1.2.0\karate-junit5-1.2.0.jar;C:\Users\tiago.mina-azevedo\.m2\repository\com\intuit\karate\karate-core\1.2.0\karate-core-1.2.0.jar;C:\Users\tiago.mina-azevedo\.m2\repository\org\graalvm\js\js-scriptengine\21.2.0\js-scriptengine-21.2.0.jar;C:\Users\tiago.mina-azevedo\.m2\repository\org\graalvm\sdk\graal-sdk\21.2.0\graal-sdk-21.2.0.jar;C:\Users\tiago.mina-azevedo\.m2\repository\org\graalvm\js\js\21.2.0\js-21.2.0.jar;C:\Users\tiago.mina-azevedo\.m2\repository\org\graalvm\regex\regex\21.2.0\regex-21.2.0.jar;C:\Users\tiago.mina-azevedo\.m2\repository\org\graalvm\truffle\truffle-api\21.2.0\truffle-api-21.2.0.jar;C:\Users\tiago.mina-azevedo\.m2\repository\com\ibm\icu\icu4j\69.1\icu4j-69.1.jar;C:\Users\tiago.mina-azevedo\.m2\repository\org\thymeleaf\thymeleaf\3.0.14.RELEASE\thymeleaf-3.0.14.RELEASE.jar;C:\Users\tiago.mina-azevedo\.m2\repository\ognl\ognl\3.1.26\ognl-3.1.26.jar;C:\Users\tiago.mina-azevedo\.m2\repository\org\javassist\javassist\3.20.0-GA\javassist-3.20.0-GA.jar;C:\Users\tiago.mina-azevedo\.m2\repository\org\attoparser\attoparser\2.0.5.RELEASE\attoparser-2.0.5.RELEASE.jar;C:\Users\tiago.mina-azevedo\.m2\repository\org\unbescape\unbescape\1.1.6.RELEASE\unbescape-1.1.6.RELEASE.jar;C:\Users\tiago.mina-azevedo\.m2\repository\org\slf4j\slf4j-api\1.7.25\slf4j-api-1.7.25.jar;C:\Users\tiago.mina-azevedo\.m2\repository\com\linecorp\armeria\armeria\1.13.4\armeria-1.13.4.jar;C:\Users\tiago.mina-azevedo\.m2\repository\io\micrometer\micrometer-core\1.7.6\micrometer-core-1.7.6.jar;C:\Users\tiago.mina-azevedo\.m2\repository\org\hdrhistogram\HdrHistogram\2.1.12\HdrHistogram-2.1.12.jar;C:\Users\tiago.mina-azevedo\.m2\repository\org\latencyutils\LatencyUtils\2.0.3\LatencyUtils-2.0.3.jar;C:\Users\tiago.mina-azevedo\.m2\repository\io\netty\netty-transport\4.1.70.Final\netty-transport-4.1.70.Final.jar;C:\Users\tiago.mina-azevedo\.m2\repository\io\netty\netty-common\4.1.70.Final\netty-common-4.1.70.Final.jar;C:\Users\tiago.mina-azevedo\.m2\repository\io\netty\netty-buffer\4.1.70.Final\netty-buffer-4.1.70.Final.jar;C:\Users\tiago.mina-azevedo\.m2\repository\io\netty\netty-resolver\4.1.70.Final\netty-resolver-4.1.70.Final.jar;C:\Users\tiago.mina-azevedo\.m2\repository\io\netty\netty-codec-http2\4.1.70.Final\netty-codec-http2-4.1.70.Final.jar;C:\Users\tiago.mina-azevedo\.m2\repository\io\netty\netty-codec\4.1.70.Final\netty-codec-4.1.70.Final.jar;C:\Users\tiago.mina-azevedo\.m2\repository\io\netty\netty-handler\4.1.70.Final\netty-handler-4.1.70.Final.jar;C:\Users\tiago.mina-azevedo\.m2\repository\io\netty\netty-codec-http\4.1.70.Final\netty-codec-http-4.1.70.Final.jar;C:\Users\tiago.mina-azevedo\.m2\repository\io\netty\netty-codec-haproxy\4.1.70.Final\netty-codec-haproxy-4.1.70.Final.jar;C:\Users\tiago.mina-azevedo\.m2\repository\io\netty\netty-resolver-dns\4.1.70.Final\netty-resolver-dns-4.1.70.Final.jar;C:\Users\tiago.mina-azevedo\.m2\repository\io\netty\netty-codec-dns\4.1.70.Final\netty-codec-dns-4.1.70.Final.jar;C:\Users\tiago.mina-azevedo\.m2\repository\org\reactivestreams\reactive-streams\1.0.3\reactive-streams-1.0.3.jar;C:\Users\tiago.mina-azevedo\.m2\repository\com\google\code\findbugs\jsr305\3.0.2\jsr305-3.0.2.jar;C:\Users\tiago.mina-azevedo\.m2\repository\io\netty\netty-resolver-dns-native-macos\4.1.70.Final\netty-resolver-dns-native-macos-4.1.70.Final-osx-x86_64.jar;C:\Users\tiago.mina-azevedo\.m2\repository\io\netty\netty-resolver-dns-classes-macos\4.1.70.Final\netty-resolver-dns-classes-macos-4.1.70.Final.jar;C:\Users\tiago.mina-azevedo\.m2\repository\io\netty\netty-transport-native-unix-common\4.1.70.Final\netty-transport-native-unix-common-4.1.70.Final-linux-x86_64.jar;C:\Users\tiago.mina-azevedo\.m2\repository\io\netty\netty-transport-native-epoll\4.1.70.Final\netty-transport-native-epoll-4.1.70.Final-linux-x86_64.jar;C:\Users\tiago.mina-azevedo\.m2\repository\io\netty\netty-transport-native-unix-common\4.1.70.Final\netty-transport-native-unix-common-4.1.70.Final.jar;C:\Users\tiago.mina-azevedo\.m2\repository\io\netty\netty-transport-classes-epoll\4.1.70.Final\netty-transport-classes-epoll-4.1.70.Final.jar;C:\Users\tiago.mina-azevedo\.m2\repository\io\netty\netty-tcnative-boringssl-static\2.0.44.Final\netty-tcnative-boringssl-static-2.0.44.Final.jar;C:\Users\tiago.mina-azevedo\.m2\repository\io\netty\netty-handler-proxy\4.1.70.Final\netty-handler-proxy-4.1.70.Final.jar;C:\Users\tiago.mina-azevedo\.m2\repository\io\netty\netty-codec-socks\4.1.70.Final\netty-codec-socks-4.1.70.Final.jar;C:\Users\tiago.mina-azevedo\.m2\repository\com\aayushatharva\brotli4j\brotli4j\1.6.0\brotli4j-1.6.0.jar;C:\Users\tiago.mina-azevedo\.m2\repository\com\aayushatharva\brotli4j\native-windows-x86_64\1.6.0\native-windows-x86_64-1.6.0.jar;C:\Users\tiago.mina-azevedo\.m2\repository\org\apache\httpcomponents\httpclient\4.5.13\httpclient-4.5.13.jar;C:\Users\tiago.mina-azevedo\.m2\repository\org\apache\httpcomponents\httpcore\4.4.13\httpcore-4.4.13.jar;C:\Users\tiago.mina-azevedo\.m2\repository\commons-codec\commons-codec\1.11\commons-codec-1.11.jar;C:\Users\tiago.mina-azevedo\.m2\repository\ch\qos\logback\logback-classic\1.2.9\logback-classic-1.2.9.jar;C:\Users\tiago.mina-azevedo\.m2\repository\ch\qos\logback\logback-core\1.2.9\logback-core-1.2.9.jar;C:\Users\tiago.mina-azevedo\.m2\repository\org\slf4j\jcl-over-slf4j\1.7.32\jcl-over-slf4j-1.7.32.jar;C:\Users\tiago.mina-azevedo\.m2\repository\org\antlr\antlr4-runtime\4.9.2\antlr4-runtime-4.9.2.jar;C:\Users\tiago.mina-azevedo\.m2\repository\com\jayway\jsonpath\json-path\2.7.0\json-path-2.7.0.jar;C:\Users\tiago.mina-azevedo\.m2\repository\net\minidev\json-smart\2.4.7\json-smart-2.4.7.jar;C:\Users\tiago.mina-azevedo\.m2\repository\net\minidev\accessors-smart\2.4.7\accessors-smart-2.4.7.jar;C:\Users\tiago.mina-azevedo\.m2\repository\org\ow2\asm\asm\9.1\asm-9.1.jar;C:\Users\tiago.mina-azevedo\.m2\repository\info\cukes\cucumber-java\1.2.5\cucumber-java-1.2.5.jar;C:\Users\tiago.mina-azevedo\.m2\repository\info\cukes\cucumber-core\1.2.5\cucumber-core-1.2.5.jar;C:\Users\tiago.mina-azevedo\.m2\repository\org\yaml\snakeyaml\1.29\snakeyaml-1.29.jar;C:\Users\tiago.mina-azevedo\.m2\repository\de\siegmar\fastcsv\2.0.0\fastcsv-2.0.0.jar;C:\Users\tiago.mina-azevedo\.m2\repository\info\picocli\picocli\4.6.1\picocli-4.6.1.jar;C:\Users\tiago.mina-azevedo\.m2\repository\io\github\classgraph\classgraph\4.8.108\classgraph-4.8.108.jar;C:\Users\tiago.mina-azevedo\.m2\repository\org\junit\jupiter\junit-jupiter-api\5.7.2\junit-jupiter-api-5.7.2.jar;C:\Users\tiago.mina-azevedo\.m2\repository\org\apiguardian\apiguardian-api\1.1.0\apiguardian-api-1.1.0.jar;C:\Users\tiago.mina-azevedo\.m2\repository\org\opentest4j\opentest4j\1.2.0\opentest4j-1.2.0.jar;C:\Users\tiago.mina-azevedo\.m2\repository\org\junit\platform\junit-platform-commons\1.7.2\junit-platform-commons-1.7.2.jar;C:\Users\tiago.mina-azevedo\.m2\repository\org\junit\jupiter\junit-jupiter-engine\5.7.2\junit-jupiter-engine-5.7.2.jar;C:\Users\tiago.mina-azevedo\.m2\repository\org\junit\platform\junit-platform-engine\1.7.2\junit-platform-engine-1.7.2.jar;C:\Users\tiago.mina-azevedo\.m2\repository\com\github\javafaker\javafaker\1.0.2\javafaker-1.0.2.jar;C:\Users\tiago.mina-azevedo\.m2\repository\org\apache\commons\commons-lang3\3.5\commons-lang3-3.5.jar;C:\Users\tiago.mina-azevedo\.m2\repository\org\yaml\snakeyaml\1.23\snakeyaml-1.23-android.jar;C:\Users\tiago.mina-azevedo\.m2\repository\com\github\mifmif\generex\1.0.2\generex-1.0.2.jar;C:\Users\tiago.mina-azevedo\.m2\repository\dk\brics\automaton\automaton\1.11-8\automaton-1.11-8.jar;C:\Users\tiago.mina-azevedo\.m2\repository\com\intuit\karate\karate-robot\1.2.0\karate-robot-1.2.0.jar;C:\Users\tiago.mina-azevedo\.m2\repository\net\java\dev\jna\jna-platform\5.5.0\jna-platform-5.5.0.jar;C:\Users\tiago.mina-azevedo\.m2\repository\net\java\dev\jna\jna\5.5.0\jna-5.5.0.jar;C:\Users\tiago.mina-azevedo\.m2\repository\org\bytedeco\javacv\1.5.3\javacv-1.5.3.jar;C:\Users\tiago.mina-azevedo\.m2\repository\org\bytedeco\javacpp\1.5.3\javacpp-1.5.3.jar;C:\Users\tiago.mina-azevedo\.m2\repository\org\bytedeco\openblas\0.3.9-1.5.3\openblas-0.3.9-1.5.3.jar;C:\Users\tiago.mina-azevedo\.m2\repository\org\bytedeco\opencv\4.3.0-1.5.3\opencv-4.3.0-1.5.3.jar;C:\Users\tiago.mina-azevedo\.m2\repository\org\bytedeco\ffmpeg\4.2.2-1.5.3\ffmpeg-4.2.2-1.5.3.jar;C:\Users\tiago.mina-azevedo\.m2\repository\org\bytedeco\leptonica\1.79.0-1.5.3\leptonica-1.79.0-1.5.3.jar;C:\Users\tiago.mina-azevedo\.m2\repository\org\bytedeco\tesseract\4.1.1-1.5.3\tesseract-4.1.1-1.5.3.jar;C:\Users\tiago.mina-azevedo\.m2\repository\org\openjfx\javafx-graphics\11\javafx-graphics-11.jar;C:\Users\tiago.mina-azevedo\.m2\repository\org\openjfx\javafx-graphics\11\javafx-graphics-11-win.jar;C:\Users\tiago.mina-azevedo\.m2\repository\org\openjfx\javafx-base\11\javafx-base-11.jar;C:\Users\tiago.mina-azevedo\.m2\repository\org\openjfx\javafx-base\11\javafx-base-11-win.jar;C:\Users\tiago.mina-azevedo\.m2\repository\org\bytedeco\opencv-platform\4.3.0-1.5.3\opencv-platform-4.3.0-1.5.3.jar;C:\Users\tiago.mina-azevedo\.m2\repository\org\bytedeco\openblas-platform\0.3.9-1.5.3\openblas-platform-0.3.9-1.5.3.jar;C:\Users\tiago.mina-azevedo\.m2\repository\org\bytedeco\openblas\0.3.9-1.5.3\openblas-0.3.9-1.5.3-android-arm.jar;C:\Users\tiago.mina-azevedo\.m2\repository\org\bytedeco\openblas\0.3.9-1.5.3\openblas-0.3.9-1.5.3-android-arm64.jar;C:\Users\tiago.mina-azevedo\.m2\repository\org\bytedeco\openblas\0.3.9-1.5.3\openblas-0.3.9-1.5.3-android-x86.jar;C:\Users\tiago.mina-azevedo\.m2\repository\org\bytedeco\openblas\0.3.9-1.5.3\openblas-0.3.9-1.5.3-android-x86_64.jar;C:\Users\tiago.mina-azevedo\.m2\repository\org\bytedeco\openblas\0.3.9-1.5.3\openblas-0.3.9-1.5.3-ios-arm64.jar;C:\Users\tiago.mina-azevedo\.m2\repository\org\bytedeco\openblas\0.3.9-1.5.3\openblas-0.3.9-1.5.3-ios-x86_64.jar;C:\Users\tiago.mina-azevedo\.m2\repository\org\bytedeco\openblas\0.3.9-1.5.3\openblas-0.3.9-1.5.3-linux-x86.jar;C:\Users\tiago.mina-azevedo\.m2\repository\org\bytedeco\openblas\0.3.9-1.5.3\openblas-0.3.9-1.5.3-linux-x86_64.jar;C:\Users\tiago.mina-azevedo\.m2\repository\org\bytedeco\openblas\0.3.9-1.5.3\openblas-0.3.9-1.5.3-linux-armhf.jar;C:\Users\tiago.mina-azevedo\.m2\repository\org\bytedeco\openblas\0.3.9-1.5.3\openblas-0.3.9-1.5.3-linux-arm64.jar;C:\Users\tiago.mina-azevedo\.m2\repository\org\bytedeco\openblas\0.3.9-1.5.3\openblas-0.3.9-1.5.3-linux-ppc64le.jar;C:\Users\tiago.mina-azevedo\.m2\repository\org\bytedeco\openblas\0.3.9-1.5.3\openblas-0.3.9-1.5.3-macosx-x86_64.jar;C:\Users\tiago.mina-azevedo\.m2\repository\org\bytedeco\openblas\0.3.9-1.5.3\openblas-0.3.9-1.5.3-windows-x86.jar;C:\Users\tiago.mina-azevedo\.m2\repository\org\bytedeco\openblas\0.3.9-1.5.3\openblas-0.3.9-1.5.3-windows-x86_64.jar;C:\Users\tiago.mina-azevedo\.m2\repository\org\bytedeco\opencv\4.3.0-1.5.3\opencv-4.3.0-1.5.3-android-arm.jar;C:\Users\tiago.mina-azevedo\.m2\repository\org\bytedeco\opencv\4.3.0-1.5.3\opencv-4.3.0-1.5.3-android-arm64.jar;C:\Users\tiago.mina-azevedo\.m2\repository\org\bytedeco\opencv\4.3.0-1.5.3\opencv-4.3.0-1.5.3-android-x86.jar;C:\Users\tiago.mina-azevedo\.m2\repository\org\bytedeco\opencv\4.3.0-1.5.3\opencv-4.3.0-1.5.3-android-x86_64.jar;C:\Users\tiago.mina-azevedo\.m2\repository\org\bytedeco\opencv\4.3.0-1.5.3\opencv-4.3.0-1.5.3-ios-arm64.jar;C:\Users\tiago.mina-azevedo\.m2\repository\org\bytedeco\opencv\4.3.0-1.5.3\opencv-4.3.0-1.5.3-ios-x86_64.jar;C:\Users\tiago.mina-azevedo\.m2\repository\org\bytedeco\opencv\4.3.0-1.5.3\opencv-4.3.0-1.5.3-linux-x86.jar;C:\Users\tiago.mina-azevedo\.m2\repository\org\bytedeco\opencv\4.3.0-1.5.3\opencv-4.3.0-1.5.3-linux-x86_64.jar;C:\Users\tiago.mina-azevedo\.m2\repository\org\bytedeco\opencv\4.3.0-1.5.3\opencv-4.3.0-1.5.3-linux-armhf.jar;C:\Users\tiago.mina-azevedo\.m2\repository\org\bytedeco\opencv\4.3.0-1.5.3\opencv-4.3.0-1.5.3-linux-arm64.jar;C:\Users\tiago.mina-azevedo\.m2\repository\org\bytedeco\opencv\4.3.0-1.5.3\opencv-4.3.0-1.5.3-linux-ppc64le.jar;C:\Users\tiago.mina-azevedo\.m2\repository\org\bytedeco\opencv\4.3.0-1.5.3\opencv-4.3.0-1.5.3-macosx-x86_64.jar;C:\Users\tiago.mina-azevedo\.m2\repository\org\bytedeco\opencv\4.3.0-1.5.3\opencv-4.3.0-1.5.3-windows-x86.jar;C:\Users\tiago.mina-azevedo\.m2\repository\org\bytedeco\opencv\4.3.0-1.5.3\opencv-4.3.0-1.5.3-windows-x86_64.jar;C:\Users\tiago.mina-azevedo\.m2\repository\org\bytedeco\tesseract-platform\4.1.1-1.5.3\tesseract-platform-4.1.1-1.5.3.jar;C:\Users\tiago.mina-azevedo\.m2\repository\org\bytedeco\leptonica-platform\1.79.0-1.5.3\leptonica-platform-1.79.0-1.5.3.jar;C:\Users\tiago.mina-azevedo\.m2\repository\org\bytedeco\leptonica\1.79.0-1.5.3\leptonica-1.79.0-1.5.3-android-arm.jar;C:\Users\tiago.mina-azevedo\.m2\repository\org\bytedeco\leptonica\1.79.0-1.5.3\leptonica-1.79.0-1.5.3-android-arm64.jar;C:\Users\tiago.mina-azevedo\.m2\repository\org\bytedeco\leptonica\1.79.0-1.5.3\leptonica-1.79.0-1.5.3-android-x86.jar;C:\Users\tiago.mina-azevedo\.m2\repository\org\bytedeco\leptonica\1.79.0-1.5.3\leptonica-1.79.0-1.5.3-android-x86_64.jar;C:\Users\tiago.mina-azevedo\.m2\repository\org\bytedeco\leptonica\1.79.0-1.5.3\leptonica-1.79.0-1.5.3-linux-x86.jar;C:\Users\tiago.mina-azevedo\.m2\repository\org\bytedeco\leptonica\1.79.0-1.5.3\leptonica-1.79.0-1.5.3-linux-x86_64.jar;C:\Users\tiago.mina-azevedo\.m2\repository\org\bytedeco\leptonica\1.79.0-1.5.3\leptonica-1.79.0-1.5.3-linux-armhf.jar;C:\Users\tiago.mina-azevedo\.m2\repository\org\bytedeco\leptonica\1.79.0-1.5.3\leptonica-1.79.0-1.5.3-linux-arm64.jar;C:\Users\tiago.mina-azevedo\.m2\repository\org\bytedeco\leptonica\1.79.0-1.5.3\leptonica-1.79.0-1.5.3-linux-ppc64le.jar;C:\Users\tiago.mina-azevedo\.m2\repository\org\bytedeco\leptonica\1.79.0-1.5.3\leptonica-1.79.0-1.5.3-macosx-x86_64.jar;C:\Users\tiago.mina-azevedo\.m2\repository\org\bytedeco\leptonica\1.79.0-1.5.3\leptonica-1.79.0-1.5.3-windows-x86.jar;C:\Users\tiago.mina-azevedo\.m2\repository\org\bytedeco\leptonica\1.79.0-1.5.3\leptonica-1.79.0-1.5.3-windows-x86_64.jar;C:\Users\tiago.mina-azevedo\.m2\repository\org\bytedeco\tesseract\4.1.1-1.5.3\tesseract-4.1.1-1.5.3-android-arm.jar;C:\Users\tiago.mina-azevedo\.m2\repository\org\bytedeco\tesseract\4.1.1-1.5.3\tesseract-4.1.1-1.5.3-android-arm64.jar;C:\Users\tiago.mina-azevedo\.m2\repository\org\bytedeco\tesseract\4.1.1-1.5.3\tesseract-4.1.1-1.5.3-android-x86.jar;C:\Users\tiago.mina-azevedo\.m2\repository\org\bytedeco\tesseract\4.1.1-1.5.3\tesseract-4.1.1-1.5.3-android-x86_64.jar;C:\Users\tiago.mina-azevedo\.m2\repository\org\bytedeco\tesseract\4.1.1-1.5.3\tesseract-4.1.1-1.5.3-linux-x86.jar;C:\Users\tiago.mina-azevedo\.m2\repository\org\bytedeco\tesseract\4.1.1-1.5.3\tesseract-4.1.1-1.5.3-linux-x86_64.jar;C:\Users\tiago.mina-azevedo\.m2\repository\org\bytedeco\tesseract\4.1.1-1.5.3\tesseract-4.1.1-1.5.3-linux-armhf.jar;C:\Users\tiago.mina-azevedo\.m2\repository\org\bytedeco\tesseract\4.1.1-1.5.3\tesseract-4.1.1-1.5.3-linux-arm64.jar;C:\Users\tiago.mina-azevedo\.m2\repository\org\bytedeco\tesseract\4.1.1-1.5.3\tesseract-4.1.1-1.5.3-linux-ppc64le.jar;C:\Users\tiago.mina-azevedo\.m2\repository\org\bytedeco\tesseract\4.1.1-1.5.3\tesseract-4.1.1-1.5.3-macosx-x86_64.jar;C:\Users\tiago.mina-azevedo\.m2\repository\org\bytedeco\tesseract\4.1.1-1.5.3\tesseract-4.1.1-1.5.3-windows-x86.jar;C:\Users\tiago.mina-azevedo\.m2\repository\org\bytedeco\tesseract\4.1.1-1.5.3\tesseract-4.1.1-1.5.3-windows-x86_64.jar;C:\Users\tiago.mina-azevedo\.m2\repository\org\bytedeco\ffmpeg-platform\4.2.2-1.5.3\ffmpeg-platform-4.2.2-1.5.3.jar;C:\Users\tiago.mina-azevedo\.m2\repository\org\bytedeco\javacpp-platform\1.5.3\javacpp-platform-1.5.3.jar;C:\Users\tiago.mina-azevedo\.m2\repository\org\bytedeco\javacpp\1.5.3\javacpp-1.5.3-android-arm.jar;C:\Users\tiago.mina-azevedo\.m2\repository\org\bytedeco\javacpp\1.5.3\javacpp-1.5.3-android-arm64.jar;C:\Users\tiago.mina-azevedo\.m2\repository\org\bytedeco\javacpp\1.5.3\javacpp-1.5.3-android-x86.jar;C:\Users\tiago.mina-azevedo\.m2\repository\org\bytedeco\javacpp\1.5.3\javacpp-1.5.3-android-x86_64.jar;C:\Users\tiago.mina-azevedo\.m2\repository\org\bytedeco\javacpp\1.5.3\javacpp-1.5.3-ios-arm64.jar;C:\Users\tiago.mina-azevedo\.m2\repository\org\bytedeco\javacpp\1.5.3\javacpp-1.5.3-ios-x86_64.jar;C:\Users\tiago.mina-azevedo\.m2\repository\org\bytedeco\javacpp\1.5.3\javacpp-1.5.3-linux-armhf.jar;C:\Users\tiago.mina-azevedo\.m2\repository\org\bytedeco\javacpp\1.5.3\javacpp-1.5.3-linux-arm64.jar;C:\Users\tiago.mina-azevedo\.m2\repository\org\bytedeco\javacpp\1.5.3\javacpp-1.5.3-linux-ppc64le.jar;C:\Users\tiago.mina-azevedo\.m2\repository\org\bytedeco\javacpp\1.5.3\javacpp-1.5.3-linux-x86.jar;C:\Users\tiago.mina-azevedo\.m2\repository\org\bytedeco\javacpp\1.5.3\javacpp-1.5.3-linux-x86_64.jar;C:\Users\tiago.mina-azevedo\.m2\repository\org\bytedeco\javacpp\1.5.3\javacpp-1.5.3-macosx-x86_64.jar;C:\Users\tiago.mina-azevedo\.m2\repository\org\bytedeco\javacpp\1.5.3\javacpp-1.5.3-windows-x86.jar;C:\Users\tiago.mina-azevedo\.m2\repository\org\bytedeco\javacpp\1.5.3\javacpp-1.5.3-windows-x86_64.jar;C:\Users\tiago.mina-azevedo\.m2\repository\org\bytedeco\ffmpeg\4.2.2-1.5.3\ffmpeg-4.2.2-1.5.3-android-arm.jar;C:\Users\tiago.mina-azevedo\.m2\repository\org\bytedeco\ffmpeg\4.2.2-1.5.3\ffmpeg-4.2.2-1.5.3-android-arm64.jar;C:\Users\tiago.mina-azevedo\.m2\repository\org\bytedeco\ffmpeg\4.2.2-1.5.3\ffmpeg-4.2.2-1.5.3-android-x86.jar;C:\Users\tiago.mina-azevedo\.m2\repository\org\bytedeco\ffmpeg\4.2.2-1.5.3\ffmpeg-4.2.2-1.5.3-android-x86_64.jar;C:\Users\tiago.mina-azevedo\.m2\repository\org\bytedeco\ffmpeg\4.2.2-1.5.3\ffmpeg-4.2.2-1.5.3-linux-x86.jar;C:\Users\tiago.mina-azevedo\.m2\repository\org\bytedeco\ffmpeg\4.2.2-1.5.3\ffmpeg-4.2.2-1.5.3-linux-x86_64.jar;C:\Users\tiago.mina-azevedo\.m2\repository\org\bytedeco\ffmpeg\4.2.2-1.5.3\ffmpeg-4.2.2-1.5.3-linux-armhf.jar;C:\Users\tiago.mina-azevedo\.m2\repository\org\bytedeco\ffmpeg\4.2.2-1.5.3\ffmpeg-4.2.2-1.5.3-linux-arm64.jar;C:\Users\tiago.mina-azevedo\.m2\repository\org\bytedeco\ffmpeg\4.2.2-1.5.3\ffmpeg-4.2.2-1.5.3-linux-ppc64le.jar;C:\Users\tiago.mina-azevedo\.m2\repository\org\bytedeco\ffmpeg\4.2.2-1.5.3\ffmpeg-4.2.2-1.5.3-macosx-x86_64.jar;C:\Users\tiago.mina-azevedo\.m2\repository\org\bytedeco\ffmpeg\4.2.2-1.5.3\ffmpeg-4.2.2-1.5.3-windows-x86.jar;C:\Users\tiago.mina-azevedo\.m2\repository\org\bytedeco\ffmpeg\4.2.2-1.5.3\ffmpeg-4.2.2-1.5.3-windows-x86_64.jar;C:\Users\tiago.mina-azevedo\.m2\repository\net\masterthought\cucumber-reporting\3.8.0\cucumber-reporting-3.8.0.jar;C:\Users\tiago.mina-azevedo\.m2\repository\org\apache\logging\log4j\log4j-api\2.6\log4j-api-2.6.jar;C:\Users\tiago.mina-azevedo\.m2\repository\org\apache\logging\log4j\log4j-core\2.6\log4j-core-2.6.jar;C:\Users\tiago.mina-azevedo\.m2\repository\com\fasterxml\jackson\core\jackson-databind\2.8.5\jackson-databind-2.8.5.jar;C:\Users\tiago.mina-azevedo\.m2\repository\com\fasterxml\jackson\core\jackson-annotations\2.8.0\jackson-annotations-2.8.0.jar;C:\Users\tiago.mina-azevedo\.m2\repository\com\fasterxml\jackson\core\jackson-core\2.8.5\jackson-core-2.8.5.jar;C:\Users\tiago.mina-azevedo\.m2\repository\org\apache\velocity\velocity\1.7\velocity-1.7.jar;C:\Users\tiago.mina-azevedo\.m2\repository\commons-collections\commons-collections\3.2.1\commons-collections-3.2.1.jar;C:\Users\tiago.mina-azevedo\.m2\repository\commons-lang\commons-lang\2.4\commons-lang-2.4.jar;C:\Users\tiago.mina-azevedo\.m2\repository\velocity-tools\velocity-tools\1.4\velocity-tools-1.4.jar;C:\Users\tiago.mina-azevedo\.m2\repository\joda-time\joda-time\2.9.6\joda-time-2.9.6.jar;C:\Users\tiago.mina-azevedo\.m2\repository\commons-io\commons-io\2.5\commons-io-2.5.jar;C:\Users\tiago.mina-azevedo\.m2\repository\net\lingala\zip4j\zip4j\1.3.2\zip4j-1.3.2.jar;C:\Users\tiago.mina-azevedo\.m2\repository\org\codehaus\plexus\plexus-utils\3.0.24\plexus-utils-3.0.24.jar;C:\Users\tiago.mina-azevedo\.m2\repository\org\jsoup\jsoup\1.10.1\jsoup-1.10.1.jar;C:\Users\tiago.mina-azevedo\.m2\repository\com\googlecode\owasp-java-html-sanitizer\owasp-java-html-sanitizer\20160924.1\owasp-java-html-sanitizer-20160924.1.jar;C:\Users\tiago.mina-azevedo\.m2\repository\com\google\guava\guava\20.0\guava-20.0.jar;"/>
    <property name="sun.cpu.endian" value="little"/>
    <property name="user.home" value="C:\Users\tiago.mina-azevedo"/>
    <property name="user.language" value="pt"/>
    <property name="java.specification.vendor" value="Oracle Corporation"/>
    <property name="java.version.date" value="2022-04-22"/>
    <property name="java.home" value="C:\tools\jdk-11.0.15.1"/>
    <property name="file.separator" value="\"/>
    <property name="basedir" value="C:\Users\tiago.mina-azevedo\Documents\karateStuff\TestAssignmentSC"/>
    <property name="java.vm.compressedOopsMode" value="32-bit"/>
    <property name="line.separator" value="&#10;"/>
    <property name="java.specification.name" value="Java Platform API Specification"/>
    <property name="java.vm.specification.vendor" value="Oracle Corporation"/>
    <property name="java.awt.graphicsenv" value="sun.awt.Win32GraphicsEnvironment"/>
    <property name="surefire.real.class.path" value="C:\Users\tiago.mina-azevedo\AppData\Local\Temp\surefire2073971279296322078\surefirebooter450968571231674756.jar"/>
    <property name="user.script" value=""/>
    <property name="sun.management.compiler" value="HotSpot 64-Bit Tiered Compilers"/>
    <property name="java.runtime.version" value="11.0.15.1+2-LTS-10"/>
    <property name="user.name" value="tiago.mina-azevedo"/>
    <property name="path.separator" value=";"/>
    <property name="os.version" value="10.0"/>
    <property name="java.runtime.name" value="Java(TM) SE Runtime Environment"/>
    <property name="file.encoding" value="Cp1252"/>
    <property name="sun.nio.ch.bugLevel" value=""/>
    <property name="java.vm.name" value="Java HotSpot(TM) 64-Bit Server VM"/>
    <property name="java.vendor.version" value="18.9"/>
    <property name="localRepository" value="C:\Users\tiago.mina-azevedo\.m2\repository"/>
    <property name="java.vendor.url.bug" value="https://bugreport.java.com/bugreport/"/>
    <property name="java.io.tmpdir" value="C:\Users\TIAGO~1.MIN\AppData\Local\Temp\"/>
    <property name="java.version" value="11.0.15.1"/>
    <property name="user.dir" value="C:\Users\tiago.mina-azevedo\Documents\karateStuff\TestAssignmentSC"/>
    <property name="os.arch" value="amd64"/>
    <property name="java.vm.specification.name" value="Java Virtual Machine Specification"/>
    <property name="java.awt.printerjob" value="sun.awt.windows.WPrinterJob"/>
    <property name="sun.os.patch.level" value=""/>
    <property name="java.library.path" value="C:\tools\jdk-11.0.15.1\bin;C:\WINDOWS\Sun\Java\bin;C:\WINDOWS\system32;C:\WINDOWS;C:\Program Files\Common Files\Oracle\Java\javapath;C:\Python310\Scripts\;C:\Python310\;C:\Program Files (x86)\RSA SecurID Token Common;C:\Program Files\RSA SecurID Token Common;C:\WINDOWS\system32;C:\WINDOWS;C:\WINDOWS\System32\Wbem;C:\WINDOWS\System32\WindowsPowerShell\v1.0\;C:\WINDOWS\System32\OpenSSH\;C:\Program Files\PuTTY\;C:\Program Files\Git\cmd;C:\Program Files\nodejs\;C:\ProgramData\chocolatey\bin;C:\Users\tiago.mina-azevedo\maven\apache-maven-3.8.6\bin;C:\Program Files\Java\jdk-18.0.2.1\bin;C:\Users\tiago.mina-azevedo;C:\tools\jdk-11.0.15.1\bin;C:\Program Files\Java\jdk-18.0.2.1\bin;C:\Users\tiago.mina-azevedo\AppData\Local\Programs\Microsoft VS Code\bin;C:\Users\tiago.mina-azevedo\AppData\Roaming\npm;C:\Program Files\JetBrains\IntelliJ IDEA Community Edition 2022.2.2\bin;;C:\Users\tiago.mina-azevedo\maven\apache-maven-3.8.6\bin;C:\tools\jdk-11.0.15.1\bin;C:\Users\tiago.mina-azevedo\AppData\Local\GitHubDesktop\bin;."/>
    <property name="java.vendor" value="Oracle Corporation"/>
    <property name="java.vm.info" value="mixed mode"/>
    <property name="java.vm.version" value="11.0.15.1+2-LTS-10"/>
    <property name="sun.io.unicode.encoding" value="UnicodeLittle"/>
    <property name="java.class.version" value="55.0"/>
  </properties>
  <testcase name="[1:7] Delete an existing pet and ensuring that the operation can&apos;t be done more than once (with the same petId)" classname="examples/petstore/pet/delete/deletePet" time="3.844">
    <system-out><![CDATA[09:06:20.450 [main] DEBUG com.intuit.karate.Suite - [config] classpath:karate-config.js
09:06:21.255 [main] INFO  com.intuit.karate - karate.env system property was: null 
09:06:21.822 [main] DEBUG com.intuit.karate - request:
1 > POST https://petstore.swagger.io/v2/pet
1 > Content-Type: application/json; charset=UTF-8
1 > Content-Length: 43
1 > Host: petstore.swagger.io
1 > Connection: Keep-Alive
1 > User-Agent: Apache-HttpClient/4.5.13 (Java/11.0.15.1)
1 > Accept-Encoding: gzip,deflate
{"name":"Kitty McGee","status":"available"}

09:06:22.685 [main] DEBUG com.intuit.karate - response time in milliseconds: 828
1 < 200
1 < Date: Thu, 22 Sep 2022 08:06:24 GMT
1 < Content-Type: application/json
1 < Transfer-Encoding: chunked
1 < Connection: keep-alive
1 < Access-Control-Allow-Origin: *
1 < Access-Control-Allow-Methods: GET, POST, DELETE, PUT
1 < Access-Control-Allow-Headers: Content-Type, api_key, Authorization
1 < Server: Jetty(9.2.9.v20150224)
{"id":9222968140497181207,"name":"Kitty McGee","photoUrls":[],"tags":[],"status":"available"}

09:06:22.704 [main] DEBUG com.intuit.karate - request:
2 > DELETE https://petstore.swagger.io/v2/pet/9222968140497181207
2 > Host: petstore.swagger.io
2 > Connection: Keep-Alive
2 > User-Agent: Apache-HttpClient/4.5.13 (Java/11.0.15.1)
2 > Accept-Encoding: gzip,deflate


09:06:23.336 [main] DEBUG com.intuit.karate - response time in milliseconds: 632
2 < 200
2 < Date: Thu, 22 Sep 2022 08:06:24 GMT
2 < Content-Type: application/json
2 < Transfer-Encoding: chunked
2 < Connection: keep-alive
2 < Access-Control-Allow-Origin: *
2 < Access-Control-Allow-Methods: GET, POST, DELETE, PUT
2 < Access-Control-Allow-Headers: Content-Type, api_key, Authorization
2 < Server: Jetty(9.2.9.v20150224)
{"code":200,"type":"unknown","message":"9222968140497181207"}

09:06:23.345 [main] DEBUG com.intuit.karate - request:
3 > DELETE https://petstore.swagger.io/v2/pet/9222968140497181207
3 > Host: petstore.swagger.io
3 > Connection: Keep-Alive
3 > User-Agent: Apache-HttpClient/4.5.13 (Java/11.0.15.1)
3 > Accept-Encoding: gzip,deflate


09:06:23.662 [main] DEBUG com.intuit.karate - response time in milliseconds: 316
3 < 404
3 < Date: Thu, 22 Sep 2022 08:06:25 GMT
3 < Content-Length: 0
3 < Connection: keep-alive
3 < Access-Control-Allow-Origin: *
3 < Access-Control-Allow-Methods: GET, POST, DELETE, PUT
3 < Access-Control-Allow-Headers: Content-Type, api_key, Authorization
3 < Server: Jetty(9.2.9.v20150224)


---------------------------------------------------------
feature: classpath:examples/petstore/pet/delete/deletePet.feature
scenarios:  1 | passed:  1 | failed:  0 | time: 2,3779
---------------------------------------------------------

]]></system-out>
  </testcase>
  <testcase name="[1:7] Get the information of the pet by using petId" classname="examples/petstore/pet/get/getPet" time="0.74">
    <system-out><![CDATA[09:06:24.331 [main] INFO  com.intuit.karate - karate.env system property was: null 
09:06:24.335 [main] DEBUG com.intuit.karate - request:
1 > POST https://petstore.swagger.io/v2/pet
1 > Content-Type: application/json; charset=UTF-8
1 > Content-Length: 44
1 > Host: petstore.swagger.io
1 > Connection: Keep-Alive
1 > User-Agent: Apache-HttpClient/4.5.13 (Java/11.0.15.1)
1 > Accept-Encoding: gzip,deflate
{"name":"Bobby McGeee","status":"available"}

09:06:24.652 [main] DEBUG com.intuit.karate - response time in milliseconds: 317
1 < 200
1 < Date: Thu, 22 Sep 2022 08:06:26 GMT
1 < Content-Type: application/json
1 < Transfer-Encoding: chunked
1 < Connection: keep-alive
1 < Access-Control-Allow-Origin: *
1 < Access-Control-Allow-Methods: GET, POST, DELETE, PUT
1 < Access-Control-Allow-Headers: Content-Type, api_key, Authorization
1 < Server: Jetty(9.2.9.v20150224)
{"id":9222968140497181207,"name":"Bobby McGeee","photoUrls":[],"tags":[],"status":"available"}

09:06:24.659 [main] DEBUG com.intuit.karate - request:
2 > GET https://petstore.swagger.io/v2/pet/9222968140497181207
2 > Host: petstore.swagger.io
2 > Connection: Keep-Alive
2 > User-Agent: Apache-HttpClient/4.5.13 (Java/11.0.15.1)
2 > Accept-Encoding: gzip,deflate


09:06:25.061 [main] DEBUG com.intuit.karate - response time in milliseconds: 401
2 < 200
2 < Date: Thu, 22 Sep 2022 08:06:26 GMT
2 < Content-Type: application/json
2 < Transfer-Encoding: chunked
2 < Connection: keep-alive
2 < Access-Control-Allow-Origin: *
2 < Access-Control-Allow-Methods: GET, POST, DELETE, PUT
2 < Access-Control-Allow-Headers: Content-Type, api_key, Authorization
2 < Server: Jetty(9.2.9.v20150224)
{"id":9222968140497181207,"name":"Bobby McGeee","photoUrls":[],"tags":[],"status":"available"}

]]></system-out>
  </testcase>
  <testcase name="[2:30] Get all the pets using the status value" classname="examples/petstore/pet/get/getPet" time="0.705">
    <system-out><![CDATA[09:06:25.068 [main] INFO  com.intuit.karate - karate.env system property was: null 
09:06:25.074 [main] DEBUG com.intuit.karate - request:
1 > GET https://petstore.swagger.io/v2/pet/findByStatus?status=available
1 > Host: petstore.swagger.io
1 > Connection: Keep-Alive
1 > User-Agent: Apache-HttpClient/4.5.13 (Java/11.0.15.1)
1 > Accept-Encoding: gzip,deflate


09:06:25.655 [main] DEBUG com.intuit.karate - response time in milliseconds: 581
1 < 200
1 < Date: Thu, 22 Sep 2022 08:06:26 GMT
1 < Content-Type: application/json
1 < Transfer-Encoding: chunked
1 < Connection: keep-alive
1 < Access-Control-Allow-Origin: *
1 < Access-Control-Allow-Methods: GET, POST, DELETE, PUT
1 < Access-Control-Allow-Headers: Content-Type, api_key, Authorization
1 < Server: Jetty(9.2.9.v20150224)
[{"id":9222968140497180514,"category":{"id":0,"name":"string"},"name":"doggie","photoUrls":["string"],"tags":[{"id":0,"name":"string"}],"status":"available"},{"id":9222968140497180515,"category":{"id":0,"name":"string"},"name":"doggie","photoUrls":["string"],"tags":[{"id":0,"name":"string"}],"status":"available"},{"id":9222968140497180516,"category":{"id":0,"name":"string"},"name":"doggie","photoUrls":["string"],"tags":[{"id":0,"name":"string"}],"status":"available"},{"id":9222968140497180517,"category":{"id":0,"name":"string"},"name":"doggie","photoUrls":["string"],"tags":[{"id":0,"name":"string"}],"status":"available"},{"id":9222968140497180518,"category":{"id":0,"name":"string"},"name":"doggie","photoUrls":["string"],"tags":[{"id":0,"name":"string"}],"status":"available"},{"id":9222968140497180519,"category":{"id":0,"name":"string"},"name":"doggie","photoUrls":["string"],"tags":[{"id":0,"name":"string"}],"status":"available"},{"id":9222968140497180520,"category":{"id":0,"name":"string"},"name":"doggie","photoUrls":["string"],"tags":[{"id":0,"name":"string"}],"status":"available"},{"id":9222968140497180521,"category":{"id":0,"name":"string"},"name":"doggie","photoUrls":["string"],"tags":[{"id":0,"name":"string"}],"status":"available"},{"id":9222968140497180522,"category":{"id":0,"name":"string"},"name":"doggie","photoUrls":["string"],"tags":[{"id":0,"name":"string"}],"status":"available"},{"id":9222968140497180523,"category":{"id":0,"name":"string"},"name":"doggie","photoUrls":["string"],"tags":[{"id":0,"name":"string"}],"status":"available"},{"id":9222968140497180524,"category":{"id":0,"name":"string"},"name":"doggie","photoUrls":["string"],"tags":[{"id":0,"name":"string"}],"status":"available"},{"id":9222968140497180525,"category":{"id":0,"name":"string"},"name":"doggie","photoUrls":["string"],"tags":[{"id":0,"name":"string"}],"status":"available"},{"id":8180,"category":{"id":176,"name":"Dog"},"name":"Jimmey","photoUrls":["www.google.com","www.yahoo.com"],"tags":[{"id":909,"name":"White"},{"id":808,"name":"Brown"}],"status":"available"},{"id":9222968140497180526,"category":{"id":0,"name":"string"},"name":"doggie","photoUrls":["string"],"tags":[{"id":0,"name":"string"}],"status":"available"},{"id":9222968140497180527,"category":{"id":0,"name":"string"},"name":"doggie","photoUrls":["string"],"tags":[{"id":0,"name":"string"}],"status":"available"},{"id":9222968140497180528,"category":{"id":0,"name":"string"},"name":"doggie","photoUrls":["string"],"tags":[{"id":0,"name":"string"}],"status":"available"},{"id":9222968140497180529,"category":{"id":0,"name":"string"},"name":"doggie","photoUrls":["string"],"tags":[{"id":0,"name":"string"}],"status":"available"},{"id":9222968140497180530,"category":{"id":0,"name":"string"},"name":"doggie","photoUrls":["string"],"tags":[{"id":0,"name":"string"}],"status":"available"},{"id":9222968140497180531,"category":{"id":0,"name":"string"},"name":"doggie","photoUrls":["string"],"tags":[{"id":0,"name":"string"}],"status":"available"},{"id":9222968140497180532,"name":"Kitty","photoUrls":[],"tags":[],"status":"available"},{"id":9222968140497180533,"category":{"id":0,"name":"string"},"name":"fish","photoUrls":["string"],"tags":[{"id":0,"name":"string"}],"status":"available"},{"id":9222968140497180534,"category":{"id":0,"name":"string"},"name":"fish","photoUrls":["string"],"tags":[{"id":0,"name":"string"}],"status":"available"},{"id":2,"category":{"id":9,"name":"cat"},"name":"kokona","photoUrls":["string"],"tags":[{"id":0,"name":"string"}],"status":"available"},{"id":55,"category":{"id":55,"name":"123"},"name":"123","photoUrls":["string"],"tags":[{"id":55,"name":"123"}],"status":"available"},{"id":9222968140497180536,"category":{"id":0,"name":"string"},"name":"doggie","photoUrls":["string"],"tags":[{"id":0,"name":"string"}],"status":"available"},{"id":9222968140497180537,"category":{"id":0,"name":"string"},"name":"doggie","photoUrls":["string"],"tags":[{"id":0,"name":"string"}],"status":"available"},{"id":9222968140497180179,"category":{"id":0,"name":"string"},"name":"test","photoUrls":["string"],"tags":[{"id":0,"name":"string"}],"status":"available"},{"id":112233,"category":{"id":30,"name":"Eq-dog"},"name":"Postman","photoUrls":["URLLink"],"tags":[{"id":10,"name":"Doberman"}],"status":"available"},{"id":9222968140497180542,"category":{"id":0,"name":"string"},"name":"doggie","photoUrls":["string"],"tags":[{"id":0,"name":"string"}],"status":"available"},{"id":9222968140497180543,"category":{"id":0,"name":"string"},"name":"doggie","photoUrls":["string"],"tags":[{"id":0,"name":"string"}],"status":"available"},{"id":9222968140497180544,"category":{"id":0,"name":"string"},"name":"fish","photoUrls":["string"],"tags":[{"id":0,"name":"string"}],"status":"available"},{"id":9222968140497180545,"category":{"id":0,"name":"string"},"name":"fish","photoUrls":["string"],"tags":[{"id":0,"name":"string"}],"status":"available"},{"id":9222968140497180546,"category":{"id":0,"name":"string"},"name":"doggie","photoUrls":["string"],"tags":[{"id":0,"name":"string"}],"status":"available"},{"id":9222968140497180547,"category":{"id":0,"name":"string"},"name":"doggie","photoUrls":["string"],"tags":[{"id":0,"name":"string"}],"status":"available"},{"id":9222968140497180550,"category":{"id":0,"name":"string"},"name":"doggie","photoUrls":["string"],"tags":[{"id":0,"name":"string"}],"status":"available"},{"id":9222968140497180551,"category":{"id":0,"name":"string"},"name":"doggie","photoUrls":["string"],"tags":[{"id":0,"name":"string"}],"status":"available"},{"id":9222968140497180552,"category":{"id":0,"name":"string"},"name":"doggie","photoUrls":["string"],"tags":[{"id":0,"name":"string"}],"status":"available"},{"id":9222968140497180553,"category":{"id":0,"name":"string"},"name":"doggie","photoUrls":["string"],"tags":[{"id":0,"name":"string"}],"status":"available"},{"id":9222968140497180554,"category":{"id":0,"name":"string"},"name":"doggie","photoUrls":["string"],"tags":[{"id":0,"name":"string"}],"status":"available"},{"id":9222968140497180555,"category":{"id":0,"name":"string"},"name":"doggie","photoUrls":["string"],"tags":[{"id":0,"name":"string"}],"status":"available"},{"id":9222968140497180556,"category":{"id":0,"name":""},"name":"","photoUrls":[""],"tags":[{"id":0,"name":""}],"status":"available"},{"id":9222968140497180557,"category":{"id":0,"name":"string"},"name":"fish","photoUrls":["string"],"tags":[{"id":0,"name":"string"}],"status":"available"},{"id":9222968140497180558,"category":{"id":0,"name":"string"},"name":"doggie","photoUrls":["string"],"tags":[{"id":0,"name":"string"}],"status":"available"},{"id":9222968140497180559,"category":{"id":0,"name":"string"},"name":"doggie","photoUrls":["string"],"tags":[{"id":0,"name":"string"}],"status":"available"},{"id":9222968140497180560,"category":{"id":0,"name":"string"},"name":"doggie","photoUrls":["string"],"tags":[{"id":0,"name":"string"}],"status":"available"},{"id":9222968140497180561,"category":{"id":0,"name":"string"},"name":"doggie","photoUrls":["string"],"tags":[{"id":0,"name":"string"}],"status":"available"},{"id":9222968140497180562,"category":{"id":0,"name":"string"},"name":"doggie","photoUrls":["string"],"tags":[{"id":0,"name":"string"}],"status":"available"},{"id":9222968140497180563,"category":{"id":0,"name":"string"},"name":"doggie","photoUrls":["string"],"tags":[{"id":0,"name":"string"}],"status":"available"},{"id":9222968140497180564,"category":{"id":0,"name":"string"},"name":"doggie","photoUrls":["string"],"tags":[{"id":0,"name":"string"}],"status":"available"},{"id":9222968140497180565,"category":{"id":0,"name":"string"},"name":"doggie","photoUrls":["string"],"tags":[{"id":0,"name":"string"}],"status":"available"},{"id":9222968140497180566,"category":{"id":0,"name":"string"},"name":"doggie","photoUrls":["string"],"tags":[{"id":0,"name":"string"}],"status":"available"},{"id":9222968140497180567,"category":{"id":0,"name":"string"},"name":"doggie","photoUrls":["string"],"tags":[{"id":0,"name":"string"}],"status":"available"},{"id":9222968140497180568,"category":{"id":0,"name":"string"},"name":"doggie","photoUrls":["string"],"tags":[{"id":0,"name":"string"}],"status":"available"},{"id":9222968140497180569,"category":{"id":0,"name":"string"},"name":"doggie","photoUrls":["string"],"tags":[{"id":0,"name":"string"}],"status":"available"},{"id":9222968140497180570,"category":{"id":0,"name":"string"},"name":"fish","photoUrls":["string"],"tags":[{"id":0,"name":"string"}],"status":"available"},{"id":9222968140497180571,"category":{"id":0,"name":"string"},"name":"fish","photoUrls":["string"],"tags":[{"id":0,"name":"string"}],"status":"available"},{"id":9222968140497180572,"category":{"id":0,"name":"string"},"name":"fish","photoUrls":["string"],"tags":[{"id":0,"name":"string"}],"status":"available"},{"id":9222968140497180574,"category":{"id":0,"name":"string"},"name":"fish","photoUrls":["string"],"tags":[{"id":0,"name":"string"}],"status":"available"},{"id":9222968140497180585,"category":{"id":0,"name":"string"},"name":"doggie","photoUrls":["string"],"tags":[{"id":0,"name":"string"}],"status":"available"},{"id":9222968140497180591,"category":{"id":0,"name":"string"},"name":"doggie","photoUrls":["string"],"tags":[{"id":0,"name":"string"}],"status":"available"},{"id":9222968140497180594,"category":{"id":0,"name":"string"},"name":"doggie","photoUrls":["string"],"tags":[{"id":0,"name":"string"}],"status":"available"},{"id":9222968140497180595,"category":{"id":0,"name":"string"},"name":"fish","photoUrls":["string"],"tags":[{"id":0,"name":"string"}],"status":"available"},{"id":9222968140497180599,"category":{"id":0,"name":"string"},"name":"fish","photoUrls":["string"],"tags":[{"id":0,"name":"string"}],"status":"available"},{"id":9222968140497180600,"category":{"id":0,"name":"string"},"name":"doggie","photoUrls":["string"],"tags":[{"id":0,"name":"string"}],"status":"available"},{"id":9222968140497180601,"category":{"id":0,"name":"string"},"name":"fish","photoUrls":["string"],"tags":[{"id":0,"name":"string"}],"status":"available"},{"id":9222968140497180602,"category":{"id":0,"name":"string"},"name":"fish","photoUrls":["string"],"tags":[{"id":0,"name":"string"}],"status":"available"},{"id":9222968140497180604,"category":{"id":0,"name":"string"},"name":"fish","photoUrls":["string"],"tags":[{"id":0,"name":"string"}],"status":"available"},{"id":9222968140497180605,"category":{"id":0,"name":"string"},"name":"doggie","photoUrls":["string"],"tags":[{"id":0,"name":"string"}],"status":"available"},{"id":9222968140497180606,"category":{"id":0,"name":"string"},"name":"doggie","photoUrls":["string"],"tags":[{"id":0,"name":"string"}],"status":"available"},{"id":9222968140497180607,"category":{"id":0,"name":"string"},"name":"doggie","photoUrls":["string"],"tags":[{"id":0,"name":"string"}],"status":"available"},{"id":9222968140497180608,"category":{"id":0,"name":"string"},"name":"doggie","photoUrls":["string"],"tags":[{"id":0,"name":"string"}],"status":"available"},{"id":9222968140497180609,"category":{"id":0,"name":"string"},"name":"doggie","photoUrls":["string"],"tags":[{"id":0,"name":"string"}],"status":"available"},{"id":9222968140497180610,"category":{"id":0,"name":"string"},"name":"doggie","photoUrls":["string"],"tags":[{"id":0,"name":"string"}],"status":"available"},{"id":9222968140497180611,"category":{"id":0,"name":"string"},"name":"doggie","photoUrls":["string"],"tags":[{"id":0,"name":"string"}],"status":"available"},{"id":9222968140497180612,"category":{"id":0,"name":"string"},"name":"doggie","photoUrls":["string"],"tags":[{"id":0,"name":"string"}],"status":"available"},{"id":9222968140497180613,"category":{"id":0,"name":"string"},"name":"doggie","photoUrls":["string"],"tags":[{"id":0,"name":"string"}],"status":"available"},{"id":9222968140497180614,"category":{"id":0,"name":"string"},"name":"doggie","photoUrls":["string"],"tags":[{"id":0,"name":"string"}],"status":"available"},{"id":9222968140497180615,"category":{"id":0,"name":"string"},"name":"doggie","photoUrls":["string"],"tags":[{"id":0,"name":"string"}],"status":"available"},{"id":9222968140497180616,"category":{"id":0,"name":"string"},"name":"doggie","photoUrls":["string"],"tags":[{"id":0,"name":"string"}],"status":"available"},{"id":9222968140497180617,"category":{"id":0,"name":"string"},"name":"doggie","photoUrls":["string"],"tags":[{"id":0,"name":"string"}],"status":"available"},{"id":9222968140497180618,"category":{"id":0,"name":"string"},"name":"doggie","photoUrls":["string"],"tags":[{"id":0,"name":"string"}],"status":"available"},{"id":9222968140497180619,"category":{"id":0,"name":"string"},"name":"doggie","photoUrls":["string"],"tags":[{"id":0,"name":"string"}],"status":"available"},{"id":9222968140497180620,"category":{"id":0,"name":"string"},"name":"doggie","photoUrls":["string"],"tags":[{"id":0,"name":"string"}],"status":"available"},{"id":9222968140497180621,"category":{"id":0,"name":"string"},"name":"doggie","photoUrls":["string"],"tags":[{"id":0,"name":"string"}],"status":"available"},{"id":9222968140497180622,"category":{"id":0,"name":"string"},"name":"doggie","photoUrls":["string"],"tags":[{"id":0,"name":"string"}],"status":"available"},{"id":9222968140497180623,"category":{"id":0,"name":"string"},"name":"doggie","photoUrls":["string"],"tags":[{"id":0,"name":"string"}],"status":"available"},{"id":9222968140497180624,"category":{"id":0,"name":"string"},"name":"doggie","photoUrls":["string"],"tags":[{"id":0,"name":"string"}],"status":"available"},{"id":9222968140497180625,"category":{"id":0,"name":"string"},"name":"doggie","photoUrls":["string"],"tags":[{"id":0,"name":"string"}],"status":"available"},{"id":9222968140497180626,"category":{"id":0,"name":"string"},"name":"fish","photoUrls":["string"],"tags":[{"id":0,"name":"string"}],"status":"available"},{"id":9222968140497180627,"category":{"id":0,"name":"string"},"name":"fish","photoUrls":["string"],"tags":[{"id":0,"name":"string"}],"status":"available"},{"id":9222968140497180629,"category":{"id":0,"name":"string"},"name":"doggie","photoUrls":["string"],"tags":[{"id":0,"name":"string"}],"status":"available"},{"id":9222968140497180631,"category":{"id":0,"name":"string"},"name":"fish","photoUrls":["string"],"tags":[{"id":0,"name":"string"}],"status":"available"},{"id":9222968140497180641,"category":{"id":0,"name":"string"},"name":"doggie","photoUrls":["string"],"tags":[{"id":0,"name":"string"}],"status":"available"},{"id":9222968140497180642,"category":{"id":0,"name":"string"},"name":"doggie","photoUrls":["string"],"tags":[{"id":0,"name":"string"}],"status":"available"},{"id":9222968140497180647,"category":{"id":0,"name":"string"},"name":"fish","photoUrls":["string"],"tags":[{"id":0,"name":"string"}],"status":"available"},{"id":9222968140497180648,"category":{"id":0,"name":"string"},"name":"fish","photoUrls":["string"],"tags":[{"id":0,"name":"string"}],"status":"available"},{"id":9222968140497180649,"category":{"id":0,"name":"string"},"name":"doggie","photoUrls":["string"],"tags":[{"id":0,"name":"string"}],"status":"available"},{"id":9222968140497180650,"category":{"id":0,"name":"string"},"name":"doggie","photoUrls":["string"],"tags":[{"id":0,"name":"string"}],"status":"available"},{"id":9222968140497180651,"category":{"id":0,"name":"string"},"name":"doggie","photoUrls":["string"],"tags":[{"id":0,"name":"string"}],"status":"available"},{"id":9222968140497180690,"category":{"id":0,"name":"puppy"},"name":"doggie","photoUrls":["string"],"tags":[{"id":0,"name":"Charlie"}],"status":"available"},{"id":9222968140497180691,"name":"siyaan","photoUrls":[],"tags":[],"status":"available"},{"id":9222968140497180692,"category":{"id":0,"name":"string"},"name":"doggie","photoUrls":["string"],"tags":[{"id":0,"name":"string"}],"status":"available"},{"id":9222968140497180693,"category":{"id":0,"name":"string"},"name":"doggie","photoUrls":["string"],"tags":[{"id":0,"name":"string"}],"status":"available"},{"id":9222968140497180694,"category":{"id":0,"name":"string"},"name":"doggie","photoUrls":["string"],"tags":[{"id":0,"name":"string"}],"status":"available"},{"id":9222968140497180695,"category":{"id":0,"name":"string"},"name":"doggie","photoUrls":["string"],"tags":[{"id":0,"name":"string"}],"status":"available"},{"id":9222968140497180696,"category":{"id":0,"name":"string"},"name":"doggie","photoUrls":["string"],"tags":[{"id":0,"name":"string"}],"status":"available"},{"id":9222968140497180697,"category":{"id":0,"name":"string"},"name":"doggie","photoUrls":["string"],"tags":[{"id":0,"name":"string"}],"status":"available"},{"id":9222968140497180698,"category":{"id":0,"name":"string"},"name":"fish","photoUrls":["string"],"tags":[{"id":0,"name":"string"}],"status":"available"},{"id":9222968140497180699,"category":{"id":0,"name":"string"},"name":"fish","photoUrls":["string"],"tags":[{"id":0,"name":"string"}],"status":"available"},{"id":9222968140497180700,"category":{"id":0,"name":"string"},"name":"doggie","photoUrls":["string"],"tags":[{"id":0,"name":"string"}],"status":"available"},{"id":9222968140497180701,"category":{"id":0,"name":"string"},"name":"doggie","photoUrls":["string"],"tags":[{"id":0,"name":"string"}],"status":"available"},{"id":9222968140497180702,"category":{"id":0,"name":"string"},"name":"doggie","photoUrls":["string"],"tags":[{"id":0,"name":"string"}],"status":"available"},{"id":9222968140497180703,"category":{"id":0,"name":"string"},"name":"doggie","photoUrls":["string"],"tags":[{"id":0,"name":"string"}],"status":"available"},{"id":9222968140497180704,"category":{"id":0,"name":"string"},"name":"doggie","photoUrls":["string"],"tags":[{"id":0,"name":"string"}],"status":"available"},{"id":9222968140497180705,"category":{"id":0,"name":"string"},"name":"doggie","photoUrls":["string"],"tags":[{"id":0,"name":"string"}],"status":"available"},{"id":9222968140497180706,"category":{"id":0,"name":"string"},"name":"fish","photoUrls":["string"],"tags":[{"id":0,"name":"string"}],"status":"available"},{"id":9222968140497180707,"category":{"id":0,"name":"string"},"name":"doggie","photoUrls":["string"],"tags":[{"id":0,"name":"string"}],"status":"available"},{"id":9222968140497180708,"category":{"id":0,"name":"string"},"name":"doggie","photoUrls":["string"],"tags":[{"id":0,"name":"string"}],"status":"available"},{"id":9222968140497180709,"category":{"id":0,"name":"string"},"name":"doggie","photoUrls":["string"],"tags":[{"id":0,"name":"string"}],"status":"available"},{"id":9222968140497180710,"category":{"id":0,"name":"string"},"name":"doggie","photoUrls":["string"],"tags":[{"id":0,"name":"string"}],"status":"available"},{"id":9222968140497180711,"category":{"id":0,"name":"string"},"name":"doggie","photoUrls":["string"],"tags":[{"id":0,"name":"string"}],"status":"available"},{"id":9222968140497180712,"category":{"id":0,"name":"string"},"name":"doggie","photoUrls":["string"],"tags":[{"id":0,"name":"string"}],"status":"available"},{"id":9222968140497180713,"category":{"id":0,"name":"string"},"name":"fish","photoUrls":["string"],"tags":[{"id":0,"name":"string"}],"status":"available"},{"id":9222968140497180714,"category":{"id":0,"name":"string"},"name":"doggie","photoUrls":["string"],"tags":[{"id":0,"name":"string"}],"status":"available"},{"id":1245,"category":{"id":1245,"name":"xyz"},"name":"xyz","photoUrls":["test"],"tags":[],"status":"available"},{"id":9222968140497180722,"category":{"id":0,"name":"string"},"name":"doggie","photoUrls":["string"],"tags":[{"id":0,"name":"string"}],"status":"available"},{"id":9222968140497180727,"category":{"id":0,"name":"string"},"name":"fish","photoUrls":["string"],"tags":[{"id":0,"name":"string"}],"status":"available"},{"id":9222968140497180733,"category":{"id":0,"name":"string"},"name":"fish","photoUrls":["string"],"tags":[{"id":0,"name":"string"}],"status":"available"},{"id":1001,"category":{"id":101,"name":"bullseye"},"name":"doggie","photoUrls":["string"],"tags":[{"id":0,"name":"string"}],"status":"available"},{"id":9222968140497180736,"category":{"id":0,"name":"string"},"name":"doggie","photoUrls":["string"],"tags":[{"id":0,"name":"string"}],"status":"available"},{"id":9222968140497180737,"category":{"id":0,"name":"string"},"name":"fish","photoUrls":["string"],"tags":[{"id":0,"name":"string"}],"status":"available"},{"id":9222968140497180738,"category":{"id":0,"name":"string"},"name":"fish","photoUrls":["string"],"tags":[{"id":0,"name":"string"}],"status":"available"},{"id":9222968140497180744,"category":{"id":0,"name":"string"},"name":"fish","photoUrls":["string"],"tags":[{"id":0,"name":"string"}],"status":"available"},{"id":9222968140497180745,"category":{"id":0,"name":"string"},"name":"fish","photoUrls":["string"],"tags":[{"id":0,"name":"string"}],"status":"available"},{"id":9222968140497180747,"category":{"id":0,"name":"string"},"name":"doggie","photoUrls":["string"],"tags":[{"id":0,"name":"string"}],"status":"available"},{"id":9222968140497180748,"category":{"id":0,"name":"string"},"name":"doggie","photoUrls":["string"],"tags":[{"id":0,"name":"string"}],"status":"available"},{"id":9222968140497180749,"category":{"id":0,"name":"string"},"name":"doggie","photoUrls":["string"],"tags":[{"id":0,"name":"string"}],"status":"available"},{"id":9222968140497180750,"category":{"id":0,"name":"string"},"name":"doggie","photoUrls":["string"],"tags":[{"id":0,"name":"string"}],"status":"available"},{"id":9222968140497180751,"category":{"id":0,"name":"string"},"name":"doggie","photoUrls":["string"],"tags":[{"id":0,"name":"string"}],"status":"available"},{"id":9222968140497180752,"category":{"id":0,"name":"string"},"name":"doggie","photoUrls":["string"],"tags":[{"id":0,"name":"string"}],"status":"available"},{"id":9222968140497180753,"category":{"id":0,"name":"string"},"name":"doggie","photoUrls":["string"],"tags":[{"id":0,"name":"string"}],"status":"available"},{"id":9222968140497180754,"category":{"id":0,"name":"string"},"name":"doggie","photoUrls":["string"],"tags":[{"id":0,"name":"string"}],"status":"available"},{"id":9222968140497180755,"category":{"id":0,"name":"string"},"name":"doggie","photoUrls":["string"],"tags":[{"id":0,"name":"string"}],"status":"available"},{"id":9222968140497180756,"category":{"id":0,"name":"string"},"name":"doggie","photoUrls":["string"],"tags":[{"id":0,"name":"string"}],"status":"available"},{"id":9222968140497180757,"category":{"id":0,"name":"string"},"name":"doggie","photoUrls":["string"],"tags":[{"id":0,"name":"string"}],"status":"available"},{"id":9222968140497180758,"category":{"id":0,"name":"string"},"name":"doggie","photoUrls":["string"],"tags":[{"id":0,"name":"string"}],"status":"available"},{"id":9222968140497180759,"category":{"id":0,"name":"string"},"name":"fish","photoUrls":["string"],"tags":[{"id":0,"name":"string"}],"status":"available"},{"id":9222968140497180760,"category":{"id":0,"name":"string"},"name":"doggie","photoUrls":["string"],"tags":[{"id":0,"name":"string"}],"status":"available"},{"id":9222968140497180761,"category":{"id":0,"name":"string"},"name":"doggie","photoUrls":["string"],"tags":[{"id":0,"name":"string"}],"status":"available"},{"id":9222968140497180762,"category":{"id":0,"name":"string"},"name":"doggie","photoUrls":["string"],"tags":[{"id":0,"name":"string"}],"status":"available"},{"id":9222968140497180763,"category":{"id":0,"name":"string"},"name":"doggie","photoUrls":["string"],"tags":[{"id":0,"name":"string"}],"status":"available"},{"id":9222968140497180764,"category":{"id":0,"name":"string"},"name":"doggie","photoUrls":["string"],"tags":[{"id":0,"name":"string"}],"status":"available"},{"id":9222968140497180765,"category":{"id":0,"name":"string"},"name":"doggie","photoUrls":["string"],"tags":[{"id":0,"name":"string"}],"status":"available"},{"id":9222968140497180766,"category":{"id":0,"name":"cats"},"name":"kitty","photoUrls":["string"],"tags":[{"id":0,"name":"pretty"}],"status":"available"},{"id":9222968140497180767,"category":{"id":0,"name":"string"},"name":"fish","photoUrls":["string"],"tags":[{"id":0,"name":"string"}],"status":"available"},{"id":9222968140497180778,"category":{"id":0,"name":"string"},"name":"doggie","photoUrls":["string"],"tags":[{"id":0,"name":"string"}],"status":"available"},{"id":9222968140497180779,"category":{"id":0,"name":"string"},"name":"Doggie","photoUrls":["string"],"tags":[{"id":0,"name":"string"}],"status":"available"},{"id":9222968140497180780,"category":{"id":0,"name":"string"},"name":"fish","photoUrls":["string"],"tags":[{"id":0,"name":"string"}],"status":"available"},{"id":9222968140497180783,"category":{"id":0,"name":"string"},"name":"fish","photoUrls":["string"],"tags":[{"id":0,"name":"string"}],"status":"available"},{"id":9222968140497180784,"category":{"id":0,"name":"string"},"name":"fish","photoUrls":["string"],"tags":[{"id":0,"name":"string"}],"status":"available"},{"id":9222968140497180785,"category":{"id":0,"name":"Jerry"},"name":"Mouse","photoUrls":["string"],"tags":[{"id":0,"name":"Mouse"}],"status":"available"},{"id":9222968140497180789,"category":{"id":0,"name":"string"},"name":"doggie","photoUrls":["string"],"tags":[{"id":0,"name":"string"}],"status":"available"},{"id":9222968140497180790,"category":{"id":0,"name":"string"},"name":"doggie","photoUrls":["string"],"tags":[{"id":0,"name":"string"}],"status":"available"},{"id":9222968140497180791,"category":{"id":0,"name":"string"},"name":"doggie","photoUrls":["string"],"tags":[{"id":0,"name":"string"}],"status":"available"},{"id":9222968140497180792,"category":{"id":0,"name":"string"},"name":"doggie","photoUrls":["string"],"tags":[{"id":0,"name":"string"}],"status":"available"},{"id":9222968140497180793,"category":{"id":0,"name":"string"},"name":"doggie","photoUrls":["string"],"tags":[{"id":0,"name":"string"}],"status":"available"},{"id":9222968140497180794,"category":{"id":0,"name":"string"},"name":"doggie","photoUrls":["string"],"tags":[{"id":0,"name":"string"}],"status":"available"},{"id":9222968140497180795,"category":{"id":0,"name":"string"},"name":"doggie","photoUrls":["string"],"tags":[{"id":0,"name":"string"}],"status":"available"},{"id":9222968140497180796,"category":{"id":0,"name":"string"},"name":"doggie","photoUrls":["string"],"tags":[{"id":0,"name":"string"}],"status":"available"},{"id":9222968140497180797,"category":{"id":0,"name":"string"},"name":"doggie","photoUrls":["string"],"tags":[{"id":0,"name":"string"}],"status":"available"},{"id":9222968140497180798,"category":{"id":0,"name":"string"},"name":"doggie","photoUrls":["string"],"tags":[{"id":0,"name":"string"}],"status":"available"},{"id":9222968140497180799,"category":{"id":0,"name":"string"},"name":"doggie","photoUrls":["string"],"tags":[{"id":0,"name":"string"}],"status":"available"},{"id":9222968140497180800,"category":{"id":0,"name":"string"},"name":"doggie","photoUrls":["string"],"tags":[{"id":0,"name":"string"}],"status":"available"},{"id":9222968140497180801,"category":{"id":0,"name":"string"},"name":"doggie","photoUrls":["string"],"tags":[{"id":0,"name":"string"}],"status":"available"},{"id":9222968140497180802,"category":{"id":0,"name":"string"},"name":"doggie","photoUrls":["string"],"tags":[{"id":0,"name":"string"}],"status":"available"},{"id":9222968140497180803,"category":{"id":0,"name":"string"},"name":"doggie","photoUrls":["string"],"tags":[{"id":0,"name":"string"}],"status":"available"},{"id":9222968140497180804,"category":{"id":0,"name":"string"},"name":"doggie","photoUrls":["string"],"tags":[{"id":0,"name":"string"}],"status":"available"},{"id":9222968140497180805,"category":{"id":0,"name":"string"},"name":"doggie","photoUrls":["string"],"tags":[{"id":0,"name":"string"}],"status":"available"},{"id":9222968140497180806,"category":{"id":0,"name":"string"},"name":"doggie","photoUrls":["string"],"tags":[{"id":0,"name":"string"}],"status":"available"},{"id":9222968140497180807,"category":{"id":0,"name":"string"},"name":"fish","photoUrls":["string"],"tags":[{"id":0,"name":"string"}],"status":"available"},{"id":9222968140497180808,"category":{"id":0,"name":"string"},"name":"fish","photoUrls":["string"],"tags":[{"id":0,"name":"string"}],"status":"available"},{"id":9222968140497180817,"category":{"id":123,"name":"string"},"name":"doggie","photoUrls":["string"],"tags":[{"id":123,"name":"string"}],"status":"available"},{"id":9222968140497180818,"category":{"id":123,"name":"string"},"name":"doggie","photoUrls":["string"],"tags":[{"id":123,"name":"string"}],"status":"available"},{"id":9222968140497180819,"category":{"id":0,"name":"string"},"name":"fish","photoUrls":["string"],"tags":[{"id":0,"name":"string"}],"status":"available"},{"id":9222968140497180830,"category":{"id":0,"name":"string"},"name":"doggie","photoUrls":["string"],"tags":[{"id":0,"name":"string"}],"status":"available"},{"id":9222968140497180831,"name":"Kitty","photoUrls":[],"tags":[],"status":"available"},{"id":9222968140497180832,"category":{"id":0,"name":"string"},"name":"fish","photoUrls":["string"],"tags":[{"id":0,"name":"string"}],"status":"available"},{"id":9222968140497180835,"category":{"id":0,"name":"string"},"name":"fish","photoUrls":["string"],"tags":[{"id":0,"name":"string"}],"status":"available"},{"id":9222968140497180840,"category":{"id":0,"name":"string"},"name":"fish","photoUrls":["string"],"tags":[{"id":0,"name":"string"}],"status":"available"},{"id":9222968140497180847,"category":{"id":0,"name":"string"},"name":"fish","photoUrls":["string"],"tags":[{"id":0,"name":"string"}],"status":"available"},{"id":9222968140497180856,"category":{"id":0,"name":"string"},"name":"doggie","photoUrls":["string"],"tags":[{"id":0,"name":"string"}],"status":"available"},{"id":9222968140497180857,"category":{"id":0,"name":"string"},"name":"doggie","photoUrls":["string"],"tags":[{"id":0,"name":"string"}],"status":"available"},{"id":9222968140497180858,"category":{"id":0,"name":"string"},"name":"doggie","photoUrls":["string"],"tags":[{"id":0,"name":"string"}],"status":"available"},{"id":9222968140497180859,"category":{"id":0,"name":"string"},"name":"doggie","photoUrls":["string"],"tags":[{"id":0,"name":"string"}],"status":"available"},{"id":9222968140497180860,"category":{"id":0,"name":"string"},"name":"doggie","photoUrls":["string"],"tags":[{"id":0,"name":"string"}],"status":"available"},{"id":9222968140497180861,"category":{"id":0,"name":"string"},"name":"doggie","photoUrls":["string"],"tags":[{"id":0,"name":"string"}],"status":"available"},{"id":9222968140497180862,"category":{"id":0,"name":"string"},"name":"doggie","photoUrls":["string"],"tags":[{"id":0,"name":"string"}],"status":"available"},{"id":9222968140497180863,"category":{"id":0,"name":"string"},"name":"doggie","photoUrls":["string"],"tags":[{"id":0,"name":"string"}],"status":"available"},{"id":9222968140497180864,"category":{"id":0,"name":"string"},"name":"doggie","photoUrls":["string"],"tags":[{"id":0,"name":"string"}],"status":"available"},{"id":9222968140497180865,"category":{"id":0,"name":"string"},"name":"doggie","photoUrls":["string"],"tags":[{"id":0,"name":"string"}],"status":"available"},{"id":9222968140497180866,"category":{"id":0,"name":"string"},"name":"doggie","photoUrls":["string"],"tags":[{"id":0,"name":"string"}],"status":"available"},{"id":9222968140497180867,"category":{"id":0,"name":"string"},"name":"doggie","photoUrls":["string"],"tags":[{"id":0,"name":"string"}],"status":"available"},{"id":9222968140497180868,"category":{"id":0,"name":"string"},"name":"doggie","photoUrls":["string"],"tags":[{"id":0,"name":"string"}],"status":"available"},{"id":9222968140497180869,"category":{"id":0,"name":"string"},"name":"fish","photoUrls":["string"],"tags":[{"id":0,"name":"string"}],"status":"available"},{"id":9222968140497180870,"category":{"id":0,"name":"string"},"name":"doggie","photoUrls":["string"],"tags":[{"id":0,"name":"string"}],"status":"available"},{"id":9222968140497180871,"category":{"id":0,"name":"string"},"name":"doggie","photoUrls":["string"],"tags":[{"id":0,"name":"string"}],"status":"available"},{"id":9222968140497180872,"category":{"id":0,"name":"string"},"name":"doggie","photoUrls":["string"],"tags":[{"id":0,"name":"string"}],"status":"available"},{"id":9222968140497180873,"category":{"id":0,"name":"string"},"name":"doggie","photoUrls":["string"],"tags":[{"id":0,"name":"string"}],"status":"available"},{"id":9222968140497180874,"category":{"id":0,"name":"string"},"name":"doggie","photoUrls":["string"],"tags":[{"id":0,"name":"string"}],"status":"available"},{"id":9222968140497180875,"category":{"id":0,"name":"string"},"name":"doggie","photoUrls":["string"],"tags":[{"id":0,"name":"string"}],"status":"available"},{"id":9222968140497180876,"category":{"id":0,"name":"string"},"name":"fish","photoUrls":["string"],"tags":[{"id":0,"name":"string"}],"status":"available"},{"id":9222968140497180888,"category":{"id":0,"name":"string"},"name":"fish","photoUrls":["string"],"tags":[{"id":0,"name":"string"}],"status":"available"},{"id":9222968140497180889,"category":{"id":0,"name":"string"},"name":"fish","photoUrls":["string"],"tags":[{"id":0,"name":"string"}],"status":"available"},{"id":9222968140497180890,"category":{"id":0,"name":"string"},"name":"fish","photoUrls":["string"],"tags":[{"id":0,"name":"string"}],"status":"available"},{"id":9222968140497180891,"category":{"id":0,"name":"string"},"name":"fish","photoUrls":["string"],"tags":[{"id":0,"name":"string"}],"status":"available"},{"id":9222968140497180897,"category":{"id":0,"name":"string"},"name":"fish","photoUrls":["string"],"tags":[{"id":0,"name":"string"}],"status":"available"},{"id":9222968140497180898,"category":{"id":0,"name":"string"},"name":"fish","photoUrls":["string"],"tags":[{"id":0,"name":"string"}],"status":"available"},{"id":9222968140497180899,"category":{"id":0,"name":"string"},"name":"doggie","photoUrls":["string"],"tags":[{"id":0,"name":"string"}],"status":"available"},{"id":9222968140497180900,"category":{"id":0,"name":"string"},"name":"doggie","photoUrls":["string"],"tags":[{"id":0,"name":"string"}],"status":"available"},{"id":9222968140497180901,"category":{"id":0,"name":"string"},"name":"doggie","photoUrls":["string"],"tags":[{"id":0,"name":"string"}],"status":"available"},{"id":9222968140497180902,"category":{"id":0,"name":"string"},"name":"doggie","photoUrls":["string"],"tags":[{"id":0,"name":"string"}],"status":"available"},{"id":9222968140497180903,"category":{"id":0,"name":"string"},"name":"doggie","photoUrls":["string"],"tags":[{"id":0,"name":"string"}],"status":"available"},{"id":9222968140497180904,"category":{"id":0,"name":"string"},"name":"doggie","photoUrls":["string"],"tags":[{"id":0,"name":"string"}],"status":"available"},{"id":9222968140497180907,"category":{"id":0,"name":"string"},"name":"doggie","photoUrls":["string"],"tags":[{"id":0,"name":"string"}],"status":"available"},{"id":9222968140497180908,"category":{"id":0,"name":"string"},"name":"doggie","photoUrls":["string"],"tags":[{"id":0,"name":"string"}],"status":"available"},{"id":9222968140497180909,"category":{"id":0,"name":"string"},"name":"doggie","photoUrls":["string"],"tags":[{"id":0,"name":"string"}],"status":"available"},{"id":9222968140497180910,"category":{"id":0,"name":"string"},"name":"doggie","photoUrls":["string"],"tags":[{"id":0,"name":"string"}],"status":"available"},{"id":9222968140497180911,"category":{"id":0,"name":"string"},"name":"doggie","photoUrls":["string"],"tags":[{"id":0,"name":"string"}],"status":"available"},{"id":9222968140497180912,"category":{"id":0,"name":"string"},"name":"doggie","photoUrls":["string"],"tags":[{"id":0,"name":"string"}],"status":"available"},{"id":9222968140497180913,"category":{"id":0,"name":"string"},"name":"doggie","photoUrls":["string"],"tags":[{"id":0,"name":"string"}],"status":"available"},{"id":9222968140497180914,"category":{"id":0,"name":"string"},"name":"doggie","photoUrls":["string"],"tags":[{"id":0,"name":"string"}],"status":"available"},{"id":9222968140497180915,"category":{"id":0,"name":"string"},"name":"doggie","photoUrls":["string"],"tags":[{"id":0,"name":"string"}],"status":"available"},{"id":9222968140497180916,"category":{"id":0,"name":"string"},"name":"doggie","photoUrls":["string"],"tags":[{"id":0,"name":"string"}],"status":"available"},{"id":9222968140497180917,"category":{"id":0,"name":"string"},"name":"doggie","photoUrls":["string"],"tags":[{"id":0,"name":"string"}],"status":"available"},{"id":9222968140497180918,"category":{"id":0,"name":"string"},"name":"doggie","photoUrls":["string"],"tags":[{"id":0,"name":"string"}],"status":"available"},{"id":9222968140497180919,"category":{"id":0,"name":"string"},"name":"fish","photoUrls":["string"],"tags":[{"id":0,"name":"string"}],"status":"available"},{"id":9222968140497180920,"category":{"id":0,"name":"string"},"name":"fish","photoUrls":["string"],"tags":[{"id":0,"name":"string"}],"status":"available"},{"id":9222968140497180939,"category":{"id":0,"name":"string"},"name":"fish","photoUrls":["string"],"tags":[{"id":0,"name":"string"}],"status":"available"},{"id":9222968140497180941,"category":{"id":0,"name":"string"},"name":"fish","photoUrls":["string"],"tags":[{"id":0,"name":"string"}],"status":"available"},{"id":9222968140497180942,"category":{"id":0,"name":"string"},"name":"fish","photoUrls":["string"],"tags":[{"id":0,"name":"string"}],"status":"available"},{"id":9222968140497180943,"category":{"id":0,"name":"string"},"name":"fish","photoUrls":["string"],"tags":[{"id":0,"name":"string"}],"status":"available"},{"id":9222968140497180944,"category":{"id":0,"name":"string"},"name":"fish","photoUrls":["string"],"tags":[{"id":0,"name":"string"}],"status":"available"},{"id":9222968140497180947,"category":{"id":0,"name":""},"name":"","photoUrls":["string"],"tags":[{"id":4,"name":""}],"status":"available"},{"id":9222968140497180948,"category":{"id":0,"name":""},"name":"","photoUrls":["string"],"tags":[{"id":4,"name":""}],"status":"available"},{"id":9222968140497180949,"category":{"id":0,"name":"helen"},"name":"doggie","photoUrls":["string"],"tags":[{"id":21,"name":"parker"}],"status":"available"},{"id":9222968140497180952,"category":{"id":0,"name":"string"},"name":"doggie","photoUrls":["string"],"tags":[{"id":0,"name":"string"}],"status":"available"},{"id":9222968140497180953,"category":{"id":0,"name":"string"},"name":"doggie","photoUrls":["string"],"tags":[{"id":0,"name":"string"}],"status":"available"},{"id":9222968140497180954,"category":{"id":0,"name":"string"},"name":"doggie","photoUrls":["string"],"tags":[{"id":0,"name":"string"}],"status":"available"},{"id":9222968140497180955,"category":{"id":0,"name":"string"},"name":"doggie","photoUrls":["string"],"tags":[{"id":0,"name":"string"}],"status":"available"},{"id":9222968140497180956,"category":{"id":0,"name":"string"},"name":"doggie","photoUrls":["string"],"tags":[{"id":0,"name":"string"}],"status":"available"},{"id":9222968140497180958,"category":{"id":0,"name":"string"},"name":"doggie","photoUrls":["string"],"tags":[{"id":0,"name":"string"}],"status":"available"},{"id":9222968140497180960,"category":{"id":0,"name":"string"},"name":"doggie","photoUrls":["string"],"tags":[{"id":0,"name":"string"}],"status":"available"},{"id":9222968140497180961,"category":{"id":0,"name":"string"},"name":"doggie","photoUrls":["string"],"tags":[{"id":0,"name":"string"}],"status":"available"},{"id":9222968140497180962,"category":{"id":0,"name":"string"},"name":"doggie","photoUrls":["string"],"tags":[{"id":0,"name":"string"}],"status":"available"},{"id":9222968140497180963,"category":{"id":0,"name":"string"},"name":"doggie","photoUrls":["string"],"tags":[{"id":0,"name":"string"}],"status":"available"},{"id":9222968140497180964,"category":{"id":0,"name":"string"},"name":"doggie","photoUrls":["string"],"tags":[{"id":0,"name":"string"}],"status":"available"},{"id":9222968140497180965,"category":{"id":0,"name":"string"},"name":"doggie","photoUrls":["string"],"tags":[{"id":0,"name":"string"}],"status":"available"},{"id":9222968140497180966,"category":{"id":0,"name":"string"},"name":"fish","photoUrls":["string"],"tags":[{"id":0,"name":"string"}],"status":"available"},{"id":9222968140497180967,"category":{"id":0,"name":"string"},"name":"doggie","photoUrls":["string"],"tags":[{"id":0,"name":"string"}],"status":"available"},{"id":9222968140497180968,"category":{"id":0,"name":"string"},"name":"doggie","photoUrls":["string"],"tags":[{"id":0,"name":"string"}],"status":"available"},{"id":9222968140497180969,"category":{"id":0,"name":"string"},"name":"doggie","photoUrls":["string"],"tags":[{"id":0,"name":"string"}],"status":"available"},{"id":9222968140497180970,"category":{"id":0,"name":"string"},"name":"doggie","photoUrls":["string"],"tags":[{"id":0,"name":"string"}],"status":"available"},{"id":9222968140497180971,"category":{"id":0,"name":"string"},"name":"doggie","photoUrls":["string"],"tags":[{"id":0,"name":"string"}],"status":"available"},{"id":9222968140497180972,"category":{"id":0,"name":"string"},"name":"doggie","photoUrls":["string"],"tags":[{"id":0,"name":"string"}],"status":"available"},{"id":9222968140497180973,"category":{"id":0,"name":"string"},"name":"fish","photoUrls":["string"],"tags":[{"id":0,"name":"string"}],"status":"available"},{"id":9222968140497180988,"category":{"id":0,"name":"string"},"name":"fish","photoUrls":["string"],"tags":[{"id":0,"name":"string"}],"status":"available"},{"id":9222968140491042131,"category":{"id":0,"name":"string"},"name":"doggie","photoUrls":["string"],"tags":[{"id":0,"name":"string"}],"status":"available"},{"id":9222968140497180989,"category":{"id":0,"name":"string"},"name":"fish","photoUrls":["string"],"tags":[{"id":0,"name":"string"}],"status":"available"},{"id":9222968140497180991,"category":{"id":0,"name":"string"},"name":"doggie","photoUrls":["string"],"tags":[{"id":0,"name":"string"}],"status":"available"},{"id":9222968140497180992,"category":{"id":0,"name":"string"},"name":"fish","photoUrls":["string"],"tags":[{"id":0,"name":"string"}],"status":"available"},{"id":9222968140497180993,"category":{"id":0,"name":"string"},"name":"test","photoUrls":["string"],"tags":[{"id":0,"name":"string"}],"status":"available"},{"id":9222968140497180994,"category":{"id":0,"name":"string"},"name":"test","photoUrls":["string"],"tags":[{"id":0,"name":"string"}],"status":"available"},{"id":9222968140497180995,"category":{"id":0,"name":"string"},"name":"test","photoUrls":["string"],"tags":[{"id":0,"name":"string"}],"status":"available"},{"id":9222968140497180996,"category":{"id":0,"name":"string"},"name":"test","photoUrls":["string"],"tags":[{"id":0,"name":"string"}],"status":"available"},{"id":9222968140497180997,"category":{"id":0,"name":"string"},"name":"doggie","photoUrls":["string"],"tags":[{"id":0,"name":"string"}],"status":"available"},{"id":9222968140497180998,"category":{"id":0,"name":"string"},"name":"doggie","photoUrls":["string"],"tags":[{"id":0,"name":"string"}],"status":"available"},{"id":9222968140497180999,"category":{"id":0,"name":"string"},"name":"doggie","photoUrls":["string"],"tags":[{"id":0,"name":"string"}],"status":"available"},{"id":9222968140497181000,"category":{"id":0,"name":"string"},"name":"doggie","photoUrls":["string"],"tags":[{"id":0,"name":"string"}],"status":"available"},{"id":9222968140497181001,"category":{"id":0,"name":"string"},"name":"doggie","photoUrls":["string"],"tags":[{"id":0,"name":"string"}],"status":"available"},{"id":9222968140497181002,"category":{"id":0,"name":"string"},"name":"doggie","photoUrls":["string"],"tags":[{"id":0,"name":"string"}],"status":"available"},{"id":9222968140497181003,"category":{"id":0,"name":"string"},"name":"doggie","photoUrls":["string"],"tags":[{"id":0,"name":"string"}],"status":"available"},{"id":9222968140497181004,"category":{"id":0,"name":"string"},"name":"doggie","photoUrls":["string"],"tags":[{"id":0,"name":"string"}],"status":"available"},{"id":9222968140497181005,"category":{"id":0,"name":"string"},"name":"doggie","photoUrls":["string"],"tags":[{"id":0,"name":"string"}],"status":"available"},{"id":9222968140497181010,"category":{"id":0,"name":"string"},"name":"doggie","photoUrls":["string"],"tags":[{"id":0,"name":"string"}],"status":"available"},{"id":9222968140497181012,"category":{"id":0,"name":"string"},"name":"doggie","photoUrls":["string"],"tags":[{"id":0,"name":"string"}],"status":"available"},{"id":9222968140497181014,"category":{"id":0,"name":"string"},"name":"doggie","photoUrls":["string"],"tags":[{"id":0,"name":"string"}],"status":"available"},{"id":9222968140497181037,"category":{"id":0,"name":"string"},"name":"fish","photoUrls":["string"],"tags":[{"id":0,"name":"string"}],"status":"available"},{"id":9222968140497181038,"category":{"id":0,"name":"string"},"name":"doggie","photoUrls":["string"],"tags":[{"id":0,"name":"string"}],"status":"available"},{"id":9222968140497181039,"category":{"id":0,"name":"string"},"name":"doggie","photoUrls":["string"],"tags":[{"id":0,"name":"string"}],"status":"available"},{"id":9222968140497181040,"category":{"id":0,"name":"string"},"name":"doggie","photoUrls":["string"],"tags":[{"id":0,"name":"string"}],"status":"available"},{"id":9222968140497181041,"category":{"id":0,"name":"string"},"name":"doggie","photoUrls":["string"],"tags":[{"id":0,"name":"string"}],"status":"available"},{"id":9222968140497181042,"category":{"id":0,"name":"string"},"name":"doggie","photoUrls":["string"],"tags":[{"id":0,"name":"string"}],"status":"available"},{"id":9222968140497181043,"category":{"id":0,"name":"string"},"name":"doggie","photoUrls":["string"],"tags":[{"id":0,"name":"string"}],"status":"available"},{"id":9222968140497181044,"category":{"id":0,"name":"string"},"name":"fish","photoUrls":["string"],"tags":[{"id":0,"name":"string"}],"status":"available"},{"id":9222968140497181045,"category":{"id":0,"name":"string"},"name":"fish","photoUrls":["string"],"tags":[{"id":0,"name":"string"}],"status":"available"},{"id":9222968140497181046,"category":{"id":0,"name":"string"},"name":"fish","photoUrls":["string"],"tags":[{"id":0,"name":"string"}],"status":"available"},{"id":9222968140497181052,"name":"Bobby McGeee","photoUrls":[],"tags":[],"status":"available"},{"id":9222968140497181053,"name":"Kitty McGee","photoUrls":[],"tags":[],"status":"available"},{"id":9222968140497181056,"name":"Kitty McGee","photoUrls":[],"tags":[],"status":"available"},{"id":702,"category":{"id":11,"name":"category string"},"name":"doggie","photoUrls":["https://www.google.com/images/branding/googlelogo/2x/googlelogo_light_color_272x92dp.png"],"tags":[{"id":11,"name":"tags string"}],"status":"available"},{"id":404,"category":{"id":11,"name":"category string"},"name":"doggie","photoUrls":["https://www.google.com/images/branding/googlelogo/2x/googlelogo_light_color_272x92dp.png"],"tags":[{"id":11,"name":"tags string"}],"status":"available"},{"id":9222968140497181060,"name":"Kitty McGee","photoUrls":[],"tags":[],"status":"available"},{"id":9222968140497181061,"name":"Kitty McGee","photoUrls":[],"tags":[],"status":"available"},{"id":9222968140497181063,"name":"Kitty McGee","photoUrls":[],"tags":[],"status":"available"},{"id":118,"category":{"id":11,"name":"category string"},"name":"doggie","photoUrls":["https://www.google.com/images/branding/googlelogo/2x/googlelogo_light_color_272x92dp.png"],"tags":[{"id":11,"name":"tags string"}],"status":"available"},{"id":787,"category":{"id":11,"name":"category string"},"name":"kambing","photoUrls":["https://www.google.com/images/branding/googlelogo/2x/googlelogo_light_color_272x92dp.png"],"tags":[{"id":11,"name":"tags string"}],"status":"available"},{"id":9222968140497181068,"category":{"id":0,"name":"string"},"name":"doggie","photoUrls":["string"],"tags":[{"id":0,"name":"string"}],"status":"available"},{"id":12,"category":{"id":1,"name":"string"},"name":"doggie","photoUrls":["string"],"tags":[{"id":1,"name":"string"}],"status":"available"},{"id":9222968140497181070,"category":{"id":0,"name":"Dog"},"name":"Bob","photoUrls":["string"],"tags":[{"id":0,"name":"doggy"}],"status":"available"},{"id":9222968140497181071,"category":{"id":0,"name":"string"},"name":"fish","photoUrls":["string"],"tags":[{"id":0,"name":"string"}],"status":"available"},{"id":9222968140497181072,"category":{"id":0,"name":"string"},"name":"fish","photoUrls":["string"],"tags":[{"id":0,"name":"string"}],"status":"available"},{"id":9222968140497181076,"category":{"id":0,"name":"string"},"name":"fish","photoUrls":["string"],"tags":[{"id":0,"name":"string"}],"status":"available"},{"id":9222968140497181077,"category":{"id":0,"name":"creta"},"name":"doggie","photoUrls":["string"],"tags":[{"id":0,"name":"string"}],"status":"available"},{"id":9222968140497181078,"name":"Bobby McGeee","photoUrls":[],"tags":[],"status":"available"},{"id":9222968140497181079,"name":"Kitty McGee","photoUrls":[],"tags":[],"status":"available"},{"id":9222968140497181081,"name":"Kitty McGee","photoUrls":[],"tags":[],"status":"available"},{"id":9222968140497181083,"name":"Kitty McGee","photoUrls":[],"tags":[],"status":"available"},{"id":9222968140497181084,"name":"Kitty McGee","photoUrls":[],"tags":[],"status":"available"},{"id":9222968140497181086,"name":"Kitty McGee","photoUrls":[],"tags":[],"status":"available"},{"id":9222968140497181088,"category":{"id":0,"name":"string"},"name":"doggie","photoUrls":["string"],"tags":[{"id":0,"name":"string"}],"status":"available"},{"id":9222968140497181091,"category":{"id":0,"name":"string"},"name":"doggie","photoUrls":["string"],"tags":[{"id":0,"name":"string"}],"status":"available"},{"id":9222968140497181092,"category":{"id":0,"name":"string"},"name":"doggie","photoUrls":["string"],"tags":[{"id":0,"name":"string"}],"status":"available"},{"id":9222968140497181093,"category":{"id":0,"name":"string"},"name":"doggie","photoUrls":["string"],"tags":[{"id":0,"name":"string"}],"status":"available"},{"id":9222968140497181094,"category":{"id":0,"name":"string"},"name":"doggie","photoUrls":["string"],"tags":[{"id":0,"name":"string"}],"status":"available"},{"id":9222968140497181095,"category":{"id":0,"name":"string"},"name":"doggie","photoUrls":["string"],"tags":[{"id":0,"name":"string"}],"status":"available"},{"id":9222968140497181096,"category":{"id":0,"name":"string"},"name":"doggie","photoUrls":["string"],"tags":[{"id":0,"name":"string"}],"status":"available"},{"id":9222968140497181097,"category":{"id":0,"name":"string"},"name":"doggie","photoUrls":["string"],"tags":[{"id":0,"name":"string"}],"status":"available"},{"id":9222968140497181098,"category":{"id":0,"name":"string"},"name":"doggie","photoUrls":["string"],"tags":[{"id":0,"name":"string"}],"status":"available"},{"id":9222968140497181099,"category":{"id":0,"name":"string"},"name":"doggie","photoUrls":["string"],"tags":[{"id":0,"name":"string"}],"status":"available"},{"id":9222968140497181100,"category":{"id":0,"name":"string"},"name":"doggie","photoUrls":["string"],"tags":[{"id":0,"name":"string"}],"status":"available"},{"id":9222968140497181101,"category":{"id":0,"name":"string"},"name":"doggie","photoUrls":["string"],"tags":[{"id":0,"name":"string"}],"status":"available"},{"id":9222968140497181102,"category":{"id":0,"name":"string"},"name":"doggie","photoUrls":["string"],"tags":[{"id":0,"name":"string"}],"status":"available"},{"id":9222968140497181103,"category":{"id":0,"name":"string"},"name":"doggie","photoUrls":["string"],"tags":[{"id":0,"name":"string"}],"status":"available"},{"id":9222968140497181104,"category":{"id":0,"name":"string"},"name":"doggie","photoUrls":["string"],"tags":[{"id":0,"name":"string"}],"status":"available"},{"id":9222968140497181105,"category":{"id":0,"name":"string"},"name":"doggie","photoUrls":["string"],"tags":[{"id":0,"name":"string"}],"status":"available"},{"id":9222968140497181106,"category":{"id":0,"name":"string"},"name":"doggie","photoUrls":["string"],"tags":[{"id":0,"name":"string"}],"status":"available"},{"id":9222968140497181107,"category":{"id":0,"name":"string"},"name":"doggie","photoUrls":["string"],"tags":[{"id":0,"name":"string"}],"status":"available"},{"id":9222968140497181108,"category":{"id":0,"name":"string"},"name":"doggie","photoUrls":["string"],"tags":[{"id":0,"name":"string"}],"status":"available"},{"id":9222968140497181109,"category":{"id":0,"name":"string"},"name":"fish","photoUrls":["string"],"tags":[{"id":0,"name":"string"}],"status":"available"},{"id":9222968140497181110,"category":{"id":0,"name":"string"},"name":"fish","photoUrls":["string"],"tags":[{"id":0,"name":"string"}],"status":"available"},{"id":3,"category":{"id":31,"name":"animal"},"name":"fish","photoUrls":["string"],"tags":[{"id":31,"name":"nemo fish"}],"status":"available"},{"id":9222968140497181111,"category":{"id":0,"name":"string"},"name":"fish","photoUrls":["string"],"tags":[{"id":0,"name":"string"}],"status":"available"},{"id":9222968140497181112,"category":{"id":0,"name":"string"},"name":"fish","photoUrls":["string"],"tags":[{"id":0,"name":"string"}],"status":"available"},{"id":9222968140497181113,"category":{"id":0,"name":"string"},"name":"fish","photoUrls":["string"],"tags":[{"id":0,"name":"string"}],"status":"available"},{"id":9222968140497181118,"category":{"id":0,"name":"string"},"name":"doggie","photoUrls":["string"],"tags":[{"id":0,"name":"string"}],"status":"available"},{"id":1501,"name":"Tommy","photoUrls":[],"tags":[],"status":"available"},{"id":9222968140497181127,"category":{"id":0,"name":"string"},"name":"doggie","photoUrls":["string"],"tags":[{"id":0,"name":"string"}],"status":"available"},{"id":9222968140497181128,"category":{"id":0,"name":"string"},"name":"fish","photoUrls":["string"],"tags":[{"id":0,"name":"string"}],"status":"available"},{"id":9222968140497181131,"category":{"id":0,"name":"string"},"name":"fish","photoUrls":["string"],"tags":[{"id":0,"name":"string"}],"status":"available"},{"id":9222968140497181143,"category":{"id":0,"name":"My third test cat"},"name":"Bully","photoUrls":["https://upload.wikimedia.org/wikipedia/commons/6/6b/George_Earl_-_Michael_The_Archangel_1870.jpg"],"tags":[{"id":0,"name":"string"}],"status":"available"},{"id":9222968140497181144,"category":{"id":-3647201,"name":"aliqua dolore"},"name":"doggie","photoUrls":["commodo id Lorem dolor","laborum anim non sunt"],"tags":[{"id":-70487179,"name":"magna non"},{"id":-97224183,"name":"aliquip enim"}],"status":"available"},{"id":9222968140497181145,"category":{"id":-22028245,"name":"ad labore sunt"},"name":"doggie","photoUrls":["commodo aute veniam","tempor"],"tags":[{"id":47985645,"name":"quis consequat exercitation"},{"id":84422713,"name":"fugiat id"}],"status":"available"},{"id":9222968140497181146,"category":{"id":0,"name":"string"},"name":"doggie","photoUrls":["string"],"tags":[{"id":0,"name":"string"}],"status":"available"},{"id":9222968140497181147,"category":{"id":0,"name":"string"},"name":"doggie","photoUrls":["string"],"tags":[{"id":0,"name":"string"}],"status":"available"},{"id":9222968140497181148,"category":{"id":0,"name":"string"},"name":"doggie","photoUrls":["string"],"tags":[{"id":0,"name":"string"}],"status":"available"},{"id":9222968140497181149,"category":{"id":0,"name":"string"},"name":"doggie","photoUrls":["string"],"tags":[{"id":0,"name":"string"}],"status":"available"},{"id":9222968140497181150,"category":{"id":0,"name":"string"},"name":"doggie","photoUrls":["string"],"tags":[{"id":0,"name":"string"}],"status":"available"},{"id":9222968140497181151,"category":{"id":0,"name":"string"},"name":"doggie","photoUrls":["string"],"tags":[{"id":0,"name":"string"}],"status":"available"},{"id":9222968140497181152,"category":{"id":0,"name":"string"},"name":"doggie","photoUrls":["string"],"tags":[{"id":0,"name":"string"}],"status":"available"},{"id":9222968140497181153,"category":{"id":0,"name":"string"},"name":"doggie","photoUrls":["string"],"tags":[{"id":0,"name":"string"}],"status":"available"},{"id":9222968140497181154,"category":{"id":0,"name":"string"},"name":"doggie","photoUrls":["string"],"tags":[{"id":0,"name":"string"}],"status":"available"},{"id":9222968140497181155,"category":{"id":0,"name":"string"},"name":"doggie","photoUrls":["string"],"tags":[{"id":0,"name":"string"}],"status":"available"},{"id":9222968140497181156,"category":{"id":0,"name":"string"},"name":"doggie","photoUrls":["string"],"tags":[{"id":0,"name":"string"}],"status":"available"},{"id":9222968140497181157,"category":{"id":0,"name":"string"},"name":"doggie","photoUrls":["string"],"tags":[{"id":0,"name":"string"}],"status":"available"},{"id":9222968140497181158,"category":{"id":0,"name":"string"},"name":"fish","photoUrls":["string"],"tags":[{"id":0,"name":"string"}],"status":"available"},{"id":9222968140497181161,"category":{"id":0,"name":"string"},"name":"doggie","photoUrls":["string"],"tags":[{"id":0,"name":"string"}],"status":"available"},{"id":9222968140497181162,"category":{"id":0,"name":"string"},"name":"doggie","photoUrls":["string"],"tags":[{"id":0,"name":"string"}],"status":"available"},{"id":9222968140497181163,"category":{"id":0,"name":"string"},"name":"doggie","photoUrls":["string"],"tags":[{"id":0,"name":"string"}],"status":"available"},{"id":9222968140497181164,"category":{"id":0,"name":"string"},"name":"doggie","photoUrls":["string"],"tags":[{"id":0,"name":"string"}],"status":"available"},{"id":9222968140497181165,"category":{"id":0,"name":"string"},"name":"doggie","photoUrls":["string"],"tags":[{"id":0,"name":"string"}],"status":"available"},{"id":9222968140497181166,"category":{"id":0,"name":"string"},"name":"doggie","photoUrls":["string"],"tags":[{"id":0,"name":"string"}],"status":"available"},{"id":9222968140497181168,"category":{"id":0,"name":"string"},"name":"fish","photoUrls":["string"],"tags":[{"id":0,"name":"string"}],"status":"available"},{"id":9222968140497181182,"category":{"id":0,"name":"string"},"name":"doggie","photoUrls":["string"],"tags":[{"id":0,"name":"string"}],"status":"available"},{"id":9222968140497181185,"category":{"id":0,"name":"string"},"name":"doggie","photoUrls":["string"],"tags":[{"id":0,"name":"string"}],"status":"available"},{"id":9222968140497181194,"name":"Bobby McGeee","photoUrls":[],"tags":[],"status":"available"},{"id":9222968140497181195,"name":"Kitty McGee","photoUrls":[],"tags":[],"status":"available"},{"id":9222968140497181197,"name":"Kitty McGee","photoUrls":[],"tags":[],"status":"available"},{"id":9222968140497181199,"name":"Kitty McGee","photoUrls":[],"tags":[],"status":"available"},{"id":9222968140497181200,"name":"Kitty McGee","photoUrls":[],"tags":[],"status":"available"},{"id":9222968140497181202,"name":"Kitty McGee","photoUrls":[],"tags":[],"status":"available"},{"id":9222968140497181205,"category":{"id":0,"name":"string"},"name":"fish","photoUrls":["string"],"tags":[{"id":0,"name":"string"}],"status":"available"},{"id":9222968140497181206,"category":{"id":0,"name":"string"},"name":"fish","photoUrls":["string"],"tags":[{"id":0,"name":"string"}],"status":"available"},{"id":1,"category":{"id":1,"name":"cats"},"name":"Tom","photoUrls":["Tom image"],"tags":[{"id":1,"name":"tag # 1"}],"status":"available"},{"id":9222968140497181207,"name":"Bobby McGeee","photoUrls":[],"tags":[],"status":"available"},{"id":222,"category":{"id":1,"name":"New Name"},"name":"doggie","photoUrls":["string"],"tags":[{"id":0,"name":"string"}],"status":"available"}]

---------------------------------------------------------
feature: classpath:examples/petstore/pet/get/getPet.feature
scenarios:  2 | passed:  2 | failed:  0 | time: 1,3359
---------------------------------------------------------

]]></system-out>
  </testcase>
  <testcase name="[1:7] Create a Pet with Name and Status in Request Body" classname="examples/petstore/pet/post/postPet" time="0.45">
    <system-out><![CDATA[09:06:25.775 [main] INFO  com.intuit.karate - karate.env system property was: null 
09:06:25.779 [main] DEBUG com.intuit.karate - request:
1 > POST https://petstore.swagger.io/v2/pet
1 > Content-Type: application/json; charset=UTF-8
1 > Content-Length: 43
1 > Host: petstore.swagger.io
1 > Connection: Keep-Alive
1 > User-Agent: Apache-HttpClient/4.5.13 (Java/11.0.15.1)
1 > Accept-Encoding: gzip,deflate
{"name":"Kitty McGee","status":"available"}

09:06:26.218 [main] DEBUG com.intuit.karate - response time in milliseconds: 439
1 < 200
1 < Date: Thu, 22 Sep 2022 08:06:27 GMT
1 < Content-Type: application/json
1 < Transfer-Encoding: chunked
1 < Connection: keep-alive
1 < Access-Control-Allow-Origin: *
1 < Access-Control-Allow-Methods: GET, POST, DELETE, PUT
1 < Access-Control-Allow-Headers: Content-Type, api_key, Authorization
1 < Server: Jetty(9.2.9.v20150224)
{"id":9222968140497181208,"name":"Kitty McGee","photoUrls":[],"tags":[],"status":"available"}

]]></system-out>
  </testcase>
  <testcase name="[2:21] Create a Pet with Name and Status with Parameters" classname="examples/petstore/pet/post/postPet" time="0.343">
    <system-out><![CDATA[09:06:26.224 [main] INFO  com.intuit.karate - karate.env system property was: null 
09:06:26.227 [main] DEBUG com.intuit.karate - request:
1 > POST https://petstore.swagger.io/v2/pet?name=Kitty+McGee&status=available
1 > Host: petstore.swagger.io
1 > Connection: Keep-Alive
1 > User-Agent: Apache-HttpClient/4.5.13 (Java/11.0.15.1)
1 > Accept-Encoding: gzip,deflate


09:06:26.561 [main] DEBUG com.intuit.karate - response time in milliseconds: 334
1 < 415
1 < Date: Thu, 22 Sep 2022 08:06:27 GMT
1 < Content-Type: application/json
1 < Transfer-Encoding: chunked
1 < Connection: keep-alive
1 < Access-Control-Allow-Origin: *
1 < Access-Control-Allow-Methods: GET, POST, DELETE, PUT
1 < Access-Control-Allow-Headers: Content-Type, api_key, Authorization
1 < Server: Jetty(9.2.9.v20150224)
{"code":415,"type":"unknown","message":"com.sun.jersey.api.MessageException: A message body reader for Java class io.swagger.sample.model.Pet, and Java type class io.swagger.sample.model.Pet, and MIME media type application/octet-stream was not found.\nThe registered message body readers compatible with the MIME media type are:\n*/* ->\n  com.sun.jersey.core.impl.provider.entity.FormProvider\n  com.sun.jersey.core.impl.provider.entity.StringProvider\n  com.sun.jersey.core.impl.provider.entity.ByteArrayProvider\n  com.sun.jersey.core.impl.provider.entity.FileProvider\n  com.sun.jersey.core.impl.provider.entity.InputStreamProvider\n  com.sun.jersey.core.impl.provider.entity.DataSourceProvider\n  com.sun.jersey.core.impl.provider.entity.XMLJAXBElementProvider$General\n  com.sun.jersey.core.impl.provider.entity.ReaderProvider\n  com.sun.jersey.core.impl.provider.entity.DocumentProvider\n  com.sun.jersey.core.impl.provider.entity.SourceProvider$StreamSourceReader\n  com.sun.jersey.core.impl.provider.entity.SourceProvider$SAXSourceReader\n  com.sun.jersey.core.impl.provider.entity.SourceProvider$DOMSourceReader\n  com.sun.jersey.json.impl.provider.entity.JSONJAXBElementProvider$General\n  com.sun.jersey.json.impl.provider.entity.JSONArrayProvider$General\n  com.sun.jersey.json.impl.provider.entity.JSONObjectProvider$General\n  com.fasterxml.jackson.jaxrs.json.JacksonJsonProvider\n  com.sun.jersey.core.impl.provider.entity.XMLRootElementProvider$General\n  com.sun.jersey.core.impl.provider.entity.XMLListElementProvider$General\n  com.sun.jersey.core.impl.provider.entity.XMLRootObjectProvider$General\n  com.sun.jersey.core.impl.provider.entity.EntityHolderReader\n  com.sun.jersey.json.impl.provider.entity.JSONRootElementProvider$General\n  com.sun.jersey.json.impl.provider.entity.JSONListElementProvider$General\n  com.sun.jersey.json.impl.provider.entity.JacksonProviderProxy\napplication/octet-stream ->\n  com.sun.jersey.core.impl.provider.entity.ByteArrayProvider\n  com.sun.jersey.core.impl.provider.entity.FileProvider\n  com.sun.jersey.core.impl.provider.entity.InputStreamProvider\n  com.sun.jersey.core.impl.provider.entity.DataSourceProvider\n  com.sun.jersey.core.impl.provider.entity.RenderedImageProvider\n"}

]]></system-out>
  </testcase>
  <testcase name="[3:35] Create a Pet and Updates the Pet" classname="examples/petstore/pet/post/postPet" time="0.801">
    <system-out><![CDATA[09:06:26.567 [main] INFO  com.intuit.karate - karate.env system property was: null 
09:06:26.570 [main] DEBUG com.intuit.karate - request:
1 > POST https://petstore.swagger.io/v2/pet
1 > Content-Type: application/json; charset=UTF-8
1 > Content-Length: 43
1 > Host: petstore.swagger.io
1 > Connection: Keep-Alive
1 > User-Agent: Apache-HttpClient/4.5.13 (Java/11.0.15.1)
1 > Accept-Encoding: gzip,deflate
{"name":"Kitty McGee","status":"available"}

09:06:26.882 [main] DEBUG com.intuit.karate - response time in milliseconds: 311
1 < 200
1 < Date: Thu, 22 Sep 2022 08:06:28 GMT
1 < Content-Type: application/json
1 < Transfer-Encoding: chunked
1 < Connection: keep-alive
1 < Access-Control-Allow-Origin: *
1 < Access-Control-Allow-Methods: GET, POST, DELETE, PUT
1 < Access-Control-Allow-Headers: Content-Type, api_key, Authorization
1 < Server: Jetty(9.2.9.v20150224)
{"id":9222968140497181209,"name":"Kitty McGee","photoUrls":[],"tags":[],"status":"available"}

09:06:27.001 [main] DEBUG com.intuit.karate - request:
2 > POST https://petstore.swagger.io/v2/pet/9222968140497181209
2 > Content-Type: application/x-www-form-urlencoded
2 > Content-Length: 33
2 > Host: petstore.swagger.io
2 > Connection: Keep-Alive
2 > User-Agent: Apache-HttpClient/4.5.13 (Java/11.0.15.1)
2 > Accept-Encoding: gzip,deflate
name=Bobby+Bobby&status=newStatus

09:06:27.361 [main] DEBUG com.intuit.karate - response time in milliseconds: 359
2 < 200
2 < Date: Thu, 22 Sep 2022 08:06:28 GMT
2 < Content-Type: application/json
2 < Transfer-Encoding: chunked
2 < Connection: keep-alive
2 < Access-Control-Allow-Origin: *
2 < Access-Control-Allow-Methods: GET, POST, DELETE, PUT
2 < Access-Control-Allow-Headers: Content-Type, api_key, Authorization
2 < Server: Jetty(9.2.9.v20150224)
{"code":200,"type":"unknown","message":"9222968140497181209"}

]]></system-out>
  </testcase>
  <testcase name="[4:61] Create a Pet and Uploads an image to that Pet" classname="examples/petstore/pet/post/postPet" time="1.256">
    <system-out><![CDATA[09:06:27.368 [main] INFO  com.intuit.karate - karate.env system property was: null 
09:06:27.371 [main] DEBUG com.intuit.karate - request:
1 > POST https://petstore.swagger.io/v2/pet
1 > Content-Type: application/json; charset=UTF-8
1 > Content-Length: 43
1 > Host: petstore.swagger.io
1 > Connection: Keep-Alive
1 > User-Agent: Apache-HttpClient/4.5.13 (Java/11.0.15.1)
1 > Accept-Encoding: gzip,deflate
{"name":"Kitty McGee","status":"available"}

09:06:27.694 [main] DEBUG com.intuit.karate - response time in milliseconds: 322
1 < 200
1 < Date: Thu, 22 Sep 2022 08:06:29 GMT
1 < Content-Type: application/json
1 < Transfer-Encoding: chunked
1 < Connection: keep-alive
1 < Access-Control-Allow-Origin: *
1 < Access-Control-Allow-Methods: GET, POST, DELETE, PUT
1 < Access-Control-Allow-Headers: Content-Type, api_key, Authorization
1 < Server: Jetty(9.2.9.v20150224)
{"id":9222968140497181210,"name":"Kitty McGee","photoUrls":[],"tags":[],"status":"available"}

09:06:27.726 [main] DEBUG c.i.karate.http.MultiPartBuilder - multipart: content-disposition: form-data; name="message"; filename=""
content-type: text/plain; charset=UTF-8
content-length: 6
Completed: true
IsInMemory: true
09:06:27.733 [main] DEBUG com.intuit.karate - request:
2 > POST https://petstore.swagger.io/v2/pet/9222968140497181210/uploadImage
2 > Content-Type: multipart/form-data; boundary=2b704c20730e3676
2 > Content-Length: 188568
2 > Host: petstore.swagger.io
2 > Connection: Keep-Alive
2 > User-Agent: Apache-HttpClient/4.5.13 (Java/11.0.15.1)
2 > Accept-Encoding: gzip,deflate

Mixed: content-disposition: form-data; name="file"; filename="kitty.jpg"
content-type: image/jpeg; charset=UTF-8
content-length: 188232
Completed: true
IsInMemory: false
RealFile: C:\Users\tiago.mina-azevedo\Documents\karateStuff\TestAssignmentSC\target\test-classes\examples\petstore\pet\post\kitty.jpg DeleteAfter: true

content-disposition: form-data; name="message"; filename=""
content-type: text/plain; charset=UTF-8
content-length: 6
Completed: true
IsInMemory: true


09:06:28.501 [main] DEBUG com.intuit.karate - response time in milliseconds: 768
2 < 200
2 < Date: Thu, 22 Sep 2022 08:06:29 GMT
2 < Content-Type: application/json
2 < Transfer-Encoding: chunked
2 < Connection: keep-alive
2 < Access-Control-Allow-Origin: *
2 < Access-Control-Allow-Methods: GET, POST, DELETE, PUT
2 < Access-Control-Allow-Headers: Content-Type, api_key, Authorization
2 < Server: Jetty(9.2.9.v20150224)
{"code":200,"type":"unknown","message":"additionalMetadata: null\nFile uploaded to ./kitty.jpg, 188232 bytes"}

---------------------------------------------------------
feature: classpath:examples/petstore/pet/post/postPet.feature
scenarios:  4 | passed:  4 | failed:  0 | time: 2,7102
---------------------------------------------------------

]]></system-out>
  </testcase>
  <testcase name="[1:7] Create a Pet and Update it using PUT request" classname="examples/petstore/pet/put/putPet" time="0.658">
    <system-out><![CDATA[09:06:28.626 [main] INFO  com.intuit.karate - karate.env system property was: null 
09:06:28.629 [main] DEBUG com.intuit.karate - request:
1 > POST https://petstore.swagger.io/v2/pet
1 > Content-Type: application/json; charset=UTF-8
1 > Content-Length: 43
1 > Host: petstore.swagger.io
1 > Connection: Keep-Alive
1 > User-Agent: Apache-HttpClient/4.5.13 (Java/11.0.15.1)
1 > Accept-Encoding: gzip,deflate
{"name":"Kitty McGee","status":"available"}

09:06:28.935 [main] DEBUG com.intuit.karate - response time in milliseconds: 305
1 < 200
1 < Date: Thu, 22 Sep 2022 08:06:30 GMT
1 < Content-Type: application/json
1 < Transfer-Encoding: chunked
1 < Connection: keep-alive
1 < Access-Control-Allow-Origin: *
1 < Access-Control-Allow-Methods: GET, POST, DELETE, PUT
1 < Access-Control-Allow-Headers: Content-Type, api_key, Authorization
1 < Server: Jetty(9.2.9.v20150224)
{"id":9222968140497181211,"name":"Kitty McGee","photoUrls":[],"tags":[],"status":"available"}

09:06:28.941 [main] DEBUG com.intuit.karate - request:
2 > PUT https://petstore.swagger.io/v2/pet
2 > Content-Type: application/json; charset=UTF-8
2 > Content-Length: 171
2 > Host: petstore.swagger.io
2 > Connection: Keep-Alive
2 > User-Agent: Apache-HttpClient/4.5.13 (Java/11.0.15.1)
2 > Accept-Encoding: gzip,deflate
{"id":9222968140497181211,"category":{"id":0,"name":"string"},"name":"PutTestNewName","photoUrls":["string"],"tags":[{"id":0,"name":"string"}],"status":"newStatusPutTest"}

09:06:29.244 [main] DEBUG com.intuit.karate - response time in milliseconds: 303
2 < 200
2 < Date: Thu, 22 Sep 2022 08:06:30 GMT
2 < Content-Type: application/json
2 < Transfer-Encoding: chunked
2 < Connection: keep-alive
2 < Access-Control-Allow-Origin: *
2 < Access-Control-Allow-Methods: GET, POST, DELETE, PUT
2 < Access-Control-Allow-Headers: Content-Type, api_key, Authorization
2 < Server: Jetty(9.2.9.v20150224)
{"id":9222968140497181211,"category":{"id":0,"name":"string"},"name":"PutTestNewName","photoUrls":["string"],"tags":[{"id":0,"name":"string"}],"status":"newStatusPutTest"}

---------------------------------------------------------
feature: classpath:examples/petstore/pet/put/putPet.feature
scenarios:  1 | passed:  1 | failed:  0 | time: 0,6183
---------------------------------------------------------

]]></system-out>
  </testcase>
  <testcase name="[1:6] Create a Pet, Create an Order for that Pet, and Delete an existing Order Id." classname="examples/petstore/store/delete/deleteStore" time="1.718">
    <system-out><![CDATA[09:06:29.287 [main] INFO  com.intuit.karate - karate.env system property was: null 
09:06:29.291 [main] DEBUG com.intuit.karate - request:
1 > POST https://petstore.swagger.io/v2/pet
1 > Content-Type: application/json; charset=UTF-8
1 > Content-Length: 43
1 > Host: petstore.swagger.io
1 > Connection: Keep-Alive
1 > User-Agent: Apache-HttpClient/4.5.13 (Java/11.0.15.1)
1 > Accept-Encoding: gzip,deflate
{"name":"Kitty McGee","status":"available"}

09:06:30.258 [main] DEBUG com.intuit.karate - response time in milliseconds: 967
1 < 200
1 < Date: Thu, 22 Sep 2022 08:06:31 GMT
1 < Content-Type: application/json
1 < Transfer-Encoding: chunked
1 < Connection: keep-alive
1 < Access-Control-Allow-Origin: *
1 < Access-Control-Allow-Methods: GET, POST, DELETE, PUT
1 < Access-Control-Allow-Headers: Content-Type, api_key, Authorization
1 < Server: Jetty(9.2.9.v20150224)
{"id":9222968140497181212,"name":"Kitty McGee","photoUrls":[],"tags":[],"status":"available"}

09:06:30.267 [main] DEBUG com.intuit.karate - request:
2 > POST https://petstore.swagger.io/v2/store/order
2 > Content-Type: application/json; charset=UTF-8
2 > Content-Length: 58
2 > Host: petstore.swagger.io
2 > Connection: Keep-Alive
2 > User-Agent: Apache-HttpClient/4.5.13 (Java/11.0.15.1)
2 > Accept-Encoding: gzip,deflate
{"petId":9222968140497181212,"quantity":1,"complete":true}

09:06:30.629 [main] DEBUG com.intuit.karate - response time in milliseconds: 362
2 < 200
2 < Date: Thu, 22 Sep 2022 08:06:32 GMT
2 < Content-Type: application/json
2 < Transfer-Encoding: chunked
2 < Connection: keep-alive
2 < Access-Control-Allow-Origin: *
2 < Access-Control-Allow-Methods: GET, POST, DELETE, PUT
2 < Access-Control-Allow-Headers: Content-Type, api_key, Authorization
2 < Server: Jetty(9.2.9.v20150224)
{"id":3451172049094470786,"petId":9222968140497181212,"quantity":1,"complete":true}

09:06:30.634 [main] DEBUG com.intuit.karate - request:
3 > DELETE https://petstore.swagger.io/v2/store/order/3451172049094470786
3 > Host: petstore.swagger.io
3 > Connection: Keep-Alive
3 > User-Agent: Apache-HttpClient/4.5.13 (Java/11.0.15.1)
3 > Accept-Encoding: gzip,deflate


09:06:30.954 [main] DEBUG com.intuit.karate - response time in milliseconds: 320
3 < 200
3 < Date: Thu, 22 Sep 2022 08:06:32 GMT
3 < Content-Type: application/json
3 < Transfer-Encoding: chunked
3 < Connection: keep-alive
3 < Access-Control-Allow-Origin: *
3 < Access-Control-Allow-Methods: GET, POST, DELETE, PUT
3 < Access-Control-Allow-Headers: Content-Type, api_key, Authorization
3 < Server: Jetty(9.2.9.v20150224)
{"code":200,"type":"unknown","message":"3451172049094470786"}

---------------------------------------------------------
feature: classpath:examples/petstore/store/delete/deleteStore.feature
scenarios:  1 | passed:  1 | failed:  0 | time: 1,6666
---------------------------------------------------------

]]></system-out>
  </testcase>
  <testcase name="[1:6] Create a Pet and make an Order and get Order by orderId" classname="examples/petstore/store/get/getStore" time="0.929">
    <system-out><![CDATA[09:06:31.003 [main] INFO  com.intuit.karate - karate.env system property was: null 
09:06:31.006 [main] DEBUG com.intuit.karate - request:
1 > POST https://petstore.swagger.io/v2/pet/
1 > Content-Type: application/json; charset=UTF-8
1 > Content-Length: 43
1 > Host: petstore.swagger.io
1 > Connection: Keep-Alive
1 > User-Agent: Apache-HttpClient/4.5.13 (Java/11.0.15.1)
1 > Accept-Encoding: gzip,deflate
{"name":"Kitty McGee","status":"available"}

09:06:31.309 [main] DEBUG com.intuit.karate - response time in milliseconds: 303
1 < 200
1 < Date: Thu, 22 Sep 2022 08:06:32 GMT
1 < Content-Type: application/json
1 < Transfer-Encoding: chunked
1 < Connection: keep-alive
1 < Access-Control-Allow-Origin: *
1 < Access-Control-Allow-Methods: GET, POST, DELETE, PUT
1 < Access-Control-Allow-Headers: Content-Type, api_key, Authorization
1 < Server: Jetty(9.2.9.v20150224)
{"id":9222968140497181213,"name":"Kitty McGee","photoUrls":[],"tags":[],"status":"available"}

09:06:31.311 [main] DEBUG com.intuit.karate - request:
2 > POST https://petstore.swagger.io/v2/store/order
2 > Content-Type: application/json; charset=UTF-8
2 > Content-Length: 58
2 > Host: petstore.swagger.io
2 > Connection: Keep-Alive
2 > User-Agent: Apache-HttpClient/4.5.13 (Java/11.0.15.1)
2 > Accept-Encoding: gzip,deflate
{"petId":9222968140497181213,"quantity":1,"complete":true}

09:06:31.612 [main] DEBUG com.intuit.karate - response time in milliseconds: 301
2 < 200
2 < Date: Thu, 22 Sep 2022 08:06:33 GMT
2 < Content-Type: application/json
2 < Transfer-Encoding: chunked
2 < Connection: keep-alive
2 < Access-Control-Allow-Origin: *
2 < Access-Control-Allow-Methods: GET, POST, DELETE, PUT
2 < Access-Control-Allow-Headers: Content-Type, api_key, Authorization
2 < Server: Jetty(9.2.9.v20150224)
{"id":3451172049094470786,"petId":9222968140497181213,"quantity":1,"complete":true}

09:06:31.617 [main] DEBUG com.intuit.karate - request:
3 > GET https://petstore.swagger.io/v2/store/order/3451172049094470786
3 > Host: petstore.swagger.io
3 > Connection: Keep-Alive
3 > User-Agent: Apache-HttpClient/4.5.13 (Java/11.0.15.1)
3 > Accept-Encoding: gzip,deflate


09:06:31.924 [main] DEBUG com.intuit.karate - response time in milliseconds: 307
3 < 200
3 < Date: Thu, 22 Sep 2022 08:06:33 GMT
3 < Content-Type: application/json
3 < Transfer-Encoding: chunked
3 < Connection: keep-alive
3 < Access-Control-Allow-Origin: *
3 < Access-Control-Allow-Methods: GET, POST, DELETE, PUT
3 < Access-Control-Allow-Headers: Content-Type, api_key, Authorization
3 < Server: Jetty(9.2.9.v20150224)
{"id":3451172049094470786,"petId":9222968140497181213,"quantity":1,"complete":true}

]]></system-out>
  </testcase>
  <testcase name="[2:39] Returns Pet Inventories by status" classname="examples/petstore/store/get/getStore" time="0.759">
    <system-out><![CDATA[09:06:31.933 [main] INFO  com.intuit.karate - karate.env system property was: null 
09:06:31.942 [main] DEBUG com.intuit.karate - request:
1 > POST https://petstore.swagger.io/v2/pet/
1 > Content-Type: application/json; charset=UTF-8
1 > Content-Length: 21
1 > Host: petstore.swagger.io
1 > Connection: Keep-Alive
1 > User-Agent: Apache-HttpClient/4.5.13 (Java/11.0.15.1)
1 > Accept-Encoding: gzip,deflate
{"status":"bl5ccuyk"}

09:06:32.238 [main] DEBUG com.intuit.karate - response time in milliseconds: 296
1 < 200
1 < Date: Thu, 22 Sep 2022 08:06:33 GMT
1 < Content-Type: application/json
1 < Transfer-Encoding: chunked
1 < Connection: keep-alive
1 < Access-Control-Allow-Origin: *
1 < Access-Control-Allow-Methods: GET, POST, DELETE, PUT
1 < Access-Control-Allow-Headers: Content-Type, api_key, Authorization
1 < Server: Jetty(9.2.9.v20150224)
{"id":9222968140497181214,"photoUrls":[],"tags":[],"status":"bl5ccuyk"}

09:06:32.240 [main] DEBUG com.intuit.karate - request:
2 > GET https://petstore.swagger.io/v2/store/inventory
2 > Host: petstore.swagger.io
2 > Connection: Keep-Alive
2 > User-Agent: Apache-HttpClient/4.5.13 (Java/11.0.15.1)
2 > Accept-Encoding: gzip,deflate


09:06:32.646 [main] DEBUG com.intuit.karate - response time in milliseconds: 406
2 < 200
2 < Date: Thu, 22 Sep 2022 08:06:33 GMT
2 < Content-Type: application/json
2 < Transfer-Encoding: chunked
2 < Connection: keep-alive
2 < Access-Control-Allow-Origin: *
2 < Access-Control-Allow-Methods: GET, POST, DELETE, PUT
2 < Access-Control-Allow-Headers: Content-Type, api_key, Authorization
2 < Server: Jetty(9.2.9.v20150224)
{"totvs":1,"sold":4,"5twzcxdq":1,"string":308,"newStatus":4,"available":389,"Unavailable":1,"0":1,"VL4EQE":1,"teststa5":270,"g7t1bxwj":1,"it6xszrq":1,"Available":1,"bl5ccuyk":1,"newStatusPutTest":4,"status":1}

---------------------------------------------------------
feature: classpath:examples/petstore/store/get/getStore.feature
scenarios:  2 | passed:  2 | failed:  0 | time: 1,6380
---------------------------------------------------------

]]></system-out>
  </testcase>
  <testcase name="[1:6] Create a Pet and place an Order for that Pet" classname="examples/petstore/store/post/postStore" time="0.9">
    <system-out><![CDATA[09:06:32.692 [main] INFO  com.intuit.karate - karate.env system property was: null 
09:06:32.695 [main] DEBUG com.intuit.karate - request:
1 > POST https://petstore.swagger.io/v2/pet/
1 > Content-Type: application/json; charset=UTF-8
1 > Content-Length: 43
1 > Host: petstore.swagger.io
1 > Connection: Keep-Alive
1 > User-Agent: Apache-HttpClient/4.5.13 (Java/11.0.15.1)
1 > Accept-Encoding: gzip,deflate
{"name":"Kitty McGee","status":"available"}

09:06:33.004 [main] DEBUG com.intuit.karate - response time in milliseconds: 308
1 < 200
1 < Date: Thu, 22 Sep 2022 08:06:34 GMT
1 < Content-Type: application/json
1 < Transfer-Encoding: chunked
1 < Connection: keep-alive
1 < Access-Control-Allow-Origin: *
1 < Access-Control-Allow-Methods: GET, POST, DELETE, PUT
1 < Access-Control-Allow-Headers: Content-Type, api_key, Authorization
1 < Server: Jetty(9.2.9.v20150224)
{"id":9222968140497181215,"name":"Kitty McGee","photoUrls":[],"tags":[],"status":"available"}

09:06:33.008 [main] DEBUG com.intuit.karate - request:
2 > POST https://petstore.swagger.io/v2/store/order
2 > Content-Type: application/json; charset=UTF-8
2 > Content-Length: 58
2 > Host: petstore.swagger.io
2 > Connection: Keep-Alive
2 > User-Agent: Apache-HttpClient/4.5.13 (Java/11.0.15.1)
2 > Accept-Encoding: gzip,deflate
{"petId":9222968140497181215,"quantity":1,"complete":true}

09:06:33.560 [main] DEBUG com.intuit.karate - response time in milliseconds: 551
2 < 200
2 < Date: Thu, 22 Sep 2022 08:06:34 GMT
2 < Content-Type: application/json
2 < Transfer-Encoding: chunked
2 < Connection: keep-alive
2 < Access-Control-Allow-Origin: *
2 < Access-Control-Allow-Methods: GET, POST, DELETE, PUT
2 < Access-Control-Allow-Headers: Content-Type, api_key, Authorization
2 < Server: Jetty(9.2.9.v20150224)
{"id":3451172049094470787,"petId":9222968140497181215,"quantity":1,"complete":true}

---------------------------------------------------------
feature: classpath:examples/petstore/store/post/postStore.feature
scenarios:  1 | passed:  1 | failed:  0 | time: 0,8685
---------------------------------------------------------

]]></system-out>
  </testcase>
  <testcase name="[1:6] Delete an user using PUT request while being logged in" classname="examples/petstore/user/delete/deleteUser" time="1.243">
    <system-out><![CDATA[09:06:33.594 [main] INFO  com.intuit.karate - karate.env system property was: null 
09:06:33.766 [main] DEBUG com.intuit.karate - request:
1 > POST https://petstore.swagger.io/v2/user
1 > Content-Type: application/json; charset=UTF-8
1 > Content-Length: 136
1 > Host: petstore.swagger.io
1 > Connection: Keep-Alive
1 > User-Agent: Apache-HttpClient/4.5.13 (Java/11.0.15.1)
1 > Accept-Encoding: gzip,deflate
{"username":"0cvlv5r9","firstName":"Christy","lastName":"Quitzon","email":"fxi4vsfnw@gmail.com","password":"ob8yvw38","phone":819321153}

09:06:34.152 [main] DEBUG com.intuit.karate - response time in milliseconds: 386
1 < 200
1 < Date: Thu, 22 Sep 2022 08:06:35 GMT
1 < Content-Type: application/json
1 < Transfer-Encoding: chunked
1 < Connection: keep-alive
1 < Access-Control-Allow-Origin: *
1 < Access-Control-Allow-Methods: GET, POST, DELETE, PUT
1 < Access-Control-Allow-Headers: Content-Type, api_key, Authorization
1 < Server: Jetty(9.2.9.v20150224)
{"code":200,"type":"unknown","message":"6874987781"}

09:06:34.162 [main] DEBUG com.intuit.karate - request:
2 > GET https://petstore.swagger.io/v2/user/login
2 > Host: petstore.swagger.io
2 > Connection: Keep-Alive
2 > User-Agent: Apache-HttpClient/4.5.13 (Java/11.0.15.1)
2 > Accept-Encoding: gzip,deflate


09:06:34.471 [main] DEBUG com.intuit.karate - response time in milliseconds: 309
2 < 200
2 < Date: Thu, 22 Sep 2022 08:06:35 GMT
2 < Content-Type: application/json
2 < Transfer-Encoding: chunked
2 < Connection: keep-alive
2 < Access-Control-Allow-Origin: *
2 < Access-Control-Allow-Methods: GET, POST, DELETE, PUT
2 < Access-Control-Allow-Headers: Content-Type, api_key, Authorization
2 < X-Expires-After: Thu Sep 22 09:06:35 UTC 2022
2 < X-Rate-Limit: 5000
2 < Server: Jetty(9.2.9.v20150224)
{"code":200,"type":"unknown","message":"logged in user session:1663833995908"}

09:06:34.475 [main] DEBUG com.intuit.karate - request:
3 > DELETE https://petstore.swagger.io/v2/user/0cvlv5r9
3 > Host: petstore.swagger.io
3 > Connection: Keep-Alive
3 > User-Agent: Apache-HttpClient/4.5.13 (Java/11.0.15.1)
3 > Accept-Encoding: gzip,deflate


09:06:34.787 [main] DEBUG com.intuit.karate - response time in milliseconds: 312
3 < 200
3 < Date: Thu, 22 Sep 2022 08:06:36 GMT
3 < Content-Type: application/json
3 < Transfer-Encoding: chunked
3 < Connection: keep-alive
3 < Access-Control-Allow-Origin: *
3 < Access-Control-Allow-Methods: GET, POST, DELETE, PUT
3 < Access-Control-Allow-Headers: Content-Type, api_key, Authorization
3 < Server: Jetty(9.2.9.v20150224)
{"code":200,"type":"unknown","message":"0cvlv5r9"}

---------------------------------------------------------
feature: classpath:examples/petstore/user/delete/deleteUser.feature
scenarios:  1 | passed:  1 | failed:  0 | time: 1,1933
---------------------------------------------------------

]]></system-out>
  </testcase>
  <testcase name="[1:6] Create a User and Login with Username and Password" classname="examples/petstore/user/get/getUser" time="0.672">
    <system-out><![CDATA[09:06:34.839 [main] INFO  com.intuit.karate - karate.env system property was: null 
09:06:34.864 [main] DEBUG com.intuit.karate - request:
1 > POST https://petstore.swagger.io/v2/user
1 > Content-Type: application/json; charset=UTF-8
1 > Content-Length: 133
1 > Host: petstore.swagger.io
1 > Connection: Keep-Alive
1 > User-Agent: Apache-HttpClient/4.5.13 (Java/11.0.15.1)
1 > Accept-Encoding: gzip,deflate
{"username":"icee819r","firstName":"Will","lastName":"Denesik","email":"1098nebe3@gmail.com","password":"oy6p2xzt","phone":642583600}

09:06:35.183 [main] DEBUG com.intuit.karate - response time in milliseconds: 319
1 < 200
1 < Date: Thu, 22 Sep 2022 08:06:36 GMT
1 < Content-Type: application/json
1 < Transfer-Encoding: chunked
1 < Connection: keep-alive
1 < Access-Control-Allow-Origin: *
1 < Access-Control-Allow-Methods: GET, POST, DELETE, PUT
1 < Access-Control-Allow-Headers: Content-Type, api_key, Authorization
1 < Server: Jetty(9.2.9.v20150224)
{"code":200,"type":"unknown","message":"6874987781"}

09:06:35.185 [main] DEBUG c.intuit.karate.core.ScenarioEngine - over-writing existing variable 'username' with new value: response.username
09:06:35.186 [main] DEBUG c.intuit.karate.core.ScenarioEngine - over-writing existing variable 'password' with new value: response.password
09:06:35.188 [main] DEBUG com.intuit.karate - request:
2 > GET https://petstore.swagger.io/v2/user/login
2 > Host: petstore.swagger.io
2 > Connection: Keep-Alive
2 > User-Agent: Apache-HttpClient/4.5.13 (Java/11.0.15.1)
2 > Accept-Encoding: gzip,deflate


09:06:35.505 [main] DEBUG com.intuit.karate - response time in milliseconds: 316
2 < 200
2 < Date: Thu, 22 Sep 2022 08:06:36 GMT
2 < Content-Type: application/json
2 < Transfer-Encoding: chunked
2 < Connection: keep-alive
2 < Access-Control-Allow-Origin: *
2 < Access-Control-Allow-Methods: GET, POST, DELETE, PUT
2 < Access-Control-Allow-Headers: Content-Type, api_key, Authorization
2 < X-Expires-After: Thu Sep 22 09:06:36 UTC 2022
2 < X-Rate-Limit: 5000
2 < Server: Jetty(9.2.9.v20150224)
{"code":200,"type":"unknown","message":"logged in user session:1663833996934"}

]]></system-out>
  </testcase>
  <testcase name="[2:44] Get User By Username" classname="examples/petstore/user/get/getUser" time="0.639">
    <system-out><![CDATA[09:06:35.513 [main] INFO  com.intuit.karate - karate.env system property was: null 
09:06:35.529 [main] DEBUG com.intuit.karate - request:
1 > POST https://petstore.swagger.io/v2/user
1 > Content-Type: application/json; charset=UTF-8
1 > Content-Length: 135
1 > Host: petstore.swagger.io
1 > Connection: Keep-Alive
1 > User-Agent: Apache-HttpClient/4.5.13 (Java/11.0.15.1)
1 > Accept-Encoding: gzip,deflate
{"username":"752dwyw8","firstName":"Selene","lastName":"Padberg","email":"jbfav2rgs@gmail.com","password":"m1dogpwr","phone":408222408}

09:06:35.834 [main] DEBUG com.intuit.karate - response time in milliseconds: 305
1 < 200
1 < Date: Thu, 22 Sep 2022 08:06:37 GMT
1 < Content-Type: application/json
1 < Transfer-Encoding: chunked
1 < Connection: keep-alive
1 < Access-Control-Allow-Origin: *
1 < Access-Control-Allow-Methods: GET, POST, DELETE, PUT
1 < Access-Control-Allow-Headers: Content-Type, api_key, Authorization
1 < Server: Jetty(9.2.9.v20150224)
{"code":200,"type":"unknown","message":"6874987782"}

09:06:35.837 [main] DEBUG com.intuit.karate - request:
2 > GET https://petstore.swagger.io/v2/user/752dwyw8
2 > Host: petstore.swagger.io
2 > Connection: Keep-Alive
2 > User-Agent: Apache-HttpClient/4.5.13 (Java/11.0.15.1)
2 > Accept-Encoding: gzip,deflate


09:06:36.146 [main] DEBUG com.intuit.karate - response time in milliseconds: 308
2 < 200
2 < Date: Thu, 22 Sep 2022 08:06:37 GMT
2 < Content-Type: application/json
2 < Transfer-Encoding: chunked
2 < Connection: keep-alive
2 < Access-Control-Allow-Origin: *
2 < Access-Control-Allow-Methods: GET, POST, DELETE, PUT
2 < Access-Control-Allow-Headers: Content-Type, api_key, Authorization
2 < Server: Jetty(9.2.9.v20150224)
{"id":6874987782,"username":"752dwyw8","firstName":"Selene","lastName":"Padberg","email":"jbfav2rgs@gmail.com","password":"m1dogpwr","phone":"408222408","userStatus":0}

09:06:36.148 [main] INFO  com.intuit.karate - [print] {
  "id": 6874987782,
  "username": "752dwyw8",
  "firstName": "Selene",
  "lastName": "Padberg",
  "email": "jbfav2rgs@gmail.com",
  "password": "m1dogpwr",
  "phone": "408222408",
  "userStatus": 0
}
 
]]></system-out>
  </testcase>
  <testcase name="[3:79] Create a User, Login, and Logout with Username and Password" classname="examples/petstore/user/get/getUser" time="1.022">
    <system-out><![CDATA[09:06:36.152 [main] INFO  com.intuit.karate - karate.env system property was: null 
09:06:36.164 [main] DEBUG com.intuit.karate - request:
1 > POST https://petstore.swagger.io/v2/user
1 > Content-Type: application/json; charset=UTF-8
1 > Content-Length: 136
1 > Host: petstore.swagger.io
1 > Connection: Keep-Alive
1 > User-Agent: Apache-HttpClient/4.5.13 (Java/11.0.15.1)
1 > Accept-Encoding: gzip,deflate
{"username":"fupiqsva","firstName":"Misti","lastName":"McDermott","email":"3mtyuxkp1@gmail.com","password":"p7ca0wmi","phone":155675802}

09:06:36.472 [main] DEBUG com.intuit.karate - response time in milliseconds: 307
1 < 200
1 < Date: Thu, 22 Sep 2022 08:06:37 GMT
1 < Content-Type: application/json
1 < Transfer-Encoding: chunked
1 < Connection: keep-alive
1 < Access-Control-Allow-Origin: *
1 < Access-Control-Allow-Methods: GET, POST, DELETE, PUT
1 < Access-Control-Allow-Headers: Content-Type, api_key, Authorization
1 < Server: Jetty(9.2.9.v20150224)
{"code":200,"type":"unknown","message":"6874987783"}

09:06:36.474 [main] DEBUG c.intuit.karate.core.ScenarioEngine - over-writing existing variable 'username' with new value: response.username
09:06:36.474 [main] DEBUG c.intuit.karate.core.ScenarioEngine - over-writing existing variable 'password' with new value: response.password
09:06:36.476 [main] DEBUG com.intuit.karate - request:
2 > GET https://petstore.swagger.io/v2/user/login
2 > Host: petstore.swagger.io
2 > Connection: Keep-Alive
2 > User-Agent: Apache-HttpClient/4.5.13 (Java/11.0.15.1)
2 > Accept-Encoding: gzip,deflate


09:06:36.783 [main] DEBUG com.intuit.karate - response time in milliseconds: 307
2 < 200
2 < Date: Thu, 22 Sep 2022 08:06:38 GMT
2 < Content-Type: application/json
2 < Transfer-Encoding: chunked
2 < Connection: keep-alive
2 < Access-Control-Allow-Origin: *
2 < Access-Control-Allow-Methods: GET, POST, DELETE, PUT
2 < Access-Control-Allow-Headers: Content-Type, api_key, Authorization
2 < X-Expires-After: Thu Sep 22 09:06:38 UTC 2022
2 < X-Rate-Limit: 5000
2 < Server: Jetty(9.2.9.v20150224)
{"code":200,"type":"unknown","message":"logged in user session:1663833998222"}

09:06:36.785 [main] DEBUG com.intuit.karate - request:
3 > GET https://petstore.swagger.io/v2/user/logout
3 > Host: petstore.swagger.io
3 > Connection: Keep-Alive
3 > User-Agent: Apache-HttpClient/4.5.13 (Java/11.0.15.1)
3 > Accept-Encoding: gzip,deflate


09:06:37.092 [main] DEBUG com.intuit.karate - response time in milliseconds: 306
3 < 200
3 < Date: Thu, 22 Sep 2022 08:06:38 GMT
3 < Content-Type: application/json
3 < Transfer-Encoding: chunked
3 < Connection: keep-alive
3 < Access-Control-Allow-Origin: *
3 < Access-Control-Allow-Methods: GET, POST, DELETE, PUT
3 < Access-Control-Allow-Headers: Content-Type, api_key, Authorization
3 < Server: Jetty(9.2.9.v20150224)
{"code":200,"type":"unknown","message":"ok"}

---------------------------------------------------------
feature: classpath:examples/petstore/user/get/getUser.feature
scenarios:  3 | passed:  3 | failed:  0 | time: 2,2409
---------------------------------------------------------

]]></system-out>
  </testcase>
  <testcase name="[1:6] Create a User" classname="examples/petstore/user/post/postUser" time="0.32">
    <system-out><![CDATA[09:06:37.177 [main] INFO  com.intuit.karate - karate.env system property was: null 
09:06:37.191 [main] DEBUG com.intuit.karate - request:
1 > POST https://petstore.swagger.io/v2/user
1 > Content-Type: application/json; charset=UTF-8
1 > Content-Length: 130
1 > Host: petstore.swagger.io
1 > Connection: Keep-Alive
1 > User-Agent: Apache-HttpClient/4.5.13 (Java/11.0.15.1)
1 > Accept-Encoding: gzip,deflate
{"username":"5ww36ed8","firstName":"Hai","lastName":"Grady","email":"urybbes3a@gmail.com","password":"fwghuiu6","phone":815350988}

09:06:37.488 [main] DEBUG com.intuit.karate - response time in milliseconds: 297
1 < 200
1 < Date: Thu, 22 Sep 2022 08:06:38 GMT
1 < Content-Type: application/json
1 < Transfer-Encoding: chunked
1 < Connection: keep-alive
1 < Access-Control-Allow-Origin: *
1 < Access-Control-Allow-Methods: GET, POST, DELETE, PUT
1 < Access-Control-Allow-Headers: Content-Type, api_key, Authorization
1 < Server: Jetty(9.2.9.v20150224)
{"code":200,"type":"unknown","message":"6874987786"}

]]></system-out>
  </testcase>
  <testcase name="[2:38] Create New Users from Given Array" classname="examples/petstore/user/post/postUser" time="0.357">
    <system-out><![CDATA[09:06:37.496 [main] INFO  com.intuit.karate - karate.env system property was: null 
09:06:37.517 [main] DEBUG com.intuit.karate - request:
1 > POST https://petstore.swagger.io/v2/user/createWithArray
1 > Content-Type: application/json; charset=UTF-8
1 > Content-Length: 281
1 > Host: petstore.swagger.io
1 > Connection: Keep-Alive
1 > User-Agent: Apache-HttpClient/4.5.13 (Java/11.0.15.1)
1 > Accept-Encoding: gzip,deflate
[{"username2":"qpvj6p0s","firstName2":"Bronwyn","lastName2":"Little","email2":"9tlfeufcd@gmail.com","password2":"vfqogfcj","phone2":443165746},{"username3":"tv6gsycn","firstName3":"Brice","lastName3":"Rath","email3":"eabevcjx4@gmail.com","password3":"q5mu4f6j","phone3":741090452}]

09:06:37.811 [main] DEBUG com.intuit.karate - response time in milliseconds: 294
1 < 200
1 < Date: Thu, 22 Sep 2022 08:06:39 GMT
1 < Content-Type: application/json
1 < Transfer-Encoding: chunked
1 < Connection: keep-alive
1 < Access-Control-Allow-Origin: *
1 < Access-Control-Allow-Methods: GET, POST, DELETE, PUT
1 < Access-Control-Allow-Headers: Content-Type, api_key, Authorization
1 < Server: Jetty(9.2.9.v20150224)
{"code":200,"type":"unknown","message":"ok"}

---------------------------------------------------------
feature: classpath:examples/petstore/user/post/postUser.feature
scenarios:  2 | passed:  2 | failed:  0 | time: 0,6294
---------------------------------------------------------

]]></system-out>
  </testcase>
  <testcase name="[1:6] Update an existing user using PUT request while being logged in" classname="examples/petstore/user/put/putUser" time="1.111">
    <system-out><![CDATA[09:06:37.853 [main] INFO  com.intuit.karate - karate.env system property was: null 
09:06:37.863 [main] DEBUG com.intuit.karate - request:
1 > POST https://petstore.swagger.io/v2/user
1 > Content-Type: application/json; charset=UTF-8
1 > Content-Length: 137
1 > Host: petstore.swagger.io
1 > Connection: Keep-Alive
1 > User-Agent: Apache-HttpClient/4.5.13 (Java/11.0.15.1)
1 > Accept-Encoding: gzip,deflate
{"username":"agx4r2xl","firstName":"Filiberto","lastName":"O'Hara","email":"pczl3tosb@gmail.com","password":"d13yeo0i","phone":175295525}

09:06:38.165 [main] DEBUG com.intuit.karate - response time in milliseconds: 302
1 < 200
1 < Date: Thu, 22 Sep 2022 08:06:39 GMT
1 < Content-Type: application/json
1 < Transfer-Encoding: chunked
1 < Connection: keep-alive
1 < Access-Control-Allow-Origin: *
1 < Access-Control-Allow-Methods: GET, POST, DELETE, PUT
1 < Access-Control-Allow-Headers: Content-Type, api_key, Authorization
1 < Server: Jetty(9.2.9.v20150224)
{"code":200,"type":"unknown","message":"6874987787"}

09:06:38.169 [main] DEBUG com.intuit.karate - request:
2 > GET https://petstore.swagger.io/v2/user/login
2 > Host: petstore.swagger.io
2 > Connection: Keep-Alive
2 > User-Agent: Apache-HttpClient/4.5.13 (Java/11.0.15.1)
2 > Accept-Encoding: gzip,deflate


09:06:38.478 [main] DEBUG com.intuit.karate - response time in milliseconds: 309
2 < 200
2 < Date: Thu, 22 Sep 2022 08:06:39 GMT
2 < Content-Type: application/json
2 < Transfer-Encoding: chunked
2 < Connection: keep-alive
2 < Access-Control-Allow-Origin: *
2 < Access-Control-Allow-Methods: GET, POST, DELETE, PUT
2 < Access-Control-Allow-Headers: Content-Type, api_key, Authorization
2 < X-Expires-After: Thu Sep 22 09:06:39 UTC 2022
2 < X-Rate-Limit: 5000
2 < Server: Jetty(9.2.9.v20150224)
{"code":200,"type":"unknown","message":"logged in user session:1663833999914"}

09:06:38.483 [main] DEBUG com.intuit.karate - request:
3 > PUT https://petstore.swagger.io/v2/user/agx4r2xl
3 > Content-Type: application/json; charset=UTF-8
3 > Content-Length: 136
3 > Host: petstore.swagger.io
3 > Connection: Keep-Alive
3 > User-Agent: Apache-HttpClient/4.5.13 (Java/11.0.15.1)
3 > Accept-Encoding: gzip,deflate
{"username":"agx4r2xl","firstName":"Trevor","lastName":"Parisian","email":"w9nfhzkpx@gmail.com","password":"d13yeo0i","phone":175295525}

09:06:38.927 [main] DEBUG com.intuit.karate - response time in milliseconds: 444
3 < 200
3 < Date: Thu, 22 Sep 2022 08:06:40 GMT
3 < Content-Type: application/json
3 < Transfer-Encoding: chunked
3 < Connection: keep-alive
3 < Access-Control-Allow-Origin: *
3 < Access-Control-Allow-Methods: GET, POST, DELETE, PUT
3 < Access-Control-Allow-Headers: Content-Type, api_key, Authorization
3 < Server: Jetty(9.2.9.v20150224)
{"code":200,"type":"unknown","message":"6874987788"}

---------------------------------------------------------
feature: classpath:examples/petstore/user/put/putUser.feature
scenarios:  1 | passed:  1 | failed:  0 | time: 1,0742
---------------------------------------------------------

]]></system-out>
  </testcase>
  <testcase name="[1:7] Locators Json Call" classname="examples/ui_playground/common" time="0.022">
    <system-out><![CDATA[09:06:38.965 [main] INFO  com.intuit.karate - karate.env system property was: null 
---------------------------------------------------------
feature: classpath:examples/ui_playground/common.feature
scenarios:  1 | passed:  1 | failed:  0 | time: 0,0036
---------------------------------------------------------

]]></system-out>
  </testcase>
  <testcase name="[1:9] UI Testing Playground - Feature 10 - Finding specific value in a Dynamic Table" classname="examples/ui_playground/Feature10_DynamicTable" time="12.109">
    <system-out><![CDATA[09:06:38.987 [main] INFO  com.intuit.karate - karate.env system property was: null 
09:06:39.016 [main] DEBUG com.intuit.karate.shell.Command - found / verified free local port: 9222
09:06:39.018 [main] DEBUG c.i.k.driver.chrome_1663833999014 - poll attempt #0 for port to be ready - localhost:9222
09:06:39.017 [chrome_1663833999014] DEBUG c.i.k.driver.chrome_1663833999014 - command: [C:\Program Files\Google\Chrome\Application\chrome.exe, --remote-debugging-port=9222, --no-first-run, --user-data-dir=C:\Users\tiago.mina-azevedo\Documents\karateStuff\TestAssignmentSC\target\chrome_1663833999014, --disable-popup-blocking], working dir: target\chrome_1663833999014
09:06:40.626 [chrome_1663833999014-out] DEBUG c.i.k.driver.chrome_1663833999014 - 
09:06:40.626 [chrome_1663833999014-out] DEBUG c.i.k.driver.chrome_1663833999014 - DevTools listening on ws://127.0.0.1:9222/devtools/browser/2b7e2797-0aab-4703-9914-656b59cc9ccb
09:06:41.106 [main] DEBUG com.intuit.karate - request:
1 > GET http://localhost:9222/json
1 > Host: localhost:9222
1 > Connection: Keep-Alive
1 > User-Agent: Apache-HttpClient/4.5.13 (Java/11.0.15.1)
1 > Accept-Encoding: gzip,deflate


09:06:41.117 [main] DEBUG com.intuit.karate - response time in milliseconds: 11
1 < 200
1 < Content-Length: 1738
1 < Content-Type: application/json; charset=UTF-8
[ {
   "description": "",
   "devtoolsFrontendUrl": "/devtools/inspector.html?ws=localhost:9222/devtools/page/75733826B0D06E606B5D0EE486F47361",
   "id": "75733826B0D06E606B5D0EE486F47361",
   "title": "CryptoTokenExtension",
   "type": "background_page",
   "url": "chrome-extension://kmendfapggjehodndflmmgagdbamhnfd/_generated_background_page.html",
   "webSocketDebuggerUrl": "ws://localhost:9222/devtools/page/75733826B0D06E606B5D0EE486F47361"
}, {
   "description": "",
   "devtoolsFrontendUrl": "/devtools/inspector.html?ws=localhost:9222/devtools/page/381AD734DE1566F6F8C96DC6F55CEA23",
   "id": "381AD734DE1566F6F8C96DC6F55CEA23",
   "title": "Google Network Speech",
   "type": "background_page",
   "url": "chrome-extension://neajdppkdcdipfabeoofebfddakdcjhd/_generated_background_page.html",
   "webSocketDebuggerUrl": "ws://localhost:9222/devtools/page/381AD734DE1566F6F8C96DC6F55CEA23"
}, {
   "description": "",
   "devtoolsFrontendUrl": "/devtools/inspector.html?ws=localhost:9222/devtools/page/9B46CA1952FA8E96B55394BDF7AB4CD5",
   "id": "9B46CA1952FA8E96B55394BDF7AB4CD5",
   "title": "Google Hangouts",
   "type": "background_page",
   "url": "chrome-extension://nkeimhogjdpnpccoofpliimaahmaaome/background.html",
   "webSocketDebuggerUrl": "ws://localhost:9222/devtools/page/9B46CA1952FA8E96B55394BDF7AB4CD5"
}, {
   "description": "",
   "devtoolsFrontendUrl": "/devtools/inspector.html?ws=localhost:9222/devtools/page/8E6772562E33DE045362BD94FF8453FE",
   "id": "8E6772562E33DE045362BD94FF8453FE",
   "title": "",
   "type": "page",
   "url": "chrome://welcome/?variant=everywhere",
   "webSocketDebuggerUrl": "ws://localhost:9222/devtools/page/8E6772562E33DE045362BD94FF8453FE"
} ]


09:06:41.118 [main] DEBUG com.intuit.karate.shell.Command - ready to accept http connections after 27 ms - http://localhost:9222/json
09:06:41.120 [main] DEBUG com.intuit.karate - request:
1 > GET http://localhost:9222/json
1 > Host: localhost:9222
1 > Connection: Keep-Alive
1 > User-Agent: Apache-HttpClient/4.5.13 (Java/11.0.15.1)
1 > Accept-Encoding: gzip,deflate


09:06:41.127 [main] DEBUG com.intuit.karate - response time in milliseconds: 7
1 < 200
1 < Content-Length: 1738
1 < Content-Type: application/json; charset=UTF-8
[ {
   "description": "",
   "devtoolsFrontendUrl": "/devtools/inspector.html?ws=localhost:9222/devtools/page/75733826B0D06E606B5D0EE486F47361",
   "id": "75733826B0D06E606B5D0EE486F47361",
   "title": "CryptoTokenExtension",
   "type": "background_page",
   "url": "chrome-extension://kmendfapggjehodndflmmgagdbamhnfd/_generated_background_page.html",
   "webSocketDebuggerUrl": "ws://localhost:9222/devtools/page/75733826B0D06E606B5D0EE486F47361"
}, {
   "description": "",
   "devtoolsFrontendUrl": "/devtools/inspector.html?ws=localhost:9222/devtools/page/381AD734DE1566F6F8C96DC6F55CEA23",
   "id": "381AD734DE1566F6F8C96DC6F55CEA23",
   "title": "Google Network Speech",
   "type": "background_page",
   "url": "chrome-extension://neajdppkdcdipfabeoofebfddakdcjhd/_generated_background_page.html",
   "webSocketDebuggerUrl": "ws://localhost:9222/devtools/page/381AD734DE1566F6F8C96DC6F55CEA23"
}, {
   "description": "",
   "devtoolsFrontendUrl": "/devtools/inspector.html?ws=localhost:9222/devtools/page/9B46CA1952FA8E96B55394BDF7AB4CD5",
   "id": "9B46CA1952FA8E96B55394BDF7AB4CD5",
   "title": "Google Hangouts",
   "type": "background_page",
   "url": "chrome-extension://nkeimhogjdpnpccoofpliimaahmaaome/background.html",
   "webSocketDebuggerUrl": "ws://localhost:9222/devtools/page/9B46CA1952FA8E96B55394BDF7AB4CD5"
}, {
   "description": "",
   "devtoolsFrontendUrl": "/devtools/inspector.html?ws=localhost:9222/devtools/page/8E6772562E33DE045362BD94FF8453FE",
   "id": "8E6772562E33DE045362BD94FF8453FE",
   "title": "",
   "type": "page",
   "url": "chrome://welcome/?variant=everywhere",
   "webSocketDebuggerUrl": "ws://localhost:9222/devtools/page/8E6772562E33DE045362BD94FF8453FE"
} ]


09:06:41.138 [main] DEBUG c.i.k.driver.chrome_1663833999014 - root frame id: 8E6772562E33DE045362BD94FF8453FE
09:06:42.296 [nioEventLoopGroup-2-1] DEBUG c.i.k.http.WebSocketClientHandler - websocket client connected
09:06:42.306 [main] DEBUG c.i.k.driver.chrome_1663833999014 - >> {"id":1,"method":"Target.attachToTarget","params":{"targetId":"8E6772562E33DE045362BD94FF8453FE","flatten":true}}
09:06:42.332 [nioEventLoopGroup-2-1] DEBUG c.i.k.driver.chrome_1663833999014 - << {"method":"Target.attachedToTarget","params":{"sessionId":"BF2B0A025C0CD3E34300C6D671E88202","targetInfo":{"targetId":"8E6772562E33DE045362BD94FF8453FE","type":"page","title":"","url":"chrome://welcome/?variant=everywhere","attached":true,"canAccessOpener":false,"browserContextId":"0514F3984243A43AC02F4A688AAFA4AF"},"waitingForDebugger":false}}
09:06:42.333 [nioEventLoopGroup-2-1] DEBUG c.i.k.driver.chrome_1663833999014 - << {"id":1,"result":{"sessionId":"BF2B0A025C0CD3E34300C6D671E88202"}}
09:06:42.334 [main] DEBUG c.i.k.driver.chrome_1663833999014 - >> {"id":2,"sessionId":"BF2B0A025C0CD3E34300C6D671E88202","method":"Target.activateTarget","params":{"targetId":"8E6772562E33DE045362BD94FF8453FE"}}
09:06:42.336 [nioEventLoopGroup-2-1] DEBUG c.i.k.driver.chrome_1663833999014 - << {"id":2,"result":{},"sessionId":"BF2B0A025C0CD3E34300C6D671E88202"}
09:06:42.337 [main] DEBUG c.i.k.driver.chrome_1663833999014 - >> {"id":3,"sessionId":"BF2B0A025C0CD3E34300C6D671E88202","method":"Target.setDiscoverTargets","params":{"discover":true}}
09:06:42.338 [nioEventLoopGroup-2-1] DEBUG c.i.k.driver.chrome_1663833999014 - << {"method":"Target.targetCreated","params":{"targetInfo":{"targetId":"381AD734DE1566F6F8C96DC6F55CEA23","type":"background_page","title":"Google Network Speech","url":"chrome-extension://neajdppkdcdipfabeoofebfddakdcjhd/_generated_background_page.html","attached":false,"canAccessOpener":false,"browserContextId":"0514F3984243A43AC02F4A688AAFA4AF"}},"sessionId":"BF2B0A025C0CD3E34300C6D671E88202"}
09:06:42.338 [nioEventLoopGroup-2-1] DEBUG c.i.k.driver.chrome_1663833999014 - << {"method":"Target.targetCreated","params":{"targetInfo":{"targetId":"75733826B0D06E606B5D0EE486F47361","type":"background_page","title":"CryptoTokenExtension","url":"chrome-extension://kmendfapggjehodndflmmgagdbamhnfd/_generated_background_page.html","attached":false,"canAccessOpener":false,"browserContextId":"0514F3984243A43AC02F4A688AAFA4AF"}},"sessionId":"BF2B0A025C0CD3E34300C6D671E88202"}
09:06:42.340 [nioEventLoopGroup-2-1] DEBUG c.i.k.driver.chrome_1663833999014 - << {"method":"Target.targetCreated","params":{"targetInfo":{"targetId":"8E6772562E33DE045362BD94FF8453FE","type":"page","title":"","url":"chrome://welcome/?variant=everywhere","attached":true,"canAccessOpener":false,"browserContextId":"0514F3984243A43AC02F4A688AAFA4AF"}},"sessionId":"BF2B0A025C0CD3E34300C6D671E88202"}
09:06:42.340 [nioEventLoopGroup-2-1] DEBUG c.i.k.driver.chrome_1663833999014 - << {"method":"Target.targetCreated","params":{"targetInfo":{"targetId":"9B46CA1952FA8E96B55394BDF7AB4CD5","type":"background_page","title":"Google Hangouts","url":"chrome-extension://nkeimhogjdpnpccoofpliimaahmaaome/background.html","attached":false,"canAccessOpener":false,"browserContextId":"0514F3984243A43AC02F4A688AAFA4AF"}},"sessionId":"BF2B0A025C0CD3E34300C6D671E88202"}
09:06:42.340 [nioEventLoopGroup-2-1] DEBUG c.i.k.driver.chrome_1663833999014 - << {"id":3,"result":{},"sessionId":"BF2B0A025C0CD3E34300C6D671E88202"}
09:06:42.340 [main] DEBUG c.i.k.driver.chrome_1663833999014 - >> {"id":4,"sessionId":"BF2B0A025C0CD3E34300C6D671E88202","method":"Page.enable"}
09:06:44.527 [nioEventLoopGroup-2-1] DEBUG c.i.k.driver.chrome_1663833999014 - << {"method":"Target.targetInfoChanged","params":{"targetInfo":{"targetId":"8E6772562E33DE045362BD94FF8453FE","type":"page","title":"chrome://welcome/?variant=everywhere","url":"chrome://welcome/?variant=everywhere","attached":true,"canAccessOpener":false,"browserContextId":"0514F3984243A43AC02F4A688AAFA4AF"}},"sessionId":"BF2B0A025C0CD3E34300C6D671E88202"}
09:06:44.531 [nioEventLoopGroup-2-1] DEBUG c.i.k.driver.chrome_1663833999014 - << {"method":"Target.targetInfoChanged","params":{"targetInfo":{"targetId":"9B46CA1952FA8E96B55394BDF7AB4CD5","type":"background_page","title":"Google Hangouts","url":"chrome-extension://nkeimhogjdpnpccoofpliimaahmaaome/background.html","attached":false,"canAccessOpener":false,"browserContextId":"0514F3984243A43AC02F4A688AAFA4AF"}},"sessionId":"BF2B0A025C0CD3E34300C6D671E88202"}
09:06:44.578 [nioEventLoopGroup-2-1] DEBUG c.i.k.driver.chrome_1663833999014 - << {"method":"Target.targetInfoChanged","params":{"targetInfo":{"targetId":"75733826B0D06E606B5D0EE486F47361","type":"background_page","title":"CryptoTokenExtension","url":"chrome-extension://kmendfapggjehodndflmmgagdbamhnfd/_generated_background_page.html","attached":false,"canAccessOpener":false,"browserContextId":"0514F3984243A43AC02F4A688AAFA4AF"}},"sessionId":"BF2B0A025C0CD3E34300C6D671E88202"}
09:06:44.578 [nioEventLoopGroup-2-1] DEBUG c.i.k.driver.chrome_1663833999014 - << {"method":"Target.targetInfoChanged","params":{"targetInfo":{"targetId":"381AD734DE1566F6F8C96DC6F55CEA23","type":"background_page","title":"Google Network Speech","url":"chrome-extension://neajdppkdcdipfabeoofebfddakdcjhd/_generated_background_page.html","attached":false,"canAccessOpener":false,"browserContextId":"0514F3984243A43AC02F4A688AAFA4AF"}},"sessionId":"BF2B0A025C0CD3E34300C6D671E88202"}
09:06:44.579 [nioEventLoopGroup-2-1] DEBUG c.i.k.driver.chrome_1663833999014 - << {"id":4,"result":{},"sessionId":"BF2B0A025C0CD3E34300C6D671E88202"}
09:06:44.579 [main] DEBUG c.i.k.driver.chrome_1663833999014 - >> {"id":5,"sessionId":"BF2B0A025C0CD3E34300C6D671E88202","method":"Runtime.enable"}
09:06:45.310 [nioEventLoopGroup-2-1] DEBUG c.i.k.driver.chrome_1663833999014 - << {"method":"Runtime.executionContextCreated","params":{"context":{"id":1,"origin":"chrome://welcome","name":"","uniqueId":"3931715468199462463.6943521385118823587","auxData":{"isDefault":true,"type":"default","frameId":"8E6772562E33DE045362BD94FF8453FE"}}},"sessionId":"BF2B0A025C0CD3E34300C6D671E88202"}
09:06:45.311 [nioEventLoopGroup-2-1] DEBUG c.i.k.driver.chrome_1663833999014 - << {"id":5,"result":{},"sessionId":"BF2B0A025C0CD3E34300C6D671E88202"}
09:06:45.313 [main] DEBUG c.i.k.driver.chrome_1663833999014 - >> {"id":6,"sessionId":"BF2B0A025C0CD3E34300C6D671E88202","method":"Browser.getWindowForTarget","params":{"targetId":"8E6772562E33DE045362BD94FF8453FE"}}
09:06:45.315 [nioEventLoopGroup-2-1] DEBUG c.i.k.driver.chrome_1663833999014 - << {"id":6,"result":{"windowId":688585785,"bounds":{"left":10,"top":10,"width":945,"height":1020,"windowState":"normal"}},"sessionId":"BF2B0A025C0CD3E34300C6D671E88202"}
09:06:45.418 [main] DEBUG c.i.k.driver.chrome_1663833999014 - >> {"id":7,"sessionId":"BF2B0A025C0CD3E34300C6D671E88202","method":"Page.navigate","params":{"url":"http:\/\/www.uitestingplayground.com\/home"}}
09:06:45.611 [nioEventLoopGroup-2-1] DEBUG c.i.k.driver.chrome_1663833999014 - << {"method":"Target.targetInfoChanged","params":{"targetInfo":{"targetId":"8E6772562E33DE045362BD94FF8453FE","type":"page","title":"Bem-vindo ao Chrome","url":"http://www.uitestingplayground.com/home","attached":true,"canAccessOpener":false,"browserContextId":"0514F3984243A43AC02F4A688AAFA4AF"}},"sessionId":"BF2B0A025C0CD3E34300C6D671E88202"}
09:06:45.635 [nioEventLoopGroup-2-1] DEBUG c.i.k.driver.chrome_1663833999014 - << {"method":"Page.navigatedWithinDocument","params":{"frameId":"8E6772562E33DE045362BD94FF8453FE","url":"chrome://welcome/"},"sessionId":"BF2B0A025C0CD3E34300C6D671E88202"}
09:06:45.635 [nioEventLoopGroup-2-1] DEBUG c.i.k.driver.chrome_1663833999014 - << {"method":"Page.domContentEventFired","params":{"timestamp":935.380394},"sessionId":"BF2B0A025C0CD3E34300C6D671E88202"}
09:06:45.649 [main] DEBUG c.i.k.driver.chrome_1663833999014 - >> {"id":8,"sessionId":"BF2B0A025C0CD3E34300C6D671E88202","method":"Runtime.evaluate","params":{"expression":"document.evaluate(\"\/\/a[normalize-space(text())='Dynamic Table']\", document, null, 9, null).singleNodeValue.click()","returnByValue":true}}
09:06:45.663 [nioEventLoopGroup-2-1] DEBUG c.i.k.driver.chrome_1663833999014 - << {"method":"Page.loadEventFired","params":{"timestamp":935.401922},"sessionId":"BF2B0A025C0CD3E34300C6D671E88202"}
09:06:45.663 [nioEventLoopGroup-2-1] DEBUG c.i.k.driver.chrome_1663833999014 - << {"method":"Page.frameStoppedLoading","params":{"frameId":"8E6772562E33DE045362BD94FF8453FE"},"sessionId":"BF2B0A025C0CD3E34300C6D671E88202"}
09:06:45.849 [nioEventLoopGroup-2-1] DEBUG c.i.k.driver.chrome_1663833999014 - << {"id":7,"result":{"frameId":"8E6772562E33DE045362BD94FF8453FE","loaderId":"BED74BF940F66C3F6B3E11F8D93674E0"},"sessionId":"BF2B0A025C0CD3E34300C6D671E88202"}
09:06:45.852 [nioEventLoopGroup-2-1] DEBUG c.i.k.driver.chrome_1663833999014 - << {"method":"Runtime.executionContextsCleared","params":{},"sessionId":"BF2B0A025C0CD3E34300C6D671E88202"}
09:06:45.853 [nioEventLoopGroup-2-1] DEBUG c.i.k.driver.chrome_1663833999014 - << {"method":"Page.frameStartedLoading","params":{"frameId":"8E6772562E33DE045362BD94FF8453FE"},"sessionId":"BF2B0A025C0CD3E34300C6D671E88202"}
09:06:45.859 [nioEventLoopGroup-2-1] DEBUG c.i.k.driver.chrome_1663833999014 - << {"method":"Target.targetInfoChanged","params":{"targetInfo":{"targetId":"8E6772562E33DE045362BD94FF8453FE","type":"page","title":"www.uitestingplayground.com/home","url":"http://www.uitestingplayground.com/home","attached":true,"canAccessOpener":false,"browserContextId":"0514F3984243A43AC02F4A688AAFA4AF"}},"sessionId":"BF2B0A025C0CD3E34300C6D671E88202"}
09:06:45.866 [nioEventLoopGroup-2-1] DEBUG c.i.k.driver.chrome_1663833999014 - << {"method":"Runtime.executionContextsCleared","params":{},"sessionId":"BF2B0A025C0CD3E34300C6D671E88202"}
09:06:45.866 [nioEventLoopGroup-2-1] DEBUG c.i.k.driver.chrome_1663833999014 - << {"method":"Page.frameNavigated","params":{"frame":{"id":"8E6772562E33DE045362BD94FF8453FE","loaderId":"BED74BF940F66C3F6B3E11F8D93674E0","url":"http://www.uitestingplayground.com/home","domainAndRegistry":"uitestingplayground.com","securityOrigin":"http://www.uitestingplayground.com","mimeType":"text/html","adFrameStatus":{"adFrameType":"none"},"secureContextType":"InsecureScheme","crossOriginIsolatedContextType":"NotIsolated","gatedAPIFeatures":[]},"type":"Navigation"},"sessionId":"BF2B0A025C0CD3E34300C6D671E88202"}
09:06:45.867 [nioEventLoopGroup-2-1] DEBUG c.i.k.driver.chrome_1663833999014 - << {"method":"Runtime.executionContextCreated","params":{"context":{"id":1,"origin":"http://www.uitestingplayground.com","name":"","uniqueId":"8594992039548463767.1334603667963883347","auxData":{"isDefault":true,"type":"default","frameId":"8E6772562E33DE045362BD94FF8453FE"}}},"sessionId":"BF2B0A025C0CD3E34300C6D671E88202"}
09:06:45.872 [nioEventLoopGroup-2-1] DEBUG c.i.k.driver.chrome_1663833999014 - << {"id":8,"result":{"result":{"type":"object","subtype":"error","className":"TypeError","description":"TypeError: Cannot read properties of null (reading 'click')\n    at <anonymous>:1:107","objectId":"7223559739928740998.1.1"},"exceptionDetails":{"exceptionId":1,"text":"Uncaught","lineNumber":0,"columnNumber":106,"scriptId":"5","stackTrace":{"callFrames":[{"functionName":"","scriptId":"5","url":"","lineNumber":0,"columnNumber":106}]},"exception":{"type":"object","subtype":"error","className":"TypeError","description":"TypeError: Cannot read properties of null (reading 'click')\n    at <anonymous>:1:107","objectId":"7223559739928740998.1.2"}}},"sessionId":"BF2B0A025C0CD3E34300C6D671E88202"}
09:06:45.872 [nioEventLoopGroup-2-1] WARN  c.i.k.driver.chrome_1663833999014 - devtools error: [id: 8, sessionId: BF2B0A025C0CD3E34300C6D671E88202, result: [type: MAP, value: {type=object, subtype=error, className=TypeError, description=TypeError: Cannot read properties of null (reading 'click')
    at <anonymous>:1:107, objectId=7223559739928740998.1.1}]]
09:06:45.875 [main] WARN  c.i.k.driver.chrome_1663833999014 - js eval failed once:document.evaluate("//a[normalize-space(text())='Dynamic Table']", document, null, 9, null).singleNodeValue.click(), error: [type: MAP, value: {type=object, subtype=error, className=TypeError, description=TypeError: Cannot read properties of null (reading 'click')
    at <anonymous>:1:107, objectId=7223559739928740998.1.1}]
09:06:46.351 [nioEventLoopGroup-2-1] DEBUG c.i.k.driver.chrome_1663833999014 - << {"method":"Page.domContentEventFired","params":{"timestamp":936.09589},"sessionId":"BF2B0A025C0CD3E34300C6D671E88202"}
09:06:46.611 [chrome_1663833999014-out] DEBUG c.i.k.driver.chrome_1663833999014 - [1564:960:0922/090646.611:ERROR:device_event_log_impl.cc(214)] [09:06:46.610] USB: usb_device_handle_win.cc:1048 Failed to read descriptor from node connection: Um dispositivo ligado ao sistema não está a funcionar. (0x1F)
09:06:46.611 [chrome_1663833999014-out] DEBUG c.i.k.driver.chrome_1663833999014 - [1564:960:0922/090646.611:ERROR:device_event_log_impl.cc(214)] [09:06:46.611] USB: usb_device_handle_win.cc:1048 Failed to read descriptor from node connection: Um dispositivo ligado ao sistema não está a funcionar. (0x1F)
09:06:46.611 [chrome_1663833999014-out] DEBUG c.i.k.driver.chrome_1663833999014 - [1564:960:0922/090646.611:ERROR:device_event_log_impl.cc(214)] [09:06:46.611] USB: usb_device_handle_win.cc:1048 Failed to read descriptor from node connection: Um dispositivo ligado ao sistema não está a funcionar. (0x1F)
09:06:46.719 [nioEventLoopGroup-2-1] DEBUG c.i.k.driver.chrome_1663833999014 - << {"method":"Page.loadEventFired","params":{"timestamp":936.415083},"sessionId":"BF2B0A025C0CD3E34300C6D671E88202"}
09:06:46.719 [nioEventLoopGroup-2-1] DEBUG c.i.k.driver.chrome_1663833999014 - << {"method":"Page.frameStoppedLoading","params":{"frameId":"8E6772562E33DE045362BD94FF8453FE"},"sessionId":"BF2B0A025C0CD3E34300C6D671E88202"}
09:06:48.882 [main] DEBUG c.i.k.driver.chrome_1663833999014 - >> {"id":9,"sessionId":"BF2B0A025C0CD3E34300C6D671E88202","method":"Runtime.evaluate","params":{"expression":"document.evaluate(\"\/\/a[normalize-space(text())='Dynamic Table']\", document, null, 9, null).singleNodeValue.click()","returnByValue":true}}
09:06:48.909 [nioEventLoopGroup-2-1] DEBUG c.i.k.driver.chrome_1663833999014 - << {"method":"Page.frameScheduledNavigation","params":{"frameId":"8E6772562E33DE045362BD94FF8453FE","delay":0,"reason":"anchorClick","url":"http://www.uitestingplayground.com/dynamictable"},"sessionId":"BF2B0A025C0CD3E34300C6D671E88202"}
09:06:48.909 [nioEventLoopGroup-2-1] DEBUG c.i.k.driver.chrome_1663833999014 - << {"method":"Page.frameRequestedNavigation","params":{"frameId":"8E6772562E33DE045362BD94FF8453FE","reason":"anchorClick","url":"http://www.uitestingplayground.com/dynamictable","disposition":"currentTab"},"sessionId":"BF2B0A025C0CD3E34300C6D671E88202"}
09:06:48.912 [nioEventLoopGroup-2-1] DEBUG c.i.k.driver.chrome_1663833999014 - << {"method":"Page.frameStartedLoading","params":{"frameId":"8E6772562E33DE045362BD94FF8453FE"},"sessionId":"BF2B0A025C0CD3E34300C6D671E88202"}
09:06:48.919 [nioEventLoopGroup-2-1] DEBUG c.i.k.driver.chrome_1663833999014 - << {"method":"Page.frameClearedScheduledNavigation","params":{"frameId":"8E6772562E33DE045362BD94FF8453FE"},"sessionId":"BF2B0A025C0CD3E34300C6D671E88202"}
09:06:48.919 [nioEventLoopGroup-2-1] DEBUG c.i.k.driver.chrome_1663833999014 - << {"id":9,"result":{"result":{"type":"undefined"}},"sessionId":"BF2B0A025C0CD3E34300C6D671E88202"}
09:06:49.046 [nioEventLoopGroup-2-1] DEBUG c.i.k.driver.chrome_1663833999014 - << {"method":"Runtime.executionContextsCleared","params":{},"sessionId":"BF2B0A025C0CD3E34300C6D671E88202"}
09:06:49.046 [nioEventLoopGroup-2-1] DEBUG c.i.k.driver.chrome_1663833999014 - << {"method":"Page.frameStartedLoading","params":{"frameId":"8E6772562E33DE045362BD94FF8453FE"},"sessionId":"BF2B0A025C0CD3E34300C6D671E88202"}
09:06:49.051 [nioEventLoopGroup-2-1] DEBUG c.i.k.driver.chrome_1663833999014 - << {"method":"Target.targetInfoChanged","params":{"targetInfo":{"targetId":"8E6772562E33DE045362BD94FF8453FE","type":"page","title":"www.uitestingplayground.com/dynamictable","url":"http://www.uitestingplayground.com/dynamictable","attached":true,"canAccessOpener":false,"browserContextId":"0514F3984243A43AC02F4A688AAFA4AF"}},"sessionId":"BF2B0A025C0CD3E34300C6D671E88202"}
09:06:49.052 [nioEventLoopGroup-2-1] DEBUG c.i.k.driver.chrome_1663833999014 - << {"method":"Runtime.executionContextsCleared","params":{},"sessionId":"BF2B0A025C0CD3E34300C6D671E88202"}
09:06:49.052 [nioEventLoopGroup-2-1] DEBUG c.i.k.driver.chrome_1663833999014 - << {"method":"Page.frameNavigated","params":{"frame":{"id":"8E6772562E33DE045362BD94FF8453FE","loaderId":"88231808CBCEBF8F726495EF3F8ECC41","url":"http://www.uitestingplayground.com/dynamictable","domainAndRegistry":"uitestingplayground.com","securityOrigin":"http://www.uitestingplayground.com","mimeType":"text/html","adFrameStatus":{"adFrameType":"none"},"secureContextType":"InsecureScheme","crossOriginIsolatedContextType":"NotIsolated","gatedAPIFeatures":[]},"type":"Navigation"},"sessionId":"BF2B0A025C0CD3E34300C6D671E88202"}
09:06:49.052 [nioEventLoopGroup-2-1] DEBUG c.i.k.driver.chrome_1663833999014 - << {"method":"Runtime.executionContextCreated","params":{"context":{"id":2,"origin":"http://www.uitestingplayground.com","name":"","uniqueId":"-465416739454219042.3712539020064374875","auxData":{"isDefault":true,"type":"default","frameId":"8E6772562E33DE045362BD94FF8453FE"}}},"sessionId":"BF2B0A025C0CD3E34300C6D671E88202"}
09:06:49.332 [nioEventLoopGroup-2-1] DEBUG c.i.k.driver.chrome_1663833999014 - << {"method":"Page.domContentEventFired","params":{"timestamp":939.07751},"sessionId":"BF2B0A025C0CD3E34300C6D671E88202"}
09:06:49.346 [nioEventLoopGroup-2-1] DEBUG c.i.k.driver.chrome_1663833999014 - << {"method":"Page.loadEventFired","params":{"timestamp":939.077997},"sessionId":"BF2B0A025C0CD3E34300C6D671E88202"}
09:06:49.346 [nioEventLoopGroup-2-1] DEBUG c.i.k.driver.chrome_1663833999014 - << {"method":"Page.frameStoppedLoading","params":{"frameId":"8E6772562E33DE045362BD94FF8453FE"},"sessionId":"BF2B0A025C0CD3E34300C6D671E88202"}
09:06:50.940 [main] DEBUG c.i.k.driver.chrome_1663833999014 - >> {"id":10,"sessionId":"BF2B0A025C0CD3E34300C6D671E88202","method":"Runtime.evaluate","params":{"expression":"document.evaluate(\"\/\/span[contains(text(),'Chrome')]\/ancestor::div[@role='row']\/child::span[contains(text(),'%')]\", document, null, 9, null).singleNodeValue['textContent']","returnByValue":true}}
09:06:50.957 [nioEventLoopGroup-2-1] DEBUG c.i.k.driver.chrome_1663833999014 - << {"id":10,"result":{"result":{"type":"string","value":"5.8%"}},"sessionId":"BF2B0A025C0CD3E34300C6D671E88202"}
09:06:50.959 [main] DEBUG c.i.k.driver.chrome_1663833999014 - >> {"id":11,"sessionId":"BF2B0A025C0CD3E34300C6D671E88202","method":"Runtime.evaluate","params":{"expression":"document.evaluate(\"\/\/p[contains(text(),'Chrome CPU:')]\", document, null, 9, null).singleNodeValue['textContent']","returnByValue":true}}
09:06:50.964 [nioEventLoopGroup-2-1] DEBUG c.i.k.driver.chrome_1663833999014 - << {"id":11,"result":{"result":{"type":"string","value":"Chrome CPU: 5.8%"}},"sessionId":"BF2B0A025C0CD3E34300C6D671E88202"}
09:06:50.965 [main] DEBUG c.i.k.driver.chrome_1663833999014 - >> {"id":12,"sessionId":"BF2B0A025C0CD3E34300C6D671E88202","method":"Target.closeTarget","params":{"targetId":"8E6772562E33DE045362BD94FF8453FE"}}
09:06:50.973 [nioEventLoopGroup-2-1] DEBUG c.i.k.http.WebSocketClientHandler - websocket client disconnected
09:06:50.975 [main] DEBUG com.intuit.karate.shell.Command - closing command: chrome_1663833999014
---------------------------------------------------------
feature: classpath:examples/ui_playground/Feature10_DynamicTable.feature
scenarios:  1 | passed:  1 | failed:  0 | time: 11,9763
---------------------------------------------------------

]]></system-out>
  </testcase>
  <testcase name="[1:9] UI Testing Playground - Feature 11 - Verify Text" classname="examples/ui_playground/Feature11_VerifyText" time="6.388">
    <system-out><![CDATA[09:06:51.101 [main] INFO  com.intuit.karate - karate.env system property was: null 
09:06:51.124 [main] DEBUG com.intuit.karate.shell.Command - found / verified free local port: 64075
09:06:51.125 [main] WARN  c.intuit.karate.driver.DriverOptions - preferred port 9222 not available, will use: 64075
09:06:51.126 [main] DEBUG c.i.k.driver.chrome_1663834011124 - poll attempt #0 for port to be ready - localhost:64075
09:06:51.130 [chrome_1663834011124] DEBUG c.i.k.driver.chrome_1663834011124 - command: [C:\Program Files\Google\Chrome\Application\chrome.exe, --remote-debugging-port=64075, --no-first-run, --user-data-dir=C:\Users\tiago.mina-azevedo\Documents\karateStuff\TestAssignmentSC\target\chrome_1663834011124, --disable-popup-blocking], working dir: target\chrome_1663834011124
09:06:51.287 [chrome_1663833999014] WARN  com.intuit.karate.shell.Command - exit code was non-zero: 1 - [C:\Program Files\Google\Chrome\Application\chrome.exe, --remote-debugging-port=9222, --no-first-run, --user-data-dir=C:\Users\tiago.mina-azevedo\Documents\karateStuff\TestAssignmentSC\target\chrome_1663833999014, --disable-popup-blocking] working dir: target\chrome_1663833999014
09:06:52.444 [chrome_1663834011124-out] DEBUG c.i.k.driver.chrome_1663834011124 - 
09:06:52.444 [chrome_1663834011124-out] DEBUG c.i.k.driver.chrome_1663834011124 - DevTools listening on ws://127.0.0.1:64075/devtools/browser/d07782c4-86cd-4e8e-bb16-70430372a770
09:06:52.659 [main] DEBUG com.intuit.karate - request:
1 > GET http://localhost:64075/json
1 > Host: localhost:64075
1 > Connection: Keep-Alive
1 > User-Agent: Apache-HttpClient/4.5.13 (Java/11.0.15.1)
1 > Accept-Encoding: gzip,deflate


09:06:52.662 [main] DEBUG com.intuit.karate - response time in milliseconds: 2
1 < 200
1 < Content-Length: 1746
1 < Content-Type: application/json; charset=UTF-8
[ {
   "description": "",
   "devtoolsFrontendUrl": "/devtools/inspector.html?ws=localhost:64075/devtools/page/7956FC6699F2627F7A8DAC09558800CD",
   "id": "7956FC6699F2627F7A8DAC09558800CD",
   "title": "CryptoTokenExtension",
   "type": "background_page",
   "url": "chrome-extension://kmendfapggjehodndflmmgagdbamhnfd/_generated_background_page.html",
   "webSocketDebuggerUrl": "ws://localhost:64075/devtools/page/7956FC6699F2627F7A8DAC09558800CD"
}, {
   "description": "",
   "devtoolsFrontendUrl": "/devtools/inspector.html?ws=localhost:64075/devtools/page/ACBDABDECFDDAF2AE2E2E8E0111938E8",
   "id": "ACBDABDECFDDAF2AE2E2E8E0111938E8",
   "title": "Google Network Speech",
   "type": "background_page",
   "url": "chrome-extension://neajdppkdcdipfabeoofebfddakdcjhd/_generated_background_page.html",
   "webSocketDebuggerUrl": "ws://localhost:64075/devtools/page/ACBDABDECFDDAF2AE2E2E8E0111938E8"
}, {
   "description": "",
   "devtoolsFrontendUrl": "/devtools/inspector.html?ws=localhost:64075/devtools/page/C42B16AFEF8077095FD1DC552F160FA6",
   "id": "C42B16AFEF8077095FD1DC552F160FA6",
   "title": "Google Hangouts",
   "type": "background_page",
   "url": "chrome-extension://nkeimhogjdpnpccoofpliimaahmaaome/background.html",
   "webSocketDebuggerUrl": "ws://localhost:64075/devtools/page/C42B16AFEF8077095FD1DC552F160FA6"
}, {
   "description": "",
   "devtoolsFrontendUrl": "/devtools/inspector.html?ws=localhost:64075/devtools/page/403512117C18E2B24F8408886325E59B",
   "id": "403512117C18E2B24F8408886325E59B",
   "title": "",
   "type": "page",
   "url": "chrome://welcome/?variant=everywhere",
   "webSocketDebuggerUrl": "ws://localhost:64075/devtools/page/403512117C18E2B24F8408886325E59B"
} ]


09:06:52.664 [main] DEBUG com.intuit.karate.shell.Command - ready to accept http connections after 8 ms - http://localhost:64075/json
09:06:52.666 [main] DEBUG com.intuit.karate - request:
1 > GET http://localhost:64075/json
1 > Host: localhost:64075
1 > Connection: Keep-Alive
1 > User-Agent: Apache-HttpClient/4.5.13 (Java/11.0.15.1)
1 > Accept-Encoding: gzip,deflate


09:06:52.668 [main] DEBUG com.intuit.karate - response time in milliseconds: 2
1 < 200
1 < Content-Length: 1746
1 < Content-Type: application/json; charset=UTF-8
[ {
   "description": "",
   "devtoolsFrontendUrl": "/devtools/inspector.html?ws=localhost:64075/devtools/page/7956FC6699F2627F7A8DAC09558800CD",
   "id": "7956FC6699F2627F7A8DAC09558800CD",
   "title": "CryptoTokenExtension",
   "type": "background_page",
   "url": "chrome-extension://kmendfapggjehodndflmmgagdbamhnfd/_generated_background_page.html",
   "webSocketDebuggerUrl": "ws://localhost:64075/devtools/page/7956FC6699F2627F7A8DAC09558800CD"
}, {
   "description": "",
   "devtoolsFrontendUrl": "/devtools/inspector.html?ws=localhost:64075/devtools/page/ACBDABDECFDDAF2AE2E2E8E0111938E8",
   "id": "ACBDABDECFDDAF2AE2E2E8E0111938E8",
   "title": "Google Network Speech",
   "type": "background_page",
   "url": "chrome-extension://neajdppkdcdipfabeoofebfddakdcjhd/_generated_background_page.html",
   "webSocketDebuggerUrl": "ws://localhost:64075/devtools/page/ACBDABDECFDDAF2AE2E2E8E0111938E8"
}, {
   "description": "",
   "devtoolsFrontendUrl": "/devtools/inspector.html?ws=localhost:64075/devtools/page/C42B16AFEF8077095FD1DC552F160FA6",
   "id": "C42B16AFEF8077095FD1DC552F160FA6",
   "title": "Google Hangouts",
   "type": "background_page",
   "url": "chrome-extension://nkeimhogjdpnpccoofpliimaahmaaome/background.html",
   "webSocketDebuggerUrl": "ws://localhost:64075/devtools/page/C42B16AFEF8077095FD1DC552F160FA6"
}, {
   "description": "",
   "devtoolsFrontendUrl": "/devtools/inspector.html?ws=localhost:64075/devtools/page/403512117C18E2B24F8408886325E59B",
   "id": "403512117C18E2B24F8408886325E59B",
   "title": "",
   "type": "page",
   "url": "chrome://welcome/?variant=everywhere",
   "webSocketDebuggerUrl": "ws://localhost:64075/devtools/page/403512117C18E2B24F8408886325E59B"
} ]


09:06:52.668 [main] DEBUG c.i.k.driver.chrome_1663834011124 - root frame id: 403512117C18E2B24F8408886325E59B
09:06:52.693 [nioEventLoopGroup-3-1] DEBUG c.i.k.http.WebSocketClientHandler - websocket client connected
09:06:52.693 [main] DEBUG c.i.k.driver.chrome_1663834011124 - >> {"id":1,"method":"Target.attachToTarget","params":{"targetId":"403512117C18E2B24F8408886325E59B","flatten":true}}
09:06:52.698 [nioEventLoopGroup-3-1] DEBUG c.i.k.driver.chrome_1663834011124 - << {"method":"Target.attachedToTarget","params":{"sessionId":"34F462EAF2944C6AA3CEDEF2693E71FC","targetInfo":{"targetId":"403512117C18E2B24F8408886325E59B","type":"page","title":"","url":"chrome://welcome/?variant=everywhere","attached":true,"canAccessOpener":false,"browserContextId":"BF336376926FAFD9E72EC61D7CB7C202"},"waitingForDebugger":false}}
09:06:52.699 [nioEventLoopGroup-3-1] DEBUG c.i.k.driver.chrome_1663834011124 - << {"id":1,"result":{"sessionId":"34F462EAF2944C6AA3CEDEF2693E71FC"}}
09:06:52.700 [main] DEBUG c.i.k.driver.chrome_1663834011124 - >> {"id":2,"sessionId":"34F462EAF2944C6AA3CEDEF2693E71FC","method":"Target.activateTarget","params":{"targetId":"403512117C18E2B24F8408886325E59B"}}
09:06:52.701 [nioEventLoopGroup-3-1] DEBUG c.i.k.driver.chrome_1663834011124 - << {"id":2,"result":{},"sessionId":"34F462EAF2944C6AA3CEDEF2693E71FC"}
09:06:52.702 [main] DEBUG c.i.k.driver.chrome_1663834011124 - >> {"id":3,"sessionId":"34F462EAF2944C6AA3CEDEF2693E71FC","method":"Target.setDiscoverTargets","params":{"discover":true}}
09:06:52.703 [nioEventLoopGroup-3-1] DEBUG c.i.k.driver.chrome_1663834011124 - << {"method":"Target.targetCreated","params":{"targetInfo":{"targetId":"403512117C18E2B24F8408886325E59B","type":"page","title":"","url":"chrome://welcome/?variant=everywhere","attached":true,"canAccessOpener":false,"browserContextId":"BF336376926FAFD9E72EC61D7CB7C202"}},"sessionId":"34F462EAF2944C6AA3CEDEF2693E71FC"}
09:06:52.703 [nioEventLoopGroup-3-1] DEBUG c.i.k.driver.chrome_1663834011124 - << {"method":"Target.targetCreated","params":{"targetInfo":{"targetId":"7956FC6699F2627F7A8DAC09558800CD","type":"background_page","title":"CryptoTokenExtension","url":"chrome-extension://kmendfapggjehodndflmmgagdbamhnfd/_generated_background_page.html","attached":false,"canAccessOpener":false,"browserContextId":"BF336376926FAFD9E72EC61D7CB7C202"}},"sessionId":"34F462EAF2944C6AA3CEDEF2693E71FC"}
09:06:52.703 [nioEventLoopGroup-3-1] DEBUG c.i.k.driver.chrome_1663834011124 - << {"method":"Target.targetCreated","params":{"targetInfo":{"targetId":"ACBDABDECFDDAF2AE2E2E8E0111938E8","type":"background_page","title":"Google Network Speech","url":"chrome-extension://neajdppkdcdipfabeoofebfddakdcjhd/_generated_background_page.html","attached":false,"canAccessOpener":false,"browserContextId":"BF336376926FAFD9E72EC61D7CB7C202"}},"sessionId":"34F462EAF2944C6AA3CEDEF2693E71FC"}
09:06:52.703 [nioEventLoopGroup-3-1] DEBUG c.i.k.driver.chrome_1663834011124 - << {"method":"Target.targetCreated","params":{"targetInfo":{"targetId":"C42B16AFEF8077095FD1DC552F160FA6","type":"background_page","title":"Google Hangouts","url":"chrome-extension://nkeimhogjdpnpccoofpliimaahmaaome/background.html","attached":false,"canAccessOpener":false,"browserContextId":"BF336376926FAFD9E72EC61D7CB7C202"}},"sessionId":"34F462EAF2944C6AA3CEDEF2693E71FC"}
09:06:52.704 [nioEventLoopGroup-3-1] DEBUG c.i.k.driver.chrome_1663834011124 - << {"id":3,"result":{},"sessionId":"34F462EAF2944C6AA3CEDEF2693E71FC"}
09:06:52.705 [main] DEBUG c.i.k.driver.chrome_1663834011124 - >> {"id":4,"sessionId":"34F462EAF2944C6AA3CEDEF2693E71FC","method":"Page.enable"}
09:06:54.094 [nioEventLoopGroup-3-1] DEBUG c.i.k.driver.chrome_1663834011124 - << {"method":"Target.targetInfoChanged","params":{"targetInfo":{"targetId":"403512117C18E2B24F8408886325E59B","type":"page","title":"chrome://welcome/?variant=everywhere","url":"chrome://welcome/?variant=everywhere","attached":true,"canAccessOpener":false,"browserContextId":"BF336376926FAFD9E72EC61D7CB7C202"}},"sessionId":"34F462EAF2944C6AA3CEDEF2693E71FC"}
09:06:54.096 [nioEventLoopGroup-3-1] DEBUG c.i.k.driver.chrome_1663834011124 - << {"id":4,"result":{},"sessionId":"34F462EAF2944C6AA3CEDEF2693E71FC"}
09:06:54.097 [main] DEBUG c.i.k.driver.chrome_1663834011124 - >> {"id":5,"sessionId":"34F462EAF2944C6AA3CEDEF2693E71FC","method":"Runtime.enable"}
09:06:54.167 [nioEventLoopGroup-3-1] DEBUG c.i.k.driver.chrome_1663834011124 - << {"method":"Target.targetInfoChanged","params":{"targetInfo":{"targetId":"C42B16AFEF8077095FD1DC552F160FA6","type":"background_page","title":"Google Hangouts","url":"chrome-extension://nkeimhogjdpnpccoofpliimaahmaaome/background.html","attached":false,"canAccessOpener":false,"browserContextId":"BF336376926FAFD9E72EC61D7CB7C202"}},"sessionId":"34F462EAF2944C6AA3CEDEF2693E71FC"}
09:06:54.229 [nioEventLoopGroup-3-1] DEBUG c.i.k.driver.chrome_1663834011124 - << {"method":"Target.targetInfoChanged","params":{"targetInfo":{"targetId":"ACBDABDECFDDAF2AE2E2E8E0111938E8","type":"background_page","title":"Google Network Speech","url":"chrome-extension://neajdppkdcdipfabeoofebfddakdcjhd/_generated_background_page.html","attached":false,"canAccessOpener":false,"browserContextId":"BF336376926FAFD9E72EC61D7CB7C202"}},"sessionId":"34F462EAF2944C6AA3CEDEF2693E71FC"}
09:06:54.244 [nioEventLoopGroup-3-1] DEBUG c.i.k.driver.chrome_1663834011124 - << {"method":"Target.targetInfoChanged","params":{"targetInfo":{"targetId":"7956FC6699F2627F7A8DAC09558800CD","type":"background_page","title":"CryptoTokenExtension","url":"chrome-extension://kmendfapggjehodndflmmgagdbamhnfd/_generated_background_page.html","attached":false,"canAccessOpener":false,"browserContextId":"BF336376926FAFD9E72EC61D7CB7C202"}},"sessionId":"34F462EAF2944C6AA3CEDEF2693E71FC"}
09:06:55.124 [nioEventLoopGroup-3-1] DEBUG c.i.k.driver.chrome_1663834011124 - << {"method":"Runtime.executionContextCreated","params":{"context":{"id":1,"origin":"chrome://welcome","name":"","uniqueId":"4420469931880428936.6511225876771194628","auxData":{"isDefault":true,"type":"default","frameId":"403512117C18E2B24F8408886325E59B"}}},"sessionId":"34F462EAF2944C6AA3CEDEF2693E71FC"}
09:06:55.125 [nioEventLoopGroup-3-1] DEBUG c.i.k.driver.chrome_1663834011124 - << {"id":5,"result":{},"sessionId":"34F462EAF2944C6AA3CEDEF2693E71FC"}
09:06:55.126 [main] DEBUG c.i.k.driver.chrome_1663834011124 - >> {"id":6,"sessionId":"34F462EAF2944C6AA3CEDEF2693E71FC","method":"Browser.getWindowForTarget","params":{"targetId":"403512117C18E2B24F8408886325E59B"}}
09:06:55.128 [nioEventLoopGroup-3-1] DEBUG c.i.k.driver.chrome_1663834011124 - << {"id":6,"result":{"windowId":1864504884,"bounds":{"left":10,"top":10,"width":945,"height":1020,"windowState":"normal"}},"sessionId":"34F462EAF2944C6AA3CEDEF2693E71FC"}
09:06:55.148 [main] DEBUG c.i.k.driver.chrome_1663834011124 - >> {"id":7,"sessionId":"34F462EAF2944C6AA3CEDEF2693E71FC","method":"Page.navigate","params":{"url":"http:\/\/www.uitestingplayground.com\/home"}}
09:06:55.312 [nioEventLoopGroup-3-1] DEBUG c.i.k.driver.chrome_1663834011124 - << {"method":"Target.targetInfoChanged","params":{"targetInfo":{"targetId":"403512117C18E2B24F8408886325E59B","type":"page","title":"Bem-vindo ao Chrome","url":"http://www.uitestingplayground.com/home","attached":true,"canAccessOpener":false,"browserContextId":"BF336376926FAFD9E72EC61D7CB7C202"}},"sessionId":"34F462EAF2944C6AA3CEDEF2693E71FC"}
09:06:55.336 [nioEventLoopGroup-3-1] DEBUG c.i.k.driver.chrome_1663834011124 - << {"method":"Page.navigatedWithinDocument","params":{"frameId":"403512117C18E2B24F8408886325E59B","url":"chrome://welcome/"},"sessionId":"34F462EAF2944C6AA3CEDEF2693E71FC"}
09:06:55.336 [nioEventLoopGroup-3-1] DEBUG c.i.k.driver.chrome_1663834011124 - << {"method":"Page.domContentEventFired","params":{"timestamp":945.080947},"sessionId":"34F462EAF2944C6AA3CEDEF2693E71FC"}
09:06:55.336 [main] DEBUG c.i.k.driver.chrome_1663834011124 - >> {"id":8,"sessionId":"34F462EAF2944C6AA3CEDEF2693E71FC","method":"Runtime.evaluate","params":{"expression":"document.evaluate(\"\/\/a[normalize-space(text())='Verify Text']\", document, null, 9, null).singleNodeValue.click()","returnByValue":true}}
09:06:55.344 [nioEventLoopGroup-3-1] DEBUG c.i.k.driver.chrome_1663834011124 - << {"id":7,"result":{"frameId":"403512117C18E2B24F8408886325E59B","loaderId":"9AF74E444A3CF773DB426B6DAD6D7452"},"sessionId":"34F462EAF2944C6AA3CEDEF2693E71FC"}
09:06:55.344 [nioEventLoopGroup-3-1] DEBUG c.i.k.driver.chrome_1663834011124 - << {"method":"Runtime.executionContextsCleared","params":{},"sessionId":"34F462EAF2944C6AA3CEDEF2693E71FC"}
09:06:55.345 [nioEventLoopGroup-3-1] DEBUG c.i.k.driver.chrome_1663834011124 - << {"method":"Page.frameStartedLoading","params":{"frameId":"403512117C18E2B24F8408886325E59B"},"sessionId":"34F462EAF2944C6AA3CEDEF2693E71FC"}
09:06:55.356 [nioEventLoopGroup-3-1] DEBUG c.i.k.driver.chrome_1663834011124 - << {"method":"Target.targetInfoChanged","params":{"targetInfo":{"targetId":"403512117C18E2B24F8408886325E59B","type":"page","title":"www.uitestingplayground.com/home","url":"http://www.uitestingplayground.com/home","attached":true,"canAccessOpener":false,"browserContextId":"BF336376926FAFD9E72EC61D7CB7C202"}},"sessionId":"34F462EAF2944C6AA3CEDEF2693E71FC"}
09:06:55.359 [nioEventLoopGroup-3-1] DEBUG c.i.k.driver.chrome_1663834011124 - << {"method":"Runtime.executionContextsCleared","params":{},"sessionId":"34F462EAF2944C6AA3CEDEF2693E71FC"}
09:06:55.360 [nioEventLoopGroup-3-1] DEBUG c.i.k.driver.chrome_1663834011124 - << {"method":"Page.frameNavigated","params":{"frame":{"id":"403512117C18E2B24F8408886325E59B","loaderId":"9AF74E444A3CF773DB426B6DAD6D7452","url":"http://www.uitestingplayground.com/home","domainAndRegistry":"uitestingplayground.com","securityOrigin":"http://www.uitestingplayground.com","mimeType":"text/html","adFrameStatus":{"adFrameType":"none"},"secureContextType":"InsecureScheme","crossOriginIsolatedContextType":"NotIsolated","gatedAPIFeatures":[]},"type":"Navigation"},"sessionId":"34F462EAF2944C6AA3CEDEF2693E71FC"}
09:06:55.360 [nioEventLoopGroup-3-1] DEBUG c.i.k.driver.chrome_1663834011124 - << {"method":"Runtime.executionContextCreated","params":{"context":{"id":1,"origin":"http://www.uitestingplayground.com","name":"","uniqueId":"-1437522985243606630.451033580421229578","auxData":{"isDefault":true,"type":"default","frameId":"403512117C18E2B24F8408886325E59B"}}},"sessionId":"34F462EAF2944C6AA3CEDEF2693E71FC"}
09:06:55.363 [nioEventLoopGroup-3-1] DEBUG c.i.k.driver.chrome_1663834011124 - << {"method":"Page.frameScheduledNavigation","params":{"frameId":"403512117C18E2B24F8408886325E59B","delay":0,"reason":"anchorClick","url":"http://www.uitestingplayground.com/verifytext"},"sessionId":"34F462EAF2944C6AA3CEDEF2693E71FC"}
09:06:55.364 [nioEventLoopGroup-3-1] DEBUG c.i.k.driver.chrome_1663834011124 - << {"method":"Page.frameRequestedNavigation","params":{"frameId":"403512117C18E2B24F8408886325E59B","reason":"anchorClick","url":"http://www.uitestingplayground.com/verifytext","disposition":"currentTab"},"sessionId":"34F462EAF2944C6AA3CEDEF2693E71FC"}
09:06:55.370 [nioEventLoopGroup-3-1] DEBUG c.i.k.driver.chrome_1663834011124 - << {"method":"Page.frameClearedScheduledNavigation","params":{"frameId":"403512117C18E2B24F8408886325E59B"},"sessionId":"34F462EAF2944C6AA3CEDEF2693E71FC"}
09:06:55.371 [nioEventLoopGroup-3-1] DEBUG c.i.k.driver.chrome_1663834011124 - << {"id":8,"result":{"result":{"type":"undefined"}},"sessionId":"34F462EAF2944C6AA3CEDEF2693E71FC"}
09:06:55.647 [nioEventLoopGroup-3-1] DEBUG c.i.k.driver.chrome_1663834011124 - << {"method":"Runtime.executionContextsCleared","params":{},"sessionId":"34F462EAF2944C6AA3CEDEF2693E71FC"}
09:06:55.648 [nioEventLoopGroup-3-1] DEBUG c.i.k.driver.chrome_1663834011124 - << {"method":"Page.frameStartedLoading","params":{"frameId":"403512117C18E2B24F8408886325E59B"},"sessionId":"34F462EAF2944C6AA3CEDEF2693E71FC"}
09:06:55.657 [nioEventLoopGroup-3-1] DEBUG c.i.k.driver.chrome_1663834011124 - << {"method":"Target.targetInfoChanged","params":{"targetInfo":{"targetId":"403512117C18E2B24F8408886325E59B","type":"page","title":"www.uitestingplayground.com/verifytext","url":"http://www.uitestingplayground.com/verifytext","attached":true,"canAccessOpener":false,"browserContextId":"BF336376926FAFD9E72EC61D7CB7C202"}},"sessionId":"34F462EAF2944C6AA3CEDEF2693E71FC"}
09:06:55.659 [nioEventLoopGroup-3-1] DEBUG c.i.k.driver.chrome_1663834011124 - << {"method":"Runtime.executionContextsCleared","params":{},"sessionId":"34F462EAF2944C6AA3CEDEF2693E71FC"}
09:06:55.660 [nioEventLoopGroup-3-1] DEBUG c.i.k.driver.chrome_1663834011124 - << {"method":"Page.frameNavigated","params":{"frame":{"id":"403512117C18E2B24F8408886325E59B","loaderId":"F0549B9BE2E79EE7F2CD92E6F0F14DC1","url":"http://www.uitestingplayground.com/verifytext","domainAndRegistry":"uitestingplayground.com","securityOrigin":"http://www.uitestingplayground.com","mimeType":"text/html","adFrameStatus":{"adFrameType":"none"},"secureContextType":"InsecureScheme","crossOriginIsolatedContextType":"NotIsolated","gatedAPIFeatures":[]},"type":"Navigation"},"sessionId":"34F462EAF2944C6AA3CEDEF2693E71FC"}
09:06:55.660 [nioEventLoopGroup-3-1] DEBUG c.i.k.driver.chrome_1663834011124 - << {"method":"Runtime.executionContextCreated","params":{"context":{"id":2,"origin":"http://www.uitestingplayground.com","name":"","uniqueId":"-5396833671117589833.-7182263909816909841","auxData":{"isDefault":true,"type":"default","frameId":"403512117C18E2B24F8408886325E59B"}}},"sessionId":"34F462EAF2944C6AA3CEDEF2693E71FC"}
09:06:55.911 [nioEventLoopGroup-3-1] DEBUG c.i.k.driver.chrome_1663834011124 - << {"method":"Page.domContentEventFired","params":{"timestamp":945.655925},"sessionId":"34F462EAF2944C6AA3CEDEF2693E71FC"}
09:06:55.913 [nioEventLoopGroup-3-1] DEBUG c.i.k.driver.chrome_1663834011124 - << {"method":"Page.loadEventFired","params":{"timestamp":945.656649},"sessionId":"34F462EAF2944C6AA3CEDEF2693E71FC"}
09:06:55.914 [nioEventLoopGroup-3-1] DEBUG c.i.k.driver.chrome_1663834011124 - << {"method":"Page.frameStoppedLoading","params":{"frameId":"403512117C18E2B24F8408886325E59B"},"sessionId":"34F462EAF2944C6AA3CEDEF2693E71FC"}
09:06:56.251 [chrome_1663834011124-out] DEBUG c.i.k.driver.chrome_1663834011124 - [17344:3232:0922/090656.251:ERROR:device_event_log_impl.cc(214)] [09:06:56.251] USB: usb_device_handle_win.cc:1048 Failed to read descriptor from node connection: Um dispositivo ligado ao sistema não está a funcionar. (0x1F)
09:06:56.252 [chrome_1663834011124-out] DEBUG c.i.k.driver.chrome_1663834011124 - [17344:3232:0922/090656.252:ERROR:device_event_log_impl.cc(214)] [09:06:56.252] USB: usb_device_handle_win.cc:1048 Failed to read descriptor from node connection: Um dispositivo ligado ao sistema não está a funcionar. (0x1F)
09:06:56.252 [chrome_1663834011124-out] DEBUG c.i.k.driver.chrome_1663834011124 - [17344:3232:0922/090656.252:ERROR:device_event_log_impl.cc(214)] [09:06:56.252] USB: usb_device_handle_win.cc:1048 Failed to read descriptor from node connection: Um dispositivo ligado ao sistema não está a funcionar. (0x1F)
09:06:57.384 [main] DEBUG c.i.k.driver.chrome_1663834011124 - >> {"id":9,"sessionId":"34F462EAF2944C6AA3CEDEF2693E71FC","method":"Runtime.evaluate","params":{"expression":"document.evaluate(\"\/\/span[contains(text(),'Welcome ')]\", document, null, 9, null).singleNodeValue['textContent']","returnByValue":true}}
09:06:57.386 [nioEventLoopGroup-3-1] DEBUG c.i.k.driver.chrome_1663834011124 - << {"id":9,"result":{"result":{"type":"string","value":"\n                \n    Welcome UserName!\n        \n"}},"sessionId":"34F462EAF2944C6AA3CEDEF2693E71FC"}
09:06:57.387 [main] DEBUG c.i.k.driver.chrome_1663834011124 - >> {"id":10,"sessionId":"34F462EAF2944C6AA3CEDEF2693E71FC","method":"Target.closeTarget","params":{"targetId":"403512117C18E2B24F8408886325E59B"}}
09:06:57.414 [nioEventLoopGroup-3-1] DEBUG c.i.k.http.WebSocketClientHandler - websocket client disconnected
09:06:57.416 [main] DEBUG com.intuit.karate.shell.Command - closing command: chrome_1663834011124
---------------------------------------------------------
feature: classpath:examples/ui_playground/Feature11_VerifyText.feature
scenarios:  1 | passed:  1 | failed:  0 | time: 6,2824
---------------------------------------------------------

]]></system-out>
  </testcase>
  <testcase name="[1:9] UI Testing Playground - Feature 1 - Dynamic ID - Clicking a button without recording its element by the Dynamic ID" classname="examples/ui_playground/Feature1_DynamicID" time="9.101">
    <system-out><![CDATA[09:06:57.487 [main] INFO  com.intuit.karate - karate.env system property was: null 
09:06:57.502 [main] DEBUG com.intuit.karate.shell.Command - found / verified free local port: 64150
09:06:57.503 [main] WARN  c.intuit.karate.driver.DriverOptions - preferred port 9222 not available, will use: 64150
09:06:57.504 [main] DEBUG c.i.k.driver.chrome_1663834017502 - poll attempt #0 for port to be ready - localhost:64150
09:06:57.508 [chrome_1663834017502] DEBUG c.i.k.driver.chrome_1663834017502 - command: [C:\Program Files\Google\Chrome\Application\chrome.exe, --remote-debugging-port=64150, --no-first-run, --user-data-dir=C:\Users\tiago.mina-azevedo\Documents\karateStuff\TestAssignmentSC\target\chrome_1663834017502, --disable-popup-blocking], working dir: target\chrome_1663834017502
09:06:57.857 [chrome_1663834011124] WARN  com.intuit.karate.shell.Command - exit code was non-zero: 1 - [C:\Program Files\Google\Chrome\Application\chrome.exe, --remote-debugging-port=64075, --no-first-run, --user-data-dir=C:\Users\tiago.mina-azevedo\Documents\karateStuff\TestAssignmentSC\target\chrome_1663834011124, --disable-popup-blocking] working dir: target\chrome_1663834011124
09:06:59.808 [main] DEBUG c.i.k.driver.chrome_1663834017502 - poll attempt #1 for port to be ready - localhost:64150
09:06:59.981 [chrome_1663834017502-out] DEBUG c.i.k.driver.chrome_1663834017502 - 
09:06:59.981 [chrome_1663834017502-out] DEBUG c.i.k.driver.chrome_1663834017502 - DevTools listening on ws://127.0.0.1:64150/devtools/browser/a890ced6-575e-44db-b7b7-42dac88796f9
09:07:00.319 [main] DEBUG com.intuit.karate - request:
1 > GET http://localhost:64150/json
1 > Host: localhost:64150
1 > Connection: Keep-Alive
1 > User-Agent: Apache-HttpClient/4.5.13 (Java/11.0.15.1)
1 > Accept-Encoding: gzip,deflate


09:07:00.407 [main] DEBUG com.intuit.karate - response time in milliseconds: 88
1 < 200
1 < Content-Length: 386
1 < Content-Type: application/json; charset=UTF-8
[ {
   "description": "",
   "devtoolsFrontendUrl": "/devtools/inspector.html?ws=localhost:64150/devtools/page/6FE061A48CA42506F587BEDBD45C1196",
   "id": "6FE061A48CA42506F587BEDBD45C1196",
   "title": "",
   "type": "page",
   "url": "chrome://welcome/?variant=everywhere",
   "webSocketDebuggerUrl": "ws://localhost:64150/devtools/page/6FE061A48CA42506F587BEDBD45C1196"
} ]


09:07:00.408 [main] DEBUG com.intuit.karate.shell.Command - ready to accept http connections after 92 ms - http://localhost:64150/json
09:07:00.409 [main] DEBUG com.intuit.karate - request:
1 > GET http://localhost:64150/json
1 > Host: localhost:64150
1 > Connection: Keep-Alive
1 > User-Agent: Apache-HttpClient/4.5.13 (Java/11.0.15.1)
1 > Accept-Encoding: gzip,deflate


09:07:00.443 [main] DEBUG com.intuit.karate - response time in milliseconds: 34
1 < 200
1 < Content-Length: 825
1 < Content-Type: application/json; charset=UTF-8
[ {
   "description": "",
   "devtoolsFrontendUrl": "/devtools/inspector.html?ws=localhost:64150/devtools/page/ED8E8376A371ACF971A89EBD00B65E3B",
   "id": "ED8E8376A371ACF971A89EBD00B65E3B",
   "title": "Google Hangouts",
   "type": "background_page",
   "url": "chrome-extension://nkeimhogjdpnpccoofpliimaahmaaome/background.html",
   "webSocketDebuggerUrl": "ws://localhost:64150/devtools/page/ED8E8376A371ACF971A89EBD00B65E3B"
}, {
   "description": "",
   "devtoolsFrontendUrl": "/devtools/inspector.html?ws=localhost:64150/devtools/page/6FE061A48CA42506F587BEDBD45C1196",
   "id": "6FE061A48CA42506F587BEDBD45C1196",
   "title": "",
   "type": "page",
   "url": "chrome://welcome/?variant=everywhere",
   "webSocketDebuggerUrl": "ws://localhost:64150/devtools/page/6FE061A48CA42506F587BEDBD45C1196"
} ]


09:07:00.444 [main] DEBUG c.i.k.driver.chrome_1663834017502 - root frame id: 6FE061A48CA42506F587BEDBD45C1196
09:07:00.477 [nioEventLoopGroup-4-1] DEBUG c.i.k.http.WebSocketClientHandler - websocket client connected
09:07:00.478 [main] DEBUG c.i.k.driver.chrome_1663834017502 - >> {"id":1,"method":"Target.attachToTarget","params":{"targetId":"6FE061A48CA42506F587BEDBD45C1196","flatten":true}}
09:07:00.482 [nioEventLoopGroup-4-1] DEBUG c.i.k.driver.chrome_1663834017502 - << {"method":"Target.attachedToTarget","params":{"sessionId":"BD2F88BC91838DC4BDCBC1D7407345D9","targetInfo":{"targetId":"6FE061A48CA42506F587BEDBD45C1196","type":"page","title":"","url":"chrome://welcome/?variant=everywhere","attached":true,"canAccessOpener":false,"browserContextId":"D7496D5994DDBE5A17AB04218D53DF45"},"waitingForDebugger":false}}
09:07:00.484 [nioEventLoopGroup-4-1] DEBUG c.i.k.driver.chrome_1663834017502 - << {"id":1,"result":{"sessionId":"BD2F88BC91838DC4BDCBC1D7407345D9"}}
09:07:00.484 [main] DEBUG c.i.k.driver.chrome_1663834017502 - >> {"id":2,"sessionId":"BD2F88BC91838DC4BDCBC1D7407345D9","method":"Target.activateTarget","params":{"targetId":"6FE061A48CA42506F587BEDBD45C1196"}}
09:07:00.489 [nioEventLoopGroup-4-1] DEBUG c.i.k.driver.chrome_1663834017502 - << {"id":2,"result":{},"sessionId":"BD2F88BC91838DC4BDCBC1D7407345D9"}
09:07:00.489 [main] DEBUG c.i.k.driver.chrome_1663834017502 - >> {"id":3,"sessionId":"BD2F88BC91838DC4BDCBC1D7407345D9","method":"Target.setDiscoverTargets","params":{"discover":true}}
09:07:00.491 [nioEventLoopGroup-4-1] DEBUG c.i.k.driver.chrome_1663834017502 - << {"method":"Target.targetCreated","params":{"targetInfo":{"targetId":"2FF79D0B2082C79BA87DA92E3D593282","type":"background_page","title":"CryptoTokenExtension","url":"chrome-extension://kmendfapggjehodndflmmgagdbamhnfd/_generated_background_page.html","attached":false,"canAccessOpener":false,"browserContextId":"D7496D5994DDBE5A17AB04218D53DF45"}},"sessionId":"BD2F88BC91838DC4BDCBC1D7407345D9"}
09:07:00.492 [nioEventLoopGroup-4-1] DEBUG c.i.k.driver.chrome_1663834017502 - << {"method":"Target.targetCreated","params":{"targetInfo":{"targetId":"6FE061A48CA42506F587BEDBD45C1196","type":"page","title":"","url":"chrome://welcome/?variant=everywhere","attached":true,"canAccessOpener":false,"browserContextId":"D7496D5994DDBE5A17AB04218D53DF45"}},"sessionId":"BD2F88BC91838DC4BDCBC1D7407345D9"}
09:07:00.492 [nioEventLoopGroup-4-1] DEBUG c.i.k.driver.chrome_1663834017502 - << {"method":"Target.targetCreated","params":{"targetInfo":{"targetId":"DBFE0D87BCFE70F7781429B20F12365A","type":"background_page","title":"Google Network Speech","url":"chrome-extension://neajdppkdcdipfabeoofebfddakdcjhd/_generated_background_page.html","attached":false,"canAccessOpener":false,"browserContextId":"D7496D5994DDBE5A17AB04218D53DF45"}},"sessionId":"BD2F88BC91838DC4BDCBC1D7407345D9"}
09:07:00.493 [nioEventLoopGroup-4-1] DEBUG c.i.k.driver.chrome_1663834017502 - << {"method":"Target.targetCreated","params":{"targetInfo":{"targetId":"ED8E8376A371ACF971A89EBD00B65E3B","type":"background_page","title":"Google Hangouts","url":"chrome-extension://nkeimhogjdpnpccoofpliimaahmaaome/background.html","attached":false,"canAccessOpener":false,"browserContextId":"D7496D5994DDBE5A17AB04218D53DF45"}},"sessionId":"BD2F88BC91838DC4BDCBC1D7407345D9"}
09:07:00.493 [nioEventLoopGroup-4-1] DEBUG c.i.k.driver.chrome_1663834017502 - << {"id":3,"result":{},"sessionId":"BD2F88BC91838DC4BDCBC1D7407345D9"}
09:07:00.493 [main] DEBUG c.i.k.driver.chrome_1663834017502 - >> {"id":4,"sessionId":"BD2F88BC91838DC4BDCBC1D7407345D9","method":"Page.enable"}
09:07:02.629 [nioEventLoopGroup-4-1] DEBUG c.i.k.driver.chrome_1663834017502 - << {"method":"Target.targetInfoChanged","params":{"targetInfo":{"targetId":"6FE061A48CA42506F587BEDBD45C1196","type":"page","title":"chrome://welcome/?variant=everywhere","url":"chrome://welcome/?variant=everywhere","attached":true,"canAccessOpener":false,"browserContextId":"D7496D5994DDBE5A17AB04218D53DF45"}},"sessionId":"BD2F88BC91838DC4BDCBC1D7407345D9"}
09:07:02.632 [nioEventLoopGroup-4-1] DEBUG c.i.k.driver.chrome_1663834017502 - << {"id":4,"result":{},"sessionId":"BD2F88BC91838DC4BDCBC1D7407345D9"}
09:07:02.632 [main] DEBUG c.i.k.driver.chrome_1663834017502 - >> {"id":5,"sessionId":"BD2F88BC91838DC4BDCBC1D7407345D9","method":"Runtime.enable"}
09:07:02.659 [nioEventLoopGroup-4-1] DEBUG c.i.k.driver.chrome_1663834017502 - << {"method":"Target.targetInfoChanged","params":{"targetInfo":{"targetId":"DBFE0D87BCFE70F7781429B20F12365A","type":"background_page","title":"Google Network Speech","url":"chrome-extension://neajdppkdcdipfabeoofebfddakdcjhd/_generated_background_page.html","attached":false,"canAccessOpener":false,"browserContextId":"D7496D5994DDBE5A17AB04218D53DF45"}},"sessionId":"BD2F88BC91838DC4BDCBC1D7407345D9"}
09:07:02.709 [nioEventLoopGroup-4-1] DEBUG c.i.k.driver.chrome_1663834017502 - << {"method":"Target.targetInfoChanged","params":{"targetInfo":{"targetId":"2FF79D0B2082C79BA87DA92E3D593282","type":"background_page","title":"CryptoTokenExtension","url":"chrome-extension://kmendfapggjehodndflmmgagdbamhnfd/_generated_background_page.html","attached":false,"canAccessOpener":false,"browserContextId":"D7496D5994DDBE5A17AB04218D53DF45"}},"sessionId":"BD2F88BC91838DC4BDCBC1D7407345D9"}
09:07:02.786 [nioEventLoopGroup-4-1] DEBUG c.i.k.driver.chrome_1663834017502 - << {"method":"Target.targetInfoChanged","params":{"targetInfo":{"targetId":"ED8E8376A371ACF971A89EBD00B65E3B","type":"background_page","title":"Google Hangouts","url":"chrome-extension://nkeimhogjdpnpccoofpliimaahmaaome/background.html","attached":false,"canAccessOpener":false,"browserContextId":"D7496D5994DDBE5A17AB04218D53DF45"}},"sessionId":"BD2F88BC91838DC4BDCBC1D7407345D9"}
09:07:03.864 [nioEventLoopGroup-4-1] DEBUG c.i.k.driver.chrome_1663834017502 - << {"method":"Runtime.executionContextCreated","params":{"context":{"id":1,"origin":"chrome://welcome","name":"","uniqueId":"5022858220387841164.1134388754173215893","auxData":{"isDefault":true,"type":"default","frameId":"6FE061A48CA42506F587BEDBD45C1196"}}},"sessionId":"BD2F88BC91838DC4BDCBC1D7407345D9"}
09:07:03.865 [nioEventLoopGroup-4-1] DEBUG c.i.k.driver.chrome_1663834017502 - << {"id":5,"result":{},"sessionId":"BD2F88BC91838DC4BDCBC1D7407345D9"}
09:07:03.867 [main] DEBUG c.i.k.driver.chrome_1663834017502 - >> {"id":6,"sessionId":"BD2F88BC91838DC4BDCBC1D7407345D9","method":"Browser.getWindowForTarget","params":{"targetId":"6FE061A48CA42506F587BEDBD45C1196"}}
09:07:03.869 [nioEventLoopGroup-4-1] DEBUG c.i.k.driver.chrome_1663834017502 - << {"id":6,"result":{"windowId":1740196727,"bounds":{"left":10,"top":10,"width":945,"height":1020,"windowState":"normal"}},"sessionId":"BD2F88BC91838DC4BDCBC1D7407345D9"}
09:07:03.875 [main] DEBUG c.i.k.driver.chrome_1663834017502 - >> {"id":7,"sessionId":"BD2F88BC91838DC4BDCBC1D7407345D9","method":"Page.navigate","params":{"url":"http:\/\/www.uitestingplayground.com\/home"}}
09:07:04.052 [nioEventLoopGroup-4-1] DEBUG c.i.k.driver.chrome_1663834017502 - << {"id":7,"result":{"frameId":"6FE061A48CA42506F587BEDBD45C1196","loaderId":"C77E189387356A52FA2B3224A30EA9D6"},"sessionId":"BD2F88BC91838DC4BDCBC1D7407345D9"}
09:07:04.054 [nioEventLoopGroup-4-1] DEBUG c.i.k.driver.chrome_1663834017502 - << {"method":"Runtime.executionContextsCleared","params":{},"sessionId":"BD2F88BC91838DC4BDCBC1D7407345D9"}
09:07:04.055 [nioEventLoopGroup-4-1] DEBUG c.i.k.driver.chrome_1663834017502 - << {"method":"Page.frameStartedLoading","params":{"frameId":"6FE061A48CA42506F587BEDBD45C1196"},"sessionId":"BD2F88BC91838DC4BDCBC1D7407345D9"}
09:07:04.073 [nioEventLoopGroup-4-1] DEBUG c.i.k.driver.chrome_1663834017502 - << {"method":"Target.targetInfoChanged","params":{"targetInfo":{"targetId":"6FE061A48CA42506F587BEDBD45C1196","type":"page","title":"www.uitestingplayground.com/home","url":"http://www.uitestingplayground.com/home","attached":true,"canAccessOpener":false,"browserContextId":"D7496D5994DDBE5A17AB04218D53DF45"}},"sessionId":"BD2F88BC91838DC4BDCBC1D7407345D9"}
09:07:04.074 [nioEventLoopGroup-4-1] DEBUG c.i.k.driver.chrome_1663834017502 - << {"method":"Runtime.executionContextsCleared","params":{},"sessionId":"BD2F88BC91838DC4BDCBC1D7407345D9"}
09:07:04.074 [nioEventLoopGroup-4-1] DEBUG c.i.k.driver.chrome_1663834017502 - << {"method":"Page.frameNavigated","params":{"frame":{"id":"6FE061A48CA42506F587BEDBD45C1196","loaderId":"C77E189387356A52FA2B3224A30EA9D6","url":"http://www.uitestingplayground.com/home","domainAndRegistry":"uitestingplayground.com","securityOrigin":"http://www.uitestingplayground.com","mimeType":"text/html","adFrameStatus":{"adFrameType":"none"},"secureContextType":"InsecureScheme","crossOriginIsolatedContextType":"NotIsolated","gatedAPIFeatures":[]},"type":"Navigation"},"sessionId":"BD2F88BC91838DC4BDCBC1D7407345D9"}
09:07:04.075 [nioEventLoopGroup-4-1] DEBUG c.i.k.driver.chrome_1663834017502 - << {"method":"Runtime.executionContextCreated","params":{"context":{"id":1,"origin":"http://www.uitestingplayground.com","name":"","uniqueId":"-6487877152132177193.-4952277375401360303","auxData":{"isDefault":true,"type":"default","frameId":"6FE061A48CA42506F587BEDBD45C1196"}}},"sessionId":"BD2F88BC91838DC4BDCBC1D7407345D9"}
09:07:04.406 [nioEventLoopGroup-4-1] DEBUG c.i.k.driver.chrome_1663834017502 - << {"method":"Page.domContentEventFired","params":{"timestamp":954.150512},"sessionId":"BD2F88BC91838DC4BDCBC1D7407345D9"}
09:07:04.408 [main] DEBUG c.i.k.driver.chrome_1663834017502 - >> {"id":8,"sessionId":"BD2F88BC91838DC4BDCBC1D7407345D9","method":"Runtime.evaluate","params":{"expression":"document.evaluate(\"\/\/a[normalize-space(text())='Dynamic ID']\", document, null, 9, null).singleNodeValue.click()","returnByValue":true}}
09:07:04.448 [nioEventLoopGroup-4-1] DEBUG c.i.k.driver.chrome_1663834017502 - << {"method":"Page.frameScheduledNavigation","params":{"frameId":"6FE061A48CA42506F587BEDBD45C1196","delay":0,"reason":"anchorClick","url":"http://www.uitestingplayground.com/dynamicid"},"sessionId":"BD2F88BC91838DC4BDCBC1D7407345D9"}
09:07:04.448 [nioEventLoopGroup-4-1] DEBUG c.i.k.driver.chrome_1663834017502 - << {"method":"Page.frameRequestedNavigation","params":{"frameId":"6FE061A48CA42506F587BEDBD45C1196","reason":"anchorClick","url":"http://www.uitestingplayground.com/dynamicid","disposition":"currentTab"},"sessionId":"BD2F88BC91838DC4BDCBC1D7407345D9"}
09:07:04.454 [nioEventLoopGroup-4-1] DEBUG c.i.k.driver.chrome_1663834017502 - << {"method":"Page.frameClearedScheduledNavigation","params":{"frameId":"6FE061A48CA42506F587BEDBD45C1196"},"sessionId":"BD2F88BC91838DC4BDCBC1D7407345D9"}
09:07:04.455 [nioEventLoopGroup-4-1] DEBUG c.i.k.driver.chrome_1663834017502 - << {"id":8,"result":{"result":{"type":"undefined"}},"sessionId":"BD2F88BC91838DC4BDCBC1D7407345D9"}
09:07:04.604 [nioEventLoopGroup-4-1] DEBUG c.i.k.driver.chrome_1663834017502 - << {"method":"Runtime.executionContextsCleared","params":{},"sessionId":"BD2F88BC91838DC4BDCBC1D7407345D9"}
09:07:04.604 [nioEventLoopGroup-4-1] DEBUG c.i.k.driver.chrome_1663834017502 - << {"method":"Page.frameStartedLoading","params":{"frameId":"6FE061A48CA42506F587BEDBD45C1196"},"sessionId":"BD2F88BC91838DC4BDCBC1D7407345D9"}
09:07:04.613 [nioEventLoopGroup-4-1] DEBUG c.i.k.driver.chrome_1663834017502 - << {"method":"Target.targetInfoChanged","params":{"targetInfo":{"targetId":"6FE061A48CA42506F587BEDBD45C1196","type":"page","title":"www.uitestingplayground.com/dynamicid","url":"http://www.uitestingplayground.com/dynamicid","attached":true,"canAccessOpener":false,"browserContextId":"D7496D5994DDBE5A17AB04218D53DF45"}},"sessionId":"BD2F88BC91838DC4BDCBC1D7407345D9"}
09:07:04.614 [nioEventLoopGroup-4-1] DEBUG c.i.k.driver.chrome_1663834017502 - << {"method":"Runtime.executionContextsCleared","params":{},"sessionId":"BD2F88BC91838DC4BDCBC1D7407345D9"}
09:07:04.615 [nioEventLoopGroup-4-1] DEBUG c.i.k.driver.chrome_1663834017502 - << {"method":"Page.frameNavigated","params":{"frame":{"id":"6FE061A48CA42506F587BEDBD45C1196","loaderId":"18C4A8CFFF29D53ABA7D879DE7223734","url":"http://www.uitestingplayground.com/dynamicid","domainAndRegistry":"uitestingplayground.com","securityOrigin":"http://www.uitestingplayground.com","mimeType":"text/html","adFrameStatus":{"adFrameType":"none"},"secureContextType":"InsecureScheme","crossOriginIsolatedContextType":"NotIsolated","gatedAPIFeatures":[]},"type":"Navigation"},"sessionId":"BD2F88BC91838DC4BDCBC1D7407345D9"}
09:07:04.615 [nioEventLoopGroup-4-1] DEBUG c.i.k.driver.chrome_1663834017502 - << {"method":"Runtime.executionContextCreated","params":{"context":{"id":2,"origin":"http://www.uitestingplayground.com","name":"","uniqueId":"-7564007252456775437.2642554617471964751","auxData":{"isDefault":true,"type":"default","frameId":"6FE061A48CA42506F587BEDBD45C1196"}}},"sessionId":"BD2F88BC91838DC4BDCBC1D7407345D9"}
09:07:04.701 [chrome_1663834017502-out] DEBUG c.i.k.driver.chrome_1663834017502 - [17736:17740:0922/090704.700:ERROR:device_event_log_impl.cc(214)] [09:07:04.701] USB: usb_device_handle_win.cc:1048 Failed to read descriptor from node connection: Um dispositivo ligado ao sistema não está a funcionar. (0x1F)
09:07:04.701 [chrome_1663834017502-out] DEBUG c.i.k.driver.chrome_1663834017502 - [17736:17740:0922/090704.701:ERROR:device_event_log_impl.cc(214)] [09:07:04.701] USB: usb_device_handle_win.cc:1048 Failed to read descriptor from node connection: Um dispositivo ligado ao sistema não está a funcionar. (0x1F)
09:07:04.702 [chrome_1663834017502-out] DEBUG c.i.k.driver.chrome_1663834017502 - [17736:17740:0922/090704.701:ERROR:device_event_log_impl.cc(214)] [09:07:04.701] USB: usb_device_handle_win.cc:1048 Failed to read descriptor from node connection: Um dispositivo ligado ao sistema não está a funcionar. (0x1F)
09:07:04.768 [nioEventLoopGroup-4-1] DEBUG c.i.k.driver.chrome_1663834017502 - << {"method":"Page.domContentEventFired","params":{"timestamp":954.513035},"sessionId":"BD2F88BC91838DC4BDCBC1D7407345D9"}
09:07:04.775 [nioEventLoopGroup-4-1] DEBUG c.i.k.driver.chrome_1663834017502 - << {"method":"Page.loadEventFired","params":{"timestamp":954.518867},"sessionId":"BD2F88BC91838DC4BDCBC1D7407345D9"}
09:07:04.775 [nioEventLoopGroup-4-1] DEBUG c.i.k.driver.chrome_1663834017502 - << {"method":"Page.frameStoppedLoading","params":{"frameId":"6FE061A48CA42506F587BEDBD45C1196"},"sessionId":"BD2F88BC91838DC4BDCBC1D7407345D9"}
09:07:05.475 [main] DEBUG c.i.k.driver.chrome_1663834017502 - >> {"id":9,"sessionId":"BD2F88BC91838DC4BDCBC1D7407345D9","method":"Runtime.evaluate","params":{"expression":"document.evaluate(\"\/\/button[contains(text(),'Button with Dynamic ID')]\", document, null, 9, null).singleNodeValue.click()","returnByValue":true}}
09:07:05.479 [nioEventLoopGroup-4-1] DEBUG c.i.k.driver.chrome_1663834017502 - << {"id":9,"result":{"result":{"type":"undefined"}},"sessionId":"BD2F88BC91838DC4BDCBC1D7407345D9"}
09:07:06.490 [main] DEBUG c.i.k.driver.chrome_1663834017502 - >> {"id":10,"sessionId":"BD2F88BC91838DC4BDCBC1D7407345D9","method":"Runtime.evaluate","params":{"expression":"document.evaluate(\"\/\/button[normalize-space(text())='Button with Dynamic ID']\", document, null, 9, null).singleNodeValue != null","returnByValue":true}}
09:07:06.493 [nioEventLoopGroup-4-1] DEBUG c.i.k.driver.chrome_1663834017502 - << {"id":10,"result":{"result":{"type":"boolean","value":true}},"sessionId":"BD2F88BC91838DC4BDCBC1D7407345D9"}
09:07:06.493 [main] DEBUG c.i.k.driver.chrome_1663834017502 - >> {"id":11,"sessionId":"BD2F88BC91838DC4BDCBC1D7407345D9","method":"Target.closeTarget","params":{"targetId":"6FE061A48CA42506F587BEDBD45C1196"}}
09:07:06.495 [nioEventLoopGroup-4-1] DEBUG c.i.k.driver.chrome_1663834017502 - << {"id":11,"result":{"success":true},"sessionId":"BD2F88BC91838DC4BDCBC1D7407345D9"}
09:07:06.506 [nioEventLoopGroup-4-1] DEBUG c.i.k.http.WebSocketClientHandler - websocket client disconnected
09:07:06.509 [main] DEBUG com.intuit.karate.shell.Command - closing command: chrome_1663834017502
---------------------------------------------------------
feature: classpath:examples/ui_playground/Feature1_DynamicID.feature
scenarios:  1 | passed:  1 | failed:  0 | time: 9,0039
---------------------------------------------------------

]]></system-out>
  </testcase>
  <testcase name="[1:9] UI Testing Playground - Feature 2 - Class Attribute - Clicking the blue button between 3 buttons that have same class" classname="examples/ui_playground/Feature2_ClassAttribute " time="20.622">
    <system-out><![CDATA[09:07:06.590 [main] INFO  com.intuit.karate - karate.env system property was: null 
09:07:06.599 [main] DEBUG com.intuit.karate.shell.Command - found / verified free local port: 64222
09:07:06.600 [main] WARN  c.intuit.karate.driver.DriverOptions - preferred port 9222 not available, will use: 64222
09:07:06.600 [main] DEBUG c.i.k.driver.chrome_1663834026599 - poll attempt #0 for port to be ready - localhost:64222
09:07:06.632 [chrome_1663834026599] DEBUG c.i.k.driver.chrome_1663834026599 - command: [C:\Program Files\Google\Chrome\Application\chrome.exe, --remote-debugging-port=64222, --no-first-run, --user-data-dir=C:\Users\tiago.mina-azevedo\Documents\karateStuff\TestAssignmentSC\target\chrome_1663834026599, --disable-popup-blocking], working dir: target\chrome_1663834026599
09:07:07.012 [chrome_1663834017502] WARN  com.intuit.karate.shell.Command - exit code was non-zero: 1 - [C:\Program Files\Google\Chrome\Application\chrome.exe, --remote-debugging-port=64150, --no-first-run, --user-data-dir=C:\Users\tiago.mina-azevedo\Documents\karateStuff\TestAssignmentSC\target\chrome_1663834017502, --disable-popup-blocking] working dir: target\chrome_1663834017502
09:07:08.903 [main] DEBUG c.i.k.driver.chrome_1663834026599 - poll attempt #1 for port to be ready - localhost:64222
09:07:09.926 [chrome_1663834026599-out] DEBUG c.i.k.driver.chrome_1663834026599 - 
09:07:09.927 [chrome_1663834026599-out] DEBUG c.i.k.driver.chrome_1663834026599 - DevTools listening on ws://127.0.0.1:64222/devtools/browser/a7153eb2-5629-4b85-950f-0c598f5ed3ff
09:07:09.937 [main] DEBUG com.intuit.karate - request:
1 > GET http://localhost:64222/json
1 > Host: localhost:64222
1 > Connection: Keep-Alive
1 > User-Agent: Apache-HttpClient/4.5.13 (Java/11.0.15.1)
1 > Accept-Encoding: gzip,deflate


09:07:10.062 [main] DEBUG com.intuit.karate - response time in milliseconds: 125
1 < 200
1 < Content-Length: 386
1 < Content-Type: application/json; charset=UTF-8
[ {
   "description": "",
   "devtoolsFrontendUrl": "/devtools/inspector.html?ws=localhost:64222/devtools/page/2459D9DFFDF52FC6890A88405F80337C",
   "id": "2459D9DFFDF52FC6890A88405F80337C",
   "title": "",
   "type": "page",
   "url": "chrome://welcome/?variant=everywhere",
   "webSocketDebuggerUrl": "ws://localhost:64222/devtools/page/2459D9DFFDF52FC6890A88405F80337C"
} ]


09:07:10.063 [main] DEBUG com.intuit.karate.shell.Command - ready to accept http connections after 129 ms - http://localhost:64222/json
09:07:10.064 [main] DEBUG com.intuit.karate - request:
1 > GET http://localhost:64222/json
1 > Host: localhost:64222
1 > Connection: Keep-Alive
1 > User-Agent: Apache-HttpClient/4.5.13 (Java/11.0.15.1)
1 > Accept-Encoding: gzip,deflate


09:07:10.082 [main] DEBUG com.intuit.karate - response time in milliseconds: 17
1 < 200
1 < Content-Length: 825
1 < Content-Type: application/json; charset=UTF-8
[ {
   "description": "",
   "devtoolsFrontendUrl": "/devtools/inspector.html?ws=localhost:64222/devtools/page/0A4F5FCCAA788FC45875E02519FEDF09",
   "id": "0A4F5FCCAA788FC45875E02519FEDF09",
   "title": "Google Hangouts",
   "type": "background_page",
   "url": "chrome-extension://nkeimhogjdpnpccoofpliimaahmaaome/background.html",
   "webSocketDebuggerUrl": "ws://localhost:64222/devtools/page/0A4F5FCCAA788FC45875E02519FEDF09"
}, {
   "description": "",
   "devtoolsFrontendUrl": "/devtools/inspector.html?ws=localhost:64222/devtools/page/2459D9DFFDF52FC6890A88405F80337C",
   "id": "2459D9DFFDF52FC6890A88405F80337C",
   "title": "",
   "type": "page",
   "url": "chrome://welcome/?variant=everywhere",
   "webSocketDebuggerUrl": "ws://localhost:64222/devtools/page/2459D9DFFDF52FC6890A88405F80337C"
} ]


09:07:10.083 [main] DEBUG c.i.k.driver.chrome_1663834026599 - root frame id: 2459D9DFFDF52FC6890A88405F80337C
09:07:10.127 [nioEventLoopGroup-5-1] DEBUG c.i.k.http.WebSocketClientHandler - websocket client connected
09:07:10.128 [main] DEBUG c.i.k.driver.chrome_1663834026599 - >> {"id":1,"method":"Target.attachToTarget","params":{"targetId":"2459D9DFFDF52FC6890A88405F80337C","flatten":true}}
09:07:10.132 [nioEventLoopGroup-5-1] DEBUG c.i.k.driver.chrome_1663834026599 - << {"method":"Target.attachedToTarget","params":{"sessionId":"A65B7AD223EB2868E79B9E55805CC205","targetInfo":{"targetId":"2459D9DFFDF52FC6890A88405F80337C","type":"page","title":"","url":"chrome://welcome/?variant=everywhere","attached":true,"canAccessOpener":false,"browserContextId":"DDE163AB75E563A9E78E6CF913034375"},"waitingForDebugger":false}}
09:07:10.133 [nioEventLoopGroup-5-1] DEBUG c.i.k.driver.chrome_1663834026599 - << {"id":1,"result":{"sessionId":"A65B7AD223EB2868E79B9E55805CC205"}}
09:07:10.133 [main] DEBUG c.i.k.driver.chrome_1663834026599 - >> {"id":2,"sessionId":"A65B7AD223EB2868E79B9E55805CC205","method":"Target.activateTarget","params":{"targetId":"2459D9DFFDF52FC6890A88405F80337C"}}
09:07:10.136 [nioEventLoopGroup-5-1] DEBUG c.i.k.driver.chrome_1663834026599 - << {"id":2,"result":{},"sessionId":"A65B7AD223EB2868E79B9E55805CC205"}
09:07:10.136 [main] DEBUG c.i.k.driver.chrome_1663834026599 - >> {"id":3,"sessionId":"A65B7AD223EB2868E79B9E55805CC205","method":"Target.setDiscoverTargets","params":{"discover":true}}
09:07:10.137 [nioEventLoopGroup-5-1] DEBUG c.i.k.driver.chrome_1663834026599 - << {"method":"Target.targetCreated","params":{"targetInfo":{"targetId":"0A4F5FCCAA788FC45875E02519FEDF09","type":"background_page","title":"Google Hangouts","url":"chrome-extension://nkeimhogjdpnpccoofpliimaahmaaome/background.html","attached":false,"canAccessOpener":false,"browserContextId":"DDE163AB75E563A9E78E6CF913034375"}},"sessionId":"A65B7AD223EB2868E79B9E55805CC205"}
09:07:10.138 [nioEventLoopGroup-5-1] DEBUG c.i.k.driver.chrome_1663834026599 - << {"method":"Target.targetCreated","params":{"targetInfo":{"targetId":"136D7FDA9FD20C6EE855D576DBB33FC0","type":"background_page","title":"CryptoTokenExtension","url":"chrome-extension://kmendfapggjehodndflmmgagdbamhnfd/_generated_background_page.html","attached":false,"canAccessOpener":false,"browserContextId":"DDE163AB75E563A9E78E6CF913034375"}},"sessionId":"A65B7AD223EB2868E79B9E55805CC205"}
09:07:10.138 [nioEventLoopGroup-5-1] DEBUG c.i.k.driver.chrome_1663834026599 - << {"method":"Target.targetCreated","params":{"targetInfo":{"targetId":"2459D9DFFDF52FC6890A88405F80337C","type":"page","title":"","url":"chrome://welcome/?variant=everywhere","attached":true,"canAccessOpener":false,"browserContextId":"DDE163AB75E563A9E78E6CF913034375"}},"sessionId":"A65B7AD223EB2868E79B9E55805CC205"}
09:07:10.139 [nioEventLoopGroup-5-1] DEBUG c.i.k.driver.chrome_1663834026599 - << {"method":"Target.targetCreated","params":{"targetInfo":{"targetId":"8C07BF0CFF75F77C3C0289FAD890C34F","type":"background_page","title":"Google Network Speech","url":"chrome-extension://neajdppkdcdipfabeoofebfddakdcjhd/_generated_background_page.html","attached":false,"canAccessOpener":false,"browserContextId":"DDE163AB75E563A9E78E6CF913034375"}},"sessionId":"A65B7AD223EB2868E79B9E55805CC205"}
09:07:10.139 [nioEventLoopGroup-5-1] DEBUG c.i.k.driver.chrome_1663834026599 - << {"id":3,"result":{},"sessionId":"A65B7AD223EB2868E79B9E55805CC205"}
09:07:10.139 [main] DEBUG c.i.k.driver.chrome_1663834026599 - >> {"id":4,"sessionId":"A65B7AD223EB2868E79B9E55805CC205","method":"Page.enable"}
09:07:11.852 [nioEventLoopGroup-5-1] DEBUG c.i.k.driver.chrome_1663834026599 - << {"method":"Target.targetInfoChanged","params":{"targetInfo":{"targetId":"2459D9DFFDF52FC6890A88405F80337C","type":"page","title":"chrome://welcome/?variant=everywhere","url":"chrome://welcome/?variant=everywhere","attached":true,"canAccessOpener":false,"browserContextId":"DDE163AB75E563A9E78E6CF913034375"}},"sessionId":"A65B7AD223EB2868E79B9E55805CC205"}
09:07:11.855 [nioEventLoopGroup-5-1] DEBUG c.i.k.driver.chrome_1663834026599 - << {"id":4,"result":{},"sessionId":"A65B7AD223EB2868E79B9E55805CC205"}
09:07:11.855 [main] DEBUG c.i.k.driver.chrome_1663834026599 - >> {"id":5,"sessionId":"A65B7AD223EB2868E79B9E55805CC205","method":"Runtime.enable"}
09:07:11.982 [nioEventLoopGroup-5-1] DEBUG c.i.k.driver.chrome_1663834026599 - << {"method":"Target.targetInfoChanged","params":{"targetInfo":{"targetId":"8C07BF0CFF75F77C3C0289FAD890C34F","type":"background_page","title":"Google Network Speech","url":"chrome-extension://neajdppkdcdipfabeoofebfddakdcjhd/_generated_background_page.html","attached":false,"canAccessOpener":false,"browserContextId":"DDE163AB75E563A9E78E6CF913034375"}},"sessionId":"A65B7AD223EB2868E79B9E55805CC205"}
09:07:12.015 [nioEventLoopGroup-5-1] DEBUG c.i.k.driver.chrome_1663834026599 - << {"method":"Target.targetInfoChanged","params":{"targetInfo":{"targetId":"136D7FDA9FD20C6EE855D576DBB33FC0","type":"background_page","title":"CryptoTokenExtension","url":"chrome-extension://kmendfapggjehodndflmmgagdbamhnfd/_generated_background_page.html","attached":false,"canAccessOpener":false,"browserContextId":"DDE163AB75E563A9E78E6CF913034375"}},"sessionId":"A65B7AD223EB2868E79B9E55805CC205"}
09:07:12.098 [nioEventLoopGroup-5-1] DEBUG c.i.k.driver.chrome_1663834026599 - << {"method":"Target.targetInfoChanged","params":{"targetInfo":{"targetId":"0A4F5FCCAA788FC45875E02519FEDF09","type":"background_page","title":"Google Hangouts","url":"chrome-extension://nkeimhogjdpnpccoofpliimaahmaaome/background.html","attached":false,"canAccessOpener":false,"browserContextId":"DDE163AB75E563A9E78E6CF913034375"}},"sessionId":"A65B7AD223EB2868E79B9E55805CC205"}
09:07:12.778 [nioEventLoopGroup-5-1] DEBUG c.i.k.driver.chrome_1663834026599 - << {"method":"Runtime.executionContextCreated","params":{"context":{"id":1,"origin":"chrome://welcome","name":"","uniqueId":"6923765114853970706.367056914580572659","auxData":{"isDefault":true,"type":"default","frameId":"2459D9DFFDF52FC6890A88405F80337C"}}},"sessionId":"A65B7AD223EB2868E79B9E55805CC205"}
09:07:12.778 [nioEventLoopGroup-5-1] DEBUG c.i.k.driver.chrome_1663834026599 - << {"id":5,"result":{},"sessionId":"A65B7AD223EB2868E79B9E55805CC205"}
09:07:12.782 [main] DEBUG c.i.k.driver.chrome_1663834026599 - >> {"id":6,"sessionId":"A65B7AD223EB2868E79B9E55805CC205","method":"Browser.getWindowForTarget","params":{"targetId":"2459D9DFFDF52FC6890A88405F80337C"}}
09:07:12.784 [nioEventLoopGroup-5-1] DEBUG c.i.k.driver.chrome_1663834026599 - << {"id":6,"result":{"windowId":1284154561,"bounds":{"left":10,"top":10,"width":945,"height":1020,"windowState":"normal"}},"sessionId":"A65B7AD223EB2868E79B9E55805CC205"}
09:07:12.787 [main] DEBUG c.i.k.driver.chrome_1663834026599 - >> {"id":7,"sessionId":"A65B7AD223EB2868E79B9E55805CC205","method":"Page.navigate","params":{"url":"http:\/\/www.uitestingplayground.com\/home"}}
09:07:12.909 [nioEventLoopGroup-5-1] DEBUG c.i.k.driver.chrome_1663834026599 - << {"method":"Target.targetInfoChanged","params":{"targetInfo":{"targetId":"2459D9DFFDF52FC6890A88405F80337C","type":"page","title":"Bem-vindo ao Chrome","url":"http://www.uitestingplayground.com/home","attached":true,"canAccessOpener":false,"browserContextId":"DDE163AB75E563A9E78E6CF913034375"}},"sessionId":"A65B7AD223EB2868E79B9E55805CC205"}
09:07:12.938 [nioEventLoopGroup-5-1] DEBUG c.i.k.driver.chrome_1663834026599 - << {"method":"Page.navigatedWithinDocument","params":{"frameId":"2459D9DFFDF52FC6890A88405F80337C","url":"chrome://welcome/"},"sessionId":"A65B7AD223EB2868E79B9E55805CC205"}
09:07:12.938 [nioEventLoopGroup-5-1] DEBUG c.i.k.driver.chrome_1663834026599 - << {"method":"Page.domContentEventFired","params":{"timestamp":962.683289},"sessionId":"A65B7AD223EB2868E79B9E55805CC205"}
09:07:12.939 [main] DEBUG c.i.k.driver.chrome_1663834026599 - >> {"id":8,"sessionId":"A65B7AD223EB2868E79B9E55805CC205","method":"Runtime.evaluate","params":{"expression":"document.evaluate(\"\/\/a[normalize-space(text())='Class Attribute']\", document, null, 9, null).singleNodeValue.click()","returnByValue":true}}
09:07:12.998 [nioEventLoopGroup-5-1] DEBUG c.i.k.driver.chrome_1663834026599 - << {"method":"Page.loadEventFired","params":{"timestamp":962.740707},"sessionId":"A65B7AD223EB2868E79B9E55805CC205"}
09:07:12.998 [nioEventLoopGroup-5-1] DEBUG c.i.k.driver.chrome_1663834026599 - << {"method":"Page.frameStoppedLoading","params":{"frameId":"2459D9DFFDF52FC6890A88405F80337C"},"sessionId":"A65B7AD223EB2868E79B9E55805CC205"}
09:07:13.027 [nioEventLoopGroup-5-1] DEBUG c.i.k.driver.chrome_1663834026599 - << {"id":7,"result":{"frameId":"2459D9DFFDF52FC6890A88405F80337C","loaderId":"43FFBB93C5C0EBD59A4178460B5BF665"},"sessionId":"A65B7AD223EB2868E79B9E55805CC205"}
09:07:23.031 [nioEventLoopGroup-5-1] DEBUG c.i.k.driver.chrome_1663834026599 - << {"method":"Runtime.executionContextsCleared","params":{},"sessionId":"A65B7AD223EB2868E79B9E55805CC205"}
09:07:23.031 [nioEventLoopGroup-5-1] DEBUG c.i.k.driver.chrome_1663834026599 - << {"method":"Page.frameStartedLoading","params":{"frameId":"2459D9DFFDF52FC6890A88405F80337C"},"sessionId":"A65B7AD223EB2868E79B9E55805CC205"}
09:07:23.048 [nioEventLoopGroup-5-1] DEBUG c.i.k.driver.chrome_1663834026599 - << {"method":"Target.targetInfoChanged","params":{"targetInfo":{"targetId":"2459D9DFFDF52FC6890A88405F80337C","type":"page","title":"www.uitestingplayground.com/home","url":"http://www.uitestingplayground.com/home","attached":true,"canAccessOpener":false,"browserContextId":"DDE163AB75E563A9E78E6CF913034375"}},"sessionId":"A65B7AD223EB2868E79B9E55805CC205"}
09:07:23.049 [nioEventLoopGroup-5-1] DEBUG c.i.k.driver.chrome_1663834026599 - << {"method":"Runtime.executionContextsCleared","params":{},"sessionId":"A65B7AD223EB2868E79B9E55805CC205"}
09:07:23.050 [nioEventLoopGroup-5-1] DEBUG c.i.k.driver.chrome_1663834026599 - << {"method":"Page.frameNavigated","params":{"frame":{"id":"2459D9DFFDF52FC6890A88405F80337C","loaderId":"43FFBB93C5C0EBD59A4178460B5BF665","url":"http://www.uitestingplayground.com/home","domainAndRegistry":"uitestingplayground.com","securityOrigin":"http://www.uitestingplayground.com","mimeType":"text/html","adFrameStatus":{"adFrameType":"none"},"secureContextType":"InsecureScheme","crossOriginIsolatedContextType":"NotIsolated","gatedAPIFeatures":[]},"type":"Navigation"},"sessionId":"A65B7AD223EB2868E79B9E55805CC205"}
09:07:23.050 [nioEventLoopGroup-5-1] DEBUG c.i.k.driver.chrome_1663834026599 - << {"method":"Runtime.executionContextCreated","params":{"context":{"id":1,"origin":"http://www.uitestingplayground.com","name":"","uniqueId":"-3809565716919644455.2656942560560174628","auxData":{"isDefault":true,"type":"default","frameId":"2459D9DFFDF52FC6890A88405F80337C"}}},"sessionId":"A65B7AD223EB2868E79B9E55805CC205"}
09:07:23.105 [chrome_1663834026599-out] DEBUG c.i.k.driver.chrome_1663834026599 - [17520:17444:0922/090723.105:ERROR:device_event_log_impl.cc(214)] [09:07:23.105] USB: usb_device_handle_win.cc:1048 Failed to read descriptor from node connection: Um dispositivo ligado ao sistema não está a funcionar. (0x1F)
09:07:23.106 [chrome_1663834026599-out] DEBUG c.i.k.driver.chrome_1663834026599 - [17520:17444:0922/090723.105:ERROR:device_event_log_impl.cc(214)] [09:07:23.106] USB: usb_device_handle_win.cc:1048 Failed to read descriptor from node connection: Um dispositivo ligado ao sistema não está a funcionar. (0x1F)
09:07:23.106 [chrome_1663834026599-out] DEBUG c.i.k.driver.chrome_1663834026599 - [17520:17444:0922/090723.105:ERROR:device_event_log_impl.cc(214)] [09:07:23.106] USB: usb_device_handle_win.cc:1048 Failed to read descriptor from node connection: Um dispositivo ligado ao sistema não está a funcionar. (0x1F)
09:07:23.136 [nioEventLoopGroup-5-1] DEBUG c.i.k.driver.chrome_1663834026599 - << {"method":"Page.frameScheduledNavigation","params":{"frameId":"2459D9DFFDF52FC6890A88405F80337C","delay":0,"reason":"anchorClick","url":"http://www.uitestingplayground.com/classattr"},"sessionId":"A65B7AD223EB2868E79B9E55805CC205"}
09:07:23.136 [nioEventLoopGroup-5-1] DEBUG c.i.k.driver.chrome_1663834026599 - << {"method":"Page.frameRequestedNavigation","params":{"frameId":"2459D9DFFDF52FC6890A88405F80337C","reason":"anchorClick","url":"http://www.uitestingplayground.com/classattr","disposition":"currentTab"},"sessionId":"A65B7AD223EB2868E79B9E55805CC205"}
09:07:23.142 [nioEventLoopGroup-5-1] DEBUG c.i.k.driver.chrome_1663834026599 - << {"method":"Page.frameClearedScheduledNavigation","params":{"frameId":"2459D9DFFDF52FC6890A88405F80337C"},"sessionId":"A65B7AD223EB2868E79B9E55805CC205"}
09:07:23.143 [nioEventLoopGroup-5-1] DEBUG c.i.k.driver.chrome_1663834026599 - << {"id":8,"result":{"result":{"type":"undefined"}},"sessionId":"A65B7AD223EB2868E79B9E55805CC205"}
09:07:23.342 [nioEventLoopGroup-5-1] DEBUG c.i.k.driver.chrome_1663834026599 - << {"method":"Runtime.executionContextsCleared","params":{},"sessionId":"A65B7AD223EB2868E79B9E55805CC205"}
09:07:23.342 [nioEventLoopGroup-5-1] DEBUG c.i.k.driver.chrome_1663834026599 - << {"method":"Page.frameStartedLoading","params":{"frameId":"2459D9DFFDF52FC6890A88405F80337C"},"sessionId":"A65B7AD223EB2868E79B9E55805CC205"}
09:07:23.352 [nioEventLoopGroup-5-1] DEBUG c.i.k.driver.chrome_1663834026599 - << {"method":"Target.targetInfoChanged","params":{"targetInfo":{"targetId":"2459D9DFFDF52FC6890A88405F80337C","type":"page","title":"www.uitestingplayground.com/classattr","url":"http://www.uitestingplayground.com/classattr","attached":true,"canAccessOpener":false,"browserContextId":"DDE163AB75E563A9E78E6CF913034375"}},"sessionId":"A65B7AD223EB2868E79B9E55805CC205"}
09:07:23.353 [nioEventLoopGroup-5-1] DEBUG c.i.k.driver.chrome_1663834026599 - << {"method":"Runtime.executionContextsCleared","params":{},"sessionId":"A65B7AD223EB2868E79B9E55805CC205"}
09:07:23.353 [nioEventLoopGroup-5-1] DEBUG c.i.k.driver.chrome_1663834026599 - << {"method":"Page.frameNavigated","params":{"frame":{"id":"2459D9DFFDF52FC6890A88405F80337C","loaderId":"3BC9C19648BFCC63EB1287CEE096D638","url":"http://www.uitestingplayground.com/classattr","domainAndRegistry":"uitestingplayground.com","securityOrigin":"http://www.uitestingplayground.com","mimeType":"text/html","adFrameStatus":{"adFrameType":"none"},"secureContextType":"InsecureScheme","crossOriginIsolatedContextType":"NotIsolated","gatedAPIFeatures":[]},"type":"Navigation"},"sessionId":"A65B7AD223EB2868E79B9E55805CC205"}
09:07:23.354 [nioEventLoopGroup-5-1] DEBUG c.i.k.driver.chrome_1663834026599 - << {"method":"Runtime.executionContextCreated","params":{"context":{"id":2,"origin":"http://www.uitestingplayground.com","name":"","uniqueId":"1675027754506613663.8307457269476002519","auxData":{"isDefault":true,"type":"default","frameId":"2459D9DFFDF52FC6890A88405F80337C"}}},"sessionId":"A65B7AD223EB2868E79B9E55805CC205"}
09:07:23.522 [nioEventLoopGroup-5-1] DEBUG c.i.k.driver.chrome_1663834026599 - << {"method":"Page.domContentEventFired","params":{"timestamp":973.267499},"sessionId":"A65B7AD223EB2868E79B9E55805CC205"}
09:07:23.538 [nioEventLoopGroup-5-1] DEBUG c.i.k.driver.chrome_1663834026599 - << {"method":"Page.loadEventFired","params":{"timestamp":973.269981},"sessionId":"A65B7AD223EB2868E79B9E55805CC205"}
09:07:23.538 [nioEventLoopGroup-5-1] DEBUG c.i.k.driver.chrome_1663834026599 - << {"method":"Page.frameStoppedLoading","params":{"frameId":"2459D9DFFDF52FC6890A88405F80337C"},"sessionId":"A65B7AD223EB2868E79B9E55805CC205"}
09:07:25.157 [main] DEBUG c.i.k.driver.chrome_1663834026599 - >> {"id":9,"sessionId":"A65B7AD223EB2868E79B9E55805CC205","method":"Runtime.evaluate","params":{"expression":"document.evaluate(\"\/\/button[contains(@class,'btn-primary')]\", document, null, 9, null).singleNodeValue.click()","returnByValue":true}}
09:07:25.160 [nioEventLoopGroup-5-1] DEBUG c.i.k.driver.chrome_1663834026599 - << {"method":"Page.javascriptDialogOpening","params":{"url":"http://www.uitestingplayground.com/classattr","message":"Primary button pressed","type":"alert","hasBrowserHandler":true,"defaultPrompt":""},"sessionId":"A65B7AD223EB2868E79B9E55805CC205"}
09:07:27.167 [main] DEBUG c.i.k.driver.chrome_1663834026599 - >> {"id":10,"sessionId":"A65B7AD223EB2868E79B9E55805CC205","method":"Target.closeTarget","params":{"targetId":"2459D9DFFDF52FC6890A88405F80337C"}}
09:07:27.169 [nioEventLoopGroup-5-1] DEBUG c.i.k.http.WebSocketClientHandler - websocket client disconnected
09:07:27.171 [main] DEBUG com.intuit.karate.shell.Command - closing command: chrome_1663834026599
---------------------------------------------------------
feature: classpath:examples/ui_playground/Feature2_ClassAttribute .feature
scenarios:  1 | passed:  1 | failed:  0 | time: 20,5748
---------------------------------------------------------

]]></system-out>
  </testcase>
  <testcase name="[1:9] UI Testing Playground - Feature 3 - HiddenLayers - Avoiding clicking the Green Button twice" classname="examples/ui_playground/Feature3_HiddenLayers" time="10.472">
    <system-out><![CDATA[09:07:27.218 [main] INFO  com.intuit.karate - karate.env system property was: null 
09:07:27.226 [main] DEBUG com.intuit.karate.shell.Command - found / verified free local port: 64321
09:07:27.226 [main] WARN  c.intuit.karate.driver.DriverOptions - preferred port 9222 not available, will use: 64321
09:07:27.227 [main] DEBUG c.i.k.driver.chrome_1663834047225 - poll attempt #0 for port to be ready - localhost:64321
09:07:27.235 [chrome_1663834047225] DEBUG c.i.k.driver.chrome_1663834047225 - command: [C:\Program Files\Google\Chrome\Application\chrome.exe, --remote-debugging-port=64321, --no-first-run, --user-data-dir=C:\Users\tiago.mina-azevedo\Documents\karateStuff\TestAssignmentSC\target\chrome_1663834047225, --disable-popup-blocking], working dir: target\chrome_1663834047225
09:07:27.437 [chrome_1663834026599] WARN  com.intuit.karate.shell.Command - exit code was non-zero: 1 - [C:\Program Files\Google\Chrome\Application\chrome.exe, --remote-debugging-port=64222, --no-first-run, --user-data-dir=C:\Users\tiago.mina-azevedo\Documents\karateStuff\TestAssignmentSC\target\chrome_1663834026599, --disable-popup-blocking] working dir: target\chrome_1663834026599
09:07:28.733 [chrome_1663834047225-out] DEBUG c.i.k.driver.chrome_1663834047225 - 
09:07:28.734 [chrome_1663834047225-out] DEBUG c.i.k.driver.chrome_1663834047225 - DevTools listening on ws://127.0.0.1:64321/devtools/browser/e793136d-29d4-47a3-bdec-98fbd6d0f0e4
09:07:28.761 [main] DEBUG com.intuit.karate - request:
1 > GET http://localhost:64321/json
1 > Host: localhost:64321
1 > Connection: Keep-Alive
1 > User-Agent: Apache-HttpClient/4.5.13 (Java/11.0.15.1)
1 > Accept-Encoding: gzip,deflate


09:07:28.843 [main] DEBUG com.intuit.karate - response time in milliseconds: 82
1 < 200
1 < Content-Length: 386
1 < Content-Type: application/json; charset=UTF-8
[ {
   "description": "",
   "devtoolsFrontendUrl": "/devtools/inspector.html?ws=localhost:64321/devtools/page/09BDBDEF56A960DBC9FB64518249880A",
   "id": "09BDBDEF56A960DBC9FB64518249880A",
   "title": "",
   "type": "page",
   "url": "chrome://welcome/?variant=everywhere",
   "webSocketDebuggerUrl": "ws://localhost:64321/devtools/page/09BDBDEF56A960DBC9FB64518249880A"
} ]


09:07:28.843 [main] DEBUG com.intuit.karate.shell.Command - ready to accept http connections after 85 ms - http://localhost:64321/json
09:07:28.845 [main] DEBUG com.intuit.karate - request:
1 > GET http://localhost:64321/json
1 > Host: localhost:64321
1 > Connection: Keep-Alive
1 > User-Agent: Apache-HttpClient/4.5.13 (Java/11.0.15.1)
1 > Accept-Encoding: gzip,deflate


09:07:28.861 [main] DEBUG com.intuit.karate - response time in milliseconds: 16
1 < 200
1 < Content-Length: 825
1 < Content-Type: application/json; charset=UTF-8
[ {
   "description": "",
   "devtoolsFrontendUrl": "/devtools/inspector.html?ws=localhost:64321/devtools/page/2B4021C73FC15C5328C0EC6112372055",
   "id": "2B4021C73FC15C5328C0EC6112372055",
   "title": "Google Hangouts",
   "type": "background_page",
   "url": "chrome-extension://nkeimhogjdpnpccoofpliimaahmaaome/background.html",
   "webSocketDebuggerUrl": "ws://localhost:64321/devtools/page/2B4021C73FC15C5328C0EC6112372055"
}, {
   "description": "",
   "devtoolsFrontendUrl": "/devtools/inspector.html?ws=localhost:64321/devtools/page/09BDBDEF56A960DBC9FB64518249880A",
   "id": "09BDBDEF56A960DBC9FB64518249880A",
   "title": "",
   "type": "page",
   "url": "chrome://welcome/?variant=everywhere",
   "webSocketDebuggerUrl": "ws://localhost:64321/devtools/page/09BDBDEF56A960DBC9FB64518249880A"
} ]


09:07:28.862 [main] DEBUG c.i.k.driver.chrome_1663834047225 - root frame id: 09BDBDEF56A960DBC9FB64518249880A
09:07:28.894 [nioEventLoopGroup-6-1] DEBUG c.i.k.http.WebSocketClientHandler - websocket client connected
09:07:28.895 [main] DEBUG c.i.k.driver.chrome_1663834047225 - >> {"id":1,"method":"Target.attachToTarget","params":{"targetId":"09BDBDEF56A960DBC9FB64518249880A","flatten":true}}
09:07:28.899 [nioEventLoopGroup-6-1] DEBUG c.i.k.driver.chrome_1663834047225 - << {"method":"Target.attachedToTarget","params":{"sessionId":"11E96AFCAEAE8BB9BD2AEF9FE34AC411","targetInfo":{"targetId":"09BDBDEF56A960DBC9FB64518249880A","type":"page","title":"","url":"chrome://welcome/?variant=everywhere","attached":true,"canAccessOpener":false,"browserContextId":"8D97E1E4B468B32946F3B58CCCA5CDC8"},"waitingForDebugger":false}}
09:07:28.899 [nioEventLoopGroup-6-1] DEBUG c.i.k.driver.chrome_1663834047225 - << {"id":1,"result":{"sessionId":"11E96AFCAEAE8BB9BD2AEF9FE34AC411"}}
09:07:28.900 [main] DEBUG c.i.k.driver.chrome_1663834047225 - >> {"id":2,"sessionId":"11E96AFCAEAE8BB9BD2AEF9FE34AC411","method":"Target.activateTarget","params":{"targetId":"09BDBDEF56A960DBC9FB64518249880A"}}
09:07:28.901 [nioEventLoopGroup-6-1] DEBUG c.i.k.driver.chrome_1663834047225 - << {"id":2,"result":{},"sessionId":"11E96AFCAEAE8BB9BD2AEF9FE34AC411"}
09:07:28.901 [main] DEBUG c.i.k.driver.chrome_1663834047225 - >> {"id":3,"sessionId":"11E96AFCAEAE8BB9BD2AEF9FE34AC411","method":"Target.setDiscoverTargets","params":{"discover":true}}
09:07:28.904 [nioEventLoopGroup-6-1] DEBUG c.i.k.driver.chrome_1663834047225 - << {"method":"Target.targetCreated","params":{"targetInfo":{"targetId":"09BDBDEF56A960DBC9FB64518249880A","type":"page","title":"","url":"chrome://welcome/?variant=everywhere","attached":true,"canAccessOpener":false,"browserContextId":"8D97E1E4B468B32946F3B58CCCA5CDC8"}},"sessionId":"11E96AFCAEAE8BB9BD2AEF9FE34AC411"}
09:07:28.904 [nioEventLoopGroup-6-1] DEBUG c.i.k.driver.chrome_1663834047225 - << {"method":"Target.targetCreated","params":{"targetInfo":{"targetId":"2B4021C73FC15C5328C0EC6112372055","type":"background_page","title":"Google Hangouts","url":"chrome-extension://nkeimhogjdpnpccoofpliimaahmaaome/background.html","attached":false,"canAccessOpener":false,"browserContextId":"8D97E1E4B468B32946F3B58CCCA5CDC8"}},"sessionId":"11E96AFCAEAE8BB9BD2AEF9FE34AC411"}
09:07:28.905 [nioEventLoopGroup-6-1] DEBUG c.i.k.driver.chrome_1663834047225 - << {"method":"Target.targetCreated","params":{"targetInfo":{"targetId":"40F6963B2C3D7CDA44AB703EE3090E3E","type":"background_page","title":"CryptoTokenExtension","url":"chrome-extension://kmendfapggjehodndflmmgagdbamhnfd/_generated_background_page.html","attached":false,"canAccessOpener":false,"browserContextId":"8D97E1E4B468B32946F3B58CCCA5CDC8"}},"sessionId":"11E96AFCAEAE8BB9BD2AEF9FE34AC411"}
09:07:28.905 [nioEventLoopGroup-6-1] DEBUG c.i.k.driver.chrome_1663834047225 - << {"method":"Target.targetCreated","params":{"targetInfo":{"targetId":"D9406CFAD3AFC312A3B8E8C32DA288B1","type":"background_page","title":"Google Network Speech","url":"chrome-extension://neajdppkdcdipfabeoofebfddakdcjhd/_generated_background_page.html","attached":false,"canAccessOpener":false,"browserContextId":"8D97E1E4B468B32946F3B58CCCA5CDC8"}},"sessionId":"11E96AFCAEAE8BB9BD2AEF9FE34AC411"}
09:07:28.905 [nioEventLoopGroup-6-1] DEBUG c.i.k.driver.chrome_1663834047225 - << {"id":3,"result":{},"sessionId":"11E96AFCAEAE8BB9BD2AEF9FE34AC411"}
09:07:28.905 [main] DEBUG c.i.k.driver.chrome_1663834047225 - >> {"id":4,"sessionId":"11E96AFCAEAE8BB9BD2AEF9FE34AC411","method":"Page.enable"}
09:07:30.311 [nioEventLoopGroup-6-1] DEBUG c.i.k.driver.chrome_1663834047225 - << {"method":"Target.targetInfoChanged","params":{"targetInfo":{"targetId":"09BDBDEF56A960DBC9FB64518249880A","type":"page","title":"chrome://welcome/?variant=everywhere","url":"chrome://welcome/?variant=everywhere","attached":true,"canAccessOpener":false,"browserContextId":"8D97E1E4B468B32946F3B58CCCA5CDC8"}},"sessionId":"11E96AFCAEAE8BB9BD2AEF9FE34AC411"}
09:07:30.313 [nioEventLoopGroup-6-1] DEBUG c.i.k.driver.chrome_1663834047225 - << {"id":4,"result":{},"sessionId":"11E96AFCAEAE8BB9BD2AEF9FE34AC411"}
09:07:30.313 [main] DEBUG c.i.k.driver.chrome_1663834047225 - >> {"id":5,"sessionId":"11E96AFCAEAE8BB9BD2AEF9FE34AC411","method":"Runtime.enable"}
09:07:30.364 [nioEventLoopGroup-6-1] DEBUG c.i.k.driver.chrome_1663834047225 - << {"method":"Target.targetInfoChanged","params":{"targetInfo":{"targetId":"2B4021C73FC15C5328C0EC6112372055","type":"background_page","title":"Google Hangouts","url":"chrome-extension://nkeimhogjdpnpccoofpliimaahmaaome/background.html","attached":false,"canAccessOpener":false,"browserContextId":"8D97E1E4B468B32946F3B58CCCA5CDC8"}},"sessionId":"11E96AFCAEAE8BB9BD2AEF9FE34AC411"}
09:07:30.368 [nioEventLoopGroup-6-1] DEBUG c.i.k.driver.chrome_1663834047225 - << {"method":"Target.targetInfoChanged","params":{"targetInfo":{"targetId":"40F6963B2C3D7CDA44AB703EE3090E3E","type":"background_page","title":"CryptoTokenExtension","url":"chrome-extension://kmendfapggjehodndflmmgagdbamhnfd/_generated_background_page.html","attached":false,"canAccessOpener":false,"browserContextId":"8D97E1E4B468B32946F3B58CCCA5CDC8"}},"sessionId":"11E96AFCAEAE8BB9BD2AEF9FE34AC411"}
09:07:30.449 [nioEventLoopGroup-6-1] DEBUG c.i.k.driver.chrome_1663834047225 - << {"method":"Target.targetInfoChanged","params":{"targetInfo":{"targetId":"D9406CFAD3AFC312A3B8E8C32DA288B1","type":"background_page","title":"Google Network Speech","url":"chrome-extension://neajdppkdcdipfabeoofebfddakdcjhd/_generated_background_page.html","attached":false,"canAccessOpener":false,"browserContextId":"8D97E1E4B468B32946F3B58CCCA5CDC8"}},"sessionId":"11E96AFCAEAE8BB9BD2AEF9FE34AC411"}
09:07:31.323 [nioEventLoopGroup-6-1] DEBUG c.i.k.driver.chrome_1663834047225 - << {"method":"Runtime.executionContextCreated","params":{"context":{"id":1,"origin":"chrome://welcome","name":"","uniqueId":"368114921072746134.2992715953797095114","auxData":{"isDefault":true,"type":"default","frameId":"09BDBDEF56A960DBC9FB64518249880A"}}},"sessionId":"11E96AFCAEAE8BB9BD2AEF9FE34AC411"}
09:07:31.323 [nioEventLoopGroup-6-1] DEBUG c.i.k.driver.chrome_1663834047225 - << {"id":5,"result":{},"sessionId":"11E96AFCAEAE8BB9BD2AEF9FE34AC411"}
09:07:31.324 [main] DEBUG c.i.k.driver.chrome_1663834047225 - >> {"id":6,"sessionId":"11E96AFCAEAE8BB9BD2AEF9FE34AC411","method":"Browser.getWindowForTarget","params":{"targetId":"09BDBDEF56A960DBC9FB64518249880A"}}
09:07:31.326 [nioEventLoopGroup-6-1] DEBUG c.i.k.driver.chrome_1663834047225 - << {"id":6,"result":{"windowId":1757869760,"bounds":{"left":10,"top":10,"width":945,"height":1020,"windowState":"normal"}},"sessionId":"11E96AFCAEAE8BB9BD2AEF9FE34AC411"}
09:07:31.330 [main] DEBUG c.i.k.driver.chrome_1663834047225 - >> {"id":7,"sessionId":"11E96AFCAEAE8BB9BD2AEF9FE34AC411","method":"Page.navigate","params":{"url":"http:\/\/www.uitestingplayground.com\/home"}}
09:07:31.451 [nioEventLoopGroup-6-1] DEBUG c.i.k.driver.chrome_1663834047225 - << {"method":"Target.targetInfoChanged","params":{"targetInfo":{"targetId":"09BDBDEF56A960DBC9FB64518249880A","type":"page","title":"Bem-vindo ao Chrome","url":"http://www.uitestingplayground.com/home","attached":true,"canAccessOpener":false,"browserContextId":"8D97E1E4B468B32946F3B58CCCA5CDC8"}},"sessionId":"11E96AFCAEAE8BB9BD2AEF9FE34AC411"}
09:07:31.480 [nioEventLoopGroup-6-1] DEBUG c.i.k.driver.chrome_1663834047225 - << {"method":"Page.navigatedWithinDocument","params":{"frameId":"09BDBDEF56A960DBC9FB64518249880A","url":"chrome://welcome/"},"sessionId":"11E96AFCAEAE8BB9BD2AEF9FE34AC411"}
09:07:31.481 [nioEventLoopGroup-6-1] DEBUG c.i.k.driver.chrome_1663834047225 - << {"method":"Page.domContentEventFired","params":{"timestamp":981.226083},"sessionId":"11E96AFCAEAE8BB9BD2AEF9FE34AC411"}
09:07:31.482 [main] DEBUG c.i.k.driver.chrome_1663834047225 - >> {"id":8,"sessionId":"11E96AFCAEAE8BB9BD2AEF9FE34AC411","method":"Runtime.evaluate","params":{"expression":"document.evaluate(\"\/\/a[normalize-space(text())='Hidden Layers']\", document, null, 9, null).singleNodeValue.click()","returnByValue":true}}
09:07:31.532 [nioEventLoopGroup-6-1] DEBUG c.i.k.driver.chrome_1663834047225 - << {"method":"Page.loadEventFired","params":{"timestamp":981.271271},"sessionId":"11E96AFCAEAE8BB9BD2AEF9FE34AC411"}
09:07:31.532 [nioEventLoopGroup-6-1] DEBUG c.i.k.driver.chrome_1663834047225 - << {"method":"Page.frameStoppedLoading","params":{"frameId":"09BDBDEF56A960DBC9FB64518249880A"},"sessionId":"11E96AFCAEAE8BB9BD2AEF9FE34AC411"}
09:07:31.538 [nioEventLoopGroup-6-1] DEBUG c.i.k.driver.chrome_1663834047225 - << {"id":7,"result":{"frameId":"09BDBDEF56A960DBC9FB64518249880A","loaderId":"CCD68DE178DDA476474B499A1D0F57FE"},"sessionId":"11E96AFCAEAE8BB9BD2AEF9FE34AC411"}
09:07:31.539 [nioEventLoopGroup-6-1] DEBUG c.i.k.driver.chrome_1663834047225 - << {"method":"Runtime.executionContextsCleared","params":{},"sessionId":"11E96AFCAEAE8BB9BD2AEF9FE34AC411"}
09:07:31.540 [nioEventLoopGroup-6-1] DEBUG c.i.k.driver.chrome_1663834047225 - << {"method":"Page.frameStartedLoading","params":{"frameId":"09BDBDEF56A960DBC9FB64518249880A"},"sessionId":"11E96AFCAEAE8BB9BD2AEF9FE34AC411"}
09:07:31.554 [nioEventLoopGroup-6-1] DEBUG c.i.k.driver.chrome_1663834047225 - << {"method":"Target.targetInfoChanged","params":{"targetInfo":{"targetId":"09BDBDEF56A960DBC9FB64518249880A","type":"page","title":"www.uitestingplayground.com/home","url":"http://www.uitestingplayground.com/home","attached":true,"canAccessOpener":false,"browserContextId":"8D97E1E4B468B32946F3B58CCCA5CDC8"}},"sessionId":"11E96AFCAEAE8BB9BD2AEF9FE34AC411"}
09:07:31.555 [nioEventLoopGroup-6-1] DEBUG c.i.k.driver.chrome_1663834047225 - << {"method":"Runtime.executionContextsCleared","params":{},"sessionId":"11E96AFCAEAE8BB9BD2AEF9FE34AC411"}
09:07:31.555 [nioEventLoopGroup-6-1] DEBUG c.i.k.driver.chrome_1663834047225 - << {"method":"Page.frameNavigated","params":{"frame":{"id":"09BDBDEF56A960DBC9FB64518249880A","loaderId":"CCD68DE178DDA476474B499A1D0F57FE","url":"http://www.uitestingplayground.com/home","domainAndRegistry":"uitestingplayground.com","securityOrigin":"http://www.uitestingplayground.com","mimeType":"text/html","adFrameStatus":{"adFrameType":"none"},"secureContextType":"InsecureScheme","crossOriginIsolatedContextType":"NotIsolated","gatedAPIFeatures":[]},"type":"Navigation"},"sessionId":"11E96AFCAEAE8BB9BD2AEF9FE34AC411"}
09:07:31.555 [nioEventLoopGroup-6-1] DEBUG c.i.k.driver.chrome_1663834047225 - << {"method":"Runtime.executionContextCreated","params":{"context":{"id":1,"origin":"http://www.uitestingplayground.com","name":"","uniqueId":"-3839109476958460920.8824560085649015808","auxData":{"isDefault":true,"type":"default","frameId":"09BDBDEF56A960DBC9FB64518249880A"}}},"sessionId":"11E96AFCAEAE8BB9BD2AEF9FE34AC411"}
09:07:31.559 [nioEventLoopGroup-6-1] DEBUG c.i.k.driver.chrome_1663834047225 - << {"method":"Page.frameScheduledNavigation","params":{"frameId":"09BDBDEF56A960DBC9FB64518249880A","delay":0,"reason":"anchorClick","url":"http://www.uitestingplayground.com/hiddenlayers"},"sessionId":"11E96AFCAEAE8BB9BD2AEF9FE34AC411"}
09:07:31.559 [nioEventLoopGroup-6-1] DEBUG c.i.k.driver.chrome_1663834047225 - << {"method":"Page.frameRequestedNavigation","params":{"frameId":"09BDBDEF56A960DBC9FB64518249880A","reason":"anchorClick","url":"http://www.uitestingplayground.com/hiddenlayers","disposition":"currentTab"},"sessionId":"11E96AFCAEAE8BB9BD2AEF9FE34AC411"}
09:07:31.568 [nioEventLoopGroup-6-1] DEBUG c.i.k.driver.chrome_1663834047225 - << {"method":"Page.frameClearedScheduledNavigation","params":{"frameId":"09BDBDEF56A960DBC9FB64518249880A"},"sessionId":"11E96AFCAEAE8BB9BD2AEF9FE34AC411"}
09:07:31.569 [nioEventLoopGroup-6-1] DEBUG c.i.k.driver.chrome_1663834047225 - << {"id":8,"result":{"result":{"type":"undefined"}},"sessionId":"11E96AFCAEAE8BB9BD2AEF9FE34AC411"}
09:07:31.871 [nioEventLoopGroup-6-1] DEBUG c.i.k.driver.chrome_1663834047225 - << {"method":"Runtime.executionContextsCleared","params":{},"sessionId":"11E96AFCAEAE8BB9BD2AEF9FE34AC411"}
09:07:31.872 [nioEventLoopGroup-6-1] DEBUG c.i.k.driver.chrome_1663834047225 - << {"method":"Page.frameStartedLoading","params":{"frameId":"09BDBDEF56A960DBC9FB64518249880A"},"sessionId":"11E96AFCAEAE8BB9BD2AEF9FE34AC411"}
09:07:31.880 [nioEventLoopGroup-6-1] DEBUG c.i.k.driver.chrome_1663834047225 - << {"method":"Target.targetInfoChanged","params":{"targetInfo":{"targetId":"09BDBDEF56A960DBC9FB64518249880A","type":"page","title":"www.uitestingplayground.com/hiddenlayers","url":"http://www.uitestingplayground.com/hiddenlayers","attached":true,"canAccessOpener":false,"browserContextId":"8D97E1E4B468B32946F3B58CCCA5CDC8"}},"sessionId":"11E96AFCAEAE8BB9BD2AEF9FE34AC411"}
09:07:31.882 [nioEventLoopGroup-6-1] DEBUG c.i.k.driver.chrome_1663834047225 - << {"method":"Runtime.executionContextsCleared","params":{},"sessionId":"11E96AFCAEAE8BB9BD2AEF9FE34AC411"}
09:07:31.883 [nioEventLoopGroup-6-1] DEBUG c.i.k.driver.chrome_1663834047225 - << {"method":"Page.frameNavigated","params":{"frame":{"id":"09BDBDEF56A960DBC9FB64518249880A","loaderId":"5FF22597799A009ADCACE3D9577B5F9F","url":"http://www.uitestingplayground.com/hiddenlayers","domainAndRegistry":"uitestingplayground.com","securityOrigin":"http://www.uitestingplayground.com","mimeType":"text/html","adFrameStatus":{"adFrameType":"none"},"secureContextType":"InsecureScheme","crossOriginIsolatedContextType":"NotIsolated","gatedAPIFeatures":[]},"type":"Navigation"},"sessionId":"11E96AFCAEAE8BB9BD2AEF9FE34AC411"}
09:07:31.883 [nioEventLoopGroup-6-1] DEBUG c.i.k.driver.chrome_1663834047225 - << {"method":"Runtime.executionContextCreated","params":{"context":{"id":2,"origin":"http://www.uitestingplayground.com","name":"","uniqueId":"3371998829484312149.-7509489014127029348","auxData":{"isDefault":true,"type":"default","frameId":"09BDBDEF56A960DBC9FB64518249880A"}}},"sessionId":"11E96AFCAEAE8BB9BD2AEF9FE34AC411"}
09:07:32.038 [nioEventLoopGroup-6-1] DEBUG c.i.k.driver.chrome_1663834047225 - << {"method":"Page.domContentEventFired","params":{"timestamp":981.783754},"sessionId":"11E96AFCAEAE8BB9BD2AEF9FE34AC411"}
09:07:32.117 [nioEventLoopGroup-6-1] DEBUG c.i.k.driver.chrome_1663834047225 - << {"method":"Page.loadEventFired","params":{"timestamp":981.862412},"sessionId":"11E96AFCAEAE8BB9BD2AEF9FE34AC411"}
09:07:32.118 [nioEventLoopGroup-6-1] DEBUG c.i.k.driver.chrome_1663834047225 - << {"method":"Page.frameStoppedLoading","params":{"frameId":"09BDBDEF56A960DBC9FB64518249880A"},"sessionId":"11E96AFCAEAE8BB9BD2AEF9FE34AC411"}
09:07:32.475 [chrome_1663834047225-out] DEBUG c.i.k.driver.chrome_1663834047225 - [14216:8644:0922/090732.475:ERROR:device_event_log_impl.cc(214)] [09:07:32.474] USB: usb_device_handle_win.cc:1048 Failed to read descriptor from node connection: Um dispositivo ligado ao sistema não está a funcionar. (0x1F)
09:07:32.475 [chrome_1663834047225-out] DEBUG c.i.k.driver.chrome_1663834047225 - [14216:8644:0922/090732.475:ERROR:device_event_log_impl.cc(214)] [09:07:32.475] USB: usb_device_handle_win.cc:1048 Failed to read descriptor from node connection: Um dispositivo ligado ao sistema não está a funcionar. (0x1F)
09:07:32.475 [chrome_1663834047225-out] DEBUG c.i.k.driver.chrome_1663834047225 - [14216:8644:0922/090732.475:ERROR:device_event_log_impl.cc(214)] [09:07:32.475] USB: usb_device_handle_win.cc:1048 Failed to read descriptor from node connection: Um dispositivo ligado ao sistema não está a funcionar. (0x1F)
09:07:33.585 [main] DEBUG c.i.k.driver.chrome_1663834047225 - >> {"id":9,"sessionId":"11E96AFCAEAE8BB9BD2AEF9FE34AC411","method":"Runtime.evaluate","params":{"expression":"document.evaluate(\"\/\/button[contains(@id,'greenButton')]\", document, null, 9, null).singleNodeValue.click()","returnByValue":true}}
09:07:33.587 [nioEventLoopGroup-6-1] DEBUG c.i.k.driver.chrome_1663834047225 - << {"method":"Runtime.consoleAPICalled","params":{"type":"log","args":[{"type":"string","value":"Green button pressed"}],"executionContextId":2,"timestamp":1.663834053587798e+12,"stackTrace":{"callFrames":[{"functionName":"ClickEventHandler","scriptId":"15","url":"http://www.uitestingplayground.com/hiddenlayers","lineNumber":4,"columnNumber":16},{"functionName":"","scriptId":"17","url":"","lineNumber":0,"columnNumber":100}]}},"sessionId":"11E96AFCAEAE8BB9BD2AEF9FE34AC411"}
09:07:33.590 [nioEventLoopGroup-6-1] DEBUG c.i.k.driver.chrome_1663834047225 - [console] Green button pressed
09:07:33.593 [nioEventLoopGroup-6-1] DEBUG c.i.k.driver.chrome_1663834047225 - << {"id":9,"result":{"result":{"type":"undefined"}},"sessionId":"11E96AFCAEAE8BB9BD2AEF9FE34AC411"}
09:07:35.608 [main] DEBUG c.i.k.driver.chrome_1663834047225 - >> {"id":10,"sessionId":"11E96AFCAEAE8BB9BD2AEF9FE34AC411","method":"Runtime.evaluate","params":{"expression":"document.evaluate(\"\/\/button[contains(@id,'blueButton')]\", document, null, 9, null).singleNodeValue.click()","returnByValue":true}}
09:07:35.610 [nioEventLoopGroup-6-1] DEBUG c.i.k.driver.chrome_1663834047225 - << {"method":"Runtime.consoleAPICalled","params":{"type":"log","args":[{"type":"string","value":"Blue button pressed"}],"executionContextId":2,"timestamp":1.663834055610168e+12,"stackTrace":{"callFrames":[{"functionName":"ClickEventHandler","scriptId":"15","url":"http://www.uitestingplayground.com/hiddenlayers","lineNumber":13,"columnNumber":16},{"functionName":"","scriptId":"18","url":"","lineNumber":0,"columnNumber":99}]}},"sessionId":"11E96AFCAEAE8BB9BD2AEF9FE34AC411"}
09:07:35.610 [nioEventLoopGroup-6-1] DEBUG c.i.k.driver.chrome_1663834047225 - [console] Blue button pressed
09:07:35.610 [nioEventLoopGroup-6-1] DEBUG c.i.k.driver.chrome_1663834047225 - << {"id":10,"result":{"result":{"type":"undefined"}},"sessionId":"11E96AFCAEAE8BB9BD2AEF9FE34AC411"}
09:07:37.371 [nioEventLoopGroup-6-1] DEBUG c.i.k.driver.chrome_1663834047225 - << {"method":"Target.targetCreated","params":{"targetInfo":{"targetId":"A97368066E1EC6620B6A776418A37088","type":"service_worker","title":"Service Worker chrome-extension://ppnbnpeolgkicgegkbkbjmhlideopiji/background.js","url":"chrome-extension://ppnbnpeolgkicgegkbkbjmhlideopiji/background.js","attached":false,"canAccessOpener":false,"browserContextId":"8D97E1E4B468B32946F3B58CCCA5CDC8"}},"sessionId":"11E96AFCAEAE8BB9BD2AEF9FE34AC411"}
09:07:37.621 [main] DEBUG c.i.k.driver.chrome_1663834047225 - >> {"id":11,"sessionId":"11E96AFCAEAE8BB9BD2AEF9FE34AC411","method":"Target.closeTarget","params":{"targetId":"09BDBDEF56A960DBC9FB64518249880A"}}
09:07:37.623 [nioEventLoopGroup-6-1] DEBUG c.i.k.driver.chrome_1663834047225 - << {"id":11,"result":{"success":true},"sessionId":"11E96AFCAEAE8BB9BD2AEF9FE34AC411"}
09:07:37.624 [nioEventLoopGroup-6-1] DEBUG c.i.k.http.WebSocketClientHandler - websocket client disconnected
09:07:37.625 [main] DEBUG com.intuit.karate.shell.Command - closing command: chrome_1663834047225
---------------------------------------------------------
feature: classpath:examples/ui_playground/Feature3_HiddenLayers.feature
scenarios:  1 | passed:  1 | failed:  0 | time: 10,3999
---------------------------------------------------------

]]></system-out>
  </testcase>
  <testcase name="[1:9] UI Testing Playground - Feature 4 - LoadDelay - Waiting for the Load Delay to find desired button" classname="examples/ui_playground/Feature4_LoadDelay" time="13.255">
    <system-out><![CDATA[09:07:37.690 [main] INFO  com.intuit.karate - karate.env system property was: null 
09:07:37.699 [main] DEBUG com.intuit.karate.shell.Command - found / verified free local port: 64407
09:07:37.699 [main] WARN  c.intuit.karate.driver.DriverOptions - preferred port 9222 not available, will use: 64407
09:07:37.700 [main] DEBUG c.i.k.driver.chrome_1663834057697 - poll attempt #0 for port to be ready - localhost:64407
09:07:37.711 [chrome_1663834057697] DEBUG c.i.k.driver.chrome_1663834057697 - command: [C:\Program Files\Google\Chrome\Application\chrome.exe, --remote-debugging-port=64407, --no-first-run, --user-data-dir=C:\Users\tiago.mina-azevedo\Documents\karateStuff\TestAssignmentSC\target\chrome_1663834057697, --disable-popup-blocking], working dir: target\chrome_1663834057697
09:07:38.147 [chrome_1663834047225] WARN  com.intuit.karate.shell.Command - exit code was non-zero: 1 - [C:\Program Files\Google\Chrome\Application\chrome.exe, --remote-debugging-port=64321, --no-first-run, --user-data-dir=C:\Users\tiago.mina-azevedo\Documents\karateStuff\TestAssignmentSC\target\chrome_1663834047225, --disable-popup-blocking] working dir: target\chrome_1663834047225
09:07:39.550 [chrome_1663834057697-out] DEBUG c.i.k.driver.chrome_1663834057697 - 
09:07:39.550 [chrome_1663834057697-out] DEBUG c.i.k.driver.chrome_1663834057697 - DevTools listening on ws://127.0.0.1:64407/devtools/browser/3fd82f27-864d-4b17-b7e6-b1eb68b04cca
09:07:39.751 [main] DEBUG com.intuit.karate - request:
1 > GET http://localhost:64407/json
1 > Host: localhost:64407
1 > Connection: Keep-Alive
1 > User-Agent: Apache-HttpClient/4.5.13 (Java/11.0.15.1)
1 > Accept-Encoding: gzip,deflate


09:07:39.764 [main] DEBUG com.intuit.karate - response time in milliseconds: 12
1 < 200
1 < Content-Length: 1746
1 < Content-Type: application/json; charset=UTF-8
[ {
   "description": "",
   "devtoolsFrontendUrl": "/devtools/inspector.html?ws=localhost:64407/devtools/page/5D8701E4C77B3EF54FE9EB834D5D602B",
   "id": "5D8701E4C77B3EF54FE9EB834D5D602B",
   "title": "CryptoTokenExtension",
   "type": "background_page",
   "url": "chrome-extension://kmendfapggjehodndflmmgagdbamhnfd/_generated_background_page.html",
   "webSocketDebuggerUrl": "ws://localhost:64407/devtools/page/5D8701E4C77B3EF54FE9EB834D5D602B"
}, {
   "description": "",
   "devtoolsFrontendUrl": "/devtools/inspector.html?ws=localhost:64407/devtools/page/7E3252E35C2C4A73CEA257ED0812AC40",
   "id": "7E3252E35C2C4A73CEA257ED0812AC40",
   "title": "Google Network Speech",
   "type": "background_page",
   "url": "chrome-extension://neajdppkdcdipfabeoofebfddakdcjhd/_generated_background_page.html",
   "webSocketDebuggerUrl": "ws://localhost:64407/devtools/page/7E3252E35C2C4A73CEA257ED0812AC40"
}, {
   "description": "",
   "devtoolsFrontendUrl": "/devtools/inspector.html?ws=localhost:64407/devtools/page/2654B5663379CE77DB6FDDECE95D3C54",
   "id": "2654B5663379CE77DB6FDDECE95D3C54",
   "title": "Google Hangouts",
   "type": "background_page",
   "url": "chrome-extension://nkeimhogjdpnpccoofpliimaahmaaome/background.html",
   "webSocketDebuggerUrl": "ws://localhost:64407/devtools/page/2654B5663379CE77DB6FDDECE95D3C54"
}, {
   "description": "",
   "devtoolsFrontendUrl": "/devtools/inspector.html?ws=localhost:64407/devtools/page/B2BB8AF81D5AC798D881F23A84DD338C",
   "id": "B2BB8AF81D5AC798D881F23A84DD338C",
   "title": "",
   "type": "page",
   "url": "chrome://welcome/?variant=everywhere",
   "webSocketDebuggerUrl": "ws://localhost:64407/devtools/page/B2BB8AF81D5AC798D881F23A84DD338C"
} ]


09:07:39.765 [main] DEBUG com.intuit.karate.shell.Command - ready to accept http connections after 19 ms - http://localhost:64407/json
09:07:39.767 [main] DEBUG com.intuit.karate - request:
1 > GET http://localhost:64407/json
1 > Host: localhost:64407
1 > Connection: Keep-Alive
1 > User-Agent: Apache-HttpClient/4.5.13 (Java/11.0.15.1)
1 > Accept-Encoding: gzip,deflate


09:07:39.779 [main] DEBUG com.intuit.karate - response time in milliseconds: 12
1 < 200
1 < Content-Length: 1746
1 < Content-Type: application/json; charset=UTF-8
[ {
   "description": "",
   "devtoolsFrontendUrl": "/devtools/inspector.html?ws=localhost:64407/devtools/page/5D8701E4C77B3EF54FE9EB834D5D602B",
   "id": "5D8701E4C77B3EF54FE9EB834D5D602B",
   "title": "CryptoTokenExtension",
   "type": "background_page",
   "url": "chrome-extension://kmendfapggjehodndflmmgagdbamhnfd/_generated_background_page.html",
   "webSocketDebuggerUrl": "ws://localhost:64407/devtools/page/5D8701E4C77B3EF54FE9EB834D5D602B"
}, {
   "description": "",
   "devtoolsFrontendUrl": "/devtools/inspector.html?ws=localhost:64407/devtools/page/7E3252E35C2C4A73CEA257ED0812AC40",
   "id": "7E3252E35C2C4A73CEA257ED0812AC40",
   "title": "Google Network Speech",
   "type": "background_page",
   "url": "chrome-extension://neajdppkdcdipfabeoofebfddakdcjhd/_generated_background_page.html",
   "webSocketDebuggerUrl": "ws://localhost:64407/devtools/page/7E3252E35C2C4A73CEA257ED0812AC40"
}, {
   "description": "",
   "devtoolsFrontendUrl": "/devtools/inspector.html?ws=localhost:64407/devtools/page/2654B5663379CE77DB6FDDECE95D3C54",
   "id": "2654B5663379CE77DB6FDDECE95D3C54",
   "title": "Google Hangouts",
   "type": "background_page",
   "url": "chrome-extension://nkeimhogjdpnpccoofpliimaahmaaome/background.html",
   "webSocketDebuggerUrl": "ws://localhost:64407/devtools/page/2654B5663379CE77DB6FDDECE95D3C54"
}, {
   "description": "",
   "devtoolsFrontendUrl": "/devtools/inspector.html?ws=localhost:64407/devtools/page/B2BB8AF81D5AC798D881F23A84DD338C",
   "id": "B2BB8AF81D5AC798D881F23A84DD338C",
   "title": "",
   "type": "page",
   "url": "chrome://welcome/?variant=everywhere",
   "webSocketDebuggerUrl": "ws://localhost:64407/devtools/page/B2BB8AF81D5AC798D881F23A84DD338C"
} ]


09:07:39.779 [main] DEBUG c.i.k.driver.chrome_1663834057697 - root frame id: B2BB8AF81D5AC798D881F23A84DD338C
09:07:39.822 [nioEventLoopGroup-7-1] DEBUG c.i.k.http.WebSocketClientHandler - websocket client connected
09:07:39.822 [main] DEBUG c.i.k.driver.chrome_1663834057697 - >> {"id":1,"method":"Target.attachToTarget","params":{"targetId":"B2BB8AF81D5AC798D881F23A84DD338C","flatten":true}}
09:07:39.825 [nioEventLoopGroup-7-1] DEBUG c.i.k.driver.chrome_1663834057697 - << {"method":"Target.attachedToTarget","params":{"sessionId":"16D399E57C4FFE6AA15DB09FA961DC50","targetInfo":{"targetId":"B2BB8AF81D5AC798D881F23A84DD338C","type":"page","title":"","url":"chrome://welcome/?variant=everywhere","attached":true,"canAccessOpener":false,"browserContextId":"E837E9B37D28CE3E402F8033E046B12D"},"waitingForDebugger":false}}
09:07:39.826 [nioEventLoopGroup-7-1] DEBUG c.i.k.driver.chrome_1663834057697 - << {"id":1,"result":{"sessionId":"16D399E57C4FFE6AA15DB09FA961DC50"}}
09:07:39.826 [main] DEBUG c.i.k.driver.chrome_1663834057697 - >> {"id":2,"sessionId":"16D399E57C4FFE6AA15DB09FA961DC50","method":"Target.activateTarget","params":{"targetId":"B2BB8AF81D5AC798D881F23A84DD338C"}}
09:07:39.828 [nioEventLoopGroup-7-1] DEBUG c.i.k.driver.chrome_1663834057697 - << {"id":2,"result":{},"sessionId":"16D399E57C4FFE6AA15DB09FA961DC50"}
09:07:39.828 [main] DEBUG c.i.k.driver.chrome_1663834057697 - >> {"id":3,"sessionId":"16D399E57C4FFE6AA15DB09FA961DC50","method":"Target.setDiscoverTargets","params":{"discover":true}}
09:07:39.831 [nioEventLoopGroup-7-1] DEBUG c.i.k.driver.chrome_1663834057697 - << {"method":"Target.targetCreated","params":{"targetInfo":{"targetId":"2654B5663379CE77DB6FDDECE95D3C54","type":"background_page","title":"Google Hangouts","url":"chrome-extension://nkeimhogjdpnpccoofpliimaahmaaome/background.html","attached":false,"canAccessOpener":false,"browserContextId":"E837E9B37D28CE3E402F8033E046B12D"}},"sessionId":"16D399E57C4FFE6AA15DB09FA961DC50"}
09:07:39.832 [nioEventLoopGroup-7-1] DEBUG c.i.k.driver.chrome_1663834057697 - << {"method":"Target.targetCreated","params":{"targetInfo":{"targetId":"5D8701E4C77B3EF54FE9EB834D5D602B","type":"background_page","title":"CryptoTokenExtension","url":"chrome-extension://kmendfapggjehodndflmmgagdbamhnfd/_generated_background_page.html","attached":false,"canAccessOpener":false,"browserContextId":"E837E9B37D28CE3E402F8033E046B12D"}},"sessionId":"16D399E57C4FFE6AA15DB09FA961DC50"}
09:07:39.832 [nioEventLoopGroup-7-1] DEBUG c.i.k.driver.chrome_1663834057697 - << {"method":"Target.targetCreated","params":{"targetInfo":{"targetId":"7E3252E35C2C4A73CEA257ED0812AC40","type":"background_page","title":"Google Network Speech","url":"chrome-extension://neajdppkdcdipfabeoofebfddakdcjhd/_generated_background_page.html","attached":false,"canAccessOpener":false,"browserContextId":"E837E9B37D28CE3E402F8033E046B12D"}},"sessionId":"16D399E57C4FFE6AA15DB09FA961DC50"}
09:07:39.832 [nioEventLoopGroup-7-1] DEBUG c.i.k.driver.chrome_1663834057697 - << {"method":"Target.targetCreated","params":{"targetInfo":{"targetId":"B2BB8AF81D5AC798D881F23A84DD338C","type":"page","title":"","url":"chrome://welcome/?variant=everywhere","attached":true,"canAccessOpener":false,"browserContextId":"E837E9B37D28CE3E402F8033E046B12D"}},"sessionId":"16D399E57C4FFE6AA15DB09FA961DC50"}
09:07:39.832 [nioEventLoopGroup-7-1] DEBUG c.i.k.driver.chrome_1663834057697 - << {"id":3,"result":{},"sessionId":"16D399E57C4FFE6AA15DB09FA961DC50"}
09:07:39.832 [main] DEBUG c.i.k.driver.chrome_1663834057697 - >> {"id":4,"sessionId":"16D399E57C4FFE6AA15DB09FA961DC50","method":"Page.enable"}
09:07:41.605 [nioEventLoopGroup-7-1] DEBUG c.i.k.driver.chrome_1663834057697 - << {"method":"Target.targetInfoChanged","params":{"targetInfo":{"targetId":"B2BB8AF81D5AC798D881F23A84DD338C","type":"page","title":"chrome://welcome/?variant=everywhere","url":"chrome://welcome/?variant=everywhere","attached":true,"canAccessOpener":false,"browserContextId":"E837E9B37D28CE3E402F8033E046B12D"}},"sessionId":"16D399E57C4FFE6AA15DB09FA961DC50"}
09:07:41.610 [nioEventLoopGroup-7-1] DEBUG c.i.k.driver.chrome_1663834057697 - << {"id":4,"result":{},"sessionId":"16D399E57C4FFE6AA15DB09FA961DC50"}
09:07:41.610 [main] DEBUG c.i.k.driver.chrome_1663834057697 - >> {"id":5,"sessionId":"16D399E57C4FFE6AA15DB09FA961DC50","method":"Runtime.enable"}
09:07:41.686 [nioEventLoopGroup-7-1] DEBUG c.i.k.driver.chrome_1663834057697 - << {"method":"Target.targetInfoChanged","params":{"targetInfo":{"targetId":"2654B5663379CE77DB6FDDECE95D3C54","type":"background_page","title":"Google Hangouts","url":"chrome-extension://nkeimhogjdpnpccoofpliimaahmaaome/background.html","attached":false,"canAccessOpener":false,"browserContextId":"E837E9B37D28CE3E402F8033E046B12D"}},"sessionId":"16D399E57C4FFE6AA15DB09FA961DC50"}
09:07:41.730 [nioEventLoopGroup-7-1] DEBUG c.i.k.driver.chrome_1663834057697 - << {"method":"Target.targetInfoChanged","params":{"targetInfo":{"targetId":"7E3252E35C2C4A73CEA257ED0812AC40","type":"background_page","title":"Google Network Speech","url":"chrome-extension://neajdppkdcdipfabeoofebfddakdcjhd/_generated_background_page.html","attached":false,"canAccessOpener":false,"browserContextId":"E837E9B37D28CE3E402F8033E046B12D"}},"sessionId":"16D399E57C4FFE6AA15DB09FA961DC50"}
09:07:41.734 [nioEventLoopGroup-7-1] DEBUG c.i.k.driver.chrome_1663834057697 - << {"method":"Target.targetInfoChanged","params":{"targetInfo":{"targetId":"5D8701E4C77B3EF54FE9EB834D5D602B","type":"background_page","title":"CryptoTokenExtension","url":"chrome-extension://kmendfapggjehodndflmmgagdbamhnfd/_generated_background_page.html","attached":false,"canAccessOpener":false,"browserContextId":"E837E9B37D28CE3E402F8033E046B12D"}},"sessionId":"16D399E57C4FFE6AA15DB09FA961DC50"}
09:07:42.511 [nioEventLoopGroup-7-1] DEBUG c.i.k.driver.chrome_1663834057697 - << {"method":"Runtime.executionContextCreated","params":{"context":{"id":1,"origin":"chrome://welcome","name":"","uniqueId":"8902362044943080158.7658632410388748662","auxData":{"isDefault":true,"type":"default","frameId":"B2BB8AF81D5AC798D881F23A84DD338C"}}},"sessionId":"16D399E57C4FFE6AA15DB09FA961DC50"}
09:07:42.512 [nioEventLoopGroup-7-1] DEBUG c.i.k.driver.chrome_1663834057697 - << {"id":5,"result":{},"sessionId":"16D399E57C4FFE6AA15DB09FA961DC50"}
09:07:42.512 [main] DEBUG c.i.k.driver.chrome_1663834057697 - >> {"id":6,"sessionId":"16D399E57C4FFE6AA15DB09FA961DC50","method":"Browser.getWindowForTarget","params":{"targetId":"B2BB8AF81D5AC798D881F23A84DD338C"}}
09:07:42.514 [nioEventLoopGroup-7-1] DEBUG c.i.k.driver.chrome_1663834057697 - << {"id":6,"result":{"windowId":1522037628,"bounds":{"left":10,"top":10,"width":945,"height":1020,"windowState":"normal"}},"sessionId":"16D399E57C4FFE6AA15DB09FA961DC50"}
09:07:42.519 [main] DEBUG c.i.k.driver.chrome_1663834057697 - >> {"id":7,"sessionId":"16D399E57C4FFE6AA15DB09FA961DC50","method":"Page.navigate","params":{"url":"http:\/\/www.uitestingplayground.com\/home"}}
09:07:42.636 [nioEventLoopGroup-7-1] DEBUG c.i.k.driver.chrome_1663834057697 - << {"method":"Target.targetInfoChanged","params":{"targetInfo":{"targetId":"B2BB8AF81D5AC798D881F23A84DD338C","type":"page","title":"Bem-vindo ao Chrome","url":"http://www.uitestingplayground.com/home","attached":true,"canAccessOpener":false,"browserContextId":"E837E9B37D28CE3E402F8033E046B12D"}},"sessionId":"16D399E57C4FFE6AA15DB09FA961DC50"}
09:07:42.663 [nioEventLoopGroup-7-1] DEBUG c.i.k.driver.chrome_1663834057697 - << {"method":"Page.navigatedWithinDocument","params":{"frameId":"B2BB8AF81D5AC798D881F23A84DD338C","url":"chrome://welcome/"},"sessionId":"16D399E57C4FFE6AA15DB09FA961DC50"}
09:07:42.663 [nioEventLoopGroup-7-1] DEBUG c.i.k.driver.chrome_1663834057697 - << {"method":"Page.domContentEventFired","params":{"timestamp":992.407412},"sessionId":"16D399E57C4FFE6AA15DB09FA961DC50"}
09:07:42.664 [main] DEBUG c.i.k.driver.chrome_1663834057697 - >> {"id":8,"sessionId":"16D399E57C4FFE6AA15DB09FA961DC50","method":"Runtime.evaluate","params":{"expression":"document.evaluate(\"\/\/a[normalize-space(text())='Load Delay']\", document, null, 9, null).singleNodeValue.click()","returnByValue":true}}
09:07:42.715 [nioEventLoopGroup-7-1] DEBUG c.i.k.driver.chrome_1663834057697 - << {"id":7,"result":{"frameId":"B2BB8AF81D5AC798D881F23A84DD338C","loaderId":"926B2F037D8DAA9E97845130C70AC659"},"sessionId":"16D399E57C4FFE6AA15DB09FA961DC50"}
09:07:42.716 [nioEventLoopGroup-7-1] DEBUG c.i.k.driver.chrome_1663834057697 - << {"method":"Runtime.executionContextsCleared","params":{},"sessionId":"16D399E57C4FFE6AA15DB09FA961DC50"}
09:07:42.716 [nioEventLoopGroup-7-1] DEBUG c.i.k.driver.chrome_1663834057697 - << {"method":"Page.frameStartedLoading","params":{"frameId":"B2BB8AF81D5AC798D881F23A84DD338C"},"sessionId":"16D399E57C4FFE6AA15DB09FA961DC50"}
09:07:42.729 [nioEventLoopGroup-7-1] DEBUG c.i.k.driver.chrome_1663834057697 - << {"method":"Target.targetInfoChanged","params":{"targetInfo":{"targetId":"B2BB8AF81D5AC798D881F23A84DD338C","type":"page","title":"www.uitestingplayground.com/home","url":"http://www.uitestingplayground.com/home","attached":true,"canAccessOpener":false,"browserContextId":"E837E9B37D28CE3E402F8033E046B12D"}},"sessionId":"16D399E57C4FFE6AA15DB09FA961DC50"}
09:07:42.730 [nioEventLoopGroup-7-1] DEBUG c.i.k.driver.chrome_1663834057697 - << {"method":"Runtime.executionContextsCleared","params":{},"sessionId":"16D399E57C4FFE6AA15DB09FA961DC50"}
09:07:42.730 [nioEventLoopGroup-7-1] DEBUG c.i.k.driver.chrome_1663834057697 - << {"method":"Page.frameNavigated","params":{"frame":{"id":"B2BB8AF81D5AC798D881F23A84DD338C","loaderId":"926B2F037D8DAA9E97845130C70AC659","url":"http://www.uitestingplayground.com/home","domainAndRegistry":"uitestingplayground.com","securityOrigin":"http://www.uitestingplayground.com","mimeType":"text/html","adFrameStatus":{"adFrameType":"none"},"secureContextType":"InsecureScheme","crossOriginIsolatedContextType":"NotIsolated","gatedAPIFeatures":[]},"type":"Navigation"},"sessionId":"16D399E57C4FFE6AA15DB09FA961DC50"}
09:07:42.731 [nioEventLoopGroup-7-1] DEBUG c.i.k.driver.chrome_1663834057697 - << {"method":"Runtime.executionContextCreated","params":{"context":{"id":1,"origin":"http://www.uitestingplayground.com","name":"","uniqueId":"1582124220866748396.-6750738144031083002","auxData":{"isDefault":true,"type":"default","frameId":"B2BB8AF81D5AC798D881F23A84DD338C"}}},"sessionId":"16D399E57C4FFE6AA15DB09FA961DC50"}
09:07:42.857 [nioEventLoopGroup-7-1] DEBUG c.i.k.driver.chrome_1663834057697 - << {"method":"Runtime.exceptionThrown","params":{"timestamp":1.663834062856488e+12,"exceptionDetails":{"exceptionId":1,"text":"Uncaught","lineNumber":3,"columnNumber":627,"scriptId":"6","url":"http://www.uitestingplayground.com/home","stackTrace":{"callFrames":[{"functionName":"onclick","scriptId":"6","url":"http://www.uitestingplayground.com/home","lineNumber":3,"columnNumber":627},{"functionName":"","scriptId":"5","url":"","lineNumber":0,"columnNumber":104}]},"exception":{"type":"object","subtype":"error","className":"ReferenceError","description":"ReferenceError: $ is not defined\n    at HTMLAnchorElement.onclick (http://www.uitestingplayground.com/home:4:628)\n    at <anonymous>:1:105","objectId":"6558006231735175541.1.1","preview":{"type":"object","subtype":"error","description":"ReferenceError: $ is not defined\n    at HTMLAnchorElement.onclick (http://www.uitestingplayground.com/home:4:628)\n    at <anonymous>:1:105","overflow":false,"properties":[{"name":"stack","type":"string","value":"ReferenceError: $ ...
09:07:42.858 [nioEventLoopGroup-7-1] DEBUG c.i.k.driver.chrome_1663834057697 - << {"method":"Page.frameScheduledNavigation","params":{"frameId":"B2BB8AF81D5AC798D881F23A84DD338C","delay":0,"reason":"anchorClick","url":"http://www.uitestingplayground.com/loaddelay"},"sessionId":"16D399E57C4FFE6AA15DB09FA961DC50"}
09:07:42.858 [nioEventLoopGroup-7-1] DEBUG c.i.k.driver.chrome_1663834057697 - << {"method":"Page.frameRequestedNavigation","params":{"frameId":"B2BB8AF81D5AC798D881F23A84DD338C","reason":"anchorClick","url":"http://www.uitestingplayground.com/loaddelay","disposition":"currentTab"},"sessionId":"16D399E57C4FFE6AA15DB09FA961DC50"}
09:07:42.866 [nioEventLoopGroup-7-1] DEBUG c.i.k.driver.chrome_1663834057697 - << {"method":"Page.frameClearedScheduledNavigation","params":{"frameId":"B2BB8AF81D5AC798D881F23A84DD338C"},"sessionId":"16D399E57C4FFE6AA15DB09FA961DC50"}
09:07:42.866 [nioEventLoopGroup-7-1] DEBUG c.i.k.driver.chrome_1663834057697 - << {"id":8,"result":{"result":{"type":"undefined"}},"sessionId":"16D399E57C4FFE6AA15DB09FA961DC50"}
09:07:42.869 [main] DEBUG c.i.k.driver.chrome_1663834057697 - >> {"id":9,"sessionId":"16D399E57C4FFE6AA15DB09FA961DC50","method":"Runtime.evaluate","params":{"expression":"(document.evaluate(\"\/\/button[contains(text(),'Button Appearing After Delay')]\", document, null, 9, null).singleNodeValue != null)","returnByValue":true}}
09:07:43.742 [chrome_1663834057697-out] DEBUG c.i.k.driver.chrome_1663834057697 - [14960:16436:0922/090743.742:ERROR:device_event_log_impl.cc(214)] [09:07:43.741] USB: usb_device_handle_win.cc:1048 Failed to read descriptor from node connection: Um dispositivo ligado ao sistema não está a funcionar. (0x1F)
09:07:43.742 [chrome_1663834057697-out] DEBUG c.i.k.driver.chrome_1663834057697 - [14960:16436:0922/090743.742:ERROR:device_event_log_impl.cc(214)] [09:07:43.742] USB: usb_device_handle_win.cc:1048 Failed to read descriptor from node connection: Um dispositivo ligado ao sistema não está a funcionar. (0x1F)
09:07:43.742 [chrome_1663834057697-out] DEBUG c.i.k.driver.chrome_1663834057697 - [14960:16436:0922/090743.742:ERROR:device_event_log_impl.cc(214)] [09:07:43.742] USB: usb_device_handle_win.cc:1048 Failed to read descriptor from node connection: Um dispositivo ligado ao sistema não está a funcionar. (0x1F)
09:07:45.871 [main] ERROR c.i.k.driver.chrome_1663834057697 - << timed out after milliseconds: 3000 - [id: 9, sessionId: 16D399E57C4FFE6AA15DB09FA961DC50, method: Runtime.evaluate, params: {"expression":"(document.evaluate(\"//button[contains(text(),'Button Appearing After Delay')]\", document, null, 9, null).singleNodeValue != null)","returnByValue":true}]
09:07:45.871 [main] WARN  c.i.k.driver.chrome_1663834057697 - waitUntil evaluate failed: failed to get reply for: [id: 9, sessionId: 16D399E57C4FFE6AA15DB09FA961DC50, method: Runtime.evaluate, params: {"expression":"(document.evaluate(\"//button[contains(text(),'Button Appearing After Delay')]\", document, null, 9, null).singleNodeValue != null)","returnByValue":true}]
09:07:45.871 [main] DEBUG c.intuit.karate.driver.DriverOptions - waitUntil (js) - retry #1
09:07:48.002 [nioEventLoopGroup-7-1] DEBUG c.i.k.driver.chrome_1663834057697 - << {"method":"Runtime.executionContextsCleared","params":{},"sessionId":"16D399E57C4FFE6AA15DB09FA961DC50"}
09:07:48.002 [nioEventLoopGroup-7-1] DEBUG c.i.k.driver.chrome_1663834057697 - << {"method":"Page.frameStartedLoading","params":{"frameId":"B2BB8AF81D5AC798D881F23A84DD338C"},"sessionId":"16D399E57C4FFE6AA15DB09FA961DC50"}
09:07:48.012 [nioEventLoopGroup-7-1] DEBUG c.i.k.driver.chrome_1663834057697 - << {"method":"Target.targetInfoChanged","params":{"targetInfo":{"targetId":"B2BB8AF81D5AC798D881F23A84DD338C","type":"page","title":"www.uitestingplayground.com/loaddelay","url":"http://www.uitestingplayground.com/loaddelay","attached":true,"canAccessOpener":false,"browserContextId":"E837E9B37D28CE3E402F8033E046B12D"}},"sessionId":"16D399E57C4FFE6AA15DB09FA961DC50"}
09:07:48.015 [nioEventLoopGroup-7-1] DEBUG c.i.k.driver.chrome_1663834057697 - << {"method":"Runtime.executionContextsCleared","params":{},"sessionId":"16D399E57C4FFE6AA15DB09FA961DC50"}
09:07:48.016 [nioEventLoopGroup-7-1] DEBUG c.i.k.driver.chrome_1663834057697 - << {"method":"Page.frameNavigated","params":{"frame":{"id":"B2BB8AF81D5AC798D881F23A84DD338C","loaderId":"21EA12DDCC0F41533DA4108253101FC8","url":"http://www.uitestingplayground.com/loaddelay","domainAndRegistry":"uitestingplayground.com","securityOrigin":"http://www.uitestingplayground.com","mimeType":"text/html","adFrameStatus":{"adFrameType":"none"},"secureContextType":"InsecureScheme","crossOriginIsolatedContextType":"NotIsolated","gatedAPIFeatures":[]},"type":"Navigation"},"sessionId":"16D399E57C4FFE6AA15DB09FA961DC50"}
09:07:48.016 [nioEventLoopGroup-7-1] DEBUG c.i.k.driver.chrome_1663834057697 - << {"method":"Runtime.executionContextCreated","params":{"context":{"id":2,"origin":"http://www.uitestingplayground.com","name":"","uniqueId":"-1948075682891492388.-6537794961333070040","auxData":{"isDefault":true,"type":"default","frameId":"B2BB8AF81D5AC798D881F23A84DD338C"}}},"sessionId":"16D399E57C4FFE6AA15DB09FA961DC50"}
09:07:48.020 [nioEventLoopGroup-7-1] DEBUG c.i.k.driver.chrome_1663834057697 - << {"id":9,"result":{"result":{"type":"boolean","value":true}},"sessionId":"16D399E57C4FFE6AA15DB09FA961DC50"}
09:07:48.215 [nioEventLoopGroup-7-1] DEBUG c.i.k.driver.chrome_1663834057697 - << {"method":"Page.domContentEventFired","params":{"timestamp":997.959658},"sessionId":"16D399E57C4FFE6AA15DB09FA961DC50"}
09:07:48.225 [nioEventLoopGroup-7-1] DEBUG c.i.k.driver.chrome_1663834057697 - << {"method":"Page.loadEventFired","params":{"timestamp":997.965138},"sessionId":"16D399E57C4FFE6AA15DB09FA961DC50"}
09:07:48.225 [nioEventLoopGroup-7-1] DEBUG c.i.k.driver.chrome_1663834057697 - << {"method":"Page.frameStoppedLoading","params":{"frameId":"B2BB8AF81D5AC798D881F23A84DD338C"},"sessionId":"16D399E57C4FFE6AA15DB09FA961DC50"}
09:07:48.885 [main] DEBUG c.i.k.driver.chrome_1663834057697 - >> {"id":10,"sessionId":"16D399E57C4FFE6AA15DB09FA961DC50","method":"Runtime.evaluate","params":{"expression":"(document.evaluate(\"\/\/button[contains(text(),'Button Appearing After Delay')]\", document, null, 9, null).singleNodeValue != null)","returnByValue":true}}
09:07:48.886 [nioEventLoopGroup-7-1] DEBUG c.i.k.driver.chrome_1663834057697 - << {"id":10,"result":{"result":{"type":"boolean","value":true}},"sessionId":"16D399E57C4FFE6AA15DB09FA961DC50"}
09:07:49.089 [nioEventLoopGroup-7-1] DEBUG c.i.k.driver.chrome_1663834057697 - << {"method":"Target.targetCreated","params":{"targetInfo":{"targetId":"AB6BFB3753BFAFEEF31EC8D95820C383","type":"service_worker","title":"Service Worker chrome-extension://ppnbnpeolgkicgegkbkbjmhlideopiji/background.js","url":"chrome-extension://ppnbnpeolgkicgegkbkbjmhlideopiji/background.js","attached":false,"canAccessOpener":false,"browserContextId":"E837E9B37D28CE3E402F8033E046B12D"}},"sessionId":"16D399E57C4FFE6AA15DB09FA961DC50"}
09:07:49.703 [nioEventLoopGroup-7-1] DEBUG c.i.k.driver.chrome_1663834057697 - << {"method":"Target.targetCreated","params":{"targetInfo":{"targetId":"88A5D917D05B0ACFFFF8C0BDF8D0C5A4","type":"app","title":"Pagamentos via Chrome Web Store","url":"","attached":false,"canAccessOpener":false,"browserContextId":"E837E9B37D28CE3E402F8033E046B12D"}},"sessionId":"16D399E57C4FFE6AA15DB09FA961DC50"}
09:07:49.866 [nioEventLoopGroup-7-1] DEBUG c.i.k.driver.chrome_1663834057697 - << {"method":"Target.targetCreated","params":{"targetInfo":{"targetId":"394F17493B06CCCC73DE297C53747A66","type":"other","title":"","url":"","attached":false,"canAccessOpener":false,"browserContextId":"E837E9B37D28CE3E402F8033E046B12D"}},"sessionId":"16D399E57C4FFE6AA15DB09FA961DC50"}
09:07:50.749 [nioEventLoopGroup-7-1] DEBUG c.i.k.driver.chrome_1663834057697 - << {"method":"Target.targetDestroyed","params":{"targetId":"AB6BFB3753BFAFEEF31EC8D95820C383"},"sessionId":"16D399E57C4FFE6AA15DB09FA961DC50"}
09:07:50.767 [nioEventLoopGroup-7-1] DEBUG c.i.k.driver.chrome_1663834057697 - << {"method":"Target.targetInfoChanged","params":{"targetInfo":{"targetId":"88A5D917D05B0ACFFFF8C0BDF8D0C5A4","type":"background_page","title":"Pagamentos via Chrome Web Store","url":"chrome-extension://nmmhkkegccagdldgiimedpiccmgmieda/_generated_background_page.html","attached":false,"canAccessOpener":false,"browserContextId":"E837E9B37D28CE3E402F8033E046B12D"}},"sessionId":"16D399E57C4FFE6AA15DB09FA961DC50"}
09:07:50.872 [nioEventLoopGroup-7-1] DEBUG c.i.k.driver.chrome_1663834057697 - << {"method":"Target.targetInfoChanged","params":{"targetInfo":{"targetId":"394F17493B06CCCC73DE297C53747A66","type":"background_page","title":"Google Docs offline","url":"chrome-extension://ghbmnnjooekpmoecnnnilnnbdlolhkhi/_generated_background_page.html","attached":false,"canAccessOpener":false,"browserContextId":"E837E9B37D28CE3E402F8033E046B12D"}},"sessionId":"16D399E57C4FFE6AA15DB09FA961DC50"}
09:07:50.896 [main] DEBUG c.i.k.driver.chrome_1663834057697 - >> {"id":11,"sessionId":"16D399E57C4FFE6AA15DB09FA961DC50","method":"Target.closeTarget","params":{"targetId":"B2BB8AF81D5AC798D881F23A84DD338C"}}
09:07:50.898 [nioEventLoopGroup-7-1] DEBUG c.i.k.driver.chrome_1663834057697 - << {"id":11,"result":{"success":true},"sessionId":"16D399E57C4FFE6AA15DB09FA961DC50"}
09:07:50.898 [nioEventLoopGroup-7-1] DEBUG c.i.k.http.WebSocketClientHandler - websocket client disconnected
09:07:50.899 [main] DEBUG com.intuit.karate.shell.Command - closing command: chrome_1663834057697
---------------------------------------------------------
feature: classpath:examples/ui_playground/Feature4_LoadDelay.feature
scenarios:  1 | passed:  1 | failed:  0 | time: 13,2044
---------------------------------------------------------

]]></system-out>
  </testcase>
  <testcase name="[1:9] UI Testing Playground - Feature 5 - AJAX Data - Loading data with AJAX request" classname="examples/ui_playground/Feature5_AjaxData" time="26.206">
    <system-out><![CDATA[09:07:50.950 [main] INFO  com.intuit.karate - karate.env system property was: null 
09:07:50.956 [main] DEBUG com.intuit.karate.shell.Command - found / verified free local port: 64485
09:07:50.957 [main] WARN  c.intuit.karate.driver.DriverOptions - preferred port 9222 not available, will use: 64485
09:07:50.958 [main] DEBUG c.i.k.driver.chrome_1663834070956 - poll attempt #0 for port to be ready - localhost:64485
09:07:50.967 [chrome_1663834070956] DEBUG c.i.k.driver.chrome_1663834070956 - command: [C:\Program Files\Google\Chrome\Application\chrome.exe, --remote-debugging-port=64485, --no-first-run, --user-data-dir=C:\Users\tiago.mina-azevedo\Documents\karateStuff\TestAssignmentSC\target\chrome_1663834070956, --disable-popup-blocking], working dir: target\chrome_1663834070956
09:07:51.139 [chrome_1663834057697] WARN  com.intuit.karate.shell.Command - exit code was non-zero: 1 - [C:\Program Files\Google\Chrome\Application\chrome.exe, --remote-debugging-port=64407, --no-first-run, --user-data-dir=C:\Users\tiago.mina-azevedo\Documents\karateStuff\TestAssignmentSC\target\chrome_1663834057697, --disable-popup-blocking] working dir: target\chrome_1663834057697
09:07:52.548 [chrome_1663834070956-out] DEBUG c.i.k.driver.chrome_1663834070956 - 
09:07:52.548 [chrome_1663834070956-out] DEBUG c.i.k.driver.chrome_1663834070956 - DevTools listening on ws://127.0.0.1:64485/devtools/browser/56fc8ab4-a520-4b38-8975-72d457a6cf71
09:07:53.005 [main] DEBUG com.intuit.karate - request:
1 > GET http://localhost:64485/json
1 > Host: localhost:64485
1 > Connection: Keep-Alive
1 > User-Agent: Apache-HttpClient/4.5.13 (Java/11.0.15.1)
1 > Accept-Encoding: gzip,deflate


09:07:53.008 [main] DEBUG com.intuit.karate - response time in milliseconds: 2
1 < 200
1 < Content-Length: 1746
1 < Content-Type: application/json; charset=UTF-8
[ {
   "description": "",
   "devtoolsFrontendUrl": "/devtools/inspector.html?ws=localhost:64485/devtools/page/E9C69CC35BAD825C90CCA1ED2C4F36E1",
   "id": "E9C69CC35BAD825C90CCA1ED2C4F36E1",
   "title": "CryptoTokenExtension",
   "type": "background_page",
   "url": "chrome-extension://kmendfapggjehodndflmmgagdbamhnfd/_generated_background_page.html",
   "webSocketDebuggerUrl": "ws://localhost:64485/devtools/page/E9C69CC35BAD825C90CCA1ED2C4F36E1"
}, {
   "description": "",
   "devtoolsFrontendUrl": "/devtools/inspector.html?ws=localhost:64485/devtools/page/8341CD8686F213E25DB0C2D8FB1BF722",
   "id": "8341CD8686F213E25DB0C2D8FB1BF722",
   "title": "Google Network Speech",
   "type": "background_page",
   "url": "chrome-extension://neajdppkdcdipfabeoofebfddakdcjhd/_generated_background_page.html",
   "webSocketDebuggerUrl": "ws://localhost:64485/devtools/page/8341CD8686F213E25DB0C2D8FB1BF722"
}, {
   "description": "",
   "devtoolsFrontendUrl": "/devtools/inspector.html?ws=localhost:64485/devtools/page/F8A95192D8EC0004571EE2AF7AB19BC0",
   "id": "F8A95192D8EC0004571EE2AF7AB19BC0",
   "title": "Google Hangouts",
   "type": "background_page",
   "url": "chrome-extension://nkeimhogjdpnpccoofpliimaahmaaome/background.html",
   "webSocketDebuggerUrl": "ws://localhost:64485/devtools/page/F8A95192D8EC0004571EE2AF7AB19BC0"
}, {
   "description": "",
   "devtoolsFrontendUrl": "/devtools/inspector.html?ws=localhost:64485/devtools/page/638A190C7473CEB7EF31489F41EE503E",
   "id": "638A190C7473CEB7EF31489F41EE503E",
   "title": "",
   "type": "page",
   "url": "chrome://welcome/?variant=everywhere",
   "webSocketDebuggerUrl": "ws://localhost:64485/devtools/page/638A190C7473CEB7EF31489F41EE503E"
} ]


09:07:53.009 [main] DEBUG com.intuit.karate.shell.Command - ready to accept http connections after 6 ms - http://localhost:64485/json
09:07:53.011 [main] DEBUG com.intuit.karate - request:
1 > GET http://localhost:64485/json
1 > Host: localhost:64485
1 > Connection: Keep-Alive
1 > User-Agent: Apache-HttpClient/4.5.13 (Java/11.0.15.1)
1 > Accept-Encoding: gzip,deflate


09:07:53.013 [main] DEBUG com.intuit.karate - response time in milliseconds: 2
1 < 200
1 < Content-Length: 1746
1 < Content-Type: application/json; charset=UTF-8
[ {
   "description": "",
   "devtoolsFrontendUrl": "/devtools/inspector.html?ws=localhost:64485/devtools/page/E9C69CC35BAD825C90CCA1ED2C4F36E1",
   "id": "E9C69CC35BAD825C90CCA1ED2C4F36E1",
   "title": "CryptoTokenExtension",
   "type": "background_page",
   "url": "chrome-extension://kmendfapggjehodndflmmgagdbamhnfd/_generated_background_page.html",
   "webSocketDebuggerUrl": "ws://localhost:64485/devtools/page/E9C69CC35BAD825C90CCA1ED2C4F36E1"
}, {
   "description": "",
   "devtoolsFrontendUrl": "/devtools/inspector.html?ws=localhost:64485/devtools/page/8341CD8686F213E25DB0C2D8FB1BF722",
   "id": "8341CD8686F213E25DB0C2D8FB1BF722",
   "title": "Google Network Speech",
   "type": "background_page",
   "url": "chrome-extension://neajdppkdcdipfabeoofebfddakdcjhd/_generated_background_page.html",
   "webSocketDebuggerUrl": "ws://localhost:64485/devtools/page/8341CD8686F213E25DB0C2D8FB1BF722"
}, {
   "description": "",
   "devtoolsFrontendUrl": "/devtools/inspector.html?ws=localhost:64485/devtools/page/F8A95192D8EC0004571EE2AF7AB19BC0",
   "id": "F8A95192D8EC0004571EE2AF7AB19BC0",
   "title": "Google Hangouts",
   "type": "background_page",
   "url": "chrome-extension://nkeimhogjdpnpccoofpliimaahmaaome/background.html",
   "webSocketDebuggerUrl": "ws://localhost:64485/devtools/page/F8A95192D8EC0004571EE2AF7AB19BC0"
}, {
   "description": "",
   "devtoolsFrontendUrl": "/devtools/inspector.html?ws=localhost:64485/devtools/page/638A190C7473CEB7EF31489F41EE503E",
   "id": "638A190C7473CEB7EF31489F41EE503E",
   "title": "",
   "type": "page",
   "url": "chrome://welcome/?variant=everywhere",
   "webSocketDebuggerUrl": "ws://localhost:64485/devtools/page/638A190C7473CEB7EF31489F41EE503E"
} ]


09:07:53.014 [main] DEBUG c.i.k.driver.chrome_1663834070956 - root frame id: 638A190C7473CEB7EF31489F41EE503E
09:07:53.046 [nioEventLoopGroup-8-1] DEBUG c.i.k.http.WebSocketClientHandler - websocket client connected
09:07:53.046 [main] DEBUG c.i.k.driver.chrome_1663834070956 - >> {"id":1,"method":"Target.attachToTarget","params":{"targetId":"638A190C7473CEB7EF31489F41EE503E","flatten":true}}
09:07:53.049 [nioEventLoopGroup-8-1] DEBUG c.i.k.driver.chrome_1663834070956 - << {"method":"Target.attachedToTarget","params":{"sessionId":"CEFA247146A8321BD3CCDFDE7C8263D7","targetInfo":{"targetId":"638A190C7473CEB7EF31489F41EE503E","type":"page","title":"","url":"chrome://welcome/?variant=everywhere","attached":true,"canAccessOpener":false,"browserContextId":"2C869B75905E83F66A402287B978C926"},"waitingForDebugger":false}}
09:07:53.050 [nioEventLoopGroup-8-1] DEBUG c.i.k.driver.chrome_1663834070956 - << {"id":1,"result":{"sessionId":"CEFA247146A8321BD3CCDFDE7C8263D7"}}
09:07:53.050 [main] DEBUG c.i.k.driver.chrome_1663834070956 - >> {"id":2,"sessionId":"CEFA247146A8321BD3CCDFDE7C8263D7","method":"Target.activateTarget","params":{"targetId":"638A190C7473CEB7EF31489F41EE503E"}}
09:07:53.052 [nioEventLoopGroup-8-1] DEBUG c.i.k.driver.chrome_1663834070956 - << {"id":2,"result":{},"sessionId":"CEFA247146A8321BD3CCDFDE7C8263D7"}
09:07:53.052 [main] DEBUG c.i.k.driver.chrome_1663834070956 - >> {"id":3,"sessionId":"CEFA247146A8321BD3CCDFDE7C8263D7","method":"Target.setDiscoverTargets","params":{"discover":true}}
09:07:53.053 [nioEventLoopGroup-8-1] DEBUG c.i.k.driver.chrome_1663834070956 - << {"method":"Target.targetCreated","params":{"targetInfo":{"targetId":"638A190C7473CEB7EF31489F41EE503E","type":"page","title":"","url":"chrome://welcome/?variant=everywhere","attached":true,"canAccessOpener":false,"browserContextId":"2C869B75905E83F66A402287B978C926"}},"sessionId":"CEFA247146A8321BD3CCDFDE7C8263D7"}
09:07:53.053 [nioEventLoopGroup-8-1] DEBUG c.i.k.driver.chrome_1663834070956 - << {"method":"Target.targetCreated","params":{"targetInfo":{"targetId":"8341CD8686F213E25DB0C2D8FB1BF722","type":"background_page","title":"Google Network Speech","url":"chrome-extension://neajdppkdcdipfabeoofebfddakdcjhd/_generated_background_page.html","attached":false,"canAccessOpener":false,"browserContextId":"2C869B75905E83F66A402287B978C926"}},"sessionId":"CEFA247146A8321BD3CCDFDE7C8263D7"}
09:07:53.053 [nioEventLoopGroup-8-1] DEBUG c.i.k.driver.chrome_1663834070956 - << {"method":"Target.targetCreated","params":{"targetInfo":{"targetId":"E9C69CC35BAD825C90CCA1ED2C4F36E1","type":"background_page","title":"CryptoTokenExtension","url":"chrome-extension://kmendfapggjehodndflmmgagdbamhnfd/_generated_background_page.html","attached":false,"canAccessOpener":false,"browserContextId":"2C869B75905E83F66A402287B978C926"}},"sessionId":"CEFA247146A8321BD3CCDFDE7C8263D7"}
09:07:53.053 [nioEventLoopGroup-8-1] DEBUG c.i.k.driver.chrome_1663834070956 - << {"method":"Target.targetCreated","params":{"targetInfo":{"targetId":"F8A95192D8EC0004571EE2AF7AB19BC0","type":"background_page","title":"Google Hangouts","url":"chrome-extension://nkeimhogjdpnpccoofpliimaahmaaome/background.html","attached":false,"canAccessOpener":false,"browserContextId":"2C869B75905E83F66A402287B978C926"}},"sessionId":"CEFA247146A8321BD3CCDFDE7C8263D7"}
09:07:53.053 [nioEventLoopGroup-8-1] DEBUG c.i.k.driver.chrome_1663834070956 - << {"id":3,"result":{},"sessionId":"CEFA247146A8321BD3CCDFDE7C8263D7"}
09:07:53.053 [main] DEBUG c.i.k.driver.chrome_1663834070956 - >> {"id":4,"sessionId":"CEFA247146A8321BD3CCDFDE7C8263D7","method":"Page.enable"}
09:07:54.686 [nioEventLoopGroup-8-1] DEBUG c.i.k.driver.chrome_1663834070956 - << {"method":"Target.targetInfoChanged","params":{"targetInfo":{"targetId":"F8A95192D8EC0004571EE2AF7AB19BC0","type":"background_page","title":"Google Hangouts","url":"chrome-extension://nkeimhogjdpnpccoofpliimaahmaaome/background.html","attached":false,"canAccessOpener":false,"browserContextId":"2C869B75905E83F66A402287B978C926"}},"sessionId":"CEFA247146A8321BD3CCDFDE7C8263D7"}
09:07:54.701 [nioEventLoopGroup-8-1] DEBUG c.i.k.driver.chrome_1663834070956 - << {"method":"Target.targetInfoChanged","params":{"targetInfo":{"targetId":"638A190C7473CEB7EF31489F41EE503E","type":"page","title":"chrome://welcome/?variant=everywhere","url":"chrome://welcome/?variant=everywhere","attached":true,"canAccessOpener":false,"browserContextId":"2C869B75905E83F66A402287B978C926"}},"sessionId":"CEFA247146A8321BD3CCDFDE7C8263D7"}
09:07:54.706 [nioEventLoopGroup-8-1] DEBUG c.i.k.driver.chrome_1663834070956 - << {"id":4,"result":{},"sessionId":"CEFA247146A8321BD3CCDFDE7C8263D7"}
09:07:54.706 [main] DEBUG c.i.k.driver.chrome_1663834070956 - >> {"id":5,"sessionId":"CEFA247146A8321BD3CCDFDE7C8263D7","method":"Runtime.enable"}
09:07:54.759 [nioEventLoopGroup-8-1] DEBUG c.i.k.driver.chrome_1663834070956 - << {"method":"Target.targetInfoChanged","params":{"targetInfo":{"targetId":"8341CD8686F213E25DB0C2D8FB1BF722","type":"background_page","title":"Google Network Speech","url":"chrome-extension://neajdppkdcdipfabeoofebfddakdcjhd/_generated_background_page.html","attached":false,"canAccessOpener":false,"browserContextId":"2C869B75905E83F66A402287B978C926"}},"sessionId":"CEFA247146A8321BD3CCDFDE7C8263D7"}
09:07:54.813 [nioEventLoopGroup-8-1] DEBUG c.i.k.driver.chrome_1663834070956 - << {"method":"Target.targetInfoChanged","params":{"targetInfo":{"targetId":"E9C69CC35BAD825C90CCA1ED2C4F36E1","type":"background_page","title":"CryptoTokenExtension","url":"chrome-extension://kmendfapggjehodndflmmgagdbamhnfd/_generated_background_page.html","attached":false,"canAccessOpener":false,"browserContextId":"2C869B75905E83F66A402287B978C926"}},"sessionId":"CEFA247146A8321BD3CCDFDE7C8263D7"}
09:07:55.739 [nioEventLoopGroup-8-1] DEBUG c.i.k.driver.chrome_1663834070956 - << {"method":"Runtime.executionContextCreated","params":{"context":{"id":1,"origin":"chrome://welcome","name":"","uniqueId":"-2725496233736555890.7183745156283905065","auxData":{"isDefault":true,"type":"default","frameId":"638A190C7473CEB7EF31489F41EE503E"}}},"sessionId":"CEFA247146A8321BD3CCDFDE7C8263D7"}
09:07:55.739 [nioEventLoopGroup-8-1] DEBUG c.i.k.driver.chrome_1663834070956 - << {"id":5,"result":{},"sessionId":"CEFA247146A8321BD3CCDFDE7C8263D7"}
09:07:55.741 [main] DEBUG c.i.k.driver.chrome_1663834070956 - >> {"id":6,"sessionId":"CEFA247146A8321BD3CCDFDE7C8263D7","method":"Browser.getWindowForTarget","params":{"targetId":"638A190C7473CEB7EF31489F41EE503E"}}
09:07:55.743 [nioEventLoopGroup-8-1] DEBUG c.i.k.driver.chrome_1663834070956 - << {"id":6,"result":{"windowId":1341760549,"bounds":{"left":10,"top":10,"width":945,"height":1020,"windowState":"normal"}},"sessionId":"CEFA247146A8321BD3CCDFDE7C8263D7"}
09:07:55.747 [main] DEBUG c.i.k.driver.chrome_1663834070956 - >> {"id":7,"sessionId":"CEFA247146A8321BD3CCDFDE7C8263D7","method":"Page.navigate","params":{"url":"http:\/\/www.uitestingplayground.com\/home"}}
09:07:55.881 [nioEventLoopGroup-8-1] DEBUG c.i.k.driver.chrome_1663834070956 - << {"method":"Target.targetInfoChanged","params":{"targetInfo":{"targetId":"638A190C7473CEB7EF31489F41EE503E","type":"page","title":"Bem-vindo ao Chrome","url":"http://www.uitestingplayground.com/home","attached":true,"canAccessOpener":false,"browserContextId":"2C869B75905E83F66A402287B978C926"}},"sessionId":"CEFA247146A8321BD3CCDFDE7C8263D7"}
09:07:55.905 [nioEventLoopGroup-8-1] DEBUG c.i.k.driver.chrome_1663834070956 - << {"method":"Page.navigatedWithinDocument","params":{"frameId":"638A190C7473CEB7EF31489F41EE503E","url":"chrome://welcome/"},"sessionId":"CEFA247146A8321BD3CCDFDE7C8263D7"}
09:07:55.907 [nioEventLoopGroup-8-1] DEBUG c.i.k.driver.chrome_1663834070956 - << {"method":"Page.domContentEventFired","params":{"timestamp":1005.65168},"sessionId":"CEFA247146A8321BD3CCDFDE7C8263D7"}
09:07:55.908 [main] DEBUG c.i.k.driver.chrome_1663834070956 - >> {"id":8,"sessionId":"CEFA247146A8321BD3CCDFDE7C8263D7","method":"Runtime.evaluate","params":{"expression":"document.evaluate(\"\/\/a[normalize-space(text())='AJAX Data']\", document, null, 9, null).singleNodeValue.click()","returnByValue":true}}
09:07:55.915 [nioEventLoopGroup-8-1] DEBUG c.i.k.driver.chrome_1663834070956 - << {"id":7,"result":{"frameId":"638A190C7473CEB7EF31489F41EE503E","loaderId":"D6D97581CABEFC1DAEBDF189F1C3B3DE"},"sessionId":"CEFA247146A8321BD3CCDFDE7C8263D7"}
09:07:55.917 [nioEventLoopGroup-8-1] DEBUG c.i.k.driver.chrome_1663834070956 - << {"method":"Runtime.executionContextsCleared","params":{},"sessionId":"CEFA247146A8321BD3CCDFDE7C8263D7"}
09:07:55.917 [nioEventLoopGroup-8-1] DEBUG c.i.k.driver.chrome_1663834070956 - << {"method":"Page.frameStartedLoading","params":{"frameId":"638A190C7473CEB7EF31489F41EE503E"},"sessionId":"CEFA247146A8321BD3CCDFDE7C8263D7"}
09:07:55.930 [nioEventLoopGroup-8-1] DEBUG c.i.k.driver.chrome_1663834070956 - << {"method":"Target.targetInfoChanged","params":{"targetInfo":{"targetId":"638A190C7473CEB7EF31489F41EE503E","type":"page","title":"www.uitestingplayground.com/home","url":"http://www.uitestingplayground.com/home","attached":true,"canAccessOpener":false,"browserContextId":"2C869B75905E83F66A402287B978C926"}},"sessionId":"CEFA247146A8321BD3CCDFDE7C8263D7"}
09:07:55.934 [nioEventLoopGroup-8-1] DEBUG c.i.k.driver.chrome_1663834070956 - << {"method":"Runtime.executionContextsCleared","params":{},"sessionId":"CEFA247146A8321BD3CCDFDE7C8263D7"}
09:07:55.935 [nioEventLoopGroup-8-1] DEBUG c.i.k.driver.chrome_1663834070956 - << {"method":"Page.frameNavigated","params":{"frame":{"id":"638A190C7473CEB7EF31489F41EE503E","loaderId":"D6D97581CABEFC1DAEBDF189F1C3B3DE","url":"http://www.uitestingplayground.com/home","domainAndRegistry":"uitestingplayground.com","securityOrigin":"http://www.uitestingplayground.com","mimeType":"text/html","adFrameStatus":{"adFrameType":"none"},"secureContextType":"InsecureScheme","crossOriginIsolatedContextType":"NotIsolated","gatedAPIFeatures":[]},"type":"Navigation"},"sessionId":"CEFA247146A8321BD3CCDFDE7C8263D7"}
09:07:55.935 [nioEventLoopGroup-8-1] DEBUG c.i.k.driver.chrome_1663834070956 - << {"method":"Runtime.executionContextCreated","params":{"context":{"id":1,"origin":"http://www.uitestingplayground.com","name":"","uniqueId":"3696930471951004857.1023547199387257232","auxData":{"isDefault":true,"type":"default","frameId":"638A190C7473CEB7EF31489F41EE503E"}}},"sessionId":"CEFA247146A8321BD3CCDFDE7C8263D7"}
09:07:55.935 [nioEventLoopGroup-8-1] DEBUG c.i.k.driver.chrome_1663834070956 - << {"method":"Page.frameScheduledNavigation","params":{"frameId":"638A190C7473CEB7EF31489F41EE503E","delay":0,"reason":"anchorClick","url":"http://www.uitestingplayground.com/ajax"},"sessionId":"CEFA247146A8321BD3CCDFDE7C8263D7"}
09:07:55.936 [nioEventLoopGroup-8-1] DEBUG c.i.k.driver.chrome_1663834070956 - << {"method":"Page.frameRequestedNavigation","params":{"frameId":"638A190C7473CEB7EF31489F41EE503E","reason":"anchorClick","url":"http://www.uitestingplayground.com/ajax","disposition":"currentTab"},"sessionId":"CEFA247146A8321BD3CCDFDE7C8263D7"}
09:07:55.945 [nioEventLoopGroup-8-1] DEBUG c.i.k.driver.chrome_1663834070956 - << {"method":"Page.frameClearedScheduledNavigation","params":{"frameId":"638A190C7473CEB7EF31489F41EE503E"},"sessionId":"CEFA247146A8321BD3CCDFDE7C8263D7"}
09:07:55.945 [nioEventLoopGroup-8-1] DEBUG c.i.k.driver.chrome_1663834070956 - << {"id":8,"result":{"result":{"type":"undefined"}},"sessionId":"CEFA247146A8321BD3CCDFDE7C8263D7"}
09:07:56.313 [nioEventLoopGroup-8-1] DEBUG c.i.k.driver.chrome_1663834070956 - << {"method":"Runtime.executionContextsCleared","params":{},"sessionId":"CEFA247146A8321BD3CCDFDE7C8263D7"}
09:07:56.314 [nioEventLoopGroup-8-1] DEBUG c.i.k.driver.chrome_1663834070956 - << {"method":"Page.frameStartedLoading","params":{"frameId":"638A190C7473CEB7EF31489F41EE503E"},"sessionId":"CEFA247146A8321BD3CCDFDE7C8263D7"}
09:07:56.322 [nioEventLoopGroup-8-1] DEBUG c.i.k.driver.chrome_1663834070956 - << {"method":"Target.targetInfoChanged","params":{"targetInfo":{"targetId":"638A190C7473CEB7EF31489F41EE503E","type":"page","title":"www.uitestingplayground.com/ajax","url":"http://www.uitestingplayground.com/ajax","attached":true,"canAccessOpener":false,"browserContextId":"2C869B75905E83F66A402287B978C926"}},"sessionId":"CEFA247146A8321BD3CCDFDE7C8263D7"}
09:07:56.324 [nioEventLoopGroup-8-1] DEBUG c.i.k.driver.chrome_1663834070956 - << {"method":"Runtime.executionContextsCleared","params":{},"sessionId":"CEFA247146A8321BD3CCDFDE7C8263D7"}
09:07:56.324 [nioEventLoopGroup-8-1] DEBUG c.i.k.driver.chrome_1663834070956 - << {"method":"Page.frameNavigated","params":{"frame":{"id":"638A190C7473CEB7EF31489F41EE503E","loaderId":"4CE98321A8EAC5E70B1AE37DCE22E1BA","url":"http://www.uitestingplayground.com/ajax","domainAndRegistry":"uitestingplayground.com","securityOrigin":"http://www.uitestingplayground.com","mimeType":"text/html","adFrameStatus":{"adFrameType":"none"},"secureContextType":"InsecureScheme","crossOriginIsolatedContextType":"NotIsolated","gatedAPIFeatures":[]},"type":"Navigation"},"sessionId":"CEFA247146A8321BD3CCDFDE7C8263D7"}
09:07:56.331 [nioEventLoopGroup-8-1] DEBUG c.i.k.driver.chrome_1663834070956 - << {"method":"Runtime.executionContextCreated","params":{"context":{"id":2,"origin":"http://www.uitestingplayground.com","name":"","uniqueId":"-583137123348746910.4283744434765988339","auxData":{"isDefault":true,"type":"default","frameId":"638A190C7473CEB7EF31489F41EE503E"}}},"sessionId":"CEFA247146A8321BD3CCDFDE7C8263D7"}
09:07:56.463 [nioEventLoopGroup-8-1] DEBUG c.i.k.driver.chrome_1663834070956 - << {"method":"Page.domContentEventFired","params":{"timestamp":1006.208453},"sessionId":"CEFA247146A8321BD3CCDFDE7C8263D7"}
09:07:56.559 [nioEventLoopGroup-8-1] DEBUG c.i.k.driver.chrome_1663834070956 - << {"method":"Page.loadEventFired","params":{"timestamp":1006.303613},"sessionId":"CEFA247146A8321BD3CCDFDE7C8263D7"}
09:07:56.559 [nioEventLoopGroup-8-1] DEBUG c.i.k.driver.chrome_1663834070956 - << {"method":"Page.frameStoppedLoading","params":{"frameId":"638A190C7473CEB7EF31489F41EE503E"},"sessionId":"CEFA247146A8321BD3CCDFDE7C8263D7"}
09:07:56.730 [chrome_1663834070956-out] DEBUG c.i.k.driver.chrome_1663834070956 - [9920:10788:0922/090756.729:ERROR:device_event_log_impl.cc(214)] [09:07:56.730] USB: usb_device_handle_win.cc:1048 Failed to read descriptor from node connection: Um dispositivo ligado ao sistema não está a funcionar. (0x1F)
09:07:56.730 [chrome_1663834070956-out] DEBUG c.i.k.driver.chrome_1663834070956 - [9920:10788:0922/090756.730:ERROR:device_event_log_impl.cc(214)] [09:07:56.730] USB: usb_device_handle_win.cc:1048 Failed to read descriptor from node connection: Um dispositivo ligado ao sistema não está a funcionar. (0x1F)
09:07:56.730 [chrome_1663834070956-out] DEBUG c.i.k.driver.chrome_1663834070956 - [9920:10788:0922/090756.730:ERROR:device_event_log_impl.cc(214)] [09:07:56.730] USB: usb_device_handle_win.cc:1048 Failed to read descriptor from node connection: Um dispositivo ligado ao sistema não está a funcionar. (0x1F)
09:07:57.957 [main] DEBUG c.i.k.driver.chrome_1663834070956 - >> {"id":9,"sessionId":"CEFA247146A8321BD3CCDFDE7C8263D7","method":"Runtime.evaluate","params":{"expression":"document.evaluate(\"\/\/button[contains(text(),'Button Triggering AJAX Request')]\", document, null, 9, null).singleNodeValue.click()","returnByValue":true}}
09:07:57.974 [nioEventLoopGroup-8-1] DEBUG c.i.k.driver.chrome_1663834070956 - << {"id":9,"result":{"result":{"type":"undefined"}},"sessionId":"CEFA247146A8321BD3CCDFDE7C8263D7"}
09:07:57.981 [main] DEBUG c.i.k.driver.chrome_1663834070956 - >> {"id":10,"sessionId":"CEFA247146A8321BD3CCDFDE7C8263D7","method":"Runtime.evaluate","params":{"expression":"(document.evaluate(\"\/\/p[contains(text(),'Data loaded with AJAX get request.')]\", document, null, 9, null).singleNodeValue != null)","returnByValue":true}}
09:07:57.984 [nioEventLoopGroup-8-1] DEBUG c.i.k.driver.chrome_1663834070956 - << {"id":10,"result":{"result":{"type":"boolean","value":false}},"sessionId":"CEFA247146A8321BD3CCDFDE7C8263D7"}
09:07:57.984 [main] DEBUG c.intuit.karate.driver.DriverOptions - waitUntil (js) - retry #1
09:08:00.992 [main] DEBUG c.i.k.driver.chrome_1663834070956 - >> {"id":11,"sessionId":"CEFA247146A8321BD3CCDFDE7C8263D7","method":"Runtime.evaluate","params":{"expression":"(document.evaluate(\"\/\/p[contains(text(),'Data loaded with AJAX get request.')]\", document, null, 9, null).singleNodeValue != null)","returnByValue":true}}
09:08:00.993 [nioEventLoopGroup-8-1] DEBUG c.i.k.driver.chrome_1663834070956 - << {"id":11,"result":{"result":{"type":"boolean","value":false}},"sessionId":"CEFA247146A8321BD3CCDFDE7C8263D7"}
09:08:00.993 [main] DEBUG c.intuit.karate.driver.DriverOptions - waitUntil (js) - retry #2
09:08:02.274 [nioEventLoopGroup-8-1] DEBUG c.i.k.driver.chrome_1663834070956 - << {"method":"Target.targetCreated","params":{"targetInfo":{"targetId":"DF8FB8620E055838AC510D00F6894E7E","type":"service_worker","title":"Service Worker chrome-extension://ppnbnpeolgkicgegkbkbjmhlideopiji/background.js","url":"chrome-extension://ppnbnpeolgkicgegkbkbjmhlideopiji/background.js","attached":false,"canAccessOpener":false,"browserContextId":"2C869B75905E83F66A402287B978C926"}},"sessionId":"CEFA247146A8321BD3CCDFDE7C8263D7"}
09:08:03.227 [nioEventLoopGroup-8-1] DEBUG c.i.k.driver.chrome_1663834070956 - << {"method":"Target.targetCreated","params":{"targetInfo":{"targetId":"64E0D17CA0424373BC15694CE06FD3E9","type":"app","title":"Pagamentos via Chrome Web Store","url":"","attached":false,"canAccessOpener":false,"browserContextId":"2C869B75905E83F66A402287B978C926"}},"sessionId":"CEFA247146A8321BD3CCDFDE7C8263D7"}
09:08:03.378 [nioEventLoopGroup-8-1] DEBUG c.i.k.driver.chrome_1663834070956 - << {"method":"Target.targetCreated","params":{"targetInfo":{"targetId":"3347902224B2DF1AD37333BAB5C33F54","type":"other","title":"","url":"","attached":false,"canAccessOpener":false,"browserContextId":"2C869B75905E83F66A402287B978C926"}},"sessionId":"CEFA247146A8321BD3CCDFDE7C8263D7"}
09:08:03.918 [nioEventLoopGroup-8-1] DEBUG c.i.k.driver.chrome_1663834070956 - << {"method":"Target.targetDestroyed","params":{"targetId":"DF8FB8620E055838AC510D00F6894E7E"},"sessionId":"CEFA247146A8321BD3CCDFDE7C8263D7"}
09:08:03.998 [main] DEBUG c.i.k.driver.chrome_1663834070956 - >> {"id":12,"sessionId":"CEFA247146A8321BD3CCDFDE7C8263D7","method":"Runtime.evaluate","params":{"expression":"(document.evaluate(\"\/\/p[contains(text(),'Data loaded with AJAX get request.')]\", document, null, 9, null).singleNodeValue != null)","returnByValue":true}}
09:08:04.000 [nioEventLoopGroup-8-1] DEBUG c.i.k.driver.chrome_1663834070956 - << {"id":12,"result":{"result":{"type":"boolean","value":false}},"sessionId":"CEFA247146A8321BD3CCDFDE7C8263D7"}
09:08:04.000 [main] DEBUG c.intuit.karate.driver.DriverOptions - waitUntil (js) - retry #3
09:08:04.257 [nioEventLoopGroup-8-1] DEBUG c.i.k.driver.chrome_1663834070956 - << {"method":"Target.targetInfoChanged","params":{"targetInfo":{"targetId":"64E0D17CA0424373BC15694CE06FD3E9","type":"background_page","title":"Pagamentos via Chrome Web Store","url":"chrome-extension://nmmhkkegccagdldgiimedpiccmgmieda/_generated_background_page.html","attached":false,"canAccessOpener":false,"browserContextId":"2C869B75905E83F66A402287B978C926"}},"sessionId":"CEFA247146A8321BD3CCDFDE7C8263D7"}
09:08:04.368 [nioEventLoopGroup-8-1] DEBUG c.i.k.driver.chrome_1663834070956 - << {"method":"Target.targetInfoChanged","params":{"targetInfo":{"targetId":"3347902224B2DF1AD37333BAB5C33F54","type":"background_page","title":"Google Docs offline","url":"chrome-extension://ghbmnnjooekpmoecnnnilnnbdlolhkhi/_generated_background_page.html","attached":false,"canAccessOpener":false,"browserContextId":"2C869B75905E83F66A402287B978C926"}},"sessionId":"CEFA247146A8321BD3CCDFDE7C8263D7"}
09:08:07.011 [main] DEBUG c.i.k.driver.chrome_1663834070956 - >> {"id":13,"sessionId":"CEFA247146A8321BD3CCDFDE7C8263D7","method":"Runtime.evaluate","params":{"expression":"(document.evaluate(\"\/\/p[contains(text(),'Data loaded with AJAX get request.')]\", document, null, 9, null).singleNodeValue != null)","returnByValue":true}}
09:08:07.015 [nioEventLoopGroup-8-1] DEBUG c.i.k.driver.chrome_1663834070956 - << {"id":13,"result":{"result":{"type":"boolean","value":false}},"sessionId":"CEFA247146A8321BD3CCDFDE7C8263D7"}
09:08:07.015 [main] DEBUG c.intuit.karate.driver.DriverOptions - waitUntil (js) - retry #4
09:08:09.728 [nioEventLoopGroup-8-1] DEBUG c.i.k.driver.chrome_1663834070956 - << {"method":"Target.targetDestroyed","params":{"targetId":"F8A95192D8EC0004571EE2AF7AB19BC0"},"sessionId":"CEFA247146A8321BD3CCDFDE7C8263D7"}
09:08:09.807 [nioEventLoopGroup-8-1] DEBUG c.i.k.driver.chrome_1663834070956 - << {"method":"Target.targetDestroyed","params":{"targetId":"8341CD8686F213E25DB0C2D8FB1BF722"},"sessionId":"CEFA247146A8321BD3CCDFDE7C8263D7"}
09:08:09.852 [nioEventLoopGroup-8-1] DEBUG c.i.k.driver.chrome_1663834070956 - << {"method":"Target.targetDestroyed","params":{"targetId":"E9C69CC35BAD825C90CCA1ED2C4F36E1"},"sessionId":"CEFA247146A8321BD3CCDFDE7C8263D7"}
09:08:10.021 [main] DEBUG c.i.k.driver.chrome_1663834070956 - >> {"id":14,"sessionId":"CEFA247146A8321BD3CCDFDE7C8263D7","method":"Runtime.evaluate","params":{"expression":"(document.evaluate(\"\/\/p[contains(text(),'Data loaded with AJAX get request.')]\", document, null, 9, null).singleNodeValue != null)","returnByValue":true}}
09:08:10.024 [nioEventLoopGroup-8-1] DEBUG c.i.k.driver.chrome_1663834070956 - << {"id":14,"result":{"result":{"type":"boolean","value":false}},"sessionId":"CEFA247146A8321BD3CCDFDE7C8263D7"}
09:08:10.024 [main] DEBUG c.intuit.karate.driver.DriverOptions - waitUntil (js) - retry #5
09:08:13.033 [main] DEBUG c.i.k.driver.chrome_1663834070956 - >> {"id":15,"sessionId":"CEFA247146A8321BD3CCDFDE7C8263D7","method":"Runtime.evaluate","params":{"expression":"(document.evaluate(\"\/\/p[contains(text(),'Data loaded with AJAX get request.')]\", document, null, 9, null).singleNodeValue != null)","returnByValue":true}}
09:08:13.037 [nioEventLoopGroup-8-1] DEBUG c.i.k.driver.chrome_1663834070956 - << {"id":15,"result":{"result":{"type":"boolean","value":false}},"sessionId":"CEFA247146A8321BD3CCDFDE7C8263D7"}
09:08:13.038 [main] DEBUG c.intuit.karate.driver.DriverOptions - waitUntil (js) - retry #6
09:08:16.050 [main] DEBUG c.i.k.driver.chrome_1663834070956 - >> {"id":16,"sessionId":"CEFA247146A8321BD3CCDFDE7C8263D7","method":"Runtime.evaluate","params":{"expression":"(document.evaluate(\"\/\/p[contains(text(),'Data loaded with AJAX get request.')]\", document, null, 9, null).singleNodeValue != null)","returnByValue":true}}
09:08:16.054 [nioEventLoopGroup-8-1] DEBUG c.i.k.driver.chrome_1663834070956 - << {"id":16,"result":{"result":{"type":"boolean","value":true}},"sessionId":"CEFA247146A8321BD3CCDFDE7C8263D7"}
09:08:17.062 [main] DEBUG c.i.k.driver.chrome_1663834070956 - >> {"id":17,"sessionId":"CEFA247146A8321BD3CCDFDE7C8263D7","method":"Target.closeTarget","params":{"targetId":"638A190C7473CEB7EF31489F41EE503E"}}
09:08:17.065 [nioEventLoopGroup-8-1] DEBUG c.i.k.driver.chrome_1663834070956 - << {"id":17,"result":{"success":true},"sessionId":"CEFA247146A8321BD3CCDFDE7C8263D7"}
09:08:17.066 [nioEventLoopGroup-8-1] DEBUG c.i.k.http.WebSocketClientHandler - websocket client disconnected
09:08:17.069 [main] DEBUG com.intuit.karate.shell.Command - closing command: chrome_1663834070956
---------------------------------------------------------
feature: classpath:examples/ui_playground/Feature5_AjaxData.feature
scenarios:  1 | passed:  1 | failed:  0 | time: 26,1096
---------------------------------------------------------

]]></system-out>
  </testcase>
  <testcase name="[1:9] UI Testing Playground - Feature 6 - Client Side Delay" classname="examples/ui_playground/Feature6_ClientSideDelay" time="22.148">
    <system-out><![CDATA[09:08:17.158 [main] INFO  com.intuit.karate - karate.env system property was: null 
09:08:17.172 [main] DEBUG com.intuit.karate.shell.Command - found / verified free local port: 64570
09:08:17.172 [main] WARN  c.intuit.karate.driver.DriverOptions - preferred port 9222 not available, will use: 64570
09:08:17.173 [main] DEBUG c.i.k.driver.chrome_1663834097171 - poll attempt #0 for port to be ready - localhost:64570
09:08:17.174 [chrome_1663834097171] DEBUG c.i.k.driver.chrome_1663834097171 - command: [C:\Program Files\Google\Chrome\Application\chrome.exe, --remote-debugging-port=64570, --no-first-run, --user-data-dir=C:\Users\tiago.mina-azevedo\Documents\karateStuff\TestAssignmentSC\target\chrome_1663834097171, --disable-popup-blocking], working dir: target\chrome_1663834097171
09:08:17.235 [chrome_1663834070956] WARN  com.intuit.karate.shell.Command - exit code was non-zero: 1 - [C:\Program Files\Google\Chrome\Application\chrome.exe, --remote-debugging-port=64485, --no-first-run, --user-data-dir=C:\Users\tiago.mina-azevedo\Documents\karateStuff\TestAssignmentSC\target\chrome_1663834070956, --disable-popup-blocking] working dir: target\chrome_1663834070956
09:08:18.422 [chrome_1663834097171-out] DEBUG c.i.k.driver.chrome_1663834097171 - 
09:08:18.422 [chrome_1663834097171-out] DEBUG c.i.k.driver.chrome_1663834097171 - DevTools listening on ws://127.0.0.1:64570/devtools/browser/9c98312c-b795-42a0-b301-54a796db30aa
09:08:18.708 [main] DEBUG com.intuit.karate - request:
1 > GET http://localhost:64570/json
1 > Host: localhost:64570
1 > Connection: Keep-Alive
1 > User-Agent: Apache-HttpClient/4.5.13 (Java/11.0.15.1)
1 > Accept-Encoding: gzip,deflate


09:08:18.711 [main] DEBUG com.intuit.karate - response time in milliseconds: 3
1 < 200
1 < Content-Length: 1746
1 < Content-Type: application/json; charset=UTF-8
[ {
   "description": "",
   "devtoolsFrontendUrl": "/devtools/inspector.html?ws=localhost:64570/devtools/page/FAC4DDEDCF5339B529322A0360F2FD1C",
   "id": "FAC4DDEDCF5339B529322A0360F2FD1C",
   "title": "CryptoTokenExtension",
   "type": "background_page",
   "url": "chrome-extension://kmendfapggjehodndflmmgagdbamhnfd/_generated_background_page.html",
   "webSocketDebuggerUrl": "ws://localhost:64570/devtools/page/FAC4DDEDCF5339B529322A0360F2FD1C"
}, {
   "description": "",
   "devtoolsFrontendUrl": "/devtools/inspector.html?ws=localhost:64570/devtools/page/81CE4D82ABD6E4A23EBA89FDD2DC39B4",
   "id": "81CE4D82ABD6E4A23EBA89FDD2DC39B4",
   "title": "Google Network Speech",
   "type": "background_page",
   "url": "chrome-extension://neajdppkdcdipfabeoofebfddakdcjhd/_generated_background_page.html",
   "webSocketDebuggerUrl": "ws://localhost:64570/devtools/page/81CE4D82ABD6E4A23EBA89FDD2DC39B4"
}, {
   "description": "",
   "devtoolsFrontendUrl": "/devtools/inspector.html?ws=localhost:64570/devtools/page/91C5479936C0BB3341DB1C4357EA50DB",
   "id": "91C5479936C0BB3341DB1C4357EA50DB",
   "title": "Google Hangouts",
   "type": "background_page",
   "url": "chrome-extension://nkeimhogjdpnpccoofpliimaahmaaome/background.html",
   "webSocketDebuggerUrl": "ws://localhost:64570/devtools/page/91C5479936C0BB3341DB1C4357EA50DB"
}, {
   "description": "",
   "devtoolsFrontendUrl": "/devtools/inspector.html?ws=localhost:64570/devtools/page/8452E4457C12D7D57D1DCE569B14CCE7",
   "id": "8452E4457C12D7D57D1DCE569B14CCE7",
   "title": "",
   "type": "page",
   "url": "chrome://welcome/?variant=everywhere",
   "webSocketDebuggerUrl": "ws://localhost:64570/devtools/page/8452E4457C12D7D57D1DCE569B14CCE7"
} ]


09:08:18.711 [main] DEBUG com.intuit.karate.shell.Command - ready to accept http connections after 5 ms - http://localhost:64570/json
09:08:18.712 [main] DEBUG com.intuit.karate - request:
1 > GET http://localhost:64570/json
1 > Host: localhost:64570
1 > Connection: Keep-Alive
1 > User-Agent: Apache-HttpClient/4.5.13 (Java/11.0.15.1)
1 > Accept-Encoding: gzip,deflate


09:08:18.714 [main] DEBUG com.intuit.karate - response time in milliseconds: 2
1 < 200
1 < Content-Length: 1746
1 < Content-Type: application/json; charset=UTF-8
[ {
   "description": "",
   "devtoolsFrontendUrl": "/devtools/inspector.html?ws=localhost:64570/devtools/page/FAC4DDEDCF5339B529322A0360F2FD1C",
   "id": "FAC4DDEDCF5339B529322A0360F2FD1C",
   "title": "CryptoTokenExtension",
   "type": "background_page",
   "url": "chrome-extension://kmendfapggjehodndflmmgagdbamhnfd/_generated_background_page.html",
   "webSocketDebuggerUrl": "ws://localhost:64570/devtools/page/FAC4DDEDCF5339B529322A0360F2FD1C"
}, {
   "description": "",
   "devtoolsFrontendUrl": "/devtools/inspector.html?ws=localhost:64570/devtools/page/81CE4D82ABD6E4A23EBA89FDD2DC39B4",
   "id": "81CE4D82ABD6E4A23EBA89FDD2DC39B4",
   "title": "Google Network Speech",
   "type": "background_page",
   "url": "chrome-extension://neajdppkdcdipfabeoofebfddakdcjhd/_generated_background_page.html",
   "webSocketDebuggerUrl": "ws://localhost:64570/devtools/page/81CE4D82ABD6E4A23EBA89FDD2DC39B4"
}, {
   "description": "",
   "devtoolsFrontendUrl": "/devtools/inspector.html?ws=localhost:64570/devtools/page/91C5479936C0BB3341DB1C4357EA50DB",
   "id": "91C5479936C0BB3341DB1C4357EA50DB",
   "title": "Google Hangouts",
   "type": "background_page",
   "url": "chrome-extension://nkeimhogjdpnpccoofpliimaahmaaome/background.html",
   "webSocketDebuggerUrl": "ws://localhost:64570/devtools/page/91C5479936C0BB3341DB1C4357EA50DB"
}, {
   "description": "",
   "devtoolsFrontendUrl": "/devtools/inspector.html?ws=localhost:64570/devtools/page/8452E4457C12D7D57D1DCE569B14CCE7",
   "id": "8452E4457C12D7D57D1DCE569B14CCE7",
   "title": "",
   "type": "page",
   "url": "chrome://welcome/?variant=everywhere",
   "webSocketDebuggerUrl": "ws://localhost:64570/devtools/page/8452E4457C12D7D57D1DCE569B14CCE7"
} ]


09:08:18.715 [main] DEBUG c.i.k.driver.chrome_1663834097171 - root frame id: 8452E4457C12D7D57D1DCE569B14CCE7
09:08:18.739 [nioEventLoopGroup-9-1] DEBUG c.i.k.http.WebSocketClientHandler - websocket client connected
09:08:18.739 [main] DEBUG c.i.k.driver.chrome_1663834097171 - >> {"id":1,"method":"Target.attachToTarget","params":{"targetId":"8452E4457C12D7D57D1DCE569B14CCE7","flatten":true}}
09:08:18.742 [nioEventLoopGroup-9-1] DEBUG c.i.k.driver.chrome_1663834097171 - << {"method":"Target.attachedToTarget","params":{"sessionId":"1CBA72A93EDE089A76E81EF61A39CEB9","targetInfo":{"targetId":"8452E4457C12D7D57D1DCE569B14CCE7","type":"page","title":"","url":"chrome://welcome/?variant=everywhere","attached":true,"canAccessOpener":false,"browserContextId":"B2946E90A9FFF5998D88420BAF07557D"},"waitingForDebugger":false}}
09:08:18.743 [nioEventLoopGroup-9-1] DEBUG c.i.k.driver.chrome_1663834097171 - << {"id":1,"result":{"sessionId":"1CBA72A93EDE089A76E81EF61A39CEB9"}}
09:08:18.743 [main] DEBUG c.i.k.driver.chrome_1663834097171 - >> {"id":2,"sessionId":"1CBA72A93EDE089A76E81EF61A39CEB9","method":"Target.activateTarget","params":{"targetId":"8452E4457C12D7D57D1DCE569B14CCE7"}}
09:08:18.745 [nioEventLoopGroup-9-1] DEBUG c.i.k.driver.chrome_1663834097171 - << {"id":2,"result":{},"sessionId":"1CBA72A93EDE089A76E81EF61A39CEB9"}
09:08:18.745 [main] DEBUG c.i.k.driver.chrome_1663834097171 - >> {"id":3,"sessionId":"1CBA72A93EDE089A76E81EF61A39CEB9","method":"Target.setDiscoverTargets","params":{"discover":true}}
09:08:18.747 [nioEventLoopGroup-9-1] DEBUG c.i.k.driver.chrome_1663834097171 - << {"method":"Target.targetCreated","params":{"targetInfo":{"targetId":"81CE4D82ABD6E4A23EBA89FDD2DC39B4","type":"background_page","title":"Google Network Speech","url":"chrome-extension://neajdppkdcdipfabeoofebfddakdcjhd/_generated_background_page.html","attached":false,"canAccessOpener":false,"browserContextId":"B2946E90A9FFF5998D88420BAF07557D"}},"sessionId":"1CBA72A93EDE089A76E81EF61A39CEB9"}
09:08:18.748 [nioEventLoopGroup-9-1] DEBUG c.i.k.driver.chrome_1663834097171 - << {"method":"Target.targetCreated","params":{"targetInfo":{"targetId":"8452E4457C12D7D57D1DCE569B14CCE7","type":"page","title":"","url":"chrome://welcome/?variant=everywhere","attached":true,"canAccessOpener":false,"browserContextId":"B2946E90A9FFF5998D88420BAF07557D"}},"sessionId":"1CBA72A93EDE089A76E81EF61A39CEB9"}
09:08:18.748 [nioEventLoopGroup-9-1] DEBUG c.i.k.driver.chrome_1663834097171 - << {"method":"Target.targetCreated","params":{"targetInfo":{"targetId":"91C5479936C0BB3341DB1C4357EA50DB","type":"background_page","title":"Google Hangouts","url":"chrome-extension://nkeimhogjdpnpccoofpliimaahmaaome/background.html","attached":false,"canAccessOpener":false,"browserContextId":"B2946E90A9FFF5998D88420BAF07557D"}},"sessionId":"1CBA72A93EDE089A76E81EF61A39CEB9"}
09:08:18.748 [nioEventLoopGroup-9-1] DEBUG c.i.k.driver.chrome_1663834097171 - << {"method":"Target.targetCreated","params":{"targetInfo":{"targetId":"FAC4DDEDCF5339B529322A0360F2FD1C","type":"background_page","title":"CryptoTokenExtension","url":"chrome-extension://kmendfapggjehodndflmmgagdbamhnfd/_generated_background_page.html","attached":false,"canAccessOpener":false,"browserContextId":"B2946E90A9FFF5998D88420BAF07557D"}},"sessionId":"1CBA72A93EDE089A76E81EF61A39CEB9"}
09:08:18.748 [nioEventLoopGroup-9-1] DEBUG c.i.k.driver.chrome_1663834097171 - << {"id":3,"result":{},"sessionId":"1CBA72A93EDE089A76E81EF61A39CEB9"}
09:08:18.748 [main] DEBUG c.i.k.driver.chrome_1663834097171 - >> {"id":4,"sessionId":"1CBA72A93EDE089A76E81EF61A39CEB9","method":"Page.enable"}
09:08:20.067 [nioEventLoopGroup-9-1] DEBUG c.i.k.driver.chrome_1663834097171 - << {"method":"Target.targetInfoChanged","params":{"targetInfo":{"targetId":"8452E4457C12D7D57D1DCE569B14CCE7","type":"page","title":"chrome://welcome/?variant=everywhere","url":"chrome://welcome/?variant=everywhere","attached":true,"canAccessOpener":false,"browserContextId":"B2946E90A9FFF5998D88420BAF07557D"}},"sessionId":"1CBA72A93EDE089A76E81EF61A39CEB9"}
09:08:20.070 [nioEventLoopGroup-9-1] DEBUG c.i.k.driver.chrome_1663834097171 - << {"id":4,"result":{},"sessionId":"1CBA72A93EDE089A76E81EF61A39CEB9"}
09:08:20.070 [main] DEBUG c.i.k.driver.chrome_1663834097171 - >> {"id":5,"sessionId":"1CBA72A93EDE089A76E81EF61A39CEB9","method":"Runtime.enable"}
09:08:20.079 [nioEventLoopGroup-9-1] DEBUG c.i.k.driver.chrome_1663834097171 - << {"method":"Target.targetInfoChanged","params":{"targetInfo":{"targetId":"FAC4DDEDCF5339B529322A0360F2FD1C","type":"background_page","title":"CryptoTokenExtension","url":"chrome-extension://kmendfapggjehodndflmmgagdbamhnfd/_generated_background_page.html","attached":false,"canAccessOpener":false,"browserContextId":"B2946E90A9FFF5998D88420BAF07557D"}},"sessionId":"1CBA72A93EDE089A76E81EF61A39CEB9"}
09:08:20.110 [nioEventLoopGroup-9-1] DEBUG c.i.k.driver.chrome_1663834097171 - << {"method":"Target.targetInfoChanged","params":{"targetInfo":{"targetId":"81CE4D82ABD6E4A23EBA89FDD2DC39B4","type":"background_page","title":"Google Network Speech","url":"chrome-extension://neajdppkdcdipfabeoofebfddakdcjhd/_generated_background_page.html","attached":false,"canAccessOpener":false,"browserContextId":"B2946E90A9FFF5998D88420BAF07557D"}},"sessionId":"1CBA72A93EDE089A76E81EF61A39CEB9"}
09:08:20.124 [nioEventLoopGroup-9-1] DEBUG c.i.k.driver.chrome_1663834097171 - << {"method":"Target.targetInfoChanged","params":{"targetInfo":{"targetId":"91C5479936C0BB3341DB1C4357EA50DB","type":"background_page","title":"Google Hangouts","url":"chrome-extension://nkeimhogjdpnpccoofpliimaahmaaome/background.html","attached":false,"canAccessOpener":false,"browserContextId":"B2946E90A9FFF5998D88420BAF07557D"}},"sessionId":"1CBA72A93EDE089A76E81EF61A39CEB9"}
09:08:20.905 [nioEventLoopGroup-9-1] DEBUG c.i.k.driver.chrome_1663834097171 - << {"method":"Runtime.executionContextCreated","params":{"context":{"id":1,"origin":"chrome://welcome","name":"","uniqueId":"-7527125494251573468.4977934592099994727","auxData":{"isDefault":true,"type":"default","frameId":"8452E4457C12D7D57D1DCE569B14CCE7"}}},"sessionId":"1CBA72A93EDE089A76E81EF61A39CEB9"}
09:08:20.905 [nioEventLoopGroup-9-1] DEBUG c.i.k.driver.chrome_1663834097171 - << {"id":5,"result":{},"sessionId":"1CBA72A93EDE089A76E81EF61A39CEB9"}
09:08:20.908 [main] DEBUG c.i.k.driver.chrome_1663834097171 - >> {"id":6,"sessionId":"1CBA72A93EDE089A76E81EF61A39CEB9","method":"Browser.getWindowForTarget","params":{"targetId":"8452E4457C12D7D57D1DCE569B14CCE7"}}
09:08:20.909 [nioEventLoopGroup-9-1] DEBUG c.i.k.driver.chrome_1663834097171 - << {"id":6,"result":{"windowId":2092036943,"bounds":{"left":10,"top":10,"width":945,"height":1020,"windowState":"normal"}},"sessionId":"1CBA72A93EDE089A76E81EF61A39CEB9"}
09:08:20.923 [main] DEBUG c.i.k.driver.chrome_1663834097171 - >> {"id":7,"sessionId":"1CBA72A93EDE089A76E81EF61A39CEB9","method":"Page.navigate","params":{"url":"http:\/\/www.uitestingplayground.com\/home"}}
09:08:21.025 [nioEventLoopGroup-9-1] DEBUG c.i.k.driver.chrome_1663834097171 - << {"method":"Target.targetInfoChanged","params":{"targetInfo":{"targetId":"8452E4457C12D7D57D1DCE569B14CCE7","type":"page","title":"Bem-vindo ao Chrome","url":"http://www.uitestingplayground.com/home","attached":true,"canAccessOpener":false,"browserContextId":"B2946E90A9FFF5998D88420BAF07557D"}},"sessionId":"1CBA72A93EDE089A76E81EF61A39CEB9"}
09:08:21.051 [nioEventLoopGroup-9-1] DEBUG c.i.k.driver.chrome_1663834097171 - << {"method":"Page.navigatedWithinDocument","params":{"frameId":"8452E4457C12D7D57D1DCE569B14CCE7","url":"chrome://welcome/"},"sessionId":"1CBA72A93EDE089A76E81EF61A39CEB9"}
09:08:21.052 [nioEventLoopGroup-9-1] DEBUG c.i.k.driver.chrome_1663834097171 - << {"method":"Page.domContentEventFired","params":{"timestamp":1030.796684},"sessionId":"1CBA72A93EDE089A76E81EF61A39CEB9"}
09:08:21.053 [main] DEBUG c.i.k.driver.chrome_1663834097171 - >> {"id":8,"sessionId":"1CBA72A93EDE089A76E81EF61A39CEB9","method":"Runtime.evaluate","params":{"expression":"document.evaluate(\"\/\/a[normalize-space(text())='Client Side Delay']\", document, null, 9, null).singleNodeValue.click()","returnByValue":true}}
09:08:21.088 [nioEventLoopGroup-9-1] DEBUG c.i.k.driver.chrome_1663834097171 - << {"method":"Page.loadEventFired","params":{"timestamp":1030.830893},"sessionId":"1CBA72A93EDE089A76E81EF61A39CEB9"}
09:08:21.089 [nioEventLoopGroup-9-1] DEBUG c.i.k.driver.chrome_1663834097171 - << {"method":"Page.frameStoppedLoading","params":{"frameId":"8452E4457C12D7D57D1DCE569B14CCE7"},"sessionId":"1CBA72A93EDE089A76E81EF61A39CEB9"}
09:08:21.101 [nioEventLoopGroup-9-1] DEBUG c.i.k.driver.chrome_1663834097171 - << {"id":7,"result":{"frameId":"8452E4457C12D7D57D1DCE569B14CCE7","loaderId":"1FAB0A528C98CF8AA5CEF187475B9964"},"sessionId":"1CBA72A93EDE089A76E81EF61A39CEB9"}
09:08:21.103 [nioEventLoopGroup-9-1] DEBUG c.i.k.driver.chrome_1663834097171 - << {"method":"Runtime.executionContextsCleared","params":{},"sessionId":"1CBA72A93EDE089A76E81EF61A39CEB9"}
09:08:21.103 [nioEventLoopGroup-9-1] DEBUG c.i.k.driver.chrome_1663834097171 - << {"method":"Page.frameStartedLoading","params":{"frameId":"8452E4457C12D7D57D1DCE569B14CCE7"},"sessionId":"1CBA72A93EDE089A76E81EF61A39CEB9"}
09:08:21.114 [nioEventLoopGroup-9-1] DEBUG c.i.k.driver.chrome_1663834097171 - << {"method":"Target.targetInfoChanged","params":{"targetInfo":{"targetId":"8452E4457C12D7D57D1DCE569B14CCE7","type":"page","title":"www.uitestingplayground.com/home","url":"http://www.uitestingplayground.com/home","attached":true,"canAccessOpener":false,"browserContextId":"B2946E90A9FFF5998D88420BAF07557D"}},"sessionId":"1CBA72A93EDE089A76E81EF61A39CEB9"}
09:08:21.118 [nioEventLoopGroup-9-1] DEBUG c.i.k.driver.chrome_1663834097171 - << {"method":"Runtime.executionContextsCleared","params":{},"sessionId":"1CBA72A93EDE089A76E81EF61A39CEB9"}
09:08:21.119 [nioEventLoopGroup-9-1] DEBUG c.i.k.driver.chrome_1663834097171 - << {"method":"Page.frameNavigated","params":{"frame":{"id":"8452E4457C12D7D57D1DCE569B14CCE7","loaderId":"1FAB0A528C98CF8AA5CEF187475B9964","url":"http://www.uitestingplayground.com/home","domainAndRegistry":"uitestingplayground.com","securityOrigin":"http://www.uitestingplayground.com","mimeType":"text/html","adFrameStatus":{"adFrameType":"none"},"secureContextType":"InsecureScheme","crossOriginIsolatedContextType":"NotIsolated","gatedAPIFeatures":[]},"type":"Navigation"},"sessionId":"1CBA72A93EDE089A76E81EF61A39CEB9"}
09:08:21.119 [nioEventLoopGroup-9-1] DEBUG c.i.k.driver.chrome_1663834097171 - << {"method":"Runtime.executionContextCreated","params":{"context":{"id":1,"origin":"http://www.uitestingplayground.com","name":"","uniqueId":"8951483651639027203.-7185811063003713568","auxData":{"isDefault":true,"type":"default","frameId":"8452E4457C12D7D57D1DCE569B14CCE7"}}},"sessionId":"1CBA72A93EDE089A76E81EF61A39CEB9"}
09:08:21.142 [nioEventLoopGroup-9-1] DEBUG c.i.k.driver.chrome_1663834097171 - << {"method":"Page.frameScheduledNavigation","params":{"frameId":"8452E4457C12D7D57D1DCE569B14CCE7","delay":0,"reason":"anchorClick","url":"http://www.uitestingplayground.com/clientdelay"},"sessionId":"1CBA72A93EDE089A76E81EF61A39CEB9"}
09:08:21.143 [nioEventLoopGroup-9-1] DEBUG c.i.k.driver.chrome_1663834097171 - << {"method":"Page.frameRequestedNavigation","params":{"frameId":"8452E4457C12D7D57D1DCE569B14CCE7","reason":"anchorClick","url":"http://www.uitestingplayground.com/clientdelay","disposition":"currentTab"},"sessionId":"1CBA72A93EDE089A76E81EF61A39CEB9"}
09:08:21.150 [nioEventLoopGroup-9-1] DEBUG c.i.k.driver.chrome_1663834097171 - << {"method":"Page.frameClearedScheduledNavigation","params":{"frameId":"8452E4457C12D7D57D1DCE569B14CCE7"},"sessionId":"1CBA72A93EDE089A76E81EF61A39CEB9"}
09:08:21.150 [nioEventLoopGroup-9-1] DEBUG c.i.k.driver.chrome_1663834097171 - << {"id":8,"result":{"result":{"type":"undefined"}},"sessionId":"1CBA72A93EDE089A76E81EF61A39CEB9"}
09:08:21.412 [nioEventLoopGroup-9-1] DEBUG c.i.k.driver.chrome_1663834097171 - << {"method":"Runtime.executionContextsCleared","params":{},"sessionId":"1CBA72A93EDE089A76E81EF61A39CEB9"}
09:08:21.412 [nioEventLoopGroup-9-1] DEBUG c.i.k.driver.chrome_1663834097171 - << {"method":"Page.frameStartedLoading","params":{"frameId":"8452E4457C12D7D57D1DCE569B14CCE7"},"sessionId":"1CBA72A93EDE089A76E81EF61A39CEB9"}
09:08:21.419 [nioEventLoopGroup-9-1] DEBUG c.i.k.driver.chrome_1663834097171 - << {"method":"Target.targetInfoChanged","params":{"targetInfo":{"targetId":"8452E4457C12D7D57D1DCE569B14CCE7","type":"page","title":"www.uitestingplayground.com/clientdelay","url":"http://www.uitestingplayground.com/clientdelay","attached":true,"canAccessOpener":false,"browserContextId":"B2946E90A9FFF5998D88420BAF07557D"}},"sessionId":"1CBA72A93EDE089A76E81EF61A39CEB9"}
09:08:21.422 [nioEventLoopGroup-9-1] DEBUG c.i.k.driver.chrome_1663834097171 - << {"method":"Runtime.executionContextsCleared","params":{},"sessionId":"1CBA72A93EDE089A76E81EF61A39CEB9"}
09:08:21.423 [nioEventLoopGroup-9-1] DEBUG c.i.k.driver.chrome_1663834097171 - << {"method":"Page.frameNavigated","params":{"frame":{"id":"8452E4457C12D7D57D1DCE569B14CCE7","loaderId":"38F8BCE0BB2DBBD10B4DDB8F7714CB1E","url":"http://www.uitestingplayground.com/clientdelay","domainAndRegistry":"uitestingplayground.com","securityOrigin":"http://www.uitestingplayground.com","mimeType":"text/html","adFrameStatus":{"adFrameType":"none"},"secureContextType":"InsecureScheme","crossOriginIsolatedContextType":"NotIsolated","gatedAPIFeatures":[]},"type":"Navigation"},"sessionId":"1CBA72A93EDE089A76E81EF61A39CEB9"}
09:08:21.423 [nioEventLoopGroup-9-1] DEBUG c.i.k.driver.chrome_1663834097171 - << {"method":"Runtime.executionContextCreated","params":{"context":{"id":2,"origin":"http://www.uitestingplayground.com","name":"","uniqueId":"4075943258705043359.3999766094452636057","auxData":{"isDefault":true,"type":"default","frameId":"8452E4457C12D7D57D1DCE569B14CCE7"}}},"sessionId":"1CBA72A93EDE089A76E81EF61A39CEB9"}
09:08:21.559 [nioEventLoopGroup-9-1] DEBUG c.i.k.driver.chrome_1663834097171 - << {"method":"Page.domContentEventFired","params":{"timestamp":1031.304555},"sessionId":"1CBA72A93EDE089A76E81EF61A39CEB9"}
09:08:21.661 [nioEventLoopGroup-9-1] DEBUG c.i.k.driver.chrome_1663834097171 - << {"method":"Page.loadEventFired","params":{"timestamp":1031.406461},"sessionId":"1CBA72A93EDE089A76E81EF61A39CEB9"}
09:08:21.662 [nioEventLoopGroup-9-1] DEBUG c.i.k.driver.chrome_1663834097171 - << {"method":"Page.frameStoppedLoading","params":{"frameId":"8452E4457C12D7D57D1DCE569B14CCE7"},"sessionId":"1CBA72A93EDE089A76E81EF61A39CEB9"}
09:08:22.131 [chrome_1663834097171-out] DEBUG c.i.k.driver.chrome_1663834097171 - [9936:14076:0922/090822.131:ERROR:device_event_log_impl.cc(214)] [09:08:22.131] USB: usb_device_handle_win.cc:1048 Failed to read descriptor from node connection: Um dispositivo ligado ao sistema não está a funcionar. (0x1F)
09:08:22.132 [chrome_1663834097171-out] DEBUG c.i.k.driver.chrome_1663834097171 - [9936:14076:0922/090822.131:ERROR:device_event_log_impl.cc(214)] [09:08:22.131] USB: usb_device_handle_win.cc:1048 Failed to read descriptor from node connection: Um dispositivo ligado ao sistema não está a funcionar. (0x1F)
09:08:22.132 [chrome_1663834097171-out] DEBUG c.i.k.driver.chrome_1663834097171 - [9936:14076:0922/090822.132:ERROR:device_event_log_impl.cc(214)] [09:08:22.131] USB: usb_device_handle_win.cc:1048 Failed to read descriptor from node connection: Um dispositivo ligado ao sistema não está a funcionar. (0x1F)
09:08:23.162 [main] DEBUG c.i.k.driver.chrome_1663834097171 - >> {"id":9,"sessionId":"1CBA72A93EDE089A76E81EF61A39CEB9","method":"Runtime.evaluate","params":{"expression":"document.evaluate(\"\/\/button[contains(text(),'Button Triggering Client Side Logic')]\", document, null, 9, null).singleNodeValue.click()","returnByValue":true}}
09:08:23.171 [nioEventLoopGroup-9-1] DEBUG c.i.k.driver.chrome_1663834097171 - << {"id":9,"result":{"result":{"type":"undefined"}},"sessionId":"1CBA72A93EDE089A76E81EF61A39CEB9"}
09:08:23.173 [main] DEBUG c.i.k.driver.chrome_1663834097171 - >> {"id":10,"sessionId":"1CBA72A93EDE089A76E81EF61A39CEB9","method":"Runtime.evaluate","params":{"expression":"(document.evaluate(\"\/\/p[contains(text(),'Data calculated on the client side.')]\", document, null, 9, null).singleNodeValue != null)","returnByValue":true}}
09:08:23.175 [nioEventLoopGroup-9-1] DEBUG c.i.k.driver.chrome_1663834097171 - << {"id":10,"result":{"result":{"type":"boolean","value":false}},"sessionId":"1CBA72A93EDE089A76E81EF61A39CEB9"}
09:08:23.175 [main] DEBUG c.intuit.karate.driver.DriverOptions - waitUntil (js) - retry #1
09:08:25.969 [nioEventLoopGroup-9-1] DEBUG c.i.k.driver.chrome_1663834097171 - << {"method":"Target.targetCreated","params":{"targetInfo":{"targetId":"28D88F26C3129A5C52EC020689173B7A","type":"service_worker","title":"Service Worker chrome-extension://ppnbnpeolgkicgegkbkbjmhlideopiji/background.js","url":"chrome-extension://ppnbnpeolgkicgegkbkbjmhlideopiji/background.js","attached":false,"canAccessOpener":false,"browserContextId":"B2946E90A9FFF5998D88420BAF07557D"}},"sessionId":"1CBA72A93EDE089A76E81EF61A39CEB9"}
09:08:26.191 [main] DEBUG c.i.k.driver.chrome_1663834097171 - >> {"id":11,"sessionId":"1CBA72A93EDE089A76E81EF61A39CEB9","method":"Runtime.evaluate","params":{"expression":"(document.evaluate(\"\/\/p[contains(text(),'Data calculated on the client side.')]\", document, null, 9, null).singleNodeValue != null)","returnByValue":true}}
09:08:26.192 [nioEventLoopGroup-9-1] DEBUG c.i.k.driver.chrome_1663834097171 - << {"id":11,"result":{"result":{"type":"boolean","value":false}},"sessionId":"1CBA72A93EDE089A76E81EF61A39CEB9"}
09:08:26.192 [main] DEBUG c.intuit.karate.driver.DriverOptions - waitUntil (js) - retry #2
09:08:26.921 [nioEventLoopGroup-9-1] DEBUG c.i.k.driver.chrome_1663834097171 - << {"method":"Target.targetCreated","params":{"targetInfo":{"targetId":"E3F9175ED3E6C5ADD07A7E352117B920","type":"app","title":"Pagamentos via Chrome Web Store","url":"","attached":false,"canAccessOpener":false,"browserContextId":"B2946E90A9FFF5998D88420BAF07557D"}},"sessionId":"1CBA72A93EDE089A76E81EF61A39CEB9"}
09:08:27.027 [nioEventLoopGroup-9-1] DEBUG c.i.k.driver.chrome_1663834097171 - << {"method":"Target.targetCreated","params":{"targetInfo":{"targetId":"9D5922F2A65AC0A8F09E2FBE554C6D47","type":"other","title":"","url":"","attached":false,"canAccessOpener":false,"browserContextId":"B2946E90A9FFF5998D88420BAF07557D"}},"sessionId":"1CBA72A93EDE089A76E81EF61A39CEB9"}
09:08:27.280 [nioEventLoopGroup-9-1] DEBUG c.i.k.driver.chrome_1663834097171 - << {"method":"Target.targetDestroyed","params":{"targetId":"28D88F26C3129A5C52EC020689173B7A"},"sessionId":"1CBA72A93EDE089A76E81EF61A39CEB9"}
09:08:27.910 [nioEventLoopGroup-9-1] DEBUG c.i.k.driver.chrome_1663834097171 - << {"method":"Target.targetInfoChanged","params":{"targetInfo":{"targetId":"E3F9175ED3E6C5ADD07A7E352117B920","type":"background_page","title":"Pagamentos via Chrome Web Store","url":"chrome-extension://nmmhkkegccagdldgiimedpiccmgmieda/_generated_background_page.html","attached":false,"canAccessOpener":false,"browserContextId":"B2946E90A9FFF5998D88420BAF07557D"}},"sessionId":"1CBA72A93EDE089A76E81EF61A39CEB9"}
09:08:27.977 [nioEventLoopGroup-9-1] DEBUG c.i.k.driver.chrome_1663834097171 - << {"method":"Target.targetInfoChanged","params":{"targetInfo":{"targetId":"9D5922F2A65AC0A8F09E2FBE554C6D47","type":"background_page","title":"Google Docs offline","url":"chrome-extension://ghbmnnjooekpmoecnnnilnnbdlolhkhi/_generated_background_page.html","attached":false,"canAccessOpener":false,"browserContextId":"B2946E90A9FFF5998D88420BAF07557D"}},"sessionId":"1CBA72A93EDE089A76E81EF61A39CEB9"}
09:08:29.198 [main] DEBUG c.i.k.driver.chrome_1663834097171 - >> {"id":12,"sessionId":"1CBA72A93EDE089A76E81EF61A39CEB9","method":"Runtime.evaluate","params":{"expression":"(document.evaluate(\"\/\/p[contains(text(),'Data calculated on the client side.')]\", document, null, 9, null).singleNodeValue != null)","returnByValue":true}}
09:08:29.201 [nioEventLoopGroup-9-1] DEBUG c.i.k.driver.chrome_1663834097171 - << {"id":12,"result":{"result":{"type":"boolean","value":false}},"sessionId":"1CBA72A93EDE089A76E81EF61A39CEB9"}
09:08:29.202 [main] DEBUG c.intuit.karate.driver.DriverOptions - waitUntil (js) - retry #3
09:08:32.204 [main] DEBUG c.i.k.driver.chrome_1663834097171 - >> {"id":13,"sessionId":"1CBA72A93EDE089A76E81EF61A39CEB9","method":"Runtime.evaluate","params":{"expression":"(document.evaluate(\"\/\/p[contains(text(),'Data calculated on the client side.')]\", document, null, 9, null).singleNodeValue != null)","returnByValue":true}}
09:08:32.205 [nioEventLoopGroup-9-1] DEBUG c.i.k.driver.chrome_1663834097171 - << {"id":13,"result":{"result":{"type":"boolean","value":false}},"sessionId":"1CBA72A93EDE089A76E81EF61A39CEB9"}
09:08:32.206 [main] DEBUG c.intuit.karate.driver.DriverOptions - waitUntil (js) - retry #4
09:08:35.116 [nioEventLoopGroup-9-1] DEBUG c.i.k.driver.chrome_1663834097171 - << {"method":"Target.targetDestroyed","params":{"targetId":"FAC4DDEDCF5339B529322A0360F2FD1C"},"sessionId":"1CBA72A93EDE089A76E81EF61A39CEB9"}
09:08:35.142 [nioEventLoopGroup-9-1] DEBUG c.i.k.driver.chrome_1663834097171 - << {"method":"Target.targetDestroyed","params":{"targetId":"81CE4D82ABD6E4A23EBA89FDD2DC39B4"},"sessionId":"1CBA72A93EDE089A76E81EF61A39CEB9"}
09:08:35.157 [nioEventLoopGroup-9-1] DEBUG c.i.k.driver.chrome_1663834097171 - << {"method":"Target.targetDestroyed","params":{"targetId":"91C5479936C0BB3341DB1C4357EA50DB"},"sessionId":"1CBA72A93EDE089A76E81EF61A39CEB9"}
09:08:35.219 [main] DEBUG c.i.k.driver.chrome_1663834097171 - >> {"id":14,"sessionId":"1CBA72A93EDE089A76E81EF61A39CEB9","method":"Runtime.evaluate","params":{"expression":"(document.evaluate(\"\/\/p[contains(text(),'Data calculated on the client side.')]\", document, null, 9, null).singleNodeValue != null)","returnByValue":true}}
09:08:35.221 [nioEventLoopGroup-9-1] DEBUG c.i.k.driver.chrome_1663834097171 - << {"id":14,"result":{"result":{"type":"boolean","value":false}},"sessionId":"1CBA72A93EDE089A76E81EF61A39CEB9"}
09:08:35.221 [main] DEBUG c.intuit.karate.driver.DriverOptions - waitUntil (js) - retry #5
09:08:38.226 [main] DEBUG c.i.k.driver.chrome_1663834097171 - >> {"id":15,"sessionId":"1CBA72A93EDE089A76E81EF61A39CEB9","method":"Runtime.evaluate","params":{"expression":"(document.evaluate(\"\/\/p[contains(text(),'Data calculated on the client side.')]\", document, null, 9, null).singleNodeValue != null)","returnByValue":true}}
09:08:38.229 [nioEventLoopGroup-9-1] DEBUG c.i.k.driver.chrome_1663834097171 - << {"id":15,"result":{"result":{"type":"boolean","value":true}},"sessionId":"1CBA72A93EDE089A76E81EF61A39CEB9"}
09:08:39.239 [main] DEBUG c.i.k.driver.chrome_1663834097171 - >> {"id":16,"sessionId":"1CBA72A93EDE089A76E81EF61A39CEB9","method":"Target.closeTarget","params":{"targetId":"8452E4457C12D7D57D1DCE569B14CCE7"}}
09:08:39.243 [nioEventLoopGroup-9-1] DEBUG c.i.k.http.WebSocketClientHandler - websocket client disconnected
09:08:39.246 [main] DEBUG com.intuit.karate.shell.Command - closing command: chrome_1663834097171
---------------------------------------------------------
feature: classpath:examples/ui_playground/Feature6_ClientSideDelay.feature
scenarios:  1 | passed:  1 | failed:  0 | time: 22,0789
---------------------------------------------------------

]]></system-out>
  </testcase>
  <testcase name="[1:9] UI Testing Playground - Feature 7 - Click button that is ignoring the DOM Click Event" classname="examples/ui_playground/Feature7_Click" time="8.125">
    <system-out><![CDATA[09:08:39.305 [main] INFO  com.intuit.karate - karate.env system property was: null 
09:08:39.317 [main] DEBUG com.intuit.karate.shell.Command - found / verified free local port: 64652
09:08:39.317 [main] WARN  c.intuit.karate.driver.DriverOptions - preferred port 9222 not available, will use: 64652
09:08:39.318 [chrome_1663834097171] WARN  com.intuit.karate.shell.Command - exit code was non-zero: 1 - [C:\Program Files\Google\Chrome\Application\chrome.exe, --remote-debugging-port=64570, --no-first-run, --user-data-dir=C:\Users\tiago.mina-azevedo\Documents\karateStuff\TestAssignmentSC\target\chrome_1663834097171, --disable-popup-blocking] working dir: target\chrome_1663834097171
09:08:39.319 [chrome_1663834119316] DEBUG c.i.k.driver.chrome_1663834119316 - command: [C:\Program Files\Google\Chrome\Application\chrome.exe, --remote-debugging-port=64652, --no-first-run, --user-data-dir=C:\Users\tiago.mina-azevedo\Documents\karateStuff\TestAssignmentSC\target\chrome_1663834119316, --disable-popup-blocking], working dir: target\chrome_1663834119316
09:08:39.319 [main] DEBUG c.i.k.driver.chrome_1663834119316 - poll attempt #0 for port to be ready - localhost:64652
09:08:40.661 [chrome_1663834119316-out] DEBUG c.i.k.driver.chrome_1663834119316 - 
09:08:40.661 [chrome_1663834119316-out] DEBUG c.i.k.driver.chrome_1663834119316 - DevTools listening on ws://127.0.0.1:64652/devtools/browser/3541db75-61a0-4e02-b56f-a220a450b360
09:08:40.845 [main] DEBUG com.intuit.karate - request:
1 > GET http://localhost:64652/json
1 > Host: localhost:64652
1 > Connection: Keep-Alive
1 > User-Agent: Apache-HttpClient/4.5.13 (Java/11.0.15.1)
1 > Accept-Encoding: gzip,deflate


09:08:40.848 [main] DEBUG com.intuit.karate - response time in milliseconds: 3
1 < 200
1 < Content-Length: 1746
1 < Content-Type: application/json; charset=UTF-8
[ {
   "description": "",
   "devtoolsFrontendUrl": "/devtools/inspector.html?ws=localhost:64652/devtools/page/CF7D455391BC3B829D61AA44155A57A6",
   "id": "CF7D455391BC3B829D61AA44155A57A6",
   "title": "CryptoTokenExtension",
   "type": "background_page",
   "url": "chrome-extension://kmendfapggjehodndflmmgagdbamhnfd/_generated_background_page.html",
   "webSocketDebuggerUrl": "ws://localhost:64652/devtools/page/CF7D455391BC3B829D61AA44155A57A6"
}, {
   "description": "",
   "devtoolsFrontendUrl": "/devtools/inspector.html?ws=localhost:64652/devtools/page/7985D0AB5702E9DD2DEFF2BE0336CE4D",
   "id": "7985D0AB5702E9DD2DEFF2BE0336CE4D",
   "title": "Google Network Speech",
   "type": "background_page",
   "url": "chrome-extension://neajdppkdcdipfabeoofebfddakdcjhd/_generated_background_page.html",
   "webSocketDebuggerUrl": "ws://localhost:64652/devtools/page/7985D0AB5702E9DD2DEFF2BE0336CE4D"
}, {
   "description": "",
   "devtoolsFrontendUrl": "/devtools/inspector.html?ws=localhost:64652/devtools/page/89301541402F2C018FB4556BFE46B7EE",
   "id": "89301541402F2C018FB4556BFE46B7EE",
   "title": "Google Hangouts",
   "type": "background_page",
   "url": "chrome-extension://nkeimhogjdpnpccoofpliimaahmaaome/background.html",
   "webSocketDebuggerUrl": "ws://localhost:64652/devtools/page/89301541402F2C018FB4556BFE46B7EE"
}, {
   "description": "",
   "devtoolsFrontendUrl": "/devtools/inspector.html?ws=localhost:64652/devtools/page/2E5E6E1729A88178854D88E6F00F3B2E",
   "id": "2E5E6E1729A88178854D88E6F00F3B2E",
   "title": "",
   "type": "page",
   "url": "chrome://welcome/?variant=everywhere",
   "webSocketDebuggerUrl": "ws://localhost:64652/devtools/page/2E5E6E1729A88178854D88E6F00F3B2E"
} ]


09:08:40.848 [main] DEBUG com.intuit.karate.shell.Command - ready to accept http connections after 6 ms - http://localhost:64652/json
09:08:40.849 [main] DEBUG com.intuit.karate - request:
1 > GET http://localhost:64652/json
1 > Host: localhost:64652
1 > Connection: Keep-Alive
1 > User-Agent: Apache-HttpClient/4.5.13 (Java/11.0.15.1)
1 > Accept-Encoding: gzip,deflate


09:08:40.852 [main] DEBUG com.intuit.karate - response time in milliseconds: 2
1 < 200
1 < Content-Length: 1746
1 < Content-Type: application/json; charset=UTF-8
[ {
   "description": "",
   "devtoolsFrontendUrl": "/devtools/inspector.html?ws=localhost:64652/devtools/page/CF7D455391BC3B829D61AA44155A57A6",
   "id": "CF7D455391BC3B829D61AA44155A57A6",
   "title": "CryptoTokenExtension",
   "type": "background_page",
   "url": "chrome-extension://kmendfapggjehodndflmmgagdbamhnfd/_generated_background_page.html",
   "webSocketDebuggerUrl": "ws://localhost:64652/devtools/page/CF7D455391BC3B829D61AA44155A57A6"
}, {
   "description": "",
   "devtoolsFrontendUrl": "/devtools/inspector.html?ws=localhost:64652/devtools/page/7985D0AB5702E9DD2DEFF2BE0336CE4D",
   "id": "7985D0AB5702E9DD2DEFF2BE0336CE4D",
   "title": "Google Network Speech",
   "type": "background_page",
   "url": "chrome-extension://neajdppkdcdipfabeoofebfddakdcjhd/_generated_background_page.html",
   "webSocketDebuggerUrl": "ws://localhost:64652/devtools/page/7985D0AB5702E9DD2DEFF2BE0336CE4D"
}, {
   "description": "",
   "devtoolsFrontendUrl": "/devtools/inspector.html?ws=localhost:64652/devtools/page/89301541402F2C018FB4556BFE46B7EE",
   "id": "89301541402F2C018FB4556BFE46B7EE",
   "title": "Google Hangouts",
   "type": "background_page",
   "url": "chrome-extension://nkeimhogjdpnpccoofpliimaahmaaome/background.html",
   "webSocketDebuggerUrl": "ws://localhost:64652/devtools/page/89301541402F2C018FB4556BFE46B7EE"
}, {
   "description": "",
   "devtoolsFrontendUrl": "/devtools/inspector.html?ws=localhost:64652/devtools/page/2E5E6E1729A88178854D88E6F00F3B2E",
   "id": "2E5E6E1729A88178854D88E6F00F3B2E",
   "title": "",
   "type": "page",
   "url": "chrome://welcome/?variant=everywhere",
   "webSocketDebuggerUrl": "ws://localhost:64652/devtools/page/2E5E6E1729A88178854D88E6F00F3B2E"
} ]


09:08:40.852 [main] DEBUG c.i.k.driver.chrome_1663834119316 - root frame id: 2E5E6E1729A88178854D88E6F00F3B2E
09:08:40.891 [nioEventLoopGroup-10-1] DEBUG c.i.k.http.WebSocketClientHandler - websocket client connected
09:08:40.892 [main] DEBUG c.i.k.driver.chrome_1663834119316 - >> {"id":1,"method":"Target.attachToTarget","params":{"targetId":"2E5E6E1729A88178854D88E6F00F3B2E","flatten":true}}
09:08:40.896 [nioEventLoopGroup-10-1] DEBUG c.i.k.driver.chrome_1663834119316 - << {"method":"Target.attachedToTarget","params":{"sessionId":"31DEB012316D9B8AB1C31B43A6BD6129","targetInfo":{"targetId":"2E5E6E1729A88178854D88E6F00F3B2E","type":"page","title":"","url":"chrome://welcome/?variant=everywhere","attached":true,"canAccessOpener":false,"browserContextId":"CA95573575BE6B20C56B0338E0603872"},"waitingForDebugger":false}}
09:08:40.897 [nioEventLoopGroup-10-1] DEBUG c.i.k.driver.chrome_1663834119316 - << {"id":1,"result":{"sessionId":"31DEB012316D9B8AB1C31B43A6BD6129"}}
09:08:40.898 [main] DEBUG c.i.k.driver.chrome_1663834119316 - >> {"id":2,"sessionId":"31DEB012316D9B8AB1C31B43A6BD6129","method":"Target.activateTarget","params":{"targetId":"2E5E6E1729A88178854D88E6F00F3B2E"}}
09:08:40.899 [nioEventLoopGroup-10-1] DEBUG c.i.k.driver.chrome_1663834119316 - << {"id":2,"result":{},"sessionId":"31DEB012316D9B8AB1C31B43A6BD6129"}
09:08:40.899 [main] DEBUG c.i.k.driver.chrome_1663834119316 - >> {"id":3,"sessionId":"31DEB012316D9B8AB1C31B43A6BD6129","method":"Target.setDiscoverTargets","params":{"discover":true}}
09:08:40.900 [nioEventLoopGroup-10-1] DEBUG c.i.k.driver.chrome_1663834119316 - << {"method":"Target.targetCreated","params":{"targetInfo":{"targetId":"2E5E6E1729A88178854D88E6F00F3B2E","type":"page","title":"","url":"chrome://welcome/?variant=everywhere","attached":true,"canAccessOpener":false,"browserContextId":"CA95573575BE6B20C56B0338E0603872"}},"sessionId":"31DEB012316D9B8AB1C31B43A6BD6129"}
09:08:40.900 [nioEventLoopGroup-10-1] DEBUG c.i.k.driver.chrome_1663834119316 - << {"method":"Target.targetCreated","params":{"targetInfo":{"targetId":"7985D0AB5702E9DD2DEFF2BE0336CE4D","type":"background_page","title":"Google Network Speech","url":"chrome-extension://neajdppkdcdipfabeoofebfddakdcjhd/_generated_background_page.html","attached":false,"canAccessOpener":false,"browserContextId":"CA95573575BE6B20C56B0338E0603872"}},"sessionId":"31DEB012316D9B8AB1C31B43A6BD6129"}
09:08:40.900 [nioEventLoopGroup-10-1] DEBUG c.i.k.driver.chrome_1663834119316 - << {"method":"Target.targetCreated","params":{"targetInfo":{"targetId":"89301541402F2C018FB4556BFE46B7EE","type":"background_page","title":"Google Hangouts","url":"chrome-extension://nkeimhogjdpnpccoofpliimaahmaaome/background.html","attached":false,"canAccessOpener":false,"browserContextId":"CA95573575BE6B20C56B0338E0603872"}},"sessionId":"31DEB012316D9B8AB1C31B43A6BD6129"}
09:08:40.900 [nioEventLoopGroup-10-1] DEBUG c.i.k.driver.chrome_1663834119316 - << {"method":"Target.targetCreated","params":{"targetInfo":{"targetId":"CF7D455391BC3B829D61AA44155A57A6","type":"background_page","title":"CryptoTokenExtension","url":"chrome-extension://kmendfapggjehodndflmmgagdbamhnfd/_generated_background_page.html","attached":false,"canAccessOpener":false,"browserContextId":"CA95573575BE6B20C56B0338E0603872"}},"sessionId":"31DEB012316D9B8AB1C31B43A6BD6129"}
09:08:40.901 [nioEventLoopGroup-10-1] DEBUG c.i.k.driver.chrome_1663834119316 - << {"id":3,"result":{},"sessionId":"31DEB012316D9B8AB1C31B43A6BD6129"}
09:08:40.901 [main] DEBUG c.i.k.driver.chrome_1663834119316 - >> {"id":4,"sessionId":"31DEB012316D9B8AB1C31B43A6BD6129","method":"Page.enable"}
09:08:42.318 [nioEventLoopGroup-10-1] DEBUG c.i.k.driver.chrome_1663834119316 - << {"method":"Target.targetInfoChanged","params":{"targetInfo":{"targetId":"89301541402F2C018FB4556BFE46B7EE","type":"background_page","title":"Google Hangouts","url":"chrome-extension://nkeimhogjdpnpccoofpliimaahmaaome/background.html","attached":false,"canAccessOpener":false,"browserContextId":"CA95573575BE6B20C56B0338E0603872"}},"sessionId":"31DEB012316D9B8AB1C31B43A6BD6129"}
09:08:42.331 [nioEventLoopGroup-10-1] DEBUG c.i.k.driver.chrome_1663834119316 - << {"method":"Target.targetInfoChanged","params":{"targetInfo":{"targetId":"7985D0AB5702E9DD2DEFF2BE0336CE4D","type":"background_page","title":"Google Network Speech","url":"chrome-extension://neajdppkdcdipfabeoofebfddakdcjhd/_generated_background_page.html","attached":false,"canAccessOpener":false,"browserContextId":"CA95573575BE6B20C56B0338E0603872"}},"sessionId":"31DEB012316D9B8AB1C31B43A6BD6129"}
09:08:42.367 [nioEventLoopGroup-10-1] DEBUG c.i.k.driver.chrome_1663834119316 - << {"method":"Target.targetInfoChanged","params":{"targetInfo":{"targetId":"CF7D455391BC3B829D61AA44155A57A6","type":"background_page","title":"CryptoTokenExtension","url":"chrome-extension://kmendfapggjehodndflmmgagdbamhnfd/_generated_background_page.html","attached":false,"canAccessOpener":false,"browserContextId":"CA95573575BE6B20C56B0338E0603872"}},"sessionId":"31DEB012316D9B8AB1C31B43A6BD6129"}
09:08:42.391 [nioEventLoopGroup-10-1] DEBUG c.i.k.driver.chrome_1663834119316 - << {"method":"Target.targetInfoChanged","params":{"targetInfo":{"targetId":"2E5E6E1729A88178854D88E6F00F3B2E","type":"page","title":"chrome://welcome/?variant=everywhere","url":"chrome://welcome/?variant=everywhere","attached":true,"canAccessOpener":false,"browserContextId":"CA95573575BE6B20C56B0338E0603872"}},"sessionId":"31DEB012316D9B8AB1C31B43A6BD6129"}
09:08:42.394 [nioEventLoopGroup-10-1] DEBUG c.i.k.driver.chrome_1663834119316 - << {"id":4,"result":{},"sessionId":"31DEB012316D9B8AB1C31B43A6BD6129"}
09:08:42.395 [main] DEBUG c.i.k.driver.chrome_1663834119316 - >> {"id":5,"sessionId":"31DEB012316D9B8AB1C31B43A6BD6129","method":"Runtime.enable"}
09:08:43.089 [nioEventLoopGroup-10-1] DEBUG c.i.k.driver.chrome_1663834119316 - << {"method":"Runtime.executionContextCreated","params":{"context":{"id":1,"origin":"chrome://welcome","name":"","uniqueId":"6410138724857327182.-7539193363612435622","auxData":{"isDefault":true,"type":"default","frameId":"2E5E6E1729A88178854D88E6F00F3B2E"}}},"sessionId":"31DEB012316D9B8AB1C31B43A6BD6129"}
09:08:43.089 [nioEventLoopGroup-10-1] DEBUG c.i.k.driver.chrome_1663834119316 - << {"id":5,"result":{},"sessionId":"31DEB012316D9B8AB1C31B43A6BD6129"}
09:08:43.089 [main] DEBUG c.i.k.driver.chrome_1663834119316 - >> {"id":6,"sessionId":"31DEB012316D9B8AB1C31B43A6BD6129","method":"Browser.getWindowForTarget","params":{"targetId":"2E5E6E1729A88178854D88E6F00F3B2E"}}
09:08:43.091 [nioEventLoopGroup-10-1] DEBUG c.i.k.driver.chrome_1663834119316 - << {"id":6,"result":{"windowId":644355413,"bounds":{"left":10,"top":10,"width":945,"height":1020,"windowState":"normal"}},"sessionId":"31DEB012316D9B8AB1C31B43A6BD6129"}
09:08:43.094 [main] DEBUG c.i.k.driver.chrome_1663834119316 - >> {"id":7,"sessionId":"31DEB012316D9B8AB1C31B43A6BD6129","method":"Page.navigate","params":{"url":"http:\/\/www.uitestingplayground.com\/home"}}
09:08:43.209 [nioEventLoopGroup-10-1] DEBUG c.i.k.driver.chrome_1663834119316 - << {"method":"Target.targetInfoChanged","params":{"targetInfo":{"targetId":"2E5E6E1729A88178854D88E6F00F3B2E","type":"page","title":"Bem-vindo ao Chrome","url":"http://www.uitestingplayground.com/home","attached":true,"canAccessOpener":false,"browserContextId":"CA95573575BE6B20C56B0338E0603872"}},"sessionId":"31DEB012316D9B8AB1C31B43A6BD6129"}
09:08:43.232 [nioEventLoopGroup-10-1] DEBUG c.i.k.driver.chrome_1663834119316 - << {"method":"Page.navigatedWithinDocument","params":{"frameId":"2E5E6E1729A88178854D88E6F00F3B2E","url":"chrome://welcome/"},"sessionId":"31DEB012316D9B8AB1C31B43A6BD6129"}
09:08:43.232 [nioEventLoopGroup-10-1] DEBUG c.i.k.driver.chrome_1663834119316 - << {"method":"Page.domContentEventFired","params":{"timestamp":1052.9781},"sessionId":"31DEB012316D9B8AB1C31B43A6BD6129"}
09:08:43.233 [main] DEBUG c.i.k.driver.chrome_1663834119316 - >> {"id":8,"sessionId":"31DEB012316D9B8AB1C31B43A6BD6129","method":"Runtime.evaluate","params":{"expression":"document.evaluate(\"\/\/a[normalize-space(text())='Click']\", document, null, 9, null).singleNodeValue.click()","returnByValue":true}}
09:08:43.266 [nioEventLoopGroup-10-1] DEBUG c.i.k.driver.chrome_1663834119316 - << {"id":7,"result":{"frameId":"2E5E6E1729A88178854D88E6F00F3B2E","loaderId":"FE7A64217756FDDE33AE8B2B1D0543C6"},"sessionId":"31DEB012316D9B8AB1C31B43A6BD6129"}
09:08:43.266 [nioEventLoopGroup-10-1] DEBUG c.i.k.driver.chrome_1663834119316 - << {"method":"Runtime.executionContextsCleared","params":{},"sessionId":"31DEB012316D9B8AB1C31B43A6BD6129"}
09:08:43.268 [nioEventLoopGroup-10-1] DEBUG c.i.k.driver.chrome_1663834119316 - << {"method":"Page.frameStartedLoading","params":{"frameId":"2E5E6E1729A88178854D88E6F00F3B2E"},"sessionId":"31DEB012316D9B8AB1C31B43A6BD6129"}
09:08:43.279 [nioEventLoopGroup-10-1] DEBUG c.i.k.driver.chrome_1663834119316 - << {"method":"Target.targetInfoChanged","params":{"targetInfo":{"targetId":"2E5E6E1729A88178854D88E6F00F3B2E","type":"page","title":"www.uitestingplayground.com/home","url":"http://www.uitestingplayground.com/home","attached":true,"canAccessOpener":false,"browserContextId":"CA95573575BE6B20C56B0338E0603872"}},"sessionId":"31DEB012316D9B8AB1C31B43A6BD6129"}
09:08:43.281 [nioEventLoopGroup-10-1] DEBUG c.i.k.driver.chrome_1663834119316 - << {"method":"Runtime.executionContextsCleared","params":{},"sessionId":"31DEB012316D9B8AB1C31B43A6BD6129"}
09:08:43.282 [nioEventLoopGroup-10-1] DEBUG c.i.k.driver.chrome_1663834119316 - << {"method":"Page.frameNavigated","params":{"frame":{"id":"2E5E6E1729A88178854D88E6F00F3B2E","loaderId":"FE7A64217756FDDE33AE8B2B1D0543C6","url":"http://www.uitestingplayground.com/home","domainAndRegistry":"uitestingplayground.com","securityOrigin":"http://www.uitestingplayground.com","mimeType":"text/html","adFrameStatus":{"adFrameType":"none"},"secureContextType":"InsecureScheme","crossOriginIsolatedContextType":"NotIsolated","gatedAPIFeatures":[]},"type":"Navigation"},"sessionId":"31DEB012316D9B8AB1C31B43A6BD6129"}
09:08:43.282 [nioEventLoopGroup-10-1] DEBUG c.i.k.driver.chrome_1663834119316 - << {"method":"Runtime.executionContextCreated","params":{"context":{"id":1,"origin":"http://www.uitestingplayground.com","name":"","uniqueId":"-8570649760385045248.2009417841835718068","auxData":{"isDefault":true,"type":"default","frameId":"2E5E6E1729A88178854D88E6F00F3B2E"}}},"sessionId":"31DEB012316D9B8AB1C31B43A6BD6129"}
09:08:43.292 [nioEventLoopGroup-10-1] DEBUG c.i.k.driver.chrome_1663834119316 - << {"method":"Page.frameScheduledNavigation","params":{"frameId":"2E5E6E1729A88178854D88E6F00F3B2E","delay":0,"reason":"anchorClick","url":"http://www.uitestingplayground.com/click"},"sessionId":"31DEB012316D9B8AB1C31B43A6BD6129"}
09:08:43.293 [nioEventLoopGroup-10-1] DEBUG c.i.k.driver.chrome_1663834119316 - << {"method":"Page.frameRequestedNavigation","params":{"frameId":"2E5E6E1729A88178854D88E6F00F3B2E","reason":"anchorClick","url":"http://www.uitestingplayground.com/click","disposition":"currentTab"},"sessionId":"31DEB012316D9B8AB1C31B43A6BD6129"}
09:08:43.300 [nioEventLoopGroup-10-1] DEBUG c.i.k.driver.chrome_1663834119316 - << {"method":"Page.frameClearedScheduledNavigation","params":{"frameId":"2E5E6E1729A88178854D88E6F00F3B2E"},"sessionId":"31DEB012316D9B8AB1C31B43A6BD6129"}
09:08:43.300 [nioEventLoopGroup-10-1] DEBUG c.i.k.driver.chrome_1663834119316 - << {"id":8,"result":{"result":{"type":"undefined"}},"sessionId":"31DEB012316D9B8AB1C31B43A6BD6129"}
09:08:43.475 [nioEventLoopGroup-10-1] DEBUG c.i.k.driver.chrome_1663834119316 - << {"method":"Runtime.executionContextsCleared","params":{},"sessionId":"31DEB012316D9B8AB1C31B43A6BD6129"}
09:08:43.475 [nioEventLoopGroup-10-1] DEBUG c.i.k.driver.chrome_1663834119316 - << {"method":"Page.frameStartedLoading","params":{"frameId":"2E5E6E1729A88178854D88E6F00F3B2E"},"sessionId":"31DEB012316D9B8AB1C31B43A6BD6129"}
09:08:43.482 [nioEventLoopGroup-10-1] DEBUG c.i.k.driver.chrome_1663834119316 - << {"method":"Target.targetInfoChanged","params":{"targetInfo":{"targetId":"2E5E6E1729A88178854D88E6F00F3B2E","type":"page","title":"www.uitestingplayground.com/click","url":"http://www.uitestingplayground.com/click","attached":true,"canAccessOpener":false,"browserContextId":"CA95573575BE6B20C56B0338E0603872"}},"sessionId":"31DEB012316D9B8AB1C31B43A6BD6129"}
09:08:43.483 [nioEventLoopGroup-10-1] DEBUG c.i.k.driver.chrome_1663834119316 - << {"method":"Runtime.executionContextsCleared","params":{},"sessionId":"31DEB012316D9B8AB1C31B43A6BD6129"}
09:08:43.483 [nioEventLoopGroup-10-1] DEBUG c.i.k.driver.chrome_1663834119316 - << {"method":"Page.frameNavigated","params":{"frame":{"id":"2E5E6E1729A88178854D88E6F00F3B2E","loaderId":"B75A2C87C4862563C7EE19217B6B7979","url":"http://www.uitestingplayground.com/click","domainAndRegistry":"uitestingplayground.com","securityOrigin":"http://www.uitestingplayground.com","mimeType":"text/html","adFrameStatus":{"adFrameType":"none"},"secureContextType":"InsecureScheme","crossOriginIsolatedContextType":"NotIsolated","gatedAPIFeatures":[]},"type":"Navigation"},"sessionId":"31DEB012316D9B8AB1C31B43A6BD6129"}
09:08:43.484 [nioEventLoopGroup-10-1] DEBUG c.i.k.driver.chrome_1663834119316 - << {"method":"Runtime.executionContextCreated","params":{"context":{"id":2,"origin":"http://www.uitestingplayground.com","name":"","uniqueId":"7282631187005503718.8630405202531527308","auxData":{"isDefault":true,"type":"default","frameId":"2E5E6E1729A88178854D88E6F00F3B2E"}}},"sessionId":"31DEB012316D9B8AB1C31B43A6BD6129"}
09:08:43.800 [nioEventLoopGroup-10-1] DEBUG c.i.k.driver.chrome_1663834119316 - << {"method":"Page.domContentEventFired","params":{"timestamp":1053.545658},"sessionId":"31DEB012316D9B8AB1C31B43A6BD6129"}
09:08:43.805 [nioEventLoopGroup-10-1] DEBUG c.i.k.driver.chrome_1663834119316 - << {"method":"Page.loadEventFired","params":{"timestamp":1053.548916},"sessionId":"31DEB012316D9B8AB1C31B43A6BD6129"}
09:08:43.805 [nioEventLoopGroup-10-1] DEBUG c.i.k.driver.chrome_1663834119316 - << {"method":"Page.frameStoppedLoading","params":{"frameId":"2E5E6E1729A88178854D88E6F00F3B2E"},"sessionId":"31DEB012316D9B8AB1C31B43A6BD6129"}
09:08:44.317 [chrome_1663834119316-out] DEBUG c.i.k.driver.chrome_1663834119316 - [13164:17968:0922/090844.316:ERROR:device_event_log_impl.cc(214)] [09:08:44.316] USB: usb_device_handle_win.cc:1048 Failed to read descriptor from node connection: Um dispositivo ligado ao sistema não está a funcionar. (0x1F)
09:08:44.317 [chrome_1663834119316-out] DEBUG c.i.k.driver.chrome_1663834119316 - [13164:17968:0922/090844.317:ERROR:device_event_log_impl.cc(214)] [09:08:44.317] USB: usb_device_handle_win.cc:1048 Failed to read descriptor from node connection: Um dispositivo ligado ao sistema não está a funcionar. (0x1F)
09:08:44.317 [chrome_1663834119316-out] DEBUG c.i.k.driver.chrome_1663834119316 - [13164:17968:0922/090844.317:ERROR:device_event_log_impl.cc(214)] [09:08:44.317] USB: usb_device_handle_win.cc:1048 Failed to read descriptor from node connection: Um dispositivo ligado ao sistema não está a funcionar. (0x1F)
09:08:45.309 [main] DEBUG c.i.k.driver.chrome_1663834119316 - >> {"id":9,"sessionId":"31DEB012316D9B8AB1C31B43A6BD6129","method":"Runtime.evaluate","params":{"expression":"(function(){ var r = document.evaluate(\"\/\/button[contains(text(),'Button That Ignores DOM Click Event')]\", document, null, 9, null).singleNodeValue.getBoundingClientRect(); var dx = window.scrollX; var dy = window.scrollY; return { x: r.x + dx, y: r.y + dy, width: r.width + dx, height: r.height + dy } })()","returnByValue":true}}
09:08:45.312 [nioEventLoopGroup-10-1] DEBUG c.i.k.driver.chrome_1663834119316 - << {"id":9,"result":{"result":{"type":"object","value":{"x":119.5,"y":397.1875,"width":288.5,"height":38}}},"sessionId":"31DEB012316D9B8AB1C31B43A6BD6129"}
09:08:45.313 [main] DEBUG c.i.k.driver.chrome_1663834119316 - >> {"id":10,"sessionId":"31DEB012316D9B8AB1C31B43A6BD6129","method":"Input.dispatchMouseEvent","params":{"type":"mouseMoved","x":263,"y":416}}
09:08:45.315 [nioEventLoopGroup-10-1] DEBUG c.i.k.driver.chrome_1663834119316 - << {"id":10,"result":{},"sessionId":"31DEB012316D9B8AB1C31B43A6BD6129"}
09:08:45.315 [main] DEBUG c.i.k.driver.chrome_1663834119316 - >> {"id":11,"sessionId":"31DEB012316D9B8AB1C31B43A6BD6129","method":"Input.dispatchMouseEvent","params":{"type":"mousePressed","x":263,"y":416,"button":"left","clickCount":1}}
09:08:45.322 [nioEventLoopGroup-10-1] DEBUG c.i.k.driver.chrome_1663834119316 - << {"id":11,"result":{},"sessionId":"31DEB012316D9B8AB1C31B43A6BD6129"}
09:08:45.323 [main] DEBUG c.i.k.driver.chrome_1663834119316 - >> {"id":12,"sessionId":"31DEB012316D9B8AB1C31B43A6BD6129","method":"Input.dispatchMouseEvent","params":{"type":"mouseReleased","x":263,"y":416,"button":"left","clickCount":1}}
09:08:45.329 [nioEventLoopGroup-10-1] DEBUG c.i.k.driver.chrome_1663834119316 - << {"id":12,"result":{},"sessionId":"31DEB012316D9B8AB1C31B43A6BD6129"}
09:08:47.338 [main] DEBUG c.i.k.driver.chrome_1663834119316 - >> {"id":13,"sessionId":"31DEB012316D9B8AB1C31B43A6BD6129","method":"Target.closeTarget","params":{"targetId":"2E5E6E1729A88178854D88E6F00F3B2E"}}
09:08:47.340 [nioEventLoopGroup-10-1] DEBUG c.i.k.driver.chrome_1663834119316 - << {"id":13,"result":{"success":true},"sessionId":"31DEB012316D9B8AB1C31B43A6BD6129"}
09:08:47.341 [nioEventLoopGroup-10-1] DEBUG c.i.k.http.WebSocketClientHandler - websocket client disconnected
09:08:47.344 [main] DEBUG com.intuit.karate.shell.Command - closing command: chrome_1663834119316
---------------------------------------------------------
feature: classpath:examples/ui_playground/Feature7_Click.feature
scenarios:  1 | passed:  1 | failed:  0 | time: 8,0303
---------------------------------------------------------

]]></system-out>
  </testcase>
  <testcase name="[1:9] UI Testing Playground - Feature 8 - Text Input changing Button Text" classname="examples/ui_playground/Feature8_TextInput" time="11.366">
    <system-out><![CDATA[09:08:47.439 [main] INFO  com.intuit.karate - karate.env system property was: null 
09:08:47.448 [main] DEBUG com.intuit.karate.shell.Command - found / verified free local port: 64733
09:08:47.448 [main] WARN  c.intuit.karate.driver.DriverOptions - preferred port 9222 not available, will use: 64733
09:08:47.449 [main] DEBUG c.i.k.driver.chrome_1663834127447 - poll attempt #0 for port to be ready - localhost:64733
09:08:47.460 [chrome_1663834127447] DEBUG c.i.k.driver.chrome_1663834127447 - command: [C:\Program Files\Google\Chrome\Application\chrome.exe, --remote-debugging-port=64733, --no-first-run, --user-data-dir=C:\Users\tiago.mina-azevedo\Documents\karateStuff\TestAssignmentSC\target\chrome_1663834127447, --disable-popup-blocking], working dir: target\chrome_1663834127447
09:08:47.641 [chrome_1663834119316] WARN  com.intuit.karate.shell.Command - exit code was non-zero: 1 - [C:\Program Files\Google\Chrome\Application\chrome.exe, --remote-debugging-port=64652, --no-first-run, --user-data-dir=C:\Users\tiago.mina-azevedo\Documents\karateStuff\TestAssignmentSC\target\chrome_1663834119316, --disable-popup-blocking] working dir: target\chrome_1663834119316
09:08:49.183 [chrome_1663834127447-out] DEBUG c.i.k.driver.chrome_1663834127447 - 
09:08:49.183 [chrome_1663834127447-out] DEBUG c.i.k.driver.chrome_1663834127447 - DevTools listening on ws://127.0.0.1:64733/devtools/browser/660ea758-1426-4a82-8fd3-d756887c385d
09:08:49.495 [main] DEBUG com.intuit.karate - request:
1 > GET http://localhost:64733/json
1 > Host: localhost:64733
1 > Connection: Keep-Alive
1 > User-Agent: Apache-HttpClient/4.5.13 (Java/11.0.15.1)
1 > Accept-Encoding: gzip,deflate


09:08:49.499 [main] DEBUG com.intuit.karate - response time in milliseconds: 4
1 < 200
1 < Content-Length: 1746
1 < Content-Type: application/json; charset=UTF-8
[ {
   "description": "",
   "devtoolsFrontendUrl": "/devtools/inspector.html?ws=localhost:64733/devtools/page/19A11DFFE71F746A327AA2CD396608CE",
   "id": "19A11DFFE71F746A327AA2CD396608CE",
   "title": "CryptoTokenExtension",
   "type": "background_page",
   "url": "chrome-extension://kmendfapggjehodndflmmgagdbamhnfd/_generated_background_page.html",
   "webSocketDebuggerUrl": "ws://localhost:64733/devtools/page/19A11DFFE71F746A327AA2CD396608CE"
}, {
   "description": "",
   "devtoolsFrontendUrl": "/devtools/inspector.html?ws=localhost:64733/devtools/page/F310E85F81F6D2AF54DB15116B3F3B2A",
   "id": "F310E85F81F6D2AF54DB15116B3F3B2A",
   "title": "Google Network Speech",
   "type": "background_page",
   "url": "chrome-extension://neajdppkdcdipfabeoofebfddakdcjhd/_generated_background_page.html",
   "webSocketDebuggerUrl": "ws://localhost:64733/devtools/page/F310E85F81F6D2AF54DB15116B3F3B2A"
}, {
   "description": "",
   "devtoolsFrontendUrl": "/devtools/inspector.html?ws=localhost:64733/devtools/page/D3930BDAA7CC4D3A8E89204F5E39E1EF",
   "id": "D3930BDAA7CC4D3A8E89204F5E39E1EF",
   "title": "Google Hangouts",
   "type": "background_page",
   "url": "chrome-extension://nkeimhogjdpnpccoofpliimaahmaaome/background.html",
   "webSocketDebuggerUrl": "ws://localhost:64733/devtools/page/D3930BDAA7CC4D3A8E89204F5E39E1EF"
}, {
   "description": "",
   "devtoolsFrontendUrl": "/devtools/inspector.html?ws=localhost:64733/devtools/page/1978E8F4D56AD87BBB18F4C09AB652F4",
   "id": "1978E8F4D56AD87BBB18F4C09AB652F4",
   "title": "",
   "type": "page",
   "url": "chrome://welcome/?variant=everywhere",
   "webSocketDebuggerUrl": "ws://localhost:64733/devtools/page/1978E8F4D56AD87BBB18F4C09AB652F4"
} ]


09:08:49.500 [main] DEBUG com.intuit.karate.shell.Command - ready to accept http connections after 9 ms - http://localhost:64733/json
09:08:49.501 [main] DEBUG com.intuit.karate - request:
1 > GET http://localhost:64733/json
1 > Host: localhost:64733
1 > Connection: Keep-Alive
1 > User-Agent: Apache-HttpClient/4.5.13 (Java/11.0.15.1)
1 > Accept-Encoding: gzip,deflate


09:08:49.504 [main] DEBUG com.intuit.karate - response time in milliseconds: 3
1 < 200
1 < Content-Length: 1746
1 < Content-Type: application/json; charset=UTF-8
[ {
   "description": "",
   "devtoolsFrontendUrl": "/devtools/inspector.html?ws=localhost:64733/devtools/page/19A11DFFE71F746A327AA2CD396608CE",
   "id": "19A11DFFE71F746A327AA2CD396608CE",
   "title": "CryptoTokenExtension",
   "type": "background_page",
   "url": "chrome-extension://kmendfapggjehodndflmmgagdbamhnfd/_generated_background_page.html",
   "webSocketDebuggerUrl": "ws://localhost:64733/devtools/page/19A11DFFE71F746A327AA2CD396608CE"
}, {
   "description": "",
   "devtoolsFrontendUrl": "/devtools/inspector.html?ws=localhost:64733/devtools/page/F310E85F81F6D2AF54DB15116B3F3B2A",
   "id": "F310E85F81F6D2AF54DB15116B3F3B2A",
   "title": "Google Network Speech",
   "type": "background_page",
   "url": "chrome-extension://neajdppkdcdipfabeoofebfddakdcjhd/_generated_background_page.html",
   "webSocketDebuggerUrl": "ws://localhost:64733/devtools/page/F310E85F81F6D2AF54DB15116B3F3B2A"
}, {
   "description": "",
   "devtoolsFrontendUrl": "/devtools/inspector.html?ws=localhost:64733/devtools/page/D3930BDAA7CC4D3A8E89204F5E39E1EF",
   "id": "D3930BDAA7CC4D3A8E89204F5E39E1EF",
   "title": "Google Hangouts",
   "type": "background_page",
   "url": "chrome-extension://nkeimhogjdpnpccoofpliimaahmaaome/background.html",
   "webSocketDebuggerUrl": "ws://localhost:64733/devtools/page/D3930BDAA7CC4D3A8E89204F5E39E1EF"
}, {
   "description": "",
   "devtoolsFrontendUrl": "/devtools/inspector.html?ws=localhost:64733/devtools/page/1978E8F4D56AD87BBB18F4C09AB652F4",
   "id": "1978E8F4D56AD87BBB18F4C09AB652F4",
   "title": "",
   "type": "page",
   "url": "chrome://welcome/?variant=everywhere",
   "webSocketDebuggerUrl": "ws://localhost:64733/devtools/page/1978E8F4D56AD87BBB18F4C09AB652F4"
} ]


09:08:49.505 [main] DEBUG c.i.k.driver.chrome_1663834127447 - root frame id: 1978E8F4D56AD87BBB18F4C09AB652F4
09:08:49.532 [nioEventLoopGroup-11-1] DEBUG c.i.k.http.WebSocketClientHandler - websocket client connected
09:08:49.533 [main] DEBUG c.i.k.driver.chrome_1663834127447 - >> {"id":1,"method":"Target.attachToTarget","params":{"targetId":"1978E8F4D56AD87BBB18F4C09AB652F4","flatten":true}}
09:08:49.536 [nioEventLoopGroup-11-1] DEBUG c.i.k.driver.chrome_1663834127447 - << {"method":"Target.attachedToTarget","params":{"sessionId":"435CB69D22CEED5EC567CE583E699692","targetInfo":{"targetId":"1978E8F4D56AD87BBB18F4C09AB652F4","type":"page","title":"","url":"chrome://welcome/?variant=everywhere","attached":true,"canAccessOpener":false,"browserContextId":"87B4EAD120CE1E3345C506272DBA36C9"},"waitingForDebugger":false}}
09:08:49.537 [nioEventLoopGroup-11-1] DEBUG c.i.k.driver.chrome_1663834127447 - << {"id":1,"result":{"sessionId":"435CB69D22CEED5EC567CE583E699692"}}
09:08:49.537 [main] DEBUG c.i.k.driver.chrome_1663834127447 - >> {"id":2,"sessionId":"435CB69D22CEED5EC567CE583E699692","method":"Target.activateTarget","params":{"targetId":"1978E8F4D56AD87BBB18F4C09AB652F4"}}
09:08:49.539 [nioEventLoopGroup-11-1] DEBUG c.i.k.driver.chrome_1663834127447 - << {"id":2,"result":{},"sessionId":"435CB69D22CEED5EC567CE583E699692"}
09:08:49.539 [main] DEBUG c.i.k.driver.chrome_1663834127447 - >> {"id":3,"sessionId":"435CB69D22CEED5EC567CE583E699692","method":"Target.setDiscoverTargets","params":{"discover":true}}
09:08:49.540 [nioEventLoopGroup-11-1] DEBUG c.i.k.driver.chrome_1663834127447 - << {"method":"Target.targetCreated","params":{"targetInfo":{"targetId":"1978E8F4D56AD87BBB18F4C09AB652F4","type":"page","title":"","url":"chrome://welcome/?variant=everywhere","attached":true,"canAccessOpener":false,"browserContextId":"87B4EAD120CE1E3345C506272DBA36C9"}},"sessionId":"435CB69D22CEED5EC567CE583E699692"}
09:08:49.540 [nioEventLoopGroup-11-1] DEBUG c.i.k.driver.chrome_1663834127447 - << {"method":"Target.targetCreated","params":{"targetInfo":{"targetId":"19A11DFFE71F746A327AA2CD396608CE","type":"background_page","title":"CryptoTokenExtension","url":"chrome-extension://kmendfapggjehodndflmmgagdbamhnfd/_generated_background_page.html","attached":false,"canAccessOpener":false,"browserContextId":"87B4EAD120CE1E3345C506272DBA36C9"}},"sessionId":"435CB69D22CEED5EC567CE583E699692"}
09:08:49.541 [nioEventLoopGroup-11-1] DEBUG c.i.k.driver.chrome_1663834127447 - << {"method":"Target.targetCreated","params":{"targetInfo":{"targetId":"D3930BDAA7CC4D3A8E89204F5E39E1EF","type":"background_page","title":"Google Hangouts","url":"chrome-extension://nkeimhogjdpnpccoofpliimaahmaaome/background.html","attached":false,"canAccessOpener":false,"browserContextId":"87B4EAD120CE1E3345C506272DBA36C9"}},"sessionId":"435CB69D22CEED5EC567CE583E699692"}
09:08:49.541 [nioEventLoopGroup-11-1] DEBUG c.i.k.driver.chrome_1663834127447 - << {"method":"Target.targetCreated","params":{"targetInfo":{"targetId":"F310E85F81F6D2AF54DB15116B3F3B2A","type":"background_page","title":"Google Network Speech","url":"chrome-extension://neajdppkdcdipfabeoofebfddakdcjhd/_generated_background_page.html","attached":false,"canAccessOpener":false,"browserContextId":"87B4EAD120CE1E3345C506272DBA36C9"}},"sessionId":"435CB69D22CEED5EC567CE583E699692"}
09:08:49.541 [nioEventLoopGroup-11-1] DEBUG c.i.k.driver.chrome_1663834127447 - << {"id":3,"result":{},"sessionId":"435CB69D22CEED5EC567CE583E699692"}
09:08:49.541 [main] DEBUG c.i.k.driver.chrome_1663834127447 - >> {"id":4,"sessionId":"435CB69D22CEED5EC567CE583E699692","method":"Page.enable"}
09:08:51.330 [nioEventLoopGroup-11-1] DEBUG c.i.k.driver.chrome_1663834127447 - << {"method":"Target.targetInfoChanged","params":{"targetInfo":{"targetId":"1978E8F4D56AD87BBB18F4C09AB652F4","type":"page","title":"chrome://welcome/?variant=everywhere","url":"chrome://welcome/?variant=everywhere","attached":true,"canAccessOpener":false,"browserContextId":"87B4EAD120CE1E3345C506272DBA36C9"}},"sessionId":"435CB69D22CEED5EC567CE583E699692"}
09:08:51.333 [nioEventLoopGroup-11-1] DEBUG c.i.k.driver.chrome_1663834127447 - << {"id":4,"result":{},"sessionId":"435CB69D22CEED5EC567CE583E699692"}
09:08:51.333 [main] DEBUG c.i.k.driver.chrome_1663834127447 - >> {"id":5,"sessionId":"435CB69D22CEED5EC567CE583E699692","method":"Runtime.enable"}
09:08:51.375 [nioEventLoopGroup-11-1] DEBUG c.i.k.driver.chrome_1663834127447 - << {"method":"Target.targetInfoChanged","params":{"targetInfo":{"targetId":"F310E85F81F6D2AF54DB15116B3F3B2A","type":"background_page","title":"Google Network Speech","url":"chrome-extension://neajdppkdcdipfabeoofebfddakdcjhd/_generated_background_page.html","attached":false,"canAccessOpener":false,"browserContextId":"87B4EAD120CE1E3345C506272DBA36C9"}},"sessionId":"435CB69D22CEED5EC567CE583E699692"}
09:08:51.406 [nioEventLoopGroup-11-1] DEBUG c.i.k.driver.chrome_1663834127447 - << {"method":"Target.targetInfoChanged","params":{"targetInfo":{"targetId":"D3930BDAA7CC4D3A8E89204F5E39E1EF","type":"background_page","title":"Google Hangouts","url":"chrome-extension://nkeimhogjdpnpccoofpliimaahmaaome/background.html","attached":false,"canAccessOpener":false,"browserContextId":"87B4EAD120CE1E3345C506272DBA36C9"}},"sessionId":"435CB69D22CEED5EC567CE583E699692"}
09:08:51.437 [nioEventLoopGroup-11-1] DEBUG c.i.k.driver.chrome_1663834127447 - << {"method":"Target.targetInfoChanged","params":{"targetInfo":{"targetId":"19A11DFFE71F746A327AA2CD396608CE","type":"background_page","title":"CryptoTokenExtension","url":"chrome-extension://kmendfapggjehodndflmmgagdbamhnfd/_generated_background_page.html","attached":false,"canAccessOpener":false,"browserContextId":"87B4EAD120CE1E3345C506272DBA36C9"}},"sessionId":"435CB69D22CEED5EC567CE583E699692"}
09:08:52.288 [nioEventLoopGroup-11-1] DEBUG c.i.k.driver.chrome_1663834127447 - << {"method":"Runtime.executionContextCreated","params":{"context":{"id":1,"origin":"chrome://welcome","name":"","uniqueId":"545649142674933775.-7083227535607922229","auxData":{"isDefault":true,"type":"default","frameId":"1978E8F4D56AD87BBB18F4C09AB652F4"}}},"sessionId":"435CB69D22CEED5EC567CE583E699692"}
09:08:52.288 [nioEventLoopGroup-11-1] DEBUG c.i.k.driver.chrome_1663834127447 - << {"id":5,"result":{},"sessionId":"435CB69D22CEED5EC567CE583E699692"}
09:08:52.289 [main] DEBUG c.i.k.driver.chrome_1663834127447 - >> {"id":6,"sessionId":"435CB69D22CEED5EC567CE583E699692","method":"Browser.getWindowForTarget","params":{"targetId":"1978E8F4D56AD87BBB18F4C09AB652F4"}}
09:08:52.292 [nioEventLoopGroup-11-1] DEBUG c.i.k.driver.chrome_1663834127447 - << {"id":6,"result":{"windowId":1407014130,"bounds":{"left":10,"top":10,"width":945,"height":1020,"windowState":"normal"}},"sessionId":"435CB69D22CEED5EC567CE583E699692"}
09:08:52.297 [main] DEBUG c.i.k.driver.chrome_1663834127447 - >> {"id":7,"sessionId":"435CB69D22CEED5EC567CE583E699692","method":"Page.navigate","params":{"url":"http:\/\/www.uitestingplayground.com\/home"}}
09:08:52.410 [nioEventLoopGroup-11-1] DEBUG c.i.k.driver.chrome_1663834127447 - << {"method":"Target.targetInfoChanged","params":{"targetInfo":{"targetId":"1978E8F4D56AD87BBB18F4C09AB652F4","type":"page","title":"Bem-vindo ao Chrome","url":"http://www.uitestingplayground.com/home","attached":true,"canAccessOpener":false,"browserContextId":"87B4EAD120CE1E3345C506272DBA36C9"}},"sessionId":"435CB69D22CEED5EC567CE583E699692"}
09:08:52.436 [nioEventLoopGroup-11-1] DEBUG c.i.k.driver.chrome_1663834127447 - << {"method":"Page.navigatedWithinDocument","params":{"frameId":"1978E8F4D56AD87BBB18F4C09AB652F4","url":"chrome://welcome/"},"sessionId":"435CB69D22CEED5EC567CE583E699692"}
09:08:52.436 [nioEventLoopGroup-11-1] DEBUG c.i.k.driver.chrome_1663834127447 - << {"method":"Page.domContentEventFired","params":{"timestamp":1062.181872},"sessionId":"435CB69D22CEED5EC567CE583E699692"}
09:08:52.437 [main] DEBUG c.i.k.driver.chrome_1663834127447 - >> {"id":8,"sessionId":"435CB69D22CEED5EC567CE583E699692","method":"Runtime.evaluate","params":{"expression":"document.evaluate(\"\/\/a[normalize-space(text())='Text Input']\", document, null, 9, null).singleNodeValue.click()","returnByValue":true}}
09:08:52.482 [nioEventLoopGroup-11-1] DEBUG c.i.k.driver.chrome_1663834127447 - << {"method":"Page.loadEventFired","params":{"timestamp":1062.223086},"sessionId":"435CB69D22CEED5EC567CE583E699692"}
09:08:52.483 [nioEventLoopGroup-11-1] DEBUG c.i.k.driver.chrome_1663834127447 - << {"method":"Page.frameStoppedLoading","params":{"frameId":"1978E8F4D56AD87BBB18F4C09AB652F4"},"sessionId":"435CB69D22CEED5EC567CE583E699692"}
09:08:52.568 [nioEventLoopGroup-11-1] DEBUG c.i.k.driver.chrome_1663834127447 - << {"id":7,"result":{"frameId":"1978E8F4D56AD87BBB18F4C09AB652F4","loaderId":"5B1006D59D3B511A2171458F090FC7CD"},"sessionId":"435CB69D22CEED5EC567CE583E699692"}
09:08:52.569 [nioEventLoopGroup-11-1] DEBUG c.i.k.driver.chrome_1663834127447 - << {"method":"Runtime.executionContextsCleared","params":{},"sessionId":"435CB69D22CEED5EC567CE583E699692"}
09:08:52.570 [nioEventLoopGroup-11-1] DEBUG c.i.k.driver.chrome_1663834127447 - << {"method":"Page.frameStartedLoading","params":{"frameId":"1978E8F4D56AD87BBB18F4C09AB652F4"},"sessionId":"435CB69D22CEED5EC567CE583E699692"}
09:08:52.582 [nioEventLoopGroup-11-1] DEBUG c.i.k.driver.chrome_1663834127447 - << {"method":"Target.targetInfoChanged","params":{"targetInfo":{"targetId":"1978E8F4D56AD87BBB18F4C09AB652F4","type":"page","title":"www.uitestingplayground.com/home","url":"http://www.uitestingplayground.com/home","attached":true,"canAccessOpener":false,"browserContextId":"87B4EAD120CE1E3345C506272DBA36C9"}},"sessionId":"435CB69D22CEED5EC567CE583E699692"}
09:08:52.584 [nioEventLoopGroup-11-1] DEBUG c.i.k.driver.chrome_1663834127447 - << {"method":"Runtime.executionContextsCleared","params":{},"sessionId":"435CB69D22CEED5EC567CE583E699692"}
09:08:52.584 [nioEventLoopGroup-11-1] DEBUG c.i.k.driver.chrome_1663834127447 - << {"method":"Page.frameNavigated","params":{"frame":{"id":"1978E8F4D56AD87BBB18F4C09AB652F4","loaderId":"5B1006D59D3B511A2171458F090FC7CD","url":"http://www.uitestingplayground.com/home","domainAndRegistry":"uitestingplayground.com","securityOrigin":"http://www.uitestingplayground.com","mimeType":"text/html","adFrameStatus":{"adFrameType":"none"},"secureContextType":"InsecureScheme","crossOriginIsolatedContextType":"NotIsolated","gatedAPIFeatures":[]},"type":"Navigation"},"sessionId":"435CB69D22CEED5EC567CE583E699692"}
09:08:52.584 [nioEventLoopGroup-11-1] DEBUG c.i.k.driver.chrome_1663834127447 - << {"method":"Runtime.executionContextCreated","params":{"context":{"id":1,"origin":"http://www.uitestingplayground.com","name":"","uniqueId":"4941609871798463034.5938533698216460122","auxData":{"isDefault":true,"type":"default","frameId":"1978E8F4D56AD87BBB18F4C09AB652F4"}}},"sessionId":"435CB69D22CEED5EC567CE583E699692"}
09:08:52.610 [nioEventLoopGroup-11-1] DEBUG c.i.k.driver.chrome_1663834127447 - << {"method":"Page.frameScheduledNavigation","params":{"frameId":"1978E8F4D56AD87BBB18F4C09AB652F4","delay":0,"reason":"anchorClick","url":"http://www.uitestingplayground.com/textinput"},"sessionId":"435CB69D22CEED5EC567CE583E699692"}
09:08:52.610 [nioEventLoopGroup-11-1] DEBUG c.i.k.driver.chrome_1663834127447 - << {"method":"Page.frameRequestedNavigation","params":{"frameId":"1978E8F4D56AD87BBB18F4C09AB652F4","reason":"anchorClick","url":"http://www.uitestingplayground.com/textinput","disposition":"currentTab"},"sessionId":"435CB69D22CEED5EC567CE583E699692"}
09:08:52.618 [nioEventLoopGroup-11-1] DEBUG c.i.k.driver.chrome_1663834127447 - << {"method":"Page.frameClearedScheduledNavigation","params":{"frameId":"1978E8F4D56AD87BBB18F4C09AB652F4"},"sessionId":"435CB69D22CEED5EC567CE583E699692"}
09:08:52.618 [nioEventLoopGroup-11-1] DEBUG c.i.k.driver.chrome_1663834127447 - << {"id":8,"result":{"result":{"type":"undefined"}},"sessionId":"435CB69D22CEED5EC567CE583E699692"}
09:08:52.798 [nioEventLoopGroup-11-1] DEBUG c.i.k.driver.chrome_1663834127447 - << {"method":"Runtime.executionContextsCleared","params":{},"sessionId":"435CB69D22CEED5EC567CE583E699692"}
09:08:52.798 [nioEventLoopGroup-11-1] DEBUG c.i.k.driver.chrome_1663834127447 - << {"method":"Page.frameStartedLoading","params":{"frameId":"1978E8F4D56AD87BBB18F4C09AB652F4"},"sessionId":"435CB69D22CEED5EC567CE583E699692"}
09:08:52.808 [nioEventLoopGroup-11-1] DEBUG c.i.k.driver.chrome_1663834127447 - << {"method":"Target.targetInfoChanged","params":{"targetInfo":{"targetId":"1978E8F4D56AD87BBB18F4C09AB652F4","type":"page","title":"www.uitestingplayground.com/textinput","url":"http://www.uitestingplayground.com/textinput","attached":true,"canAccessOpener":false,"browserContextId":"87B4EAD120CE1E3345C506272DBA36C9"}},"sessionId":"435CB69D22CEED5EC567CE583E699692"}
09:08:52.810 [nioEventLoopGroup-11-1] DEBUG c.i.k.driver.chrome_1663834127447 - << {"method":"Runtime.executionContextsCleared","params":{},"sessionId":"435CB69D22CEED5EC567CE583E699692"}
09:08:52.810 [nioEventLoopGroup-11-1] DEBUG c.i.k.driver.chrome_1663834127447 - << {"method":"Page.frameNavigated","params":{"frame":{"id":"1978E8F4D56AD87BBB18F4C09AB652F4","loaderId":"51D3E6F3621029D31C7AD94B051D2324","url":"http://www.uitestingplayground.com/textinput","domainAndRegistry":"uitestingplayground.com","securityOrigin":"http://www.uitestingplayground.com","mimeType":"text/html","adFrameStatus":{"adFrameType":"none"},"secureContextType":"InsecureScheme","crossOriginIsolatedContextType":"NotIsolated","gatedAPIFeatures":[]},"type":"Navigation"},"sessionId":"435CB69D22CEED5EC567CE583E699692"}
09:08:52.810 [nioEventLoopGroup-11-1] DEBUG c.i.k.driver.chrome_1663834127447 - << {"method":"Runtime.executionContextCreated","params":{"context":{"id":2,"origin":"http://www.uitestingplayground.com","name":"","uniqueId":"-5181349872729235213.7742431098899306244","auxData":{"isDefault":true,"type":"default","frameId":"1978E8F4D56AD87BBB18F4C09AB652F4"}}},"sessionId":"435CB69D22CEED5EC567CE583E699692"}
09:08:53.211 [nioEventLoopGroup-11-1] DEBUG c.i.k.driver.chrome_1663834127447 - << {"method":"Page.domContentEventFired","params":{"timestamp":1062.955276},"sessionId":"435CB69D22CEED5EC567CE583E699692"}
09:08:53.214 [nioEventLoopGroup-11-1] DEBUG c.i.k.driver.chrome_1663834127447 - << {"method":"Page.loadEventFired","params":{"timestamp":1062.956476},"sessionId":"435CB69D22CEED5EC567CE583E699692"}
09:08:53.214 [nioEventLoopGroup-11-1] DEBUG c.i.k.driver.chrome_1663834127447 - << {"method":"Page.frameStoppedLoading","params":{"frameId":"1978E8F4D56AD87BBB18F4C09AB652F4"},"sessionId":"435CB69D22CEED5EC567CE583E699692"}
09:08:53.398 [chrome_1663834127447-out] DEBUG c.i.k.driver.chrome_1663834127447 - [18268:18264:0922/090853.398:ERROR:device_event_log_impl.cc(214)] [09:08:53.398] USB: usb_device_handle_win.cc:1048 Failed to read descriptor from node connection: Um dispositivo ligado ao sistema não está a funcionar. (0x1F)
09:08:53.399 [chrome_1663834127447-out] DEBUG c.i.k.driver.chrome_1663834127447 - [18268:18264:0922/090853.399:ERROR:device_event_log_impl.cc(214)] [09:08:53.399] USB: usb_device_handle_win.cc:1048 Failed to read descriptor from node connection: Um dispositivo ligado ao sistema não está a funcionar. (0x1F)
09:08:53.399 [chrome_1663834127447-out] DEBUG c.i.k.driver.chrome_1663834127447 - [18268:18264:0922/090853.399:ERROR:device_event_log_impl.cc(214)] [09:08:53.399] USB: usb_device_handle_win.cc:1048 Failed to read descriptor from node connection: Um dispositivo ligado ao sistema não está a funcionar. (0x1F)
09:08:54.638 [main] DEBUG c.i.k.driver.chrome_1663834127447 - >> {"id":9,"sessionId":"435CB69D22CEED5EC567CE583E699692","method":"Runtime.evaluate","params":{"expression":"var e = document.evaluate(\"\/\/input[contains(@id,'newButtonName')]\", document, null, 9, null).singleNodeValue; e.focus(); try { e.selectionStart = e.selectionEnd = e.value.length } catch(x) {}","returnByValue":true}}
09:08:54.645 [nioEventLoopGroup-11-1] DEBUG c.i.k.driver.chrome_1663834127447 - << {"id":9,"result":{"result":{"type":"number","value":0,"description":"0"}},"sessionId":"435CB69D22CEED5EC567CE583E699692"}
09:08:54.647 [main] WARN  c.i.k.driver.chrome_1663834127447 - unknown character / key code: N
09:08:54.647 [main] DEBUG c.i.k.driver.chrome_1663834127447 - >> {"id":10,"sessionId":"435CB69D22CEED5EC567CE583E699692","method":"Input.dispatchKeyEvent","params":{"modifiers":0,"type":"char","text":"N"}}
09:08:54.652 [nioEventLoopGroup-11-1] DEBUG c.i.k.driver.chrome_1663834127447 - << {"id":10,"result":{},"sessionId":"435CB69D22CEED5EC567CE583E699692"}
09:08:54.653 [main] DEBUG c.i.k.driver.chrome_1663834127447 - >> {"id":11,"sessionId":"435CB69D22CEED5EC567CE583E699692","method":"Input.dispatchKeyEvent","params":{"modifiers":0,"type":"rawKeyDown","text":"e","windowsVirtualKeyCode":69}}
09:08:54.657 [nioEventLoopGroup-11-1] DEBUG c.i.k.driver.chrome_1663834127447 - << {"id":11,"result":{},"sessionId":"435CB69D22CEED5EC567CE583E699692"}
09:08:54.658 [main] DEBUG c.i.k.driver.chrome_1663834127447 - >> {"id":12,"sessionId":"435CB69D22CEED5EC567CE583E699692","method":"Input.dispatchKeyEvent","params":{"modifiers":0,"type":"char","text":"e","windowsVirtualKeyCode":69}}
09:08:54.660 [nioEventLoopGroup-11-1] DEBUG c.i.k.driver.chrome_1663834127447 - << {"id":12,"result":{},"sessionId":"435CB69D22CEED5EC567CE583E699692"}
09:08:54.661 [main] DEBUG c.i.k.driver.chrome_1663834127447 - >> {"id":13,"sessionId":"435CB69D22CEED5EC567CE583E699692","method":"Input.dispatchKeyEvent","params":{"modifiers":0,"type":"keyUp","text":"e","windowsVirtualKeyCode":69}}
09:08:54.662 [nioEventLoopGroup-11-1] DEBUG c.i.k.driver.chrome_1663834127447 - << {"id":13,"result":{},"sessionId":"435CB69D22CEED5EC567CE583E699692"}
09:08:54.663 [main] DEBUG c.i.k.driver.chrome_1663834127447 - >> {"id":14,"sessionId":"435CB69D22CEED5EC567CE583E699692","method":"Input.dispatchKeyEvent","params":{"modifiers":0,"type":"rawKeyDown","text":"w","windowsVirtualKeyCode":87}}
09:08:54.665 [nioEventLoopGroup-11-1] DEBUG c.i.k.driver.chrome_1663834127447 - << {"id":14,"result":{},"sessionId":"435CB69D22CEED5EC567CE583E699692"}
09:08:54.665 [main] DEBUG c.i.k.driver.chrome_1663834127447 - >> {"id":15,"sessionId":"435CB69D22CEED5EC567CE583E699692","method":"Input.dispatchKeyEvent","params":{"modifiers":0,"type":"char","text":"w","windowsVirtualKeyCode":87}}
09:08:54.668 [nioEventLoopGroup-11-1] DEBUG c.i.k.driver.chrome_1663834127447 - << {"id":15,"result":{},"sessionId":"435CB69D22CEED5EC567CE583E699692"}
09:08:54.668 [main] DEBUG c.i.k.driver.chrome_1663834127447 - >> {"id":16,"sessionId":"435CB69D22CEED5EC567CE583E699692","method":"Input.dispatchKeyEvent","params":{"modifiers":0,"type":"keyUp","text":"w","windowsVirtualKeyCode":87}}
09:08:54.669 [nioEventLoopGroup-11-1] DEBUG c.i.k.driver.chrome_1663834127447 - << {"id":16,"result":{},"sessionId":"435CB69D22CEED5EC567CE583E699692"}
09:08:54.670 [main] DEBUG c.i.k.driver.chrome_1663834127447 - >> {"id":17,"sessionId":"435CB69D22CEED5EC567CE583E699692","method":"Input.dispatchKeyEvent","params":{"modifiers":0,"type":"rawKeyDown","text":" ","windowsVirtualKeyCode":32}}
09:08:54.672 [nioEventLoopGroup-11-1] DEBUG c.i.k.driver.chrome_1663834127447 - << {"id":17,"result":{},"sessionId":"435CB69D22CEED5EC567CE583E699692"}
09:08:54.672 [main] DEBUG c.i.k.driver.chrome_1663834127447 - >> {"id":18,"sessionId":"435CB69D22CEED5EC567CE583E699692","method":"Input.dispatchKeyEvent","params":{"modifiers":0,"type":"char","text":" ","windowsVirtualKeyCode":32}}
09:08:54.675 [nioEventLoopGroup-11-1] DEBUG c.i.k.driver.chrome_1663834127447 - << {"id":18,"result":{},"sessionId":"435CB69D22CEED5EC567CE583E699692"}
09:08:54.675 [main] DEBUG c.i.k.driver.chrome_1663834127447 - >> {"id":19,"sessionId":"435CB69D22CEED5EC567CE583E699692","method":"Input.dispatchKeyEvent","params":{"modifiers":0,"type":"keyUp","text":" ","windowsVirtualKeyCode":32}}
09:08:54.679 [nioEventLoopGroup-11-1] DEBUG c.i.k.driver.chrome_1663834127447 - << {"id":19,"result":{},"sessionId":"435CB69D22CEED5EC567CE583E699692"}
09:08:54.679 [main] WARN  c.i.k.driver.chrome_1663834127447 - unknown character / key code: T
09:08:54.679 [main] DEBUG c.i.k.driver.chrome_1663834127447 - >> {"id":20,"sessionId":"435CB69D22CEED5EC567CE583E699692","method":"Input.dispatchKeyEvent","params":{"modifiers":0,"type":"char","text":"T"}}
09:08:54.682 [nioEventLoopGroup-11-1] DEBUG c.i.k.driver.chrome_1663834127447 - << {"id":20,"result":{},"sessionId":"435CB69D22CEED5EC567CE583E699692"}
09:08:54.683 [main] DEBUG c.i.k.driver.chrome_1663834127447 - >> {"id":21,"sessionId":"435CB69D22CEED5EC567CE583E699692","method":"Input.dispatchKeyEvent","params":{"modifiers":0,"type":"rawKeyDown","text":"e","windowsVirtualKeyCode":69}}
09:08:54.685 [nioEventLoopGroup-11-1] DEBUG c.i.k.driver.chrome_1663834127447 - << {"id":21,"result":{},"sessionId":"435CB69D22CEED5EC567CE583E699692"}
09:08:54.686 [main] DEBUG c.i.k.driver.chrome_1663834127447 - >> {"id":22,"sessionId":"435CB69D22CEED5EC567CE583E699692","method":"Input.dispatchKeyEvent","params":{"modifiers":0,"type":"char","text":"e","windowsVirtualKeyCode":69}}
09:08:54.688 [nioEventLoopGroup-11-1] DEBUG c.i.k.driver.chrome_1663834127447 - << {"id":22,"result":{},"sessionId":"435CB69D22CEED5EC567CE583E699692"}
09:08:54.689 [main] DEBUG c.i.k.driver.chrome_1663834127447 - >> {"id":23,"sessionId":"435CB69D22CEED5EC567CE583E699692","method":"Input.dispatchKeyEvent","params":{"modifiers":0,"type":"keyUp","text":"e","windowsVirtualKeyCode":69}}
09:08:54.690 [nioEventLoopGroup-11-1] DEBUG c.i.k.driver.chrome_1663834127447 - << {"id":23,"result":{},"sessionId":"435CB69D22CEED5EC567CE583E699692"}
09:08:54.690 [main] DEBUG c.i.k.driver.chrome_1663834127447 - >> {"id":24,"sessionId":"435CB69D22CEED5EC567CE583E699692","method":"Input.dispatchKeyEvent","params":{"modifiers":0,"type":"rawKeyDown","text":"x","windowsVirtualKeyCode":88}}
09:08:54.692 [nioEventLoopGroup-11-1] DEBUG c.i.k.driver.chrome_1663834127447 - << {"id":24,"result":{},"sessionId":"435CB69D22CEED5EC567CE583E699692"}
09:08:54.692 [main] DEBUG c.i.k.driver.chrome_1663834127447 - >> {"id":25,"sessionId":"435CB69D22CEED5EC567CE583E699692","method":"Input.dispatchKeyEvent","params":{"modifiers":0,"type":"char","text":"x","windowsVirtualKeyCode":88}}
09:08:54.701 [nioEventLoopGroup-11-1] DEBUG c.i.k.driver.chrome_1663834127447 - << {"id":25,"result":{},"sessionId":"435CB69D22CEED5EC567CE583E699692"}
09:08:54.702 [main] DEBUG c.i.k.driver.chrome_1663834127447 - >> {"id":26,"sessionId":"435CB69D22CEED5EC567CE583E699692","method":"Input.dispatchKeyEvent","params":{"modifiers":0,"type":"keyUp","text":"x","windowsVirtualKeyCode":88}}
09:08:54.704 [nioEventLoopGroup-11-1] DEBUG c.i.k.driver.chrome_1663834127447 - << {"id":26,"result":{},"sessionId":"435CB69D22CEED5EC567CE583E699692"}
09:08:54.704 [main] DEBUG c.i.k.driver.chrome_1663834127447 - >> {"id":27,"sessionId":"435CB69D22CEED5EC567CE583E699692","method":"Input.dispatchKeyEvent","params":{"modifiers":0,"type":"rawKeyDown","text":"t","windowsVirtualKeyCode":84}}
09:08:54.706 [nioEventLoopGroup-11-1] DEBUG c.i.k.driver.chrome_1663834127447 - << {"id":27,"result":{},"sessionId":"435CB69D22CEED5EC567CE583E699692"}
09:08:54.706 [main] DEBUG c.i.k.driver.chrome_1663834127447 - >> {"id":28,"sessionId":"435CB69D22CEED5EC567CE583E699692","method":"Input.dispatchKeyEvent","params":{"modifiers":0,"type":"char","text":"t","windowsVirtualKeyCode":84}}
09:08:54.708 [nioEventLoopGroup-11-1] DEBUG c.i.k.driver.chrome_1663834127447 - << {"id":28,"result":{},"sessionId":"435CB69D22CEED5EC567CE583E699692"}
09:08:54.709 [main] DEBUG c.i.k.driver.chrome_1663834127447 - >> {"id":29,"sessionId":"435CB69D22CEED5EC567CE583E699692","method":"Input.dispatchKeyEvent","params":{"modifiers":0,"type":"keyUp","text":"t","windowsVirtualKeyCode":84}}
09:08:54.711 [nioEventLoopGroup-11-1] DEBUG c.i.k.driver.chrome_1663834127447 - << {"id":29,"result":{},"sessionId":"435CB69D22CEED5EC567CE583E699692"}
09:08:56.720 [main] DEBUG c.i.k.driver.chrome_1663834127447 - >> {"id":30,"sessionId":"435CB69D22CEED5EC567CE583E699692","method":"Runtime.evaluate","params":{"expression":"(function(){ var r = document.evaluate(\"\/\/button[contains(@id,'updatingButton')]\", document, null, 9, null).singleNodeValue.getBoundingClientRect(); var dx = window.scrollX; var dy = window.scrollY; return { x: r.x + dx, y: r.y + dy, width: r.width + dx, height: r.height + dy } })()","returnByValue":true}}
09:08:56.723 [nioEventLoopGroup-11-1] DEBUG c.i.k.driver.chrome_1663834127447 - << {"id":30,"result":{"result":{"type":"object","value":{"x":119.5,"y":491.1875,"width":444.921875,"height":38}}},"sessionId":"435CB69D22CEED5EC567CE583E699692"}
09:08:56.724 [main] DEBUG c.i.k.driver.chrome_1663834127447 - >> {"id":31,"sessionId":"435CB69D22CEED5EC567CE583E699692","method":"Input.dispatchMouseEvent","params":{"type":"mouseMoved","x":341,"y":510}}
09:08:56.725 [nioEventLoopGroup-11-1] DEBUG c.i.k.driver.chrome_1663834127447 - << {"id":31,"result":{},"sessionId":"435CB69D22CEED5EC567CE583E699692"}
09:08:56.725 [main] DEBUG c.i.k.driver.chrome_1663834127447 - >> {"id":32,"sessionId":"435CB69D22CEED5EC567CE583E699692","method":"Input.dispatchMouseEvent","params":{"type":"mousePressed","x":341,"y":510,"button":"left","clickCount":1}}
09:08:56.730 [nioEventLoopGroup-11-1] DEBUG c.i.k.driver.chrome_1663834127447 - << {"id":32,"result":{},"sessionId":"435CB69D22CEED5EC567CE583E699692"}
09:08:56.731 [main] DEBUG c.i.k.driver.chrome_1663834127447 - >> {"id":33,"sessionId":"435CB69D22CEED5EC567CE583E699692","method":"Input.dispatchMouseEvent","params":{"type":"mouseReleased","x":341,"y":510,"button":"left","clickCount":1}}
09:08:56.736 [nioEventLoopGroup-11-1] DEBUG c.i.k.driver.chrome_1663834127447 - << {"id":33,"result":{},"sessionId":"435CB69D22CEED5EC567CE583E699692"}
09:08:58.740 [main] DEBUG c.i.k.driver.chrome_1663834127447 - >> {"id":34,"sessionId":"435CB69D22CEED5EC567CE583E699692","method":"Target.closeTarget","params":{"targetId":"1978E8F4D56AD87BBB18F4C09AB652F4"}}
09:08:58.742 [nioEventLoopGroup-11-1] DEBUG c.i.k.driver.chrome_1663834127447 - << {"id":34,"result":{"success":true},"sessionId":"435CB69D22CEED5EC567CE583E699692"}
09:08:58.743 [nioEventLoopGroup-11-1] DEBUG c.i.k.http.WebSocketClientHandler - websocket client disconnected
09:08:58.745 [main] DEBUG com.intuit.karate.shell.Command - closing command: chrome_1663834127447
---------------------------------------------------------
feature: classpath:examples/ui_playground/Feature8_TextInput.feature
scenarios:  1 | passed:  1 | failed:  0 | time: 11,3001
---------------------------------------------------------

]]></system-out>
  </testcase>
  <testcase name="[1:9] UI Testing Playground - Feature 9 - Scroll Bars And Hiding Button" classname="examples/ui_playground/Feature9_Scrollbars" time="12.307">
    <system-out><![CDATA[09:08:58.804 [main] INFO  com.intuit.karate - karate.env system property was: null 
09:08:58.812 [main] DEBUG com.intuit.karate.shell.Command - found / verified free local port: 64811
09:08:58.812 [main] WARN  c.intuit.karate.driver.DriverOptions - preferred port 9222 not available, will use: 64811
09:08:58.813 [main] DEBUG c.i.k.driver.chrome_1663834138811 - poll attempt #0 for port to be ready - localhost:64811
09:08:58.823 [chrome_1663834138811] DEBUG c.i.k.driver.chrome_1663834138811 - command: [C:\Program Files\Google\Chrome\Application\chrome.exe, --remote-debugging-port=64811, --no-first-run, --user-data-dir=C:\Users\tiago.mina-azevedo\Documents\karateStuff\TestAssignmentSC\target\chrome_1663834138811, --disable-popup-blocking], working dir: target\chrome_1663834138811
09:08:59.046 [chrome_1663834127447] WARN  com.intuit.karate.shell.Command - exit code was non-zero: 1 - [C:\Program Files\Google\Chrome\Application\chrome.exe, --remote-debugging-port=64733, --no-first-run, --user-data-dir=C:\Users\tiago.mina-azevedo\Documents\karateStuff\TestAssignmentSC\target\chrome_1663834127447, --disable-popup-blocking] working dir: target\chrome_1663834127447
09:09:00.548 [chrome_1663834138811-out] DEBUG c.i.k.driver.chrome_1663834138811 - 
09:09:00.548 [chrome_1663834138811-out] DEBUG c.i.k.driver.chrome_1663834138811 - DevTools listening on ws://127.0.0.1:64811/devtools/browser/88a6550c-7d49-4fe7-8a8f-eb44fcf0478a
09:09:00.853 [main] DEBUG com.intuit.karate - request:
1 > GET http://localhost:64811/json
1 > Host: localhost:64811
1 > Connection: Keep-Alive
1 > User-Agent: Apache-HttpClient/4.5.13 (Java/11.0.15.1)
1 > Accept-Encoding: gzip,deflate


09:09:00.856 [main] DEBUG com.intuit.karate - response time in milliseconds: 3
1 < 200
1 < Content-Length: 1746
1 < Content-Type: application/json; charset=UTF-8
[ {
   "description": "",
   "devtoolsFrontendUrl": "/devtools/inspector.html?ws=localhost:64811/devtools/page/9FB6E0AE3573F5BD36DC087191A7D82D",
   "id": "9FB6E0AE3573F5BD36DC087191A7D82D",
   "title": "CryptoTokenExtension",
   "type": "background_page",
   "url": "chrome-extension://kmendfapggjehodndflmmgagdbamhnfd/_generated_background_page.html",
   "webSocketDebuggerUrl": "ws://localhost:64811/devtools/page/9FB6E0AE3573F5BD36DC087191A7D82D"
}, {
   "description": "",
   "devtoolsFrontendUrl": "/devtools/inspector.html?ws=localhost:64811/devtools/page/9257B894C9C8989E06E239D780BC8F93",
   "id": "9257B894C9C8989E06E239D780BC8F93",
   "title": "Google Network Speech",
   "type": "background_page",
   "url": "chrome-extension://neajdppkdcdipfabeoofebfddakdcjhd/_generated_background_page.html",
   "webSocketDebuggerUrl": "ws://localhost:64811/devtools/page/9257B894C9C8989E06E239D780BC8F93"
}, {
   "description": "",
   "devtoolsFrontendUrl": "/devtools/inspector.html?ws=localhost:64811/devtools/page/021C0AD2A49D8A83D884968BF0AE9D3E",
   "id": "021C0AD2A49D8A83D884968BF0AE9D3E",
   "title": "Google Hangouts",
   "type": "background_page",
   "url": "chrome-extension://nkeimhogjdpnpccoofpliimaahmaaome/background.html",
   "webSocketDebuggerUrl": "ws://localhost:64811/devtools/page/021C0AD2A49D8A83D884968BF0AE9D3E"
}, {
   "description": "",
   "devtoolsFrontendUrl": "/devtools/inspector.html?ws=localhost:64811/devtools/page/4DC41A28D145A5AC0D2CE672F917B0A3",
   "id": "4DC41A28D145A5AC0D2CE672F917B0A3",
   "title": "",
   "type": "page",
   "url": "chrome://welcome/?variant=everywhere",
   "webSocketDebuggerUrl": "ws://localhost:64811/devtools/page/4DC41A28D145A5AC0D2CE672F917B0A3"
} ]


09:09:00.857 [main] DEBUG com.intuit.karate.shell.Command - ready to accept http connections after 7 ms - http://localhost:64811/json
09:09:00.858 [main] DEBUG com.intuit.karate - request:
1 > GET http://localhost:64811/json
1 > Host: localhost:64811
1 > Connection: Keep-Alive
1 > User-Agent: Apache-HttpClient/4.5.13 (Java/11.0.15.1)
1 > Accept-Encoding: gzip,deflate


09:09:00.860 [main] DEBUG com.intuit.karate - response time in milliseconds: 2
1 < 200
1 < Content-Length: 1746
1 < Content-Type: application/json; charset=UTF-8
[ {
   "description": "",
   "devtoolsFrontendUrl": "/devtools/inspector.html?ws=localhost:64811/devtools/page/9FB6E0AE3573F5BD36DC087191A7D82D",
   "id": "9FB6E0AE3573F5BD36DC087191A7D82D",
   "title": "CryptoTokenExtension",
   "type": "background_page",
   "url": "chrome-extension://kmendfapggjehodndflmmgagdbamhnfd/_generated_background_page.html",
   "webSocketDebuggerUrl": "ws://localhost:64811/devtools/page/9FB6E0AE3573F5BD36DC087191A7D82D"
}, {
   "description": "",
   "devtoolsFrontendUrl": "/devtools/inspector.html?ws=localhost:64811/devtools/page/9257B894C9C8989E06E239D780BC8F93",
   "id": "9257B894C9C8989E06E239D780BC8F93",
   "title": "Google Network Speech",
   "type": "background_page",
   "url": "chrome-extension://neajdppkdcdipfabeoofebfddakdcjhd/_generated_background_page.html",
   "webSocketDebuggerUrl": "ws://localhost:64811/devtools/page/9257B894C9C8989E06E239D780BC8F93"
}, {
   "description": "",
   "devtoolsFrontendUrl": "/devtools/inspector.html?ws=localhost:64811/devtools/page/021C0AD2A49D8A83D884968BF0AE9D3E",
   "id": "021C0AD2A49D8A83D884968BF0AE9D3E",
   "title": "Google Hangouts",
   "type": "background_page",
   "url": "chrome-extension://nkeimhogjdpnpccoofpliimaahmaaome/background.html",
   "webSocketDebuggerUrl": "ws://localhost:64811/devtools/page/021C0AD2A49D8A83D884968BF0AE9D3E"
}, {
   "description": "",
   "devtoolsFrontendUrl": "/devtools/inspector.html?ws=localhost:64811/devtools/page/4DC41A28D145A5AC0D2CE672F917B0A3",
   "id": "4DC41A28D145A5AC0D2CE672F917B0A3",
   "title": "",
   "type": "page",
   "url": "chrome://welcome/?variant=everywhere",
   "webSocketDebuggerUrl": "ws://localhost:64811/devtools/page/4DC41A28D145A5AC0D2CE672F917B0A3"
} ]


09:09:00.861 [main] DEBUG c.i.k.driver.chrome_1663834138811 - root frame id: 4DC41A28D145A5AC0D2CE672F917B0A3
09:09:00.893 [nioEventLoopGroup-12-1] DEBUG c.i.k.http.WebSocketClientHandler - websocket client connected
09:09:00.893 [main] DEBUG c.i.k.driver.chrome_1663834138811 - >> {"id":1,"method":"Target.attachToTarget","params":{"targetId":"4DC41A28D145A5AC0D2CE672F917B0A3","flatten":true}}
09:09:00.896 [nioEventLoopGroup-12-1] DEBUG c.i.k.driver.chrome_1663834138811 - << {"method":"Target.attachedToTarget","params":{"sessionId":"07A74A02CF9ECB22B845D7A0BCE04993","targetInfo":{"targetId":"4DC41A28D145A5AC0D2CE672F917B0A3","type":"page","title":"","url":"chrome://welcome/?variant=everywhere","attached":true,"canAccessOpener":false,"browserContextId":"16389AB8BFA060B59301F5DEDE88B9DF"},"waitingForDebugger":false}}
09:09:00.896 [nioEventLoopGroup-12-1] DEBUG c.i.k.driver.chrome_1663834138811 - << {"id":1,"result":{"sessionId":"07A74A02CF9ECB22B845D7A0BCE04993"}}
09:09:00.896 [main] DEBUG c.i.k.driver.chrome_1663834138811 - >> {"id":2,"sessionId":"07A74A02CF9ECB22B845D7A0BCE04993","method":"Target.activateTarget","params":{"targetId":"4DC41A28D145A5AC0D2CE672F917B0A3"}}
09:09:00.898 [nioEventLoopGroup-12-1] DEBUG c.i.k.driver.chrome_1663834138811 - << {"id":2,"result":{},"sessionId":"07A74A02CF9ECB22B845D7A0BCE04993"}
09:09:00.899 [main] DEBUG c.i.k.driver.chrome_1663834138811 - >> {"id":3,"sessionId":"07A74A02CF9ECB22B845D7A0BCE04993","method":"Target.setDiscoverTargets","params":{"discover":true}}
09:09:00.900 [nioEventLoopGroup-12-1] DEBUG c.i.k.driver.chrome_1663834138811 - << {"method":"Target.targetCreated","params":{"targetInfo":{"targetId":"021C0AD2A49D8A83D884968BF0AE9D3E","type":"background_page","title":"Google Hangouts","url":"chrome-extension://nkeimhogjdpnpccoofpliimaahmaaome/background.html","attached":false,"canAccessOpener":false,"browserContextId":"16389AB8BFA060B59301F5DEDE88B9DF"}},"sessionId":"07A74A02CF9ECB22B845D7A0BCE04993"}
09:09:00.900 [nioEventLoopGroup-12-1] DEBUG c.i.k.driver.chrome_1663834138811 - << {"method":"Target.targetCreated","params":{"targetInfo":{"targetId":"4DC41A28D145A5AC0D2CE672F917B0A3","type":"page","title":"","url":"chrome://welcome/?variant=everywhere","attached":true,"canAccessOpener":false,"browserContextId":"16389AB8BFA060B59301F5DEDE88B9DF"}},"sessionId":"07A74A02CF9ECB22B845D7A0BCE04993"}
09:09:00.900 [nioEventLoopGroup-12-1] DEBUG c.i.k.driver.chrome_1663834138811 - << {"method":"Target.targetCreated","params":{"targetInfo":{"targetId":"9257B894C9C8989E06E239D780BC8F93","type":"background_page","title":"Google Network Speech","url":"chrome-extension://neajdppkdcdipfabeoofebfddakdcjhd/_generated_background_page.html","attached":false,"canAccessOpener":false,"browserContextId":"16389AB8BFA060B59301F5DEDE88B9DF"}},"sessionId":"07A74A02CF9ECB22B845D7A0BCE04993"}
09:09:00.900 [nioEventLoopGroup-12-1] DEBUG c.i.k.driver.chrome_1663834138811 - << {"method":"Target.targetCreated","params":{"targetInfo":{"targetId":"9FB6E0AE3573F5BD36DC087191A7D82D","type":"background_page","title":"CryptoTokenExtension","url":"chrome-extension://kmendfapggjehodndflmmgagdbamhnfd/_generated_background_page.html","attached":false,"canAccessOpener":false,"browserContextId":"16389AB8BFA060B59301F5DEDE88B9DF"}},"sessionId":"07A74A02CF9ECB22B845D7A0BCE04993"}
09:09:00.900 [nioEventLoopGroup-12-1] DEBUG c.i.k.driver.chrome_1663834138811 - << {"id":3,"result":{},"sessionId":"07A74A02CF9ECB22B845D7A0BCE04993"}
09:09:00.900 [main] DEBUG c.i.k.driver.chrome_1663834138811 - >> {"id":4,"sessionId":"07A74A02CF9ECB22B845D7A0BCE04993","method":"Page.enable"}
09:09:02.605 [nioEventLoopGroup-12-1] DEBUG c.i.k.driver.chrome_1663834138811 - << {"method":"Target.targetInfoChanged","params":{"targetInfo":{"targetId":"4DC41A28D145A5AC0D2CE672F917B0A3","type":"page","title":"chrome://welcome/?variant=everywhere","url":"chrome://welcome/?variant=everywhere","attached":true,"canAccessOpener":false,"browserContextId":"16389AB8BFA060B59301F5DEDE88B9DF"}},"sessionId":"07A74A02CF9ECB22B845D7A0BCE04993"}
09:09:02.609 [nioEventLoopGroup-12-1] DEBUG c.i.k.driver.chrome_1663834138811 - << {"id":4,"result":{},"sessionId":"07A74A02CF9ECB22B845D7A0BCE04993"}
09:09:02.609 [main] DEBUG c.i.k.driver.chrome_1663834138811 - >> {"id":5,"sessionId":"07A74A02CF9ECB22B845D7A0BCE04993","method":"Runtime.enable"}
09:09:02.630 [nioEventLoopGroup-12-1] DEBUG c.i.k.driver.chrome_1663834138811 - << {"method":"Target.targetInfoChanged","params":{"targetInfo":{"targetId":"021C0AD2A49D8A83D884968BF0AE9D3E","type":"background_page","title":"Google Hangouts","url":"chrome-extension://nkeimhogjdpnpccoofpliimaahmaaome/background.html","attached":false,"canAccessOpener":false,"browserContextId":"16389AB8BFA060B59301F5DEDE88B9DF"}},"sessionId":"07A74A02CF9ECB22B845D7A0BCE04993"}
09:09:02.697 [nioEventLoopGroup-12-1] DEBUG c.i.k.driver.chrome_1663834138811 - << {"method":"Target.targetInfoChanged","params":{"targetInfo":{"targetId":"9257B894C9C8989E06E239D780BC8F93","type":"background_page","title":"Google Network Speech","url":"chrome-extension://neajdppkdcdipfabeoofebfddakdcjhd/_generated_background_page.html","attached":false,"canAccessOpener":false,"browserContextId":"16389AB8BFA060B59301F5DEDE88B9DF"}},"sessionId":"07A74A02CF9ECB22B845D7A0BCE04993"}
09:09:02.745 [nioEventLoopGroup-12-1] DEBUG c.i.k.driver.chrome_1663834138811 - << {"method":"Target.targetInfoChanged","params":{"targetInfo":{"targetId":"9FB6E0AE3573F5BD36DC087191A7D82D","type":"background_page","title":"CryptoTokenExtension","url":"chrome-extension://kmendfapggjehodndflmmgagdbamhnfd/_generated_background_page.html","attached":false,"canAccessOpener":false,"browserContextId":"16389AB8BFA060B59301F5DEDE88B9DF"}},"sessionId":"07A74A02CF9ECB22B845D7A0BCE04993"}
09:09:03.468 [nioEventLoopGroup-12-1] DEBUG c.i.k.driver.chrome_1663834138811 - << {"method":"Runtime.executionContextCreated","params":{"context":{"id":1,"origin":"chrome://welcome","name":"","uniqueId":"-4377157729745780183.-72358000418113383","auxData":{"isDefault":true,"type":"default","frameId":"4DC41A28D145A5AC0D2CE672F917B0A3"}}},"sessionId":"07A74A02CF9ECB22B845D7A0BCE04993"}
09:09:03.468 [nioEventLoopGroup-12-1] DEBUG c.i.k.driver.chrome_1663834138811 - << {"id":5,"result":{},"sessionId":"07A74A02CF9ECB22B845D7A0BCE04993"}
09:09:03.469 [main] DEBUG c.i.k.driver.chrome_1663834138811 - >> {"id":6,"sessionId":"07A74A02CF9ECB22B845D7A0BCE04993","method":"Browser.getWindowForTarget","params":{"targetId":"4DC41A28D145A5AC0D2CE672F917B0A3"}}
09:09:03.470 [nioEventLoopGroup-12-1] DEBUG c.i.k.driver.chrome_1663834138811 - << {"id":6,"result":{"windowId":913797399,"bounds":{"left":10,"top":10,"width":945,"height":1020,"windowState":"normal"}},"sessionId":"07A74A02CF9ECB22B845D7A0BCE04993"}
09:09:03.474 [main] DEBUG c.i.k.driver.chrome_1663834138811 - >> {"id":7,"sessionId":"07A74A02CF9ECB22B845D7A0BCE04993","method":"Page.navigate","params":{"url":"http:\/\/www.uitestingplayground.com\/home"}}
09:09:03.607 [nioEventLoopGroup-12-1] DEBUG c.i.k.driver.chrome_1663834138811 - << {"method":"Target.targetInfoChanged","params":{"targetInfo":{"targetId":"4DC41A28D145A5AC0D2CE672F917B0A3","type":"page","title":"Bem-vindo ao Chrome","url":"http://www.uitestingplayground.com/home","attached":true,"canAccessOpener":false,"browserContextId":"16389AB8BFA060B59301F5DEDE88B9DF"}},"sessionId":"07A74A02CF9ECB22B845D7A0BCE04993"}
09:09:03.636 [nioEventLoopGroup-12-1] DEBUG c.i.k.driver.chrome_1663834138811 - << {"method":"Page.navigatedWithinDocument","params":{"frameId":"4DC41A28D145A5AC0D2CE672F917B0A3","url":"chrome://welcome/"},"sessionId":"07A74A02CF9ECB22B845D7A0BCE04993"}
09:09:03.637 [nioEventLoopGroup-12-1] DEBUG c.i.k.driver.chrome_1663834138811 - << {"method":"Page.domContentEventFired","params":{"timestamp":1073.382597},"sessionId":"07A74A02CF9ECB22B845D7A0BCE04993"}
09:09:03.637 [main] DEBUG c.i.k.driver.chrome_1663834138811 - >> {"id":8,"sessionId":"07A74A02CF9ECB22B845D7A0BCE04993","method":"Runtime.evaluate","params":{"expression":"document.evaluate(\"\/\/a[normalize-space(text())='Scrollbars']\", document, null, 9, null).singleNodeValue.click()","returnByValue":true}}
09:09:03.655 [nioEventLoopGroup-12-1] DEBUG c.i.k.driver.chrome_1663834138811 - << {"id":7,"result":{"frameId":"4DC41A28D145A5AC0D2CE672F917B0A3","loaderId":"A6A7061A6421B30AC045A7E4EEA03E20"},"sessionId":"07A74A02CF9ECB22B845D7A0BCE04993"}
09:09:03.722 [nioEventLoopGroup-12-1] DEBUG c.i.k.driver.chrome_1663834138811 - << {"method":"Runtime.executionContextsCleared","params":{},"sessionId":"07A74A02CF9ECB22B845D7A0BCE04993"}
09:09:03.723 [nioEventLoopGroup-12-1] DEBUG c.i.k.driver.chrome_1663834138811 - << {"method":"Page.frameStartedLoading","params":{"frameId":"4DC41A28D145A5AC0D2CE672F917B0A3"},"sessionId":"07A74A02CF9ECB22B845D7A0BCE04993"}
09:09:03.735 [nioEventLoopGroup-12-1] DEBUG c.i.k.driver.chrome_1663834138811 - << {"method":"Target.targetInfoChanged","params":{"targetInfo":{"targetId":"4DC41A28D145A5AC0D2CE672F917B0A3","type":"page","title":"www.uitestingplayground.com/home","url":"http://www.uitestingplayground.com/home","attached":true,"canAccessOpener":false,"browserContextId":"16389AB8BFA060B59301F5DEDE88B9DF"}},"sessionId":"07A74A02CF9ECB22B845D7A0BCE04993"}
09:09:03.739 [nioEventLoopGroup-12-1] DEBUG c.i.k.driver.chrome_1663834138811 - << {"method":"Runtime.executionContextsCleared","params":{},"sessionId":"07A74A02CF9ECB22B845D7A0BCE04993"}
09:09:03.739 [nioEventLoopGroup-12-1] DEBUG c.i.k.driver.chrome_1663834138811 - << {"method":"Page.frameNavigated","params":{"frame":{"id":"4DC41A28D145A5AC0D2CE672F917B0A3","loaderId":"A6A7061A6421B30AC045A7E4EEA03E20","url":"http://www.uitestingplayground.com/home","domainAndRegistry":"uitestingplayground.com","securityOrigin":"http://www.uitestingplayground.com","mimeType":"text/html","adFrameStatus":{"adFrameType":"none"},"secureContextType":"InsecureScheme","crossOriginIsolatedContextType":"NotIsolated","gatedAPIFeatures":[]},"type":"Navigation"},"sessionId":"07A74A02CF9ECB22B845D7A0BCE04993"}
09:09:03.740 [nioEventLoopGroup-12-1] DEBUG c.i.k.driver.chrome_1663834138811 - << {"method":"Runtime.executionContextCreated","params":{"context":{"id":1,"origin":"http://www.uitestingplayground.com","name":"","uniqueId":"2868533875365410149.-7250046858363312731","auxData":{"isDefault":true,"type":"default","frameId":"4DC41A28D145A5AC0D2CE672F917B0A3"}}},"sessionId":"07A74A02CF9ECB22B845D7A0BCE04993"}
09:09:03.749 [nioEventLoopGroup-12-1] DEBUG c.i.k.driver.chrome_1663834138811 - << {"method":"Page.frameScheduledNavigation","params":{"frameId":"4DC41A28D145A5AC0D2CE672F917B0A3","delay":0,"reason":"anchorClick","url":"http://www.uitestingplayground.com/scrollbars"},"sessionId":"07A74A02CF9ECB22B845D7A0BCE04993"}
09:09:03.750 [nioEventLoopGroup-12-1] DEBUG c.i.k.driver.chrome_1663834138811 - << {"method":"Page.frameRequestedNavigation","params":{"frameId":"4DC41A28D145A5AC0D2CE672F917B0A3","reason":"anchorClick","url":"http://www.uitestingplayground.com/scrollbars","disposition":"currentTab"},"sessionId":"07A74A02CF9ECB22B845D7A0BCE04993"}
09:09:03.758 [nioEventLoopGroup-12-1] DEBUG c.i.k.driver.chrome_1663834138811 - << {"method":"Page.frameClearedScheduledNavigation","params":{"frameId":"4DC41A28D145A5AC0D2CE672F917B0A3"},"sessionId":"07A74A02CF9ECB22B845D7A0BCE04993"}
09:09:03.759 [nioEventLoopGroup-12-1] DEBUG c.i.k.driver.chrome_1663834138811 - << {"id":8,"result":{"result":{"type":"undefined"}},"sessionId":"07A74A02CF9ECB22B845D7A0BCE04993"}
09:09:04.120 [nioEventLoopGroup-12-1] DEBUG c.i.k.driver.chrome_1663834138811 - << {"method":"Runtime.executionContextsCleared","params":{},"sessionId":"07A74A02CF9ECB22B845D7A0BCE04993"}
09:09:04.120 [nioEventLoopGroup-12-1] DEBUG c.i.k.driver.chrome_1663834138811 - << {"method":"Page.frameStartedLoading","params":{"frameId":"4DC41A28D145A5AC0D2CE672F917B0A3"},"sessionId":"07A74A02CF9ECB22B845D7A0BCE04993"}
09:09:04.129 [nioEventLoopGroup-12-1] DEBUG c.i.k.driver.chrome_1663834138811 - << {"method":"Target.targetInfoChanged","params":{"targetInfo":{"targetId":"4DC41A28D145A5AC0D2CE672F917B0A3","type":"page","title":"www.uitestingplayground.com/scrollbars","url":"http://www.uitestingplayground.com/scrollbars","attached":true,"canAccessOpener":false,"browserContextId":"16389AB8BFA060B59301F5DEDE88B9DF"}},"sessionId":"07A74A02CF9ECB22B845D7A0BCE04993"}
09:09:04.133 [nioEventLoopGroup-12-1] DEBUG c.i.k.driver.chrome_1663834138811 - << {"method":"Runtime.executionContextsCleared","params":{},"sessionId":"07A74A02CF9ECB22B845D7A0BCE04993"}
09:09:04.133 [nioEventLoopGroup-12-1] DEBUG c.i.k.driver.chrome_1663834138811 - << {"method":"Page.frameNavigated","params":{"frame":{"id":"4DC41A28D145A5AC0D2CE672F917B0A3","loaderId":"2C903870A435F39C326E3DE03BBCE316","url":"http://www.uitestingplayground.com/scrollbars","domainAndRegistry":"uitestingplayground.com","securityOrigin":"http://www.uitestingplayground.com","mimeType":"text/html","adFrameStatus":{"adFrameType":"none"},"secureContextType":"InsecureScheme","crossOriginIsolatedContextType":"NotIsolated","gatedAPIFeatures":[]},"type":"Navigation"},"sessionId":"07A74A02CF9ECB22B845D7A0BCE04993"}
09:09:04.133 [nioEventLoopGroup-12-1] DEBUG c.i.k.driver.chrome_1663834138811 - << {"method":"Runtime.executionContextCreated","params":{"context":{"id":2,"origin":"http://www.uitestingplayground.com","name":"","uniqueId":"-3714114571489763183.1252965956057049841","auxData":{"isDefault":true,"type":"default","frameId":"4DC41A28D145A5AC0D2CE672F917B0A3"}}},"sessionId":"07A74A02CF9ECB22B845D7A0BCE04993"}
09:09:04.279 [nioEventLoopGroup-12-1] DEBUG c.i.k.driver.chrome_1663834138811 - << {"method":"Page.domContentEventFired","params":{"timestamp":1074.025084},"sessionId":"07A74A02CF9ECB22B845D7A0BCE04993"}
09:09:04.372 [nioEventLoopGroup-12-1] DEBUG c.i.k.driver.chrome_1663834138811 - << {"method":"Page.loadEventFired","params":{"timestamp":1074.117495},"sessionId":"07A74A02CF9ECB22B845D7A0BCE04993"}
09:09:04.372 [nioEventLoopGroup-12-1] DEBUG c.i.k.driver.chrome_1663834138811 - << {"method":"Page.frameStoppedLoading","params":{"frameId":"4DC41A28D145A5AC0D2CE672F917B0A3"},"sessionId":"07A74A02CF9ECB22B845D7A0BCE04993"}
09:09:04.702 [chrome_1663834138811-out] DEBUG c.i.k.driver.chrome_1663834138811 - [7596:18092:0922/090904.702:ERROR:device_event_log_impl.cc(214)] [09:09:04.702] USB: usb_device_handle_win.cc:1048 Failed to read descriptor from node connection: Um dispositivo ligado ao sistema não está a funcionar. (0x1F)
09:09:04.702 [chrome_1663834138811-out] DEBUG c.i.k.driver.chrome_1663834138811 - [7596:18092:0922/090904.702:ERROR:device_event_log_impl.cc(214)] [09:09:04.702] USB: usb_device_handle_win.cc:1048 Failed to read descriptor from node connection: Um dispositivo ligado ao sistema não está a funcionar. (0x1F)
09:09:04.702 [chrome_1663834138811-out] DEBUG c.i.k.driver.chrome_1663834138811 - [7596:18092:0922/090904.702:ERROR:device_event_log_impl.cc(214)] [09:09:04.702] USB: usb_device_handle_win.cc:1048 Failed to read descriptor from node connection: Um dispositivo ligado ao sistema não está a funcionar. (0x1F)
09:09:05.780 [main] DEBUG c.i.k.driver.chrome_1663834138811 - >> {"id":9,"sessionId":"07A74A02CF9ECB22B845D7A0BCE04993","method":"Runtime.evaluate","params":{"expression":"document.evaluate(\"\/\/div[contains(@style,'scroll')]\", document, null, 9, null).singleNodeValue.click()","returnByValue":true}}
09:09:05.787 [nioEventLoopGroup-12-1] DEBUG c.i.k.driver.chrome_1663834138811 - << {"id":9,"result":{"result":{"type":"undefined"}},"sessionId":"07A74A02CF9ECB22B845D7A0BCE04993"}
09:09:07.803 [main] DEBUG c.i.k.driver.chrome_1663834138811 - >> {"id":10,"sessionId":"07A74A02CF9ECB22B845D7A0BCE04993","method":"Runtime.evaluate","params":{"expression":"(function(){ var fun = function(e){ var d = window.getComputedStyle(e).display; while(d == 'none'){ e = e.parentElement; d = window.getComputedStyle(e).display } e.scrollIntoView({block: 'center'}) }; var e = document.evaluate(\"\/\/button[contains(text(),'Hiding Button')]\", document, null, 9, null).singleNodeValue; return fun(e) })()","returnByValue":true}}
09:09:07.805 [nioEventLoopGroup-12-1] DEBUG c.i.k.driver.chrome_1663834138811 - << {"id":10,"result":{"result":{"type":"undefined"}},"sessionId":"07A74A02CF9ECB22B845D7A0BCE04993"}
09:09:08.819 [main] DEBUG c.i.k.driver.chrome_1663834138811 - >> {"id":11,"sessionId":"07A74A02CF9ECB22B845D7A0BCE04993","method":"Runtime.evaluate","params":{"expression":"(function(){ var r = document.evaluate(\"\/\/button[contains(text(),'Hiding Button')]\", document, null, 9, null).singleNodeValue.getBoundingClientRect(); var dx = window.scrollX; var dy = window.scrollY; return { x: r.x + dx, y: r.y + dy, width: r.width + dx, height: r.height + dy } })()","returnByValue":true}}
09:09:08.822 [nioEventLoopGroup-12-1] DEBUG c.i.k.driver.chrome_1663834138811 - << {"id":11,"result":{"result":{"type":"object","value":{"x":277.5,"y":420.1875,"width":124.890625,"height":38}}},"sessionId":"07A74A02CF9ECB22B845D7A0BCE04993"}
09:09:08.822 [main] DEBUG c.i.k.driver.chrome_1663834138811 - >> {"id":12,"sessionId":"07A74A02CF9ECB22B845D7A0BCE04993","method":"Input.dispatchMouseEvent","params":{"type":"mouseMoved","x":339,"y":439}}
09:09:08.824 [nioEventLoopGroup-12-1] DEBUG c.i.k.driver.chrome_1663834138811 - << {"id":12,"result":{},"sessionId":"07A74A02CF9ECB22B845D7A0BCE04993"}
09:09:08.825 [main] DEBUG c.i.k.driver.chrome_1663834138811 - >> {"id":13,"sessionId":"07A74A02CF9ECB22B845D7A0BCE04993","method":"Input.dispatchMouseEvent","params":{"type":"mousePressed","x":339,"y":439,"button":"left","clickCount":1}}
09:09:08.831 [nioEventLoopGroup-12-1] DEBUG c.i.k.driver.chrome_1663834138811 - << {"id":13,"result":{},"sessionId":"07A74A02CF9ECB22B845D7A0BCE04993"}
09:09:08.832 [main] DEBUG c.i.k.driver.chrome_1663834138811 - >> {"id":14,"sessionId":"07A74A02CF9ECB22B845D7A0BCE04993","method":"Input.dispatchMouseEvent","params":{"type":"mouseReleased","x":339,"y":439,"button":"left","clickCount":1}}
09:09:08.836 [nioEventLoopGroup-12-1] DEBUG c.i.k.driver.chrome_1663834138811 - << {"id":14,"result":{},"sessionId":"07A74A02CF9ECB22B845D7A0BCE04993"}
09:09:10.843 [main] DEBUG c.i.k.driver.chrome_1663834138811 - >> {"id":15,"sessionId":"07A74A02CF9ECB22B845D7A0BCE04993","method":"Target.closeTarget","params":{"targetId":"4DC41A28D145A5AC0D2CE672F917B0A3"}}
09:09:10.844 [nioEventLoopGroup-12-1] DEBUG c.i.k.driver.chrome_1663834138811 - << {"id":15,"result":{"success":true},"sessionId":"07A74A02CF9ECB22B845D7A0BCE04993"}
09:09:10.844 [nioEventLoopGroup-12-1] DEBUG c.i.k.http.WebSocketClientHandler - websocket client disconnected
09:09:10.846 [main] DEBUG com.intuit.karate.shell.Command - closing command: chrome_1663834138811
---------------------------------------------------------
feature: classpath:examples/ui_playground/Feature9_Scrollbars.feature
scenarios:  1 | passed:  1 | failed:  0 | time: 12,0362
---------------------------------------------------------

Karate version: 1.2.0
======================================================
elapsed: 170,76 | threads:    1 | thread time: 167,35 
features:    23 | skipped:    0 | efficiency: 0,98
scenarios:   31 | passed:    31 | failed: 0
======================================================

HTML report: (paste into browser to view) | Karate version: 1.2.0
file:///C:/Users/tiago.mina-azevedo/Documents/karateStuff/TestAssignmentSC/target/karate-reports/karate-summary.html
===================================================================

]]></system-out>
  </testcase>
</testsuite>